TN:GCOVR_report
SF:C:/DEV/FeedbackAnalyzer_12/src/cpp/Constants.cpp
VER:952221ea9311adcdf524ce4ab8385f3e
FN:6,Constants::init()
FNDA:8,Constants::init()
FNF:1
FNH:1
BRDA:7,11,0,8
BRDA:7,e11,1,-
BRDA:7,12,2,8
BRDA:7,e12,3,-
BRDA:13,5,0,264
BRDA:13,e5,1,-
BRDA:13,8,2,264
BRDA:13,8,3,8
BRDA:13,13,4,8
BRDA:13,e13,5,-
BRDA:13,17,6,264
BRDA:13,17,7,8
BRDA:13,507,8,-
BRDA:13,507,9,-
BRDA:13,510,10,-
BRDA:13,510,11,-
BRDA:13,512,12,-
BRDA:13,512,13,-
BRDA:15,28,0,8
BRDA:15,e28,1,-
BRDA:15,29,2,8
BRDA:15,e29,3,-
BRDA:21,22,0,296
BRDA:21,e22,1,-
BRDA:21,25,2,296
BRDA:21,25,3,8
BRDA:21,30,4,8
BRDA:21,e30,5,-
BRDA:21,34,6,296
BRDA:21,34,7,8
BRDA:21,526,8,-
BRDA:21,526,9,-
BRDA:21,529,10,-
BRDA:21,529,11,-
BRDA:21,531,12,-
BRDA:21,531,13,-
BRDA:24,39,0,64
BRDA:24,e39,1,-
BRDA:24,42,2,64
BRDA:24,42,3,8
BRDA:24,45,4,8
BRDA:24,e45,5,-
BRDA:24,46,6,8
BRDA:24,e46,7,-
BRDA:24,49,8,8
BRDA:24,e49,9,-
BRDA:24,50,10,8
BRDA:24,e50,11,-
BRDA:24,51,12,8
BRDA:24,e51,13,-
BRDA:24,57,14,64
BRDA:24,57,15,8
BRDA:24,551,16,-
BRDA:24,551,17,-
BRDA:24,554,18,-
BRDA:24,554,19,-
BRDA:24,556,20,-
BRDA:24,556,21,-
BRDA:25,62,0,24
BRDA:25,e62,1,-
BRDA:25,65,2,24
BRDA:25,65,3,8
BRDA:25,68,4,8
BRDA:25,e68,5,-
BRDA:25,69,6,8
BRDA:25,e69,7,-
BRDA:25,72,8,8
BRDA:25,e72,9,-
BRDA:25,73,10,8
BRDA:25,e73,11,-
BRDA:25,74,12,8
BRDA:25,e74,13,-
BRDA:25,80,14,24
BRDA:25,80,15,8
BRDA:25,576,16,-
BRDA:25,576,17,-
BRDA:25,579,18,-
BRDA:25,579,19,-
BRDA:25,581,20,-
BRDA:25,581,21,-
BRDA:26,85,0,24
BRDA:26,e85,1,-
BRDA:26,88,2,24
BRDA:26,88,3,8
BRDA:26,91,4,8
BRDA:26,e91,5,-
BRDA:26,92,6,8
BRDA:26,e92,7,-
BRDA:26,95,8,8
BRDA:26,e95,9,-
BRDA:26,96,10,8
BRDA:26,e96,11,-
BRDA:26,97,12,8
BRDA:26,e97,13,-
BRDA:26,103,14,24
BRDA:26,103,15,8
BRDA:26,601,16,-
BRDA:26,601,17,-
BRDA:26,604,18,-
BRDA:26,604,19,-
BRDA:26,606,20,-
BRDA:26,606,21,-
BRDA:27,108,0,16
BRDA:27,e108,1,-
BRDA:27,111,2,16
BRDA:27,111,3,8
BRDA:27,114,4,8
BRDA:27,e114,5,-
BRDA:27,115,6,8
BRDA:27,e115,7,-
BRDA:27,118,8,8
BRDA:27,e118,9,-
BRDA:27,119,10,8
BRDA:27,e119,11,-
BRDA:27,120,12,8
BRDA:27,e120,13,-
BRDA:27,126,14,16
BRDA:27,126,15,8
BRDA:27,626,16,-
BRDA:27,626,17,-
BRDA:27,629,18,-
BRDA:27,629,19,-
BRDA:27,631,20,-
BRDA:27,631,21,-
BRDA:30,131,0,64
BRDA:30,e131,1,-
BRDA:30,134,2,64
BRDA:30,134,3,8
BRDA:30,137,4,8
BRDA:30,e137,5,-
BRDA:30,138,6,8
BRDA:30,e138,7,-
BRDA:30,141,8,8
BRDA:30,e141,9,-
BRDA:30,142,10,8
BRDA:30,e142,11,-
BRDA:30,143,12,8
BRDA:30,e143,13,-
BRDA:30,149,14,64
BRDA:30,149,15,8
BRDA:30,651,16,-
BRDA:30,651,17,-
BRDA:30,654,18,-
BRDA:30,654,19,-
BRDA:30,656,20,-
BRDA:30,656,21,-
BRDA:31,154,0,24
BRDA:31,e154,1,-
BRDA:31,157,2,24
BRDA:31,157,3,8
BRDA:31,160,4,8
BRDA:31,e160,5,-
BRDA:31,161,6,8
BRDA:31,e161,7,-
BRDA:31,164,8,8
BRDA:31,e164,9,-
BRDA:31,165,10,8
BRDA:31,e165,11,-
BRDA:31,166,12,8
BRDA:31,e166,13,-
BRDA:31,172,14,24
BRDA:31,172,15,8
BRDA:31,676,16,-
BRDA:31,676,17,-
BRDA:31,679,18,-
BRDA:31,679,19,-
BRDA:31,681,20,-
BRDA:31,681,21,-
BRDA:32,177,0,24
BRDA:32,e177,1,-
BRDA:32,180,2,24
BRDA:32,180,3,8
BRDA:32,183,4,8
BRDA:32,e183,5,-
BRDA:32,184,6,8
BRDA:32,e184,7,-
BRDA:32,187,8,8
BRDA:32,e187,9,-
BRDA:32,188,10,8
BRDA:32,e188,11,-
BRDA:32,189,12,8
BRDA:32,e189,13,-
BRDA:32,195,14,24
BRDA:32,195,15,8
BRDA:32,701,16,-
BRDA:32,701,17,-
BRDA:32,704,18,-
BRDA:32,704,19,-
BRDA:32,706,20,-
BRDA:32,706,21,-
BRDA:33,200,0,8
BRDA:33,e200,1,-
BRDA:33,203,2,8
BRDA:33,203,3,8
BRDA:33,206,4,8
BRDA:33,e206,5,-
BRDA:33,207,6,8
BRDA:33,e207,7,-
BRDA:33,210,8,8
BRDA:33,e210,9,-
BRDA:33,211,10,8
BRDA:33,e211,11,-
BRDA:33,212,12,8
BRDA:33,e212,13,-
BRDA:33,218,14,8
BRDA:33,218,15,8
BRDA:33,726,16,-
BRDA:33,726,17,-
BRDA:33,730,18,-
BRDA:33,730,19,-
BRDA:33,732,20,-
BRDA:33,732,21,-
BRDA:36,223,0,72
BRDA:36,e223,1,-
BRDA:36,226,2,72
BRDA:36,226,3,8
BRDA:36,229,4,8
BRDA:36,e229,5,-
BRDA:36,230,6,8
BRDA:36,e230,7,-
BRDA:36,233,8,8
BRDA:36,e233,9,-
BRDA:36,234,10,8
BRDA:36,e234,11,-
BRDA:36,235,12,8
BRDA:36,e235,13,-
BRDA:36,241,14,72
BRDA:36,241,15,8
BRDA:36,752,16,-
BRDA:36,752,17,-
BRDA:36,755,18,-
BRDA:36,755,19,-
BRDA:36,757,20,-
BRDA:36,757,21,-
BRDA:37,246,0,32
BRDA:37,e246,1,-
BRDA:37,249,2,32
BRDA:37,249,3,8
BRDA:37,252,4,8
BRDA:37,e252,5,-
BRDA:37,253,6,8
BRDA:37,e253,7,-
BRDA:37,256,8,8
BRDA:37,e256,9,-
BRDA:37,257,10,8
BRDA:37,e257,11,-
BRDA:37,258,12,8
BRDA:37,e258,13,-
BRDA:37,264,14,32
BRDA:37,264,15,8
BRDA:37,777,16,-
BRDA:37,777,17,-
BRDA:37,780,18,-
BRDA:37,780,19,-
BRDA:37,782,20,-
BRDA:37,782,21,-
BRDA:38,269,0,24
BRDA:38,e269,1,-
BRDA:38,272,2,24
BRDA:38,272,3,8
BRDA:38,275,4,8
BRDA:38,e275,5,-
BRDA:38,276,6,8
BRDA:38,e276,7,-
BRDA:38,279,8,8
BRDA:38,e279,9,-
BRDA:38,280,10,8
BRDA:38,e280,11,-
BRDA:38,281,12,8
BRDA:38,e281,13,-
BRDA:38,287,14,24
BRDA:38,287,15,8
BRDA:38,802,16,-
BRDA:38,802,17,-
BRDA:38,805,18,-
BRDA:38,805,19,-
BRDA:38,807,20,-
BRDA:38,807,21,-
BRDA:39,292,0,16
BRDA:39,e292,1,-
BRDA:39,295,2,16
BRDA:39,295,3,8
BRDA:39,298,4,8
BRDA:39,e298,5,-
BRDA:39,299,6,8
BRDA:39,e299,7,-
BRDA:39,302,8,8
BRDA:39,e302,9,-
BRDA:39,303,10,8
BRDA:39,e303,11,-
BRDA:39,304,12,8
BRDA:39,e304,13,-
BRDA:39,310,14,16
BRDA:39,310,15,8
BRDA:39,827,16,-
BRDA:39,827,17,-
BRDA:39,830,18,-
BRDA:39,830,19,-
BRDA:39,832,20,-
BRDA:39,832,21,-
BRDA:42,315,0,64
BRDA:42,e315,1,-
BRDA:42,318,2,64
BRDA:42,318,3,8
BRDA:42,321,4,8
BRDA:42,e321,5,-
BRDA:42,322,6,8
BRDA:42,e322,7,-
BRDA:42,325,8,8
BRDA:42,e325,9,-
BRDA:42,326,10,8
BRDA:42,e326,11,-
BRDA:42,327,12,8
BRDA:42,e327,13,-
BRDA:42,333,14,64
BRDA:42,333,15,8
BRDA:42,852,16,-
BRDA:42,852,17,-
BRDA:42,855,18,-
BRDA:42,855,19,-
BRDA:42,857,20,-
BRDA:42,857,21,-
BRDA:43,338,0,32
BRDA:43,e338,1,-
BRDA:43,341,2,32
BRDA:43,341,3,8
BRDA:43,344,4,8
BRDA:43,e344,5,-
BRDA:43,345,6,8
BRDA:43,e345,7,-
BRDA:43,348,8,8
BRDA:43,e348,9,-
BRDA:43,349,10,8
BRDA:43,e349,11,-
BRDA:43,350,12,8
BRDA:43,e350,13,-
BRDA:43,356,14,32
BRDA:43,356,15,8
BRDA:43,877,16,-
BRDA:43,877,17,-
BRDA:43,880,18,-
BRDA:43,880,19,-
BRDA:43,882,20,-
BRDA:43,882,21,-
BRDA:44,361,0,16
BRDA:44,e361,1,-
BRDA:44,364,2,16
BRDA:44,364,3,8
BRDA:44,367,4,8
BRDA:44,e367,5,-
BRDA:44,368,6,8
BRDA:44,e368,7,-
BRDA:44,371,8,8
BRDA:44,e371,9,-
BRDA:44,372,10,8
BRDA:44,e372,11,-
BRDA:44,373,12,8
BRDA:44,e373,13,-
BRDA:44,379,14,16
BRDA:44,379,15,8
BRDA:44,902,16,-
BRDA:44,902,17,-
BRDA:44,905,18,-
BRDA:44,905,19,-
BRDA:44,907,20,-
BRDA:44,907,21,-
BRDA:45,384,0,16
BRDA:45,e384,1,-
BRDA:45,387,2,16
BRDA:45,387,3,8
BRDA:45,390,4,8
BRDA:45,e390,5,-
BRDA:45,391,6,8
BRDA:45,e391,7,-
BRDA:45,394,8,8
BRDA:45,e394,9,-
BRDA:45,395,10,8
BRDA:45,e395,11,-
BRDA:45,396,12,8
BRDA:45,e396,13,-
BRDA:45,402,14,16
BRDA:45,402,15,8
BRDA:45,927,16,-
BRDA:45,927,17,-
BRDA:45,930,18,-
BRDA:45,930,19,-
BRDA:45,932,20,-
BRDA:45,932,21,-
BRDA:48,407,0,64
BRDA:48,e407,1,-
BRDA:48,410,2,64
BRDA:48,410,3,8
BRDA:48,413,4,8
BRDA:48,e413,5,-
BRDA:48,414,6,8
BRDA:48,e414,7,-
BRDA:48,417,8,8
BRDA:48,e417,9,-
BRDA:48,418,10,8
BRDA:48,e418,11,-
BRDA:48,419,12,8
BRDA:48,e419,13,-
BRDA:48,425,14,64
BRDA:48,425,15,8
BRDA:48,952,16,-
BRDA:48,952,17,-
BRDA:48,955,18,-
BRDA:48,955,19,-
BRDA:48,957,20,-
BRDA:48,957,21,-
BRDA:49,430,0,32
BRDA:49,e430,1,-
BRDA:49,433,2,32
BRDA:49,433,3,8
BRDA:49,436,4,8
BRDA:49,e436,5,-
BRDA:49,437,6,8
BRDA:49,e437,7,-
BRDA:49,440,8,8
BRDA:49,e440,9,-
BRDA:49,441,10,8
BRDA:49,e441,11,-
BRDA:49,442,12,8
BRDA:49,e442,13,-
BRDA:49,448,14,32
BRDA:49,448,15,8
BRDA:49,977,16,-
BRDA:49,977,17,-
BRDA:49,980,18,-
BRDA:49,980,19,-
BRDA:49,982,20,-
BRDA:49,982,21,-
BRDA:50,453,0,24
BRDA:50,e453,1,-
BRDA:50,456,2,24
BRDA:50,456,3,8
BRDA:50,459,4,8
BRDA:50,e459,5,-
BRDA:50,460,6,8
BRDA:50,e460,7,-
BRDA:50,463,8,8
BRDA:50,e463,9,-
BRDA:50,464,10,8
BRDA:50,e464,11,-
BRDA:50,465,12,8
BRDA:50,e465,13,-
BRDA:50,471,14,24
BRDA:50,471,15,8
BRDA:50,1002,16,-
BRDA:50,1002,17,-
BRDA:50,1005,18,-
BRDA:50,1005,19,-
BRDA:50,1007,20,-
BRDA:50,1007,21,-
BRDA:51,476,0,8
BRDA:51,e476,1,-
BRDA:51,479,2,8
BRDA:51,479,3,8
BRDA:51,482,4,8
BRDA:51,e482,5,-
BRDA:51,483,6,8
BRDA:51,e483,7,-
BRDA:51,486,8,8
BRDA:51,e486,9,-
BRDA:51,487,10,8
BRDA:51,e487,11,-
BRDA:51,488,12,8
BRDA:51,e488,13,-
BRDA:51,494,14,8
BRDA:51,494,15,8
BRDA:51,1027,16,-
BRDA:51,1027,17,-
BRDA:51,1031,18,-
BRDA:51,1031,19,-
BRDA:51,1033,20,-
BRDA:51,1033,21,-
BRF:476
BRH:216
DA:6,8,85e8a1e6d53885e2058876ab554f6ad0
DA:7,16,b24b718ed84f8bf5aa0fd29a1465e1be
DA:13,552,a635f48c8a1543ade7ef09415c826999
DA:15,16,8a8c38b4d7a92a430c4dfd4e09ebfe98
DA:21,616,a635f48c8a1543ade7ef09415c826999
DA:24,168,7bf7546179452b8f897d5033a0bc119d
DA:25,88,a191171ac756c39369f7ad403822fe95
DA:26,88,159d17e67deae6048c8c20efd05cb247
DA:27,72,1c10766e066dddb04b829c12701d7718
DA:30,168,e9698601a8de5e02e17b54c7d1cb5c0b
DA:31,88,ba350183e5679fef3c85f7fa38a1fd54
DA:32,88,6823fdc4013f4e206bf94ab5dec11a0a
DA:33,56,c9e359d38e682c66d9c189de3472c239
DA:36,184,b2427e2e6daf71a102177d8dee9642ae
DA:37,104,755cb80d04cc6f071a23c7e6e2ce36cb
DA:38,88,c2c14a629d6f5e8c61256599be91c10f
DA:39,72,593322b5aa0172a761d582563b93207a
DA:42,168,028a0287b86d85113aca9002c2435043
DA:43,104,115aff591fa781192dd4ed373a37eb6c
DA:44,72,6d3023315b43b4fe2ab8e422e992e45e
DA:45,72,a127c20e201910c44921194f287a8e2a
DA:48,168,ae5e59804c7221dd1d2520440c4e5d84
DA:49,104,ee256738ac9082dcd455e1209b2bacce
DA:50,88,0399d11092996aa1bc187b482b48fc33
DA:51,56,1014366471a6cb8d9c81cf22d1b3e911
DA:52,8,cbb184dd8e05c9709e5dcaedaa0495cf
LH:26
LF:26
end_of_record
SF:C:/DEV/FeedbackAnalyzer_12/src/cpp/Feedback.h
VER:f81fd63caa2905c66ca1cc0c0e4226bf
FN:10,Feedback::Feedback(std::__cxx11::basic_string<char, std::char_traits<char>, std::allocator<char> >)
FNDA:13,Feedback::Feedback(std::__cxx11::basic_string<char, std::char_traits<char>, std::allocator<char> >)
FN:12,Feedback::getText[abi:cxx11]() const
FNDA:24,Feedback::getText[abi:cxx11]() const
FNF:2
FNH:2
BRF:0
BRH:0
DA:10,13,2825110f70cee588adbe814ca63f0cb1
DA:12,24,9a01f5a1914a9e834cde902e91c8cbc1
LH:2
LF:2
end_of_record
SF:C:/DEV/FeedbackAnalyzer_12/src/cpp/Filters.h
VER:009713760ead0ebfe305e74f4200a391
FN:11,Filters::containsAny(std::__cxx11::basic_string<char, std::char_traits<char>, std::allocator<char> > const&, std::vector<std::__cxx11::basic_string<char, std::char_traits<char>, std::allocator<char> >, std::allocator<std::__cxx11::basic_string<char, std::char_traits<char>, std::allocator<char> > > > const&)
FNDA:6,Filters::containsAny(std::__cxx11::basic_string<char, std::char_traits<char>, std::allocator<char> > const&, std::vector<std::__cxx11::basic_string<char, std::char_traits<char>, std::allocator<char> >, std::allocator<std::__cxx11::basic_string<char, std::char_traits<char>, std::allocator<char> > > > const&)
FN:19,Filters::fil(std::vector<Feedback, std::allocator<Feedback> > const&, std::__cxx11::basic_string<char, std::char_traits<char>, std::allocator<char> > const&, std::__cxx11::basic_string<char, std::char_traits<char>, std::allocator<char> > const&)
FNDA:4,Filters::fil(std::vector<Feedback, std::allocator<Feedback> > const&, std::__cxx11::basic_string<char, std::char_traits<char>, std::allocator<char> > const&, std::__cxx11::basic_string<char, std::char_traits<char>, std::allocator<char> > const&)
FNF:2
FNH:2
BRDA:12,18,0,123
BRDA:12,18,1,3
BRDA:13,7,0,3
BRDA:13,7,1,120
BRDA:24,3,0,4
BRDA:24,e3,1,-
BRDA:24,4,2,2
BRDA:24,4,3,2
BRDA:25,47,0,2
BRDA:25,47,1,2
BRDA:26,10,0,2
BRDA:26,e10,1,-
BRDA:27,13,0,2
BRDA:27,e13,1,-
BRDA:29,17,0,2
BRDA:29,e17,1,-
BRDA:29,18,2,2
BRDA:29,e18,3,-
BRDA:29,22,4,-
BRDA:29,22,5,2
BRDA:30,23,0,-
BRDA:30,e23,1,-
BRDA:31,26,0,2
BRDA:31,e26,1,-
BRDA:31,27,2,2
BRDA:31,e27,3,-
BRDA:31,31,4,1
BRDA:31,31,5,1
BRDA:32,32,0,1
BRDA:32,e32,1,-
BRDA:35,34,0,2
BRDA:35,34,1,-
BRDA:36,35,0,2
BRDA:36,e35,1,-
BRDA:40,49,0,2
BRDA:40,e49,1,-
BRDA:44,51,0,4
BRDA:44,e51,1,-
BRDA:44,52,2,2
BRDA:44,52,3,2
BRDA:45,97,0,2
BRDA:45,97,1,2
BRDA:46,58,0,2
BRDA:46,e58,1,-
BRDA:47,59,0,2
BRDA:47,e59,1,-
BRDA:47,60,2,2
BRDA:47,60,3,-
BRDA:48,61,0,2
BRDA:48,e61,1,-
BRDA:49,64,0,2
BRDA:49,e64,1,-
BRDA:49,65,2,2
BRDA:49,e65,3,-
BRDA:49,66,4,2
BRDA:49,66,5,-
BRDA:49,69,6,2
BRDA:49,e69,7,-
BRDA:49,70,8,2
BRDA:49,e70,9,-
BRDA:49,72,10,2
BRDA:49,72,11,-
BRDA:49,75,12,2
BRDA:49,75,13,-
BRDA:49,77,14,2
BRDA:49,77,15,-
BRDA:49,80,16,2
BRDA:49,80,17,-
BRDA:49,82,18,2
BRDA:49,82,19,-
BRDA:49,85,20,2
BRDA:49,85,21,-
BRDA:49,141,22,-
BRDA:49,141,23,-
BRDA:49,145,24,-
BRDA:49,145,25,-
BRDA:49,150,26,-
BRDA:49,150,27,-
BRDA:49,154,28,-
BRDA:49,154,29,-
BRDA:50,86,0,2
BRDA:50,e86,1,-
BRDA:55,99,0,2
BRDA:55,e99,1,-
BRDA:58,116,0,6
BRDA:58,116,1,4
BRDA:59,105,0,6
BRDA:59,e105,1,-
BRDA:59,106,2,6
BRDA:59,e106,3,-
BRF:90
BRH:48
DA:11,6,3cbadf6a978cd5543abd1af9a3561526
DA:12,132,8a3b7aff1854002a57f89586018bb7c4
DA:13,123,f539969c35e3386c54f1ca7658e1e714
DA:15,3,7e3ebea9ba4cdb8b7aecc7882599e8d6
DA:19,4,76a9bd6f730ad8348c63762147f90a41
DA:22,4,8f16e1de9395be583b14294a5b1b89d7
DA:24,4,c51493dec6a26e68c62df9fc5bc9ee1f
DA:25,6,70eadea34bf88a07e1052f810ae3f412
DA:26,2,2e35c932183d0fff3909e9ebf65e0ff1
DA:27,4,92c7864f69d0f62e571cea8d3b813ff2
DA:29,4,6c9705d620e464aa5e0406b2c3d2d2d2
DA:30,0,aa357f7d6333f0647d584a88a1921cbd
DA:31,4,9277582e9c1da8c03cd731869091abaf
DA:32,1,01829f4f9b2c339f840859f40bc55b93
DA:35,2,54d5b359011656c30421b11d81f73c1e
DA:36,2,0c2d47f252e4ce74ff292b067cb2742e
DA:38,2,7ddd5a90fd0f28f15e9b9a264dc394f8
DA:40,2,034c5a6a293d4fffa9ac876b19d89fee
DA:43,4,a7a5146a9a3128f029d08874f6b35297
DA:44,4,5221e22d83924df8389f7cc79cb37bf5
DA:45,6,4e201b9b0a6de0843fce1ad38efb9560
DA:46,2,2e35c932183d0fff3909e9ebf65e0ff1
DA:47,2,347c0ec4a329e2ee60d5359a4c11d5a0
DA:48,2,94c4a2c3093da3b24a649e0ec6fd780b
DA:49,10,4d4fe1afc63d85bc18c1036dc159e0b4
DA:50,2,655fabe9e278a78e51215fa2e4b164b5
DA:53,2,7ddd5a90fd0f28f15e9b9a264dc394f8
DA:55,2,9c36932a0aad61fb25cb759589fbb71d
DA:58,14,135f64d3ea202db299bf77526aa4e33f
DA:59,6,67622d13a48d0449d2cf3aae3edb33c5
DA:62,4,85220ba1cd2b94c1a91116f4a327a39d
DA:63,4,ea5a1cbe764918679997181a3ea281d3
LH:31
LF:32
end_of_record
SF:C:/DEV/FeedbackAnalyzer_12/src/cpp/httplib.h
VER:19cc10d0a2d16b9e7a54c085fc8f7902
FN:522,std::enable_if<!std::is_array<httplib::detail::PathParamsMatcher>::value, std::unique_ptr<httplib::detail::PathParamsMatcher, std::default_delete<httplib::detail::PathParamsMatcher> > >::type httplib::detail::make_unique<httplib::detail::PathParamsMatcher, std::__cxx11::basic_string<char, std::char_traits<char>, std::allocator<char> > const&>(std::__cxx11::basic_string<char, std::char_traits<char>, std::allocator<char> > const&)
FNDA:0,std::enable_if<!std::is_array<httplib::detail::PathParamsMatcher>::value, std::unique_ptr<httplib::detail::PathParamsMatcher, std::default_delete<httplib::detail::PathParamsMatcher> > >::type httplib::detail::make_unique<httplib::detail::PathParamsMatcher, std::__cxx11::basic_string<char, std::char_traits<char>, std::allocator<char> > const&>(std::__cxx11::basic_string<char, std::char_traits<char>, std::allocator<char> > const&)
FN:522,std::enable_if<!std::is_array<httplib::detail::RegexMatcher>::value, std::unique_ptr<httplib::detail::RegexMatcher, std::default_delete<httplib::detail::RegexMatcher> > >::type httplib::detail::make_unique<httplib::detail::RegexMatcher, std::__cxx11::basic_string<char, std::char_traits<char>, std::allocator<char> > const&>(std::__cxx11::basic_string<char, std::char_traits<char>, std::allocator<char> > const&)
FNDA:0,std::enable_if<!std::is_array<httplib::detail::RegexMatcher>::value, std::unique_ptr<httplib::detail::RegexMatcher, std::default_delete<httplib::detail::RegexMatcher> > >::type httplib::detail::make_unique<httplib::detail::RegexMatcher, std::__cxx11::basic_string<char, std::char_traits<char>, std::allocator<char> > const&>(std::__cxx11::basic_string<char, std::char_traits<char>, std::allocator<char> > const&)
FN:522,std::enable_if<!std::is_array<httplib::detail::nocompressor>::value, std::unique_ptr<httplib::detail::nocompressor, std::default_delete<httplib::detail::nocompressor> > >::type httplib::detail::make_unique<httplib::detail::nocompressor>()
FNDA:0,std::enable_if<!std::is_array<httplib::detail::nocompressor>::value, std::unique_ptr<httplib::detail::nocompressor, std::default_delete<httplib::detail::nocompressor> > >::type httplib::detail::make_unique<httplib::detail::nocompressor>()
FN:535,httplib::detail::case_ignore::to_lower(int)
FNDA:0,httplib::detail::case_ignore::to_lower(int)
FN:559,httplib::detail::case_ignore::to_lower(std::__cxx11::basic_string<char, std::char_traits<char>, std::allocator<char> > const&)
FNDA:0,httplib::detail::case_ignore::to_lower(std::__cxx11::basic_string<char, std::char_traits<char>, std::allocator<char> > const&)
FN:563,httplib::detail::case_ignore::to_lower(std::__cxx11::basic_string<char, std::char_traits<char>, std::allocator<char> > const&)::{lambda(unsigned char)#1}::operator()(unsigned char) const
FNDA:0,httplib::detail::case_ignore::to_lower(std::__cxx11::basic_string<char, std::char_traits<char>, std::allocator<char> > const&)::{lambda(unsigned char)#1}::operator()(unsigned char) const
FN:567,httplib::detail::case_ignore::equal(std::__cxx11::basic_string<char, std::char_traits<char>, std::allocator<char> > const&, std::__cxx11::basic_string<char, std::char_traits<char>, std::allocator<char> > const&)
FNDA:0,httplib::detail::case_ignore::equal(std::__cxx11::basic_string<char, std::char_traits<char>, std::allocator<char> > const&, std::__cxx11::basic_string<char, std::char_traits<char>, std::allocator<char> > const&)
FN:569,httplib::detail::case_ignore::equal(std::__cxx11::basic_string<char, std::char_traits<char>, std::allocator<char> > const&, std::__cxx11::basic_string<char, std::char_traits<char>, std::allocator<char> > const&)::{lambda(char, char)#1}::operator()(char, char) const
FNDA:0,httplib::detail::case_ignore::equal(std::__cxx11::basic_string<char, std::char_traits<char>, std::allocator<char> > const&, std::__cxx11::basic_string<char, std::char_traits<char>, std::allocator<char> > const&)::{lambda(char, char)#1}::operator()(char, char) const
FN:575,httplib::detail::case_ignore::equal_to::operator()(std::__cxx11::basic_string<char, std::char_traits<char>, std::allocator<char> > const&, std::__cxx11::basic_string<char, std::char_traits<char>, std::allocator<char> > const&) const
FNDA:0,httplib::detail::case_ignore::equal_to::operator()(std::__cxx11::basic_string<char, std::char_traits<char>, std::allocator<char> > const&, std::__cxx11::basic_string<char, std::char_traits<char>, std::allocator<char> > const&) const
FN:581,httplib::detail::case_ignore::hash::operator()(std::__cxx11::basic_string<char, std::char_traits<char>, std::allocator<char> > const&) const
FNDA:0,httplib::detail::case_ignore::hash::operator()(std::__cxx11::basic_string<char, std::char_traits<char>, std::allocator<char> > const&) const
FN:585,httplib::detail::case_ignore::hash::hash_core(char const*, unsigned long long, unsigned long long) const
FNDA:0,httplib::detail::case_ignore::hash::hash_core(char const*, unsigned long long, unsigned long long) const
FN:606,httplib::detail::scope_exit::scope_exit(std::function<void ()>&&)
FNDA:0,httplib::detail::scope_exit::scope_exit(std::function<void ()>&&)
FN:615,httplib::detail::scope_exit::~scope_exit()
FNDA:0,httplib::detail::scope_exit::~scope_exit()
FN:638,httplib::detail::from_chars_result<long long> httplib::detail::from_chars<long long>(char const*, char const*, long long&, int)
FNDA:0,httplib::detail::from_chars_result<long long> httplib::detail::from_chars<long long>(char const*, char const*, long long&, int)
FN:680,httplib::detail::from_chars(char const*, char const*, double&)
FNDA:0,httplib::detail::from_chars(char const*, char const*, double&)
FN:921,httplib::UserData::UserData()
FNDA:0,httplib::UserData::UserData()
FN:1020,httplib::DataSink::DataSink()
FNDA:0,httplib::DataSink::DataSink()
FN:1036,httplib::DataSink::data_sink_streambuf::data_sink_streambuf(httplib::DataSink&)
FNDA:0,httplib::DataSink::data_sink_streambuf::data_sink_streambuf(httplib::DataSink&)
FN:1039,httplib::DataSink::data_sink_streambuf::xsputn(char const*, long long)
FNDA:0,httplib::DataSink::data_sink_streambuf::xsputn(char const*, long long)
FN:1138,httplib::ContentReader::ContentReader(std::function<bool (std::function<bool (char const*, unsigned long long)>)>, std::function<bool (std::function<bool (httplib::FormData const&)>, std::function<bool (char const*, unsigned long long)>)>)
FNDA:0,httplib::ContentReader::ContentReader(std::function<bool (std::function<bool (char const*, unsigned long long)>)>, std::function<bool (std::function<bool (httplib::FormData const&)>, std::function<bool (char const*, unsigned long long)>)>)
FN:1277,httplib::Request::is_connection_closed::{lambda()#1}::operator()() const
FNDA:0,httplib::Request::is_connection_closed::{lambda()#1}::operator()() const
FN:1368,httplib::Response::Response()
FNDA:0,httplib::Response::Response()
FN:1373,httplib::Response::~Response()
FNDA:0,httplib::Response::~Response()
FN:1435,httplib::Stream::~Stream()
FNDA:0,httplib::Stream::~Stream()
FN:1440,httplib::Stream::is_peer_alive() const
FNDA:0,httplib::Stream::is_peer_alive() const
FN:1450,httplib::Stream::set_read_timeout(long long, long long)
FNDA:0,httplib::Stream::set_read_timeout(long long, long long)
FN:1458,httplib::Stream::get_error() const
FNDA:0,httplib::Stream::get_error() const
FN:1466,httplib::TaskQueue::TaskQueue()
FNDA:0,httplib::TaskQueue::TaskQueue()
FN:1467,httplib::TaskQueue::~TaskQueue()
FNDA:0,httplib::TaskQueue::~TaskQueue()
FN:1472,httplib::TaskQueue::on_idle()
FNDA:0,httplib::TaskQueue::on_idle()
FN:1479,httplib::ThreadPool::~ThreadPool()
FNDA:0,httplib::ThreadPool::~ThreadPool()
FN:1530,httplib::detail::MatcherBase::MatcherBase(std::__cxx11::basic_string<char, std::char_traits<char>, std::allocator<char> >)
FNDA:0,httplib::detail::MatcherBase::MatcherBase(std::__cxx11::basic_string<char, std::char_traits<char>, std::allocator<char> >)
FN:1531,httplib::detail::MatcherBase::~MatcherBase()
FNDA:0,httplib::detail::MatcherBase::~MatcherBase()
FN:1533,httplib::detail::MatcherBase::pattern[abi:cxx11]() const
FNDA:0,httplib::detail::MatcherBase::pattern[abi:cxx11]() const
FN:1591,httplib::detail::RegexMatcher::RegexMatcher(std::__cxx11::basic_string<char, std::char_traits<char>, std::allocator<char> > const&)
FNDA:0,httplib::detail::RegexMatcher::RegexMatcher(std::__cxx11::basic_string<char, std::char_traits<char>, std::allocator<char> > const&)
FN:1778,httplib::Server& httplib::Server::add_handler<std::function<void (httplib::Request const&, httplib::Response&)> >(std::vector<std::pair<std::unique_ptr<httplib::detail::MatcherBase, std::default_delete<httplib::detail::MatcherBase> >, std::function<void (httplib::Request const&, httplib::Response&)> >, std::allocator<std::pair<std::unique_ptr<httplib::detail::MatcherBase, std::default_delete<httplib::detail::MatcherBase> >, std::function<void (httplib::Request const&, httplib::Response&)> > > >&, std::__cxx11::basic_string<char, std::char_traits<char>, std::allocator<char> > const&, std::function<void (httplib::Request const&, httplib::Response&)>)
FNDA:0,httplib::Server& httplib::Server::add_handler<std::function<void (httplib::Request const&, httplib::Response&)> >(std::vector<std::pair<std::unique_ptr<httplib::detail::MatcherBase, std::default_delete<httplib::detail::MatcherBase> >, std::function<void (httplib::Request const&, httplib::Response&)> >, std::allocator<std::pair<std::unique_ptr<httplib::detail::MatcherBase, std::default_delete<httplib::detail::MatcherBase> >, std::function<void (httplib::Request const&, httplib::Response&)> > > >&, std::__cxx11::basic_string<char, std::char_traits<char>, std::allocator<char> > const&, std::function<void (httplib::Request const&, httplib::Response&)>)
FN:2009,httplib::detail::read_body_content(httplib::Stream*, httplib::detail::BodyReader&, char*, unsigned long long)
FNDA:0,httplib::detail::read_body_content(httplib::Stream*, httplib::detail::BodyReader&, char*, unsigned long long)
FN:2786,unsigned long long httplib::detail::str_len<14ull>(char const (&) [14ull])
FNDA:0,unsigned long long httplib::detail::str_len<14ull>(char const (&) [14ull])
FN:2786,unsigned long long httplib::detail::str_len<3ull>(char const (&) [3ull])
FNDA:0,unsigned long long httplib::detail::str_len<3ull>(char const (&) [3ull])
FN:2786,unsigned long long httplib::detail::str_len<4ull>(char const (&) [4ull])
FNDA:0,unsigned long long httplib::detail::str_len<4ull>(char const (&) [4ull])
FN:2790,httplib::detail::is_numeric(std::__cxx11::basic_string<char, std::char_traits<char>, std::allocator<char> > const&)
FNDA:0,httplib::detail::is_numeric(std::__cxx11::basic_string<char, std::char_traits<char>, std::allocator<char> > const&)
FN:2793,httplib::detail::is_numeric(std::__cxx11::basic_string<char, std::char_traits<char>, std::allocator<char> > const&)::{lambda(unsigned char)#1}::operator()(unsigned char) const
FNDA:0,httplib::detail::is_numeric(std::__cxx11::basic_string<char, std::char_traits<char>, std::allocator<char> > const&)::{lambda(unsigned char)#1}::operator()(unsigned char) const
FN:2796,httplib::detail::get_header_value_u64(std::unordered_multimap<std::__cxx11::basic_string<char, std::char_traits<char>, std::allocator<char> >, std::__cxx11::basic_string<char, std::char_traits<char>, std::allocator<char> >, httplib::detail::case_ignore::hash, httplib::detail::case_ignore::equal_to, std::allocator<std::pair<std::__cxx11::basic_string<char, std::char_traits<char>, std::allocator<char> > const, std::__cxx11::basic_string<char, std::char_traits<char>, std::allocator<char> > > > > const&, std::__cxx11::basic_string<char, std::char_traits<char>, std::allocator<char> > const&, unsigned long long, unsigned long long, bool&)
FNDA:0,httplib::detail::get_header_value_u64(std::unordered_multimap<std::__cxx11::basic_string<char, std::char_traits<char>, std::allocator<char> >, std::__cxx11::basic_string<char, std::char_traits<char>, std::allocator<char> >, httplib::detail::case_ignore::hash, httplib::detail::case_ignore::equal_to, std::allocator<std::pair<std::__cxx11::basic_string<char, std::char_traits<char>, std::allocator<char> > const, std::__cxx11::basic_string<char, std::char_traits<char>, std::allocator<char> > > > > const&, std::__cxx11::basic_string<char, std::char_traits<char>, std::allocator<char> > const&, unsigned long long, unsigned long long, bool&)
FN:2813,httplib::detail::get_header_value_u64(std::unordered_multimap<std::__cxx11::basic_string<char, std::char_traits<char>, std::allocator<char> >, std::__cxx11::basic_string<char, std::char_traits<char>, std::allocator<char> >, httplib::detail::case_ignore::hash, httplib::detail::case_ignore::equal_to, std::allocator<std::pair<std::__cxx11::basic_string<char, std::char_traits<char>, std::allocator<char> > const, std::__cxx11::basic_string<char, std::char_traits<char>, std::allocator<char> > > > > const&, std::__cxx11::basic_string<char, std::char_traits<char>, std::allocator<char> > const&, unsigned long long, unsigned long long)
FNDA:0,httplib::detail::get_header_value_u64(std::unordered_multimap<std::__cxx11::basic_string<char, std::char_traits<char>, std::allocator<char> >, std::__cxx11::basic_string<char, std::char_traits<char>, std::allocator<char> >, httplib::detail::case_ignore::hash, httplib::detail::case_ignore::equal_to, std::allocator<std::pair<std::__cxx11::basic_string<char, std::char_traits<char>, std::allocator<char> > const, std::__cxx11::basic_string<char, std::char_traits<char>, std::allocator<char> > > > > const&, std::__cxx11::basic_string<char, std::char_traits<char>, std::allocator<char> > const&, unsigned long long, unsigned long long)
FN:2941,httplib::detail::u8string_to_wstring[abi:cxx11](char const*)
FNDA:0,httplib::detail::u8string_to_wstring[abi:cxx11](char const*)
FN:3043,httplib::detail::BufferStream::BufferStream()
FNDA:0,httplib::detail::BufferStream::BufferStream()
FN:3044,httplib::detail::BufferStream::~BufferStream()
FNDA:0,httplib::detail::BufferStream::~BufferStream()
FN:3065,httplib::detail::compressor::~compressor()
FNDA:0,httplib::detail::compressor::~compressor()
FN:3085,httplib::detail::nocompressor::~nocompressor()
FNDA:0,httplib::detail::nocompressor::~nocompressor()
FN:3736,httplib::ws::WebSocket::WebSocket(httplib::Stream&, httplib::Request const&, bool, long long, int)
FNDA:0,httplib::ws::WebSocket::WebSocket(httplib::Stream&, httplib::Request const&, bool, long long, int)
FN:4312,httplib::detail::set_socket_opt_impl(unsigned long long, int, int, void const*, int)
FNDA:0,httplib::detail::set_socket_opt_impl(unsigned long long, int, int, void const*, int)
FN:4323,httplib::detail::set_socket_opt_time(unsigned long long, int, int, long long, long long)
FNDA:0,httplib::detail::set_socket_opt_time(unsigned long long, int, int, long long, long long)
FN:4335,httplib::detail::is_hex(char, int&)
FNDA:0,httplib::detail::is_hex(char, int&)
FN:4349,httplib::detail::from_hex_to_i(std::__cxx11::basic_string<char, std::char_traits<char>, std::allocator<char> > const&, unsigned long long, unsigned long long, int&)
FNDA:0,httplib::detail::from_hex_to_i(std::__cxx11::basic_string<char, std::char_traits<char>, std::allocator<char> > const&, unsigned long long, unsigned long long, int&)
FN:4366,httplib::detail::from_i_to_hex[abi:cxx11](unsigned long long)
FNDA:0,httplib::detail::from_i_to_hex[abi:cxx11](unsigned long long)
FN:4376,httplib::detail::compute_etag[abi:cxx11](httplib::detail::FileStat const&)
FNDA:0,httplib::detail::compute_etag[abi:cxx11](httplib::detail::FileStat const&)
FN:4396,httplib::detail::file_mtime_to_http_date[abi:cxx11](long long)
FNDA:0,httplib::detail::file_mtime_to_http_date[abi:cxx11](long long)
FN:4414,httplib::detail::parse_http_date(std::__cxx11::basic_string<char, std::char_traits<char>, std::allocator<char> > const&)
FNDA:0,httplib::detail::parse_http_date(std::__cxx11::basic_string<char, std::char_traits<char>, std::allocator<char> > const&)
FN:4421,httplib::detail::parse_http_date(std::__cxx11::basic_string<char, std::char_traits<char>, std::allocator<char> > const&)::{lambda(char const*)#1}::operator()(char const*) const
FNDA:0,httplib::detail::parse_http_date(std::__cxx11::basic_string<char, std::char_traits<char>, std::allocator<char> > const&)::{lambda(char const*)#1}::operator()(char const*) const
FN:4451,httplib::detail::is_weak_etag(std::__cxx11::basic_string<char, std::char_traits<char>, std::allocator<char> > const&)
FNDA:0,httplib::detail::is_weak_etag(std::__cxx11::basic_string<char, std::char_traits<char>, std::allocator<char> > const&)
FN:4456,httplib::detail::is_strong_etag(std::__cxx11::basic_string<char, std::char_traits<char>, std::allocator<char> > const&)
FNDA:0,httplib::detail::is_strong_etag(std::__cxx11::basic_string<char, std::char_traits<char>, std::allocator<char> > const&)
FN:4462,httplib::detail::to_utf8(int, char*)
FNDA:0,httplib::detail::to_utf8(int, char*)
FN:4546,httplib::detail::base64_encode(std::__cxx11::basic_string<char, std::char_traits<char>, std::allocator<char> > const&)
FNDA:0,httplib::detail::base64_encode(std::__cxx11::basic_string<char, std::char_traits<char>, std::allocator<char> > const&)
FN:4574,httplib::detail::sha1(std::__cxx11::basic_string<char, std::char_traits<char>, std::allocator<char> > const&)
FNDA:0,httplib::detail::sha1(std::__cxx11::basic_string<char, std::char_traits<char>, std::allocator<char> > const&)
FN:4576,httplib::detail::sha1(std::__cxx11::basic_string<char, std::char_traits<char>, std::allocator<char> > const&)::{lambda(unsigned int, unsigned int)#1}::operator()(unsigned int, unsigned int) const
FNDA:0,httplib::detail::sha1(std::__cxx11::basic_string<char, std::char_traits<char>, std::allocator<char> > const&)::{lambda(unsigned int, unsigned int)#1}::operator()(unsigned int, unsigned int) const
FN:4664,httplib::detail::websocket_accept_key(std::__cxx11::basic_string<char, std::char_traits<char>, std::allocator<char> > const&)
FNDA:0,httplib::detail::websocket_accept_key(std::__cxx11::basic_string<char, std::char_traits<char>, std::allocator<char> > const&)
FN:4669,httplib::detail::is_websocket_upgrade(httplib::Request const&)
FNDA:0,httplib::detail::is_websocket_upgrade(httplib::Request const&)
FN:4703,httplib::detail::write_websocket_frame(httplib::Stream&, httplib::ws::Opcode, char const*, unsigned long long, bool, bool)
FNDA:0,httplib::detail::write_websocket_frame(httplib::Stream&, httplib::ws::Opcode, char const*, unsigned long long, bool, bool)
FN:4769,httplib::ws::impl::read_websocket_frame(httplib::Stream&, httplib::ws::Opcode&, std::__cxx11::basic_string<char, std::char_traits<char>, std::allocator<char> >&, bool&, bool, unsigned long long)
FNDA:0,httplib::ws::impl::read_websocket_frame(httplib::Stream&, httplib::ws::Opcode&, std::__cxx11::basic_string<char, std::char_traits<char>, std::allocator<char> >&, bool&, bool, unsigned long long)
FN:4846,httplib::detail::is_valid_path(std::__cxx11::basic_string<char, std::char_traits<char>, std::allocator<char> > const&)
FNDA:0,httplib::detail::is_valid_path(std::__cxx11::basic_string<char, std::char_traits<char>, std::allocator<char> > const&)
FN:4888,httplib::detail::canonicalize_path(char const*, std::__cxx11::basic_string<char, std::char_traits<char>, std::allocator<char> >&)
FNDA:0,httplib::detail::canonicalize_path(char const*, std::__cxx11::basic_string<char, std::char_traits<char>, std::allocator<char> >&)
FN:4906,httplib::detail::is_path_within_base(std::__cxx11::basic_string<char, std::char_traits<char>, std::allocator<char> > const&, std::__cxx11::basic_string<char, std::char_traits<char>, std::allocator<char> > const&)
FNDA:0,httplib::detail::is_path_within_base(std::__cxx11::basic_string<char, std::char_traits<char>, std::allocator<char> > const&, std::__cxx11::basic_string<char, std::char_traits<char>, std::allocator<char> > const&)
FN:4917,httplib::detail::FileStat::FileStat(std::__cxx11::basic_string<char, std::char_traits<char>, std::allocator<char> > const&)
FNDA:0,httplib::detail::FileStat::FileStat(std::__cxx11::basic_string<char, std::char_traits<char>, std::allocator<char> > const&)
FN:4925,httplib::detail::FileStat::is_file() const
FNDA:0,httplib::detail::FileStat::is_file() const
FN:4928,httplib::detail::FileStat::is_dir() const
FNDA:0,httplib::detail::FileStat::is_dir() const
FN:4932,httplib::detail::FileStat::mtime() const
FNDA:0,httplib::detail::FileStat::mtime() const
FN:4937,httplib::detail::FileStat::size() const
FNDA:0,httplib::detail::FileStat::size() const
FN:4973,httplib::detail::file_extension(std::__cxx11::basic_string<char, std::char_traits<char>, std::allocator<char> > const&)
FNDA:0,httplib::detail::file_extension(std::__cxx11::basic_string<char, std::char_traits<char>, std::allocator<char> > const&)
FN:4980,httplib::detail::is_space_or_tab(char)
FNDA:0,httplib::detail::is_space_or_tab(char)
FN:4986,bool httplib::detail::parse_header<httplib::detail::FormDataParser::parse(char const*, unsigned long long, std::function<bool (httplib::FormData const&)> const&, std::function<bool (char const*, unsigned long long)> const&)::{lambda(std::__cxx11::basic_string<char, std::char_traits<char>, std::allocator<char> > const&, std::__cxx11::basic_string<char, std::char_traits<char>, std::allocator<char> > const&)#1}>(char const*, char const*, httplib::detail::FormDataParser::parse(char const*, unsigned long long, std::function<bool (httplib::FormData const&)> const&, std::function<bool (char const*, unsigned long long)> const&)::{lambda(std::__cxx11::basic_string<char, std::char_traits<char>, std::allocator<char> > const&, std::__cxx11::basic_string<char, std::char_traits<char>, std::allocator<char> > const&)#1})
FNDA:0,bool httplib::detail::parse_header<httplib::detail::FormDataParser::parse(char const*, unsigned long long, std::function<bool (httplib::FormData const&)> const&, std::function<bool (char const*, unsigned long long)> const&)::{lambda(std::__cxx11::basic_string<char, std::char_traits<char>, std::allocator<char> > const&, std::__cxx11::basic_string<char, std::char_traits<char>, std::allocator<char> > const&)#1}>(char const*, char const*, httplib::detail::FormDataParser::parse(char const*, unsigned long long, std::function<bool (httplib::FormData const&)> const&, std::function<bool (char const*, unsigned long long)> const&)::{lambda(std::__cxx11::basic_string<char, std::char_traits<char>, std::allocator<char> > const&, std::__cxx11::basic_string<char, std::char_traits<char>, std::allocator<char> > const&)#1})
FN:4986,bool httplib::detail::parse_header<httplib::detail::FormDataParser::parse(char const*, unsigned long long, std::function<bool (httplib::FormData const&)> const&, std::function<bool (char const*, unsigned long long)> const&)::{lambda(std::__cxx11::basic_string<char, std::char_traits<char>, std::allocator<char> > const&, std::__cxx11::basic_string<char, std::char_traits<char>, std::allocator<char> > const&)#2}>(char const*, char const*, httplib::detail::FormDataParser::parse(char const*, unsigned long long, std::function<bool (httplib::FormData const&)> const&, std::function<bool (char const*, unsigned long long)> const&)::{lambda(std::__cxx11::basic_string<char, std::char_traits<char>, std::allocator<char> > const&, std::__cxx11::basic_string<char, std::char_traits<char>, std::allocator<char> > const&)#2})
FNDA:0,bool httplib::detail::parse_header<httplib::detail::FormDataParser::parse(char const*, unsigned long long, std::function<bool (httplib::FormData const&)> const&, std::function<bool (char const*, unsigned long long)> const&)::{lambda(std::__cxx11::basic_string<char, std::char_traits<char>, std::allocator<char> > const&, std::__cxx11::basic_string<char, std::char_traits<char>, std::allocator<char> > const&)#2}>(char const*, char const*, httplib::detail::FormDataParser::parse(char const*, unsigned long long, std::function<bool (httplib::FormData const&)> const&, std::function<bool (char const*, unsigned long long)> const&)::{lambda(std::__cxx11::basic_string<char, std::char_traits<char>, std::allocator<char> > const&, std::__cxx11::basic_string<char, std::char_traits<char>, std::allocator<char> > const&)#2})
FN:4986,bool httplib::detail::parse_header<httplib::detail::parse_trailers(httplib::detail::stream_line_reader&, std::unordered_multimap<std::__cxx11::basic_string<char, std::char_traits<char>, std::allocator<char> >, std::__cxx11::basic_string<char, std::char_traits<char>, std::allocator<char> >, httplib::detail::case_ignore::hash, httplib::detail::case_ignore::equal_to, std::allocator<std::pair<std::__cxx11::basic_string<char, std::char_traits<char>, std::allocator<char> > const, std::__cxx11::basic_string<char, std::char_traits<char>, std::allocator<char> > > > >&, std::unordered_multimap<std::__cxx11::basic_string<char, std::char_traits<char>, std::allocator<char> >, std::__cxx11::basic_string<char, std::char_traits<char>, std::allocator<char> >, httplib::detail::case_ignore::hash, httplib::detail::case_ignore::equal_to, std::allocator<std::pair<std::__cxx11::basic_string<char, std::char_traits<char>, std::allocator<char> > const, std::__cxx11::basic_string<char, std::char_traits<char>, std::allocator<char> > > > > const&)::{lambda(std::__cxx11::basic_string<char, std::char_traits<char>, std::allocator<char> > const&, std::__cxx11::basic_string<char, std::char_traits<char>, std::allocator<char> > const&)#1}>(char const*, char const*, httplib::detail::parse_trailers(httplib::detail::stream_line_reader&, std::unordered_multimap<std::__cxx11::basic_string<char, std::char_traits<char>, std::allocator<char> >, std::__cxx11::basic_string<char, std::char_traits<char>, std::allocator<char> >, httplib::detail::case_ignore::hash, httplib::detail::case_ignore::equal_to, std::allocator<std::pair<std::__cxx11::basic_string<char, std::char_traits<char>, std::allocator<char> > const, std::__cxx11::basic_string<char, std::char_traits<char>, std::allocator<char> > > > >&, std::unordered_multimap<std::__cxx11::basic_string<char, std::char_traits<char>, std::allocator<char> >, std::__cxx11::basic_string<char, std::char_traits<char>, std::allocator<char> >, httplib::detail::case_ignore::hash, httplib::detail::case_ignore::equal_to, std::allocator<std::pair<std::__cxx11::basic_string<char, std::char_traits<char>, std::allocator<char> > const, std::__cxx11::basic_string<char, std::char_traits<char>, std::allocator<char> > > > > const&)::{lambda(std::__cxx11::basic_string<char, std::char_traits<char>, std::allocator<char> > const&, std::__cxx11::basic_string<char, std::char_traits<char>, std::allocator<char> > const&)#1})
FNDA:0,bool httplib::detail::parse_header<httplib::detail::parse_trailers(httplib::detail::stream_line_reader&, std::unordered_multimap<std::__cxx11::basic_string<char, std::char_traits<char>, std::allocator<char> >, std::__cxx11::basic_string<char, std::char_traits<char>, std::allocator<char> >, httplib::detail::case_ignore::hash, httplib::detail::case_ignore::equal_to, std::allocator<std::pair<std::__cxx11::basic_string<char, std::char_traits<char>, std::allocator<char> > const, std::__cxx11::basic_string<char, std::char_traits<char>, std::allocator<char> > > > >&, std::unordered_multimap<std::__cxx11::basic_string<char, std::char_traits<char>, std::allocator<char> >, std::__cxx11::basic_string<char, std::char_traits<char>, std::allocator<char> >, httplib::detail::case_ignore::hash, httplib::detail::case_ignore::equal_to, std::allocator<std::pair<std::__cxx11::basic_string<char, std::char_traits<char>, std::allocator<char> > const, std::__cxx11::basic_string<char, std::char_traits<char>, std::allocator<char> > > > > const&)::{lambda(std::__cxx11::basic_string<char, std::char_traits<char>, std::allocator<char> > const&, std::__cxx11::basic_string<char, std::char_traits<char>, std::allocator<char> > const&)#1}>(char const*, char const*, httplib::detail::parse_trailers(httplib::detail::stream_line_reader&, std::unordered_multimap<std::__cxx11::basic_string<char, std::char_traits<char>, std::allocator<char> >, std::__cxx11::basic_string<char, std::char_traits<char>, std::allocator<char> >, httplib::detail::case_ignore::hash, httplib::detail::case_ignore::equal_to, std::allocator<std::pair<std::__cxx11::basic_string<char, std::char_traits<char>, std::allocator<char> > const, std::__cxx11::basic_string<char, std::char_traits<char>, std::allocator<char> > > > >&, std::unordered_multimap<std::__cxx11::basic_string<char, std::char_traits<char>, std::allocator<char> >, std::__cxx11::basic_string<char, std::char_traits<char>, std::allocator<char> >, httplib::detail::case_ignore::hash, httplib::detail::case_ignore::equal_to, std::allocator<std::pair<std::__cxx11::basic_string<char, std::char_traits<char>, std::allocator<char> > const, std::__cxx11::basic_string<char, std::char_traits<char>, std::allocator<char> > > > > const&)::{lambda(std::__cxx11::basic_string<char, std::char_traits<char>, std::allocator<char> > const&, std::__cxx11::basic_string<char, std::char_traits<char>, std::allocator<char> > const&)#1})
FN:4986,bool httplib::detail::parse_header<httplib::detail::read_headers(httplib::Stream&, std::unordered_multimap<std::__cxx11::basic_string<char, std::char_traits<char>, std::allocator<char> >, std::__cxx11::basic_string<char, std::char_traits<char>, std::allocator<char> >, httplib::detail::case_ignore::hash, httplib::detail::case_ignore::equal_to, std::allocator<std::pair<std::__cxx11::basic_string<char, std::char_traits<char>, std::allocator<char> > const, std::__cxx11::basic_string<char, std::char_traits<char>, std::allocator<char> > > > >&)::{lambda(std::__cxx11::basic_string<char, std::char_traits<char>, std::allocator<char> > const&, std::__cxx11::basic_string<char, std::char_traits<char>, std::allocator<char> > const&)#1}>(char const*, char const*, httplib::detail::read_headers(httplib::Stream&, std::unordered_multimap<std::__cxx11::basic_string<char, std::char_traits<char>, std::allocator<char> >, std::__cxx11::basic_string<char, std::char_traits<char>, std::allocator<char> >, httplib::detail::case_ignore::hash, httplib::detail::case_ignore::equal_to, std::allocator<std::pair<std::__cxx11::basic_string<char, std::char_traits<char>, std::allocator<char> > const, std::__cxx11::basic_string<char, std::char_traits<char>, std::allocator<char> > > > >&)::{lambda(std::__cxx11::basic_string<char, std::char_traits<char>, std::allocator<char> > const&, std::__cxx11::basic_string<char, std::char_traits<char>, std::allocator<char> > const&)#1})
FNDA:0,bool httplib::detail::parse_header<httplib::detail::read_headers(httplib::Stream&, std::unordered_multimap<std::__cxx11::basic_string<char, std::char_traits<char>, std::allocator<char> >, std::__cxx11::basic_string<char, std::char_traits<char>, std::allocator<char> >, httplib::detail::case_ignore::hash, httplib::detail::case_ignore::equal_to, std::allocator<std::pair<std::__cxx11::basic_string<char, std::char_traits<char>, std::allocator<char> > const, std::__cxx11::basic_string<char, std::char_traits<char>, std::allocator<char> > > > >&)::{lambda(std::__cxx11::basic_string<char, std::char_traits<char>, std::allocator<char> > const&, std::__cxx11::basic_string<char, std::char_traits<char>, std::allocator<char> > const&)#1}>(char const*, char const*, httplib::detail::read_headers(httplib::Stream&, std::unordered_multimap<std::__cxx11::basic_string<char, std::char_traits<char>, std::allocator<char> >, std::__cxx11::basic_string<char, std::char_traits<char>, std::allocator<char> >, httplib::detail::case_ignore::hash, httplib::detail::case_ignore::equal_to, std::allocator<std::pair<std::__cxx11::basic_string<char, std::char_traits<char>, std::allocator<char> > const, std::__cxx11::basic_string<char, std::char_traits<char>, std::allocator<char> > > > >&)::{lambda(std::__cxx11::basic_string<char, std::char_traits<char>, std::allocator<char> > const&, std::__cxx11::basic_string<char, std::char_traits<char>, std::allocator<char> > const&)#1})
FN:5032,httplib::detail::parse_trailers(httplib::detail::stream_line_reader&, std::unordered_multimap<std::__cxx11::basic_string<char, std::char_traits<char>, std::allocator<char> >, std::__cxx11::basic_string<char, std::char_traits<char>, std::allocator<char> >, httplib::detail::case_ignore::hash, httplib::detail::case_ignore::equal_to, std::allocator<std::pair<std::__cxx11::basic_string<char, std::char_traits<char>, std::allocator<char> > const, std::__cxx11::basic_string<char, std::char_traits<char>, std::allocator<char> > > > >&, std::unordered_multimap<std::__cxx11::basic_string<char, std::char_traits<char>, std::allocator<char> >, std::__cxx11::basic_string<char, std::char_traits<char>, std::allocator<char> >, httplib::detail::case_ignore::hash, httplib::detail::case_ignore::equal_to, std::allocator<std::pair<std::__cxx11::basic_string<char, std::char_traits<char>, std::allocator<char> > const, std::__cxx11::basic_string<char, std::char_traits<char>, std::allocator<char> > > > > const&)
FNDA:0,httplib::detail::parse_trailers(httplib::detail::stream_line_reader&, std::unordered_multimap<std::__cxx11::basic_string<char, std::char_traits<char>, std::allocator<char> >, std::__cxx11::basic_string<char, std::char_traits<char>, std::allocator<char> >, httplib::detail::case_ignore::hash, httplib::detail::case_ignore::equal_to, std::allocator<std::pair<std::__cxx11::basic_string<char, std::char_traits<char>, std::allocator<char> > const, std::__cxx11::basic_string<char, std::char_traits<char>, std::allocator<char> > > > >&, std::unordered_multimap<std::__cxx11::basic_string<char, std::char_traits<char>, std::allocator<char> >, std::__cxx11::basic_string<char, std::char_traits<char>, std::allocator<char> >, httplib::detail::case_ignore::hash, httplib::detail::case_ignore::equal_to, std::allocator<std::pair<std::__cxx11::basic_string<char, std::char_traits<char>, std::allocator<char> > const, std::__cxx11::basic_string<char, std::char_traits<char>, std::allocator<char> > > > > const&)
FN:5081,httplib::detail::parse_trailers(httplib::detail::stream_line_reader&, std::unordered_multimap<std::__cxx11::basic_string<char, std::char_traits<char>, std::allocator<char> >, std::__cxx11::basic_string<char, std::char_traits<char>, std::allocator<char> >, httplib::detail::case_ignore::hash, httplib::detail::case_ignore::equal_to, std::allocator<std::pair<std::__cxx11::basic_string<char, std::char_traits<char>, std::allocator<char> > const, std::__cxx11::basic_string<char, std::char_traits<char>, std::allocator<char> > > > >&, std::unordered_multimap<std::__cxx11::basic_string<char, std::char_traits<char>, std::allocator<char> >, std::__cxx11::basic_string<char, std::char_traits<char>, std::allocator<char> >, httplib::detail::case_ignore::hash, httplib::detail::case_ignore::equal_to, std::allocator<std::pair<std::__cxx11::basic_string<char, std::char_traits<char>, std::allocator<char> > const, std::__cxx11::basic_string<char, std::char_traits<char>, std::allocator<char> > > > > const&)::{lambda(char const*, char const*)#1}::operator()(char const*, char const*) const
FNDA:0,httplib::detail::parse_trailers(httplib::detail::stream_line_reader&, std::unordered_multimap<std::__cxx11::basic_string<char, std::char_traits<char>, std::allocator<char> >, std::__cxx11::basic_string<char, std::char_traits<char>, std::allocator<char> >, httplib::detail::case_ignore::hash, httplib::detail::case_ignore::equal_to, std::allocator<std::pair<std::__cxx11::basic_string<char, std::char_traits<char>, std::allocator<char> > const, std::__cxx11::basic_string<char, std::char_traits<char>, std::allocator<char> > > > >&, std::unordered_multimap<std::__cxx11::basic_string<char, std::char_traits<char>, std::allocator<char> >, std::__cxx11::basic_string<char, std::char_traits<char>, std::allocator<char> >, httplib::detail::case_ignore::hash, httplib::detail::case_ignore::equal_to, std::allocator<std::pair<std::__cxx11::basic_string<char, std::char_traits<char>, std::allocator<char> > const, std::__cxx11::basic_string<char, std::char_traits<char>, std::allocator<char> > > > > const&)::{lambda(char const*, char const*)#1}::operator()(char const*, char const*) const
FN:5109,httplib::detail::parse_trailers(httplib::detail::stream_line_reader&, std::unordered_multimap<std::__cxx11::basic_string<char, std::char_traits<char>, std::allocator<char> >, std::__cxx11::basic_string<char, std::char_traits<char>, std::allocator<char> >, httplib::detail::case_ignore::hash, httplib::detail::case_ignore::equal_to, std::allocator<std::pair<std::__cxx11::basic_string<char, std::char_traits<char>, std::allocator<char> > const, std::__cxx11::basic_string<char, std::char_traits<char>, std::allocator<char> > > > >&, std::unordered_multimap<std::__cxx11::basic_string<char, std::char_traits<char>, std::allocator<char> >, std::__cxx11::basic_string<char, std::char_traits<char>, std::allocator<char> >, httplib::detail::case_ignore::hash, httplib::detail::case_ignore::equal_to, std::allocator<std::pair<std::__cxx11::basic_string<char, std::char_traits<char>, std::allocator<char> > const, std::__cxx11::basic_string<char, std::char_traits<char>, std::allocator<char> > > > > const&)::{lambda(std::__cxx11::basic_string<char, std::char_traits<char>, std::allocator<char> > const&, std::__cxx11::basic_string<char, std::char_traits<char>, std::allocator<char> > const&)#1}::operator()(std::__cxx11::basic_string<char, std::char_traits<char>, std::allocator<char> > const&, std::__cxx11::basic_string<char, std::char_traits<char>, std::allocator<char> > const&) const
FNDA:0,httplib::detail::parse_trailers(httplib::detail::stream_line_reader&, std::unordered_multimap<std::__cxx11::basic_string<char, std::char_traits<char>, std::allocator<char> >, std::__cxx11::basic_string<char, std::char_traits<char>, std::allocator<char> >, httplib::detail::case_ignore::hash, httplib::detail::case_ignore::equal_to, std::allocator<std::pair<std::__cxx11::basic_string<char, std::char_traits<char>, std::allocator<char> > const, std::__cxx11::basic_string<char, std::char_traits<char>, std::allocator<char> > > > >&, std::unordered_multimap<std::__cxx11::basic_string<char, std::char_traits<char>, std::allocator<char> >, std::__cxx11::basic_string<char, std::char_traits<char>, std::allocator<char> >, httplib::detail::case_ignore::hash, httplib::detail::case_ignore::equal_to, std::allocator<std::pair<std::__cxx11::basic_string<char, std::char_traits<char>, std::allocator<char> > const, std::__cxx11::basic_string<char, std::char_traits<char>, std::allocator<char> > > > > const&)::{lambda(std::__cxx11::basic_string<char, std::char_traits<char>, std::allocator<char> > const&, std::__cxx11::basic_string<char, std::char_traits<char>, std::allocator<char> > const&)#1}::operator()(std::__cxx11::basic_string<char, std::char_traits<char>, std::allocator<char> > const&, std::__cxx11::basic_string<char, std::char_traits<char>, std::allocator<char> > const&) const
FN:5125,httplib::detail::trim(char const*, char const*, unsigned long long, unsigned long long)
FNDA:0,httplib::detail::trim(char const*, char const*, unsigned long long, unsigned long long)
FN:5136,httplib::detail::trim_copy(std::__cxx11::basic_string<char, std::char_traits<char>, std::allocator<char> > const&)
FNDA:0,httplib::detail::trim_copy(std::__cxx11::basic_string<char, std::char_traits<char>, std::allocator<char> > const&)
FN:5141,httplib::detail::trim_double_quotes_copy(std::__cxx11::basic_string<char, std::char_traits<char>, std::allocator<char> > const&)
FNDA:0,httplib::detail::trim_double_quotes_copy(std::__cxx11::basic_string<char, std::char_traits<char>, std::allocator<char> > const&)
FN:5149,httplib::detail::divide(char const*, unsigned long long, char, std::function<void (char const*, unsigned long long, char const*, unsigned long long)>)
FNDA:0,httplib::detail::divide(char const*, unsigned long long, char, std::function<void (char const*, unsigned long long, char const*, unsigned long long)>)
FN:5163,httplib::detail::divide(std::__cxx11::basic_string<char, std::char_traits<char>, std::allocator<char> > const&, char, std::function<void (char const*, unsigned long long, char const*, unsigned long long)>)
FNDA:0,httplib::detail::divide(std::__cxx11::basic_string<char, std::char_traits<char>, std::allocator<char> > const&, char, std::function<void (char const*, unsigned long long, char const*, unsigned long long)>)
FN:5169,httplib::detail::split(char const*, char const*, char, std::function<void (char const*, char const*)>)
FNDA:0,httplib::detail::split(char const*, char const*, char, std::function<void (char const*, char const*)>)
FN:5174,httplib::detail::split(char const*, char const*, char, unsigned long long, std::function<void (char const*, char const*)>)
FNDA:0,httplib::detail::split(char const*, char const*, char, unsigned long long, std::function<void (char const*, char const*)>)
FN:5196,httplib::detail::split_find(char const*, char const*, char, unsigned long long, std::function<bool (char const*, char const*)>)
FNDA:0,httplib::detail::split_find(char const*, char const*, char, unsigned long long, std::function<bool (char const*, char const*)>)
FN:5226,httplib::detail::split_find(char const*, char const*, char, std::function<bool (char const*, char const*)>)
FNDA:0,httplib::detail::split_find(char const*, char const*, char, std::function<bool (char const*, char const*)>)
FN:5232,httplib::detail::stream_line_reader::stream_line_reader(httplib::Stream&, char*, unsigned long long)
FNDA:0,httplib::detail::stream_line_reader::stream_line_reader(httplib::Stream&, char*, unsigned long long)
FN:5237,httplib::detail::stream_line_reader::ptr() const
FNDA:0,httplib::detail::stream_line_reader::ptr() const
FN:5245,httplib::detail::stream_line_reader::size() const
FNDA:0,httplib::detail::stream_line_reader::size() const
FN:5253,httplib::detail::stream_line_reader::end_with_crlf() const
FNDA:0,httplib::detail::stream_line_reader::end_with_crlf() const
FN:5258,httplib::detail::stream_line_reader::getline()
FNDA:0,httplib::detail::stream_line_reader::getline()
FN:5298,httplib::detail::stream_line_reader::append(char)
FNDA:0,httplib::detail::stream_line_reader::append(char)
FN:5311,httplib::detail::mmap::mmap(char const*)
FNDA:0,httplib::detail::mmap::mmap(char const*)
FN:5313,httplib::detail::mmap::~mmap()
FNDA:0,httplib::detail::mmap::~mmap()
FN:5315,httplib::detail::mmap::open(char const*)
FNDA:0,httplib::detail::mmap::open(char const*)
FN:5384,httplib::detail::mmap::is_open() const
FNDA:0,httplib::detail::mmap::is_open() const
FN:5388,httplib::detail::mmap::size() const
FNDA:0,httplib::detail::mmap::size() const
FN:5390,httplib::detail::mmap::data() const
FNDA:0,httplib::detail::mmap::data() const
FN:5394,httplib::detail::mmap::close()
FNDA:0,httplib::detail::mmap::close()
FN:5425,httplib::detail::close_socket(unsigned long long)
FNDA:0,httplib::detail::close_socket(unsigned long long)
FN:5433,long long httplib::detail::handle_EINTR<httplib::detail::read_socket(unsigned long long, void*, unsigned long long, int)::{lambda()#1}>(httplib::detail::read_socket(unsigned long long, void*, unsigned long long, int)::{lambda()#1})
FNDA:0,long long httplib::detail::handle_EINTR<httplib::detail::read_socket(unsigned long long, void*, unsigned long long, int)::{lambda()#1}>(httplib::detail::read_socket(unsigned long long, void*, unsigned long long, int)::{lambda()#1})
FN:5433,long long httplib::detail::handle_EINTR<httplib::detail::select_impl(unsigned long long, short, long long, long long)::{lambda()#1}>(httplib::detail::select_impl(unsigned long long, short, long long, long long)::{lambda()#1})
FNDA:0,long long httplib::detail::handle_EINTR<httplib::detail::select_impl(unsigned long long, short, long long, long long)::{lambda()#1}>(httplib::detail::select_impl(unsigned long long, short, long long, long long)::{lambda()#1})
FN:5433,long long httplib::detail::handle_EINTR<httplib::detail::send_socket(unsigned long long, void const*, unsigned long long, int)::{lambda()#1}>(httplib::detail::send_socket(unsigned long long, void const*, unsigned long long, int)::{lambda()#1})
FNDA:0,long long httplib::detail::handle_EINTR<httplib::detail::send_socket(unsigned long long, void const*, unsigned long long, int)::{lambda()#1}>(httplib::detail::send_socket(unsigned long long, void const*, unsigned long long, int)::{lambda()#1})
FN:5433,long long httplib::detail::handle_EINTR<httplib::detail::wait_until_socket_is_ready(unsigned long long, long long, long long)::{lambda()#1}>(httplib::detail::wait_until_socket_is_ready(unsigned long long, long long, long long)::{lambda()#1})
FNDA:0,long long httplib::detail::handle_EINTR<httplib::detail::wait_until_socket_is_ready(unsigned long long, long long, long long)::{lambda()#1}>(httplib::detail::wait_until_socket_is_ready(unsigned long long, long long, long long)::{lambda()#1})
FN:5446,httplib::detail::read_socket(unsigned long long, void*, unsigned long long, int)
FNDA:0,httplib::detail::read_socket(unsigned long long, void*, unsigned long long, int)
FN:5447,httplib::detail::read_socket(unsigned long long, void*, unsigned long long, int)::{lambda()#1}::operator()() const
FNDA:0,httplib::detail::read_socket(unsigned long long, void*, unsigned long long, int)::{lambda()#1}::operator()() const
FN:5458,httplib::detail::send_socket(unsigned long long, void const*, unsigned long long, int)
FNDA:0,httplib::detail::send_socket(unsigned long long, void const*, unsigned long long, int)
FN:5460,httplib::detail::send_socket(unsigned long long, void const*, unsigned long long, int)::{lambda()#1}::operator()() const
FNDA:0,httplib::detail::send_socket(unsigned long long, void const*, unsigned long long, int)::{lambda()#1}::operator()() const
FN:5471,httplib::detail::poll_wrapper(pollfd*, unsigned long, int)
FNDA:0,httplib::detail::poll_wrapper(pollfd*, unsigned long, int)
FN:5479,httplib::detail::select_impl(unsigned long long, short, long long, long long)
FNDA:0,httplib::detail::select_impl(unsigned long long, short, long long, long long)
FN:5488,httplib::detail::select_impl(unsigned long long, short, long long, long long)::{lambda()#1}::operator()() const
FNDA:0,httplib::detail::select_impl(unsigned long long, short, long long, long long)::{lambda()#1}::operator()() const
FN:5491,httplib::detail::select_read(unsigned long long, long long, long long)
FNDA:0,httplib::detail::select_read(unsigned long long, long long, long long)
FN:5495,httplib::detail::select_write(unsigned long long, long long, long long)
FNDA:0,httplib::detail::select_write(unsigned long long, long long, long long)
FN:5499,httplib::detail::wait_until_socket_is_ready(unsigned long long, long long, long long)
FNDA:0,httplib::detail::wait_until_socket_is_ready(unsigned long long, long long, long long)
FN:5509,httplib::detail::wait_until_socket_is_ready(unsigned long long, long long, long long)::{lambda()#1}::operator()() const
FNDA:0,httplib::detail::wait_until_socket_is_ready(unsigned long long, long long, long long)::{lambda()#1}::operator()() const
FN:5525,httplib::detail::is_socket_alive(unsigned long long)
FNDA:0,httplib::detail::is_socket_alive(unsigned long long)
FN:5573,httplib::detail::keep_alive(std::atomic<unsigned long long> const&, unsigned long long, long long)
FNDA:0,httplib::detail::keep_alive(std::atomic<unsigned long long> const&, unsigned long long, long long)
FN:5608,bool httplib::detail::process_server_socket_core<httplib::detail::process_server_socket<httplib::Server::process_and_close_socket(unsigned long long)::{lambda(httplib::Stream&, bool, bool&)#1}>(std::atomic<unsigned long long> const&, unsigned long long, unsigned long long, long long, long long, long long, long long, long long, httplib::Server::process_and_close_socket(unsigned long long)::{lambda(httplib::Stream&, bool, bool&)#1})::{lambda(bool, bool&)#1}>(std::atomic<unsigned long long> const&, unsigned long long, unsigned long long, long long, httplib::detail::process_server_socket<httplib::Server::process_and_close_socket(unsigned long long)::{lambda(httplib::Stream&, bool, bool&)#1}>(std::atomic<unsigned long long> const&, unsigned long long, unsigned long long, long long, long long, long long, long long, long long, httplib::Server::process_and_close_socket(unsigned long long)::{lambda(httplib::Stream&, bool, bool&)#1})::{lambda(bool, bool&)#1})
FNDA:0,bool httplib::detail::process_server_socket_core<httplib::detail::process_server_socket<httplib::Server::process_and_close_socket(unsigned long long)::{lambda(httplib::Stream&, bool, bool&)#1}>(std::atomic<unsigned long long> const&, unsigned long long, unsigned long long, long long, long long, long long, long long, long long, httplib::Server::process_and_close_socket(unsigned long long)::{lambda(httplib::Stream&, bool, bool&)#1})::{lambda(bool, bool&)#1}>(std::atomic<unsigned long long> const&, unsigned long long, unsigned long long, long long, httplib::detail::process_server_socket<httplib::Server::process_and_close_socket(unsigned long long)::{lambda(httplib::Stream&, bool, bool&)#1}>(std::atomic<unsigned long long> const&, unsigned long long, unsigned long long, long long, long long, long long, long long, long long, httplib::Server::process_and_close_socket(unsigned long long)::{lambda(httplib::Stream&, bool, bool&)#1})::{lambda(bool, bool&)#1})
FN:5626,bool httplib::detail::process_server_socket<httplib::Server::process_and_close_socket(unsigned long long)::{lambda(httplib::Stream&, bool, bool&)#1}>(std::atomic<unsigned long long> const&, unsigned long long, unsigned long long, long long, long long, long long, long long, long long, httplib::Server::process_and_close_socket(unsigned long long)::{lambda(httplib::Stream&, bool, bool&)#1})
FNDA:0,bool httplib::detail::process_server_socket<httplib::Server::process_and_close_socket(unsigned long long)::{lambda(httplib::Stream&, bool, bool&)#1}>(std::atomic<unsigned long long> const&, unsigned long long, unsigned long long, long long, long long, long long, long long, long long, httplib::Server::process_and_close_socket(unsigned long long)::{lambda(httplib::Stream&, bool, bool&)#1})
FN:5633,httplib::detail::process_server_socket<httplib::Server::process_and_close_socket(unsigned long long)::{lambda(httplib::Stream&, bool, bool&)#1}>(std::atomic<unsigned long long> const&, unsigned long long, unsigned long long, long long, long long, long long, long long, long long, httplib::Server::process_and_close_socket(unsigned long long)::{lambda(httplib::Stream&, bool, bool&)#1})::{lambda(bool, bool&)#1}::operator()(bool, bool&) const
FNDA:0,httplib::detail::process_server_socket<httplib::Server::process_and_close_socket(unsigned long long)::{lambda(httplib::Stream&, bool, bool&)#1}>(std::atomic<unsigned long long> const&, unsigned long long, unsigned long long, long long, long long, long long, long long, long long, httplib::Server::process_and_close_socket(unsigned long long)::{lambda(httplib::Stream&, bool, bool&)#1})::{lambda(bool, bool&)#1}::operator()(bool, bool&) const
FN:5640,httplib::detail::process_client_socket(unsigned long long, long long, long long, long long, long long, long long, std::chrono::time_point<std::chrono::_V2::steady_clock, std::chrono::duration<long long, std::ratio<1ll, 1000000000ll> > >, std::function<bool (httplib::Stream&)>)
FNDA:0,httplib::detail::process_client_socket(unsigned long long, long long, long long, long long, long long, long long, std::chrono::time_point<std::chrono::_V2::steady_clock, std::chrono::duration<long long, std::ratio<1ll, 1000000000ll> > >, std::function<bool (httplib::Stream&)>)
FN:5652,httplib::detail::shutdown_socket(unsigned long long)
FNDA:0,httplib::detail::shutdown_socket(unsigned long long)
FN:5670,httplib::detail::unescape_abstract_namespace_unix_domain(std::__cxx11::basic_string<char, std::char_traits<char>, std::allocator<char> > const&)
FNDA:0,httplib::detail::unescape_abstract_namespace_unix_domain(std::__cxx11::basic_string<char, std::char_traits<char>, std::allocator<char> > const&)
FN:5679,httplib::detail::getaddrinfo_with_timeout(char const*, char const*, addrinfo const*, addrinfo**, long long)
FNDA:0,httplib::detail::getaddrinfo_with_timeout(char const*, char const*, addrinfo const*, addrinfo**, long long)
FN:6018,unsigned long long httplib::detail::create_socket<httplib::Server::create_server_socket(std::__cxx11::basic_string<char, std::char_traits<char>, std::allocator<char> > const&, int, int, std::function<void (unsigned long long)>) const::{lambda(unsigned long long, addrinfo&, bool&)#1}>(std::__cxx11::basic_string<char, std::char_traits<char>, std::allocator<char> > const&, std::__cxx11::basic_string<char, std::char_traits<char>, std::allocator<char> > const&, int, int, int, bool, bool, std::function<void (unsigned long long)>, httplib::Server::create_server_socket(std::__cxx11::basic_string<char, std::char_traits<char>, std::allocator<char> > const&, int, int, std::function<void (unsigned long long)>) const::{lambda(unsigned long long, addrinfo&, bool&)#1}, long long)
FNDA:0,unsigned long long httplib::detail::create_socket<httplib::Server::create_server_socket(std::__cxx11::basic_string<char, std::char_traits<char>, std::allocator<char> > const&, int, int, std::function<void (unsigned long long)>) const::{lambda(unsigned long long, addrinfo&, bool&)#1}>(std::__cxx11::basic_string<char, std::char_traits<char>, std::allocator<char> > const&, std::__cxx11::basic_string<char, std::char_traits<char>, std::allocator<char> > const&, int, int, int, bool, bool, std::function<void (unsigned long long)>, httplib::Server::create_server_socket(std::__cxx11::basic_string<char, std::char_traits<char>, std::allocator<char> > const&, int, int, std::function<void (unsigned long long)>) const::{lambda(unsigned long long, addrinfo&, bool&)#1}, long long)
FN:6018,unsigned long long httplib::detail::create_socket<httplib::detail::create_client_socket(std::__cxx11::basic_string<char, std::char_traits<char>, std::allocator<char> > const&, std::__cxx11::basic_string<char, std::char_traits<char>, std::allocator<char> > const&, int, int, bool, bool, std::function<void (unsigned long long)>, long long, long long, long long, long long, long long, long long, std::__cxx11::basic_string<char, std::char_traits<char>, std::allocator<char> > const&, httplib::Error&)::{lambda(unsigned long long, addrinfo&, bool&)#1}>(std::__cxx11::basic_string<char, std::char_traits<char>, std::allocator<char> > const&, std::__cxx11::basic_string<char, std::char_traits<char>, std::allocator<char> > const&, int, int, int, bool, bool, std::function<void (unsigned long long)>, httplib::detail::create_client_socket(std::__cxx11::basic_string<char, std::char_traits<char>, std::allocator<char> > const&, std::__cxx11::basic_string<char, std::char_traits<char>, std::allocator<char> > const&, int, int, bool, bool, std::function<void (unsigned long long)>, long long, long long, long long, long long, long long, long long, std::__cxx11::basic_string<char, std::char_traits<char>, std::allocator<char> > const&, httplib::Error&)::{lambda(unsigned long long, addrinfo&, bool&)#1}, long long)
FNDA:0,unsigned long long httplib::detail::create_socket<httplib::detail::create_client_socket(std::__cxx11::basic_string<char, std::char_traits<char>, std::allocator<char> > const&, std::__cxx11::basic_string<char, std::char_traits<char>, std::allocator<char> > const&, int, int, bool, bool, std::function<void (unsigned long long)>, long long, long long, long long, long long, long long, long long, std::__cxx11::basic_string<char, std::char_traits<char>, std::allocator<char> > const&, httplib::Error&)::{lambda(unsigned long long, addrinfo&, bool&)#1}>(std::__cxx11::basic_string<char, std::char_traits<char>, std::allocator<char> > const&, std::__cxx11::basic_string<char, std::char_traits<char>, std::allocator<char> > const&, int, int, int, bool, bool, std::function<void (unsigned long long)>, httplib::detail::create_client_socket(std::__cxx11::basic_string<char, std::char_traits<char>, std::allocator<char> > const&, std::__cxx11::basic_string<char, std::char_traits<char>, std::allocator<char> > const&, int, int, bool, bool, std::function<void (unsigned long long)>, long long, long long, long long, long long, long long, long long, std::__cxx11::basic_string<char, std::char_traits<char>, std::allocator<char> > const&, httplib::Error&)::{lambda(unsigned long long, addrinfo&, bool&)#1}, long long)
FN:6098,httplib::detail::create_socket<httplib::Server::create_server_socket(std::__cxx11::basic_string<char, std::char_traits<char>, std::allocator<char> > const&, int, int, std::function<void (unsigned long long)>) const::{lambda(unsigned long long, addrinfo&, bool&)#1}>(std::__cxx11::basic_string<char, std::char_traits<char>, std::allocator<char> > const&, std::__cxx11::basic_string<char, std::char_traits<char>, std::allocator<char> > const&, int, int, int, bool, bool, std::function<void (unsigned long long)>, httplib::Server::create_server_socket(std::__cxx11::basic_string<char, std::char_traits<char>, std::allocator<char> > const&, int, int, std::function<void (unsigned long long)>) const::{lambda(unsigned long long, addrinfo&, bool&)#1}, long long)::{lambda()#1}::operator()() const
FNDA:0,httplib::detail::create_socket<httplib::Server::create_server_socket(std::__cxx11::basic_string<char, std::char_traits<char>, std::allocator<char> > const&, int, int, std::function<void (unsigned long long)>) const::{lambda(unsigned long long, addrinfo&, bool&)#1}>(std::__cxx11::basic_string<char, std::char_traits<char>, std::allocator<char> > const&, std::__cxx11::basic_string<char, std::char_traits<char>, std::allocator<char> > const&, int, int, int, bool, bool, std::function<void (unsigned long long)>, httplib::Server::create_server_socket(std::__cxx11::basic_string<char, std::char_traits<char>, std::allocator<char> > const&, int, int, std::function<void (unsigned long long)>) const::{lambda(unsigned long long, addrinfo&, bool&)#1}, long long)::{lambda()#1}::operator()() const
FN:6098,httplib::detail::create_socket<httplib::detail::create_client_socket(std::__cxx11::basic_string<char, std::char_traits<char>, std::allocator<char> > const&, std::__cxx11::basic_string<char, std::char_traits<char>, std::allocator<char> > const&, int, int, bool, bool, std::function<void (unsigned long long)>, long long, long long, long long, long long, long long, long long, std::__cxx11::basic_string<char, std::char_traits<char>, std::allocator<char> > const&, httplib::Error&)::{lambda(unsigned long long, addrinfo&, bool&)#1}>(std::__cxx11::basic_string<char, std::char_traits<char>, std::allocator<char> > const&, std::__cxx11::basic_string<char, std::char_traits<char>, std::allocator<char> > const&, int, int, int, bool, bool, std::function<void (unsigned long long)>, httplib::detail::create_client_socket(std::__cxx11::basic_string<char, std::char_traits<char>, std::allocator<char> > const&, std::__cxx11::basic_string<char, std::char_traits<char>, std::allocator<char> > const&, int, int, bool, bool, std::function<void (unsigned long long)>, long long, long long, long long, long long, long long, long long, std::__cxx11::basic_string<char, std::char_traits<char>, std::allocator<char> > const&, httplib::Error&)::{lambda(unsigned long long, addrinfo&, bool&)#1}, long long)::{lambda()#1}::operator()() const
FNDA:0,httplib::detail::create_socket<httplib::detail::create_client_socket(std::__cxx11::basic_string<char, std::char_traits<char>, std::allocator<char> > const&, std::__cxx11::basic_string<char, std::char_traits<char>, std::allocator<char> > const&, int, int, bool, bool, std::function<void (unsigned long long)>, long long, long long, long long, long long, long long, long long, std::__cxx11::basic_string<char, std::char_traits<char>, std::allocator<char> > const&, httplib::Error&)::{lambda(unsigned long long, addrinfo&, bool&)#1}>(std::__cxx11::basic_string<char, std::char_traits<char>, std::allocator<char> > const&, std::__cxx11::basic_string<char, std::char_traits<char>, std::allocator<char> > const&, int, int, int, bool, bool, std::function<void (unsigned long long)>, httplib::detail::create_client_socket(std::__cxx11::basic_string<char, std::char_traits<char>, std::allocator<char> > const&, std::__cxx11::basic_string<char, std::char_traits<char>, std::allocator<char> > const&, int, int, bool, bool, std::function<void (unsigned long long)>, long long, long long, long long, long long, long long, long long, std::__cxx11::basic_string<char, std::char_traits<char>, std::allocator<char> > const&, httplib::Error&)::{lambda(unsigned long long, addrinfo&, bool&)#1}, long long)::{lambda()#1}::operator()() const
FN:6162,httplib::detail::set_nonblocking(unsigned long long, bool)
FNDA:0,httplib::detail::set_nonblocking(unsigned long long, bool)
FN:6173,httplib::detail::is_connection_error()
FNDA:0,httplib::detail::is_connection_error()
FN:6250,httplib::detail::create_client_socket(std::__cxx11::basic_string<char, std::char_traits<char>, std::allocator<char> > const&, std::__cxx11::basic_string<char, std::char_traits<char>, std::allocator<char> > const&, int, int, bool, bool, std::function<void (unsigned long long)>, long long, long long, long long, long long, long long, long long, std::__cxx11::basic_string<char, std::char_traits<char>, std::allocator<char> > const&, httplib::Error&)
FNDA:0,httplib::detail::create_client_socket(std::__cxx11::basic_string<char, std::char_traits<char>, std::allocator<char> > const&, std::__cxx11::basic_string<char, std::char_traits<char>, std::allocator<char> > const&, int, int, bool, bool, std::function<void (unsigned long long)>, long long, long long, long long, long long, long long, long long, std::__cxx11::basic_string<char, std::char_traits<char>, std::allocator<char> > const&, httplib::Error&)
FN:6260,httplib::detail::create_client_socket(std::__cxx11::basic_string<char, std::char_traits<char>, std::allocator<char> > const&, std::__cxx11::basic_string<char, std::char_traits<char>, std::allocator<char> > const&, int, int, bool, bool, std::function<void (unsigned long long)>, long long, long long, long long, long long, long long, long long, std::__cxx11::basic_string<char, std::char_traits<char>, std::allocator<char> > const&, httplib::Error&)::{lambda(unsigned long long, addrinfo&, bool&)#1}::operator()(unsigned long long, addrinfo&, bool&) const
FNDA:0,httplib::detail::create_client_socket(std::__cxx11::basic_string<char, std::char_traits<char>, std::allocator<char> > const&, std::__cxx11::basic_string<char, std::char_traits<char>, std::allocator<char> > const&, int, int, bool, bool, std::function<void (unsigned long long)>, long long, long long, long long, long long, long long, long long, std::__cxx11::basic_string<char, std::char_traits<char>, std::allocator<char> > const&, httplib::Error&)::{lambda(unsigned long long, addrinfo&, bool&)#1}::operator()(unsigned long long, addrinfo&, bool&) const
FN:6310,httplib::detail::get_ip_and_port(sockaddr_storage const&, int, std::__cxx11::basic_string<char, std::char_traits<char>, std::allocator<char> >&, int&)
FNDA:0,httplib::detail::get_ip_and_port(sockaddr_storage const&, int, std::__cxx11::basic_string<char, std::char_traits<char>, std::allocator<char> >&, int&)
FN:6332,httplib::detail::get_local_ip_and_port(unsigned long long, std::__cxx11::basic_string<char, std::char_traits<char>, std::allocator<char> >&, int&)
FNDA:0,httplib::detail::get_local_ip_and_port(unsigned long long, std::__cxx11::basic_string<char, std::char_traits<char>, std::allocator<char> >&, int&)
FN:6341,httplib::detail::get_remote_ip_and_port(unsigned long long, std::__cxx11::basic_string<char, std::char_traits<char>, std::allocator<char> >&, int&)
FNDA:0,httplib::detail::get_remote_ip_and_port(unsigned long long, std::__cxx11::basic_string<char, std::char_traits<char>, std::allocator<char> >&, int&)
FN:6369,httplib::detail::str2tag_core(char const*, unsigned long long, unsigned int)
FNDA:0,httplib::detail::str2tag_core(char const*, unsigned long long, unsigned int)
FN:6381,httplib::detail::str2tag(std::__cxx11::basic_string<char, std::char_traits<char>, std::allocator<char> > const&)
FNDA:0,httplib::detail::str2tag(std::__cxx11::basic_string<char, std::char_traits<char>, std::allocator<char> > const&)
FN:6394,httplib::detail::find_content_type(std::__cxx11::basic_string<char, std::char_traits<char>, std::allocator<char> > const&, std::map<std::__cxx11::basic_string<char, std::char_traits<char>, std::allocator<char> >, std::__cxx11::basic_string<char, std::char_traits<char>, std::allocator<char> >, std::less<std::__cxx11::basic_string<char, std::char_traits<char>, std::allocator<char> > >, std::allocator<std::pair<std::__cxx11::basic_string<char, std::char_traits<char>, std::allocator<char> > const, std::__cxx11::basic_string<char, std::char_traits<char>, std::allocator<char> > > > > const&, std::__cxx11::basic_string<char, std::char_traits<char>, std::allocator<char> > const&)
FNDA:0,httplib::detail::find_content_type(std::__cxx11::basic_string<char, std::char_traits<char>, std::allocator<char> > const&, std::map<std::__cxx11::basic_string<char, std::char_traits<char>, std::allocator<char> >, std::__cxx11::basic_string<char, std::char_traits<char>, std::allocator<char> >, std::less<std::__cxx11::basic_string<char, std::char_traits<char>, std::allocator<char> > >, std::allocator<std::pair<std::__cxx11::basic_string<char, std::char_traits<char>, std::allocator<char> > const, std::__cxx11::basic_string<char, std::char_traits<char>, std::allocator<char> > > > > const&, std::__cxx11::basic_string<char, std::char_traits<char>, std::allocator<char> > const&)
[...]
BRDA:251,e20,7,-
BRDA:252,31,0,-
BRDA:252,e31,1,-
BRDA:252,32,2,-
BRDA:252,e32,3,-
BRDA:256,15,0,-
BRDA:256,e15,1,-
BRDA:256,16,2,-
BRDA:256,e16,3,-
BRDA:259,3,0,-
BRDA:259,e3,1,-
BRDA:260,6,0,-
BRDA:260,e6,1,-
BRDA:260,7,2,-
BRDA:260,e7,3,-
BRDA:260,8,4,-
BRDA:260,e8,5,-
BRDA:262,12,0,-
BRDA:262,12,1,-
BRDA:266,15,0,-
BRDA:266,15,1,-
BRDA:267,16,0,-
BRDA:267,e16,1,-
BRDA:268,19,0,-
BRDA:268,e19,1,-
BRDA:268,21,2,-
BRDA:268,e21,3,-
BRDA:272,40,0,-
BRDA:272,40,1,-
BRDA:273,30,0,-
BRDA:273,e30,1,-
BRDA:276,42,0,-
BRDA:276,e42,1,-
BRDA:276,43,2,-
BRDA:276,e43,3,-
BRDA:276,44,4,-
BRDA:276,e44,5,-
BRDA:276,45,6,-
BRDA:276,e45,7,-
BRDA:278,50,0,-
BRDA:278,e50,1,-
BRDA:278,51,2,-
BRDA:278,e51,3,-
BRDA:281,56,0,-
BRDA:281,56,1,-
BRDA:282,57,0,-
BRDA:282,e57,1,-
BRDA:283,60,0,-
BRDA:283,e60,1,-
BRDA:284,65,0,-
BRDA:284,e65,1,-
BRDA:284,66,2,-
BRDA:284,e66,3,-
BRDA:285,71,0,-
BRDA:285,e71,1,-
BRDA:285,72,2,-
BRDA:285,e72,3,-
BRDA:288,78,0,-
BRDA:288,e78,1,-
BRDA:288,81,2,-
BRDA:288,e81,3,-
BRDA:288,82,4,-
BRDA:288,e82,5,-
BRDA:289,89,0,-
BRDA:289,e89,1,-
BRDA:289,90,2,-
BRDA:289,e90,3,-
BRDA:290,172,0,-
BRDA:290,172,1,-
BRDA:291,178,0,-
BRDA:291,e178,1,-
BRDA:291,179,2,-
BRDA:291,e179,3,-
BRDA:291,180,4,-
BRDA:291,e180,5,-
BRDA:292,189,0,-
BRDA:292,e189,1,-
BRDA:292,192,2,-
BRDA:292,e192,3,-
BRDA:292,195,4,-
BRDA:292,e195,5,-
BRDA:292,196,6,-
BRDA:292,e196,7,-
BRDA:293,208,0,-
BRDA:293,e208,1,-
BRDA:293,209,2,-
BRDA:293,e209,3,-
BRDA:298,23,0,-
BRDA:298,e23,1,-
BRDA:298,24,2,-
BRDA:298,e24,3,-
BRDA:301,5,0,-
BRDA:301,e5,1,-
BRDA:301,6,2,-
BRDA:301,e6,3,-
BRDA:301,9,4,-
BRDA:301,9,5,-
BRDA:302,12,0,-
BRDA:302,e12,1,-
BRDA:302,13,2,-
BRDA:302,e13,3,-
BRDA:303,17,0,-
BRDA:303,17,1,-
BRDA:304,18,0,-
BRDA:304,e18,1,-
BRDA:308,58,0,-
BRDA:308,e58,1,-
BRDA:308,59,2,-
BRDA:308,e59,3,-
BRDA:308,60,4,-
BRDA:308,60,5,-
BRDA:309,22,0,-
BRDA:309,22,1,-
BRDA:309,24,2,-
BRDA:309,24,3,-
BRDA:309,27,4,-
BRDA:309,27,5,-
BRDA:310,29,0,-
BRDA:310,29,1,-
BRDA:312,30,0,-
BRDA:312,e30,1,-
BRDA:312,31,2,-
BRDA:312,e31,3,-
BRDA:315,35,0,-
BRDA:315,35,1,-
BRDA:316,37,0,-
BRDA:316,37,1,-
BRDA:317,39,0,-
BRDA:317,e39,1,-
BRDA:318,41,0,-
BRDA:318,41,1,-
BRDA:318,44,2,-
BRDA:318,44,3,-
BRDA:318,47,4,-
BRDA:318,47,5,-
BRDA:319,49,0,-
BRDA:319,e49,1,-
BRDA:319,51,2,-
BRDA:319,e51,3,-
BRDA:322,61,0,-
BRDA:322,61,1,-
BRDA:323,64,0,-
BRDA:323,e64,1,-
BRDA:323,65,2,-
BRDA:323,e65,3,-
BRDA:324,72,0,-
BRDA:324,e72,1,-
BRDA:324,75,2,-
BRDA:324,e75,3,-
BRDA:324,78,4,-
BRDA:324,e78,5,-
BRDA:324,79,6,-
BRDA:324,e79,7,-
BRDA:325,90,0,-
BRDA:325,e90,1,-
BRDA:325,91,2,-
BRDA:325,e91,3,-
BRDA:328,98,0,-
BRDA:328,e98,1,-
BRDA:328,99,2,-
BRDA:328,e99,3,-
BRDA:329,104,0,-
BRDA:329,104,1,-
BRDA:329,108,2,-
BRDA:329,108,3,-
BRDA:330,114,0,-
BRDA:330,114,1,-
BRDA:331,119,0,-
BRDA:331,e119,1,-
BRDA:331,120,2,-
BRDA:331,e120,3,-
BRDA:332,126,0,-
BRDA:332,e126,1,-
BRDA:332,129,2,-
BRDA:332,e129,3,-
BRDA:332,130,4,-
BRDA:332,e130,5,-
BRDA:333,139,0,-
BRDA:333,e139,1,-
BRDA:333,140,2,-
BRDA:333,e140,3,-
BRDA:334,256,0,-
BRDA:334,256,1,-
BRDA:335,262,0,-
BRDA:335,e262,1,-
BRDA:335,263,2,-
BRDA:335,e263,3,-
BRDA:335,264,4,-
BRDA:335,e264,5,-
BRDA:336,273,0,-
BRDA:336,e273,1,-
BRDA:336,276,2,-
BRDA:336,e276,3,-
BRDA:336,279,4,-
BRDA:336,e279,5,-
BRDA:336,280,6,-
BRDA:336,e280,7,-
BRDA:337,292,0,-
BRDA:337,e292,1,-
BRDA:337,293,2,-
BRDA:337,e293,3,-
BRDA:342,31,0,-
BRDA:342,e31,1,-
BRDA:342,32,2,-
BRDA:342,e32,3,-
BRDA:345,3,0,-
BRDA:345,e3,1,-
BRDA:346,6,0,-
BRDA:346,e6,1,-
BRDA:346,7,2,-
BRDA:346,e7,3,-
BRDA:346,8,4,-
BRDA:346,e8,5,-
BRDA:347,13,0,-
BRDA:347,e13,1,-
BRDA:347,14,2,-
BRDA:347,e14,3,-
BRDA:347,15,4,-
BRDA:347,e15,5,-
BRDA:349,19,0,-
BRDA:349,19,1,-
BRDA:350,20,0,-
BRDA:350,e20,1,-
BRDA:351,22,0,-
BRDA:351,22,1,-
BRDA:352,23,0,-
BRDA:352,e23,1,-
BRDA:353,24,0,-
BRDA:353,e24,1,-
BRDA:354,25,0,-
BRDA:354,e25,1,-
BRDA:355,27,0,-
BRDA:355,e27,1,-
BRDA:355,28,2,-
BRDA:355,e28,3,-
BRDA:355,29,4,-
BRDA:355,e29,5,-
BRDA:355,30,6,-
BRDA:355,e30,7,-
BRDA:356,36,0,-
BRDA:356,e36,1,-
BRDA:356,39,2,-
BRDA:356,e39,3,-
BRDA:356,42,4,-
BRDA:356,e42,5,-
BRDA:356,43,6,-
BRDA:356,e43,7,-
BRDA:357,52,0,-
BRDA:357,e52,1,-
BRDA:357,53,2,-
BRDA:357,e53,3,-
BRDA:359,62,0,-
BRDA:359,e62,1,-
BRDA:359,63,2,-
BRDA:359,e63,3,-
BRDA:360,71,0,-
BRDA:360,e71,1,-
BRDA:360,74,2,-
BRDA:360,e74,3,-
BRDA:360,77,4,-
BRDA:360,e77,5,-
BRDA:360,78,6,-
BRDA:360,e78,7,-
BRDA:361,90,0,-
BRDA:361,e90,1,-
BRDA:361,91,2,-
BRDA:361,e91,3,-
BRDA:364,100,0,-
BRDA:364,e100,1,-
BRDA:364,101,2,-
BRDA:364,e101,3,-
BRDA:365,109,0,-
BRDA:365,e109,1,-
BRDA:365,112,2,-
BRDA:365,e112,3,-
BRDA:365,115,4,-
BRDA:365,e115,5,-
BRDA:365,116,6,-
BRDA:365,e116,7,-
BRDA:366,128,0,-
BRDA:366,e128,1,-
BRDA:366,129,2,-
BRDA:366,e129,3,-
BRDA:368,285,0,-
BRDA:368,285,1,-
BRDA:369,291,0,-
BRDA:369,e291,1,-
BRDA:369,292,2,-
BRDA:369,e292,3,-
BRDA:369,293,4,-
BRDA:369,e293,5,-
BRDA:370,302,0,-
BRDA:370,e302,1,-
BRDA:370,305,2,-
BRDA:370,e305,3,-
BRDA:370,308,4,-
BRDA:370,e308,5,-
BRDA:370,309,6,-
BRDA:370,e309,7,-
BRDA:371,321,0,-
BRDA:371,e321,1,-
BRDA:371,322,2,-
BRDA:371,e322,3,-
BRDA:376,39,0,-
BRDA:376,e39,1,-
BRDA:376,40,2,-
BRDA:376,e40,3,-
BRDA:377,3,0,-
BRDA:377,3,1,-
BRDA:378,6,0,-
BRDA:378,e6,1,-
BRDA:378,7,2,-
BRDA:378,e7,3,-
BRDA:379,15,0,-
BRDA:379,e15,1,-
BRDA:379,18,2,-
BRDA:379,e18,3,-
BRDA:379,21,4,-
BRDA:379,e21,5,-
BRDA:379,22,6,-
BRDA:379,e22,7,-
BRDA:380,34,0,-
BRDA:380,e34,1,-
BRDA:380,35,2,-
BRDA:380,e35,3,-
BRDA:383,40,0,-
BRDA:383,e40,1,-
BRDA:385,41,0,-
BRDA:385,e41,1,-
BRDA:386,42,0,-
BRDA:386,e42,1,-
BRDA:387,59,0,-
BRDA:387,59,1,-
BRDA:388,48,0,-
BRDA:388,e48,1,-
BRDA:388,49,2,-
BRDA:388,e49,3,-
BRDA:390,62,0,-
BRDA:390,e62,1,-
BRDA:390,65,2,-
BRDA:390,e65,3,-
BRDA:390,66,4,-
BRDA:390,e66,5,-
BRDA:391,73,0,-
BRDA:391,e73,1,-
BRDA:391,74,2,-
BRDA:391,e74,3,-
BRDA:391,75,4,-
BRDA:391,e75,5,-
BRDA:394,46,0,-
BRDA:394,e46,1,-
BRDA:394,47,2,-
BRDA:394,e47,3,-
BRDA:395,52,0,-
BRDA:395,e52,1,-
BRDA:395,53,2,-
BRDA:395,e53,3,-
BRF:679
BRH:0
DA:22,0,52b64cbffc80469c168f8ded746ecc64
DA:23,0,2ebde8ef3ff3c6d71ac556f04ad29fd0
DA:24,0,ca8e27cb968a1fa89f5414fe1f16a738
DA:25,0,392233aaca3fd06f9cbfaefaae9cd2c6
DA:27,0,173c9f264fe1c3cb294b0b9f6a5a18f5
DA:28,0,06709fd516a80c61a8383c1c5e133bd9
DA:29,0,79da37bb52da4a84ba30965938eb894f
DA:30,0,7503213b995f6a7266c40ad741d9f5e9
DA:32,0,b4104339c7cf00068958cfee10d4573d
DA:34,0,14e297f268c9cecb82498d53e5f0a5bd
DA:35,0,3c5b97d5405d3c08543e108a6aaeceb1
DA:37,0,d695bbc45e9d8412c35416601922b251
DA:40,0,efd009d68645f0474f817793a80df5de
DA:41,0,cbb184dd8e05c9709e5dcaedaa0495cf
DA:44,0,c8f807c8db4f3dd31d4d574f1bd9f790
DA:45,0,e361b01c52816ac1f7e954ed5ebc6215
DA:46,0,99a6c58d5c0cde30c8b8abb477fe4dd6
DA:47,0,ee31ecfb6e41bc8d6aae30bed185bfd9
DA:48,0,38f267f38b50ca0b268c8b78207d9ea0
DA:49,0,d820d189ec92525b2ef7cef18529f830
DA:50,0,0b8dc47ed5296ed10cbd346d2c3fb460
DA:51,0,23511fa7f009fbcd3282cbdd156962ec
DA:54,0,8388a2fe65fdd0009f6ff4ed84677707
DA:55,0,cbb184dd8e05c9709e5dcaedaa0495cf
DA:57,0,320e576243fc2e39cd4ce5fe0492e4db
DA:58,0,ab38feed93901c4de16a0bacecf7528b
DA:59,0,aa0659055105c1683d6eec7c61ca1cd5
DA:60,0,5c2fba642ebbb109aa061edbcc831994
DA:61,0,87d44cf7bcc427c1ad968280bdacf75b
DA:62,0,ef7e80dd44263d2f938c0d90e868804f
DA:63,0,cbb184dd8e05c9709e5dcaedaa0495cf
DA:66,0,6d92ad7f8d8c5045f778cdf64c69f8df
DA:67,0,52363f7674f2ae81b49fb185451ed9b9
DA:68,0,37cce8dbcd2b64bba3d17404c18e8fe8
DA:69,0,3bad31865907ba50c60388070d376d45
DA:70,0,4ec75a8d5e1d9d67cb2aee5944efb20a
DA:71,0,0dfb9654ddf3e65a95472dcd5a07e630
DA:72,0,321b3f3684536ab66781dc67391f0ff6
DA:73,0,eef0e6dff53d89f4880d1d8ef09256b2
DA:74,0,190f647c460f99dc103f15de44dac05a
DA:77,0,943096cdb673c7120739d248744481fa
DA:78,0,cbb184dd8e05c9709e5dcaedaa0495cf
DA:81,0,5b06acb860941d5069ff3acb57d3079b
DA:87,0,cc3b9d91b207cdf93a9725cb5b157526
DA:118,0,6dc3e1f4de29e1ea2637f0e2a5bc6d5f
DA:120,0,3e0fda48a4f6cc504f84f6ed7c93e467
DA:121,0,0377a2d9daac9d3b6de22594aa181ec3
DA:133,0,331adec2e9e21f2cb4c8edaf75c219b6
DA:146,0,68d455aff0b4a1e7b23780de7d2ed83c
DA:151,0,71f23ca32d59a64f99bc41d683499244
DA:168,0,24444c82b56b1fdfcbc6c7a575fa0c7d
DA:169,0,043e6dfdd24819be23b2f90748990ab7
DA:170,0,89734795940db5412a7ad2e5b84da483
DA:175,0,8de630510a0c60c2b97b817312156e6f
DA:179,0,50df62553d2c22ec70e735b655e0cce6
DA:180,0,44148e3bd802dbf53b2c849a190ff9b6
DA:184,0,76cc68fd61e77452ac04b315d88e4bcd
DA:185,0,e1bbcec2282669421953a9fff546a334
DA:186,0,d07191a5be049050ec1b0feb786ce06e
DA:187,0,fcbc30568c54f1095b261321c77ee140
DA:188,0,cb7e741c49a215b9059cda15ab69756b
DA:189,0,4da78973c99063aee4a953a68abc05c8
DA:190,0,a5275c10a10d17352a5c95badfe81036
DA:192,0,61904683720114317851e4136eb0e901
DA:194,0,637a091a397315f0b7491a78eadfc8ff
DA:195,0,166bcc35e5bfbcc451b0f63d6654f6bf
DA:196,0,84aec0656e49d43fe5246a9a8d46a79f
DA:197,0,4da78973c99063aee4a953a68abc05c8
DA:198,0,a5275c10a10d17352a5c95badfe81036
DA:200,0,61904683720114317851e4136eb0e901
DA:202,0,69833a8f5f834119632350d8af2a455c
DA:205,0,f22151759def68498b06e321fdb3a2f9
DA:206,0,1bf5237794cf65822791679d1599067b
DA:209,0,06cb2148d4dd91cb61bead5f5699c927
DA:210,0,02767cf67c1445127800d9f07928d278
DA:211,0,cbb184dd8e05c9709e5dcaedaa0495cf
DA:214,0,a93a74e2af7b08f489bbb29e1b7ec901
DA:215,0,74a990d5d2f6ebe7eb80ab94dc5f2a03
DA:216,0,c902908e25d6898eea2c2a2a7e796829
DA:217,0,653050f1cdcb285bc24d6181d82bf4a1
DA:218,0,29c9ccdf560c07de249c161166b49867
DA:219,0,74aa166adab67f98520499694b93edef
DA:220,0,7e2d6c9c6c13ca852910df2f368f8574
DA:221,0,0ac12975cad80b89e03463ed2a4400fc
DA:222,0,2f12b15861be2b1a66f9dbc91c7b4f50
DA:223,0,09cb69b7d8670bd2a2072edc34c288b5
DA:224,0,e69e945c5109ebfe00e29edb55d32027
DA:226,0,95a32b48b38a8f1de39fff5db334b479
DA:229,0,5c27b85b22bacd4a826c0fb3038e2ac1
DA:230,0,5c3a69ae8deb426573198218771dbffa
DA:231,0,cbb184dd8e05c9709e5dcaedaa0495cf
DA:233,0,8bf680de3b5ea94f589b1bd82bee2901
DA:234,0,1d6dc485d2ea72348626f6cf18be635b
DA:235,0,420c3a8ae5009755ec4539060fd1d6e1
DA:236,0,0b64352c41ab7ea32e6c2739fcb0e35f
DA:239,0,c3f39ba190a9d09aa1a5bd127104431a
DA:242,0,d9d7d650613a8ac26f6dfe250d77e8ea
DA:243,0,7a3b4a8f03ecaf7163be0a237b28e49b
DA:245,0,b25101d19d576da8eb1faae9011f0e89
DA:248,0,b934747eb5ea0a0018f166ffaac417a0
DA:249,0,4d88b17ff9e9bf7b2730a68110873b95
DA:250,0,7b02c19818365f013390fe75728b9baf
DA:251,0,ae760ba0dc0778701d02b78e37fb1612
DA:252,0,885f63deb4067876b5b7ebd7b8b0ca63
DA:253,0,f74218384aae33674c8bfb1afa055b21
DA:256,0,1deed65454016c16d1fe8cb53ec1462a
DA:258,0,5d0f99cfdec87b007f97416a2f553839
DA:259,0,7a5c0281f77036a7d7af2fc0921fde8a
DA:260,0,14933efb96d0b9c7a74764be79d318a7
DA:262,0,b527f3f49eb978f657eebacb096f54ea
DA:264,0,5f74a2cc3184ecd2aba71a69083980c8
DA:265,0,8aedb320aa2013d862061ec6f088910e
DA:266,0,2a2315b9dd8ed0d5dcb305cbe4e4845d
DA:267,0,498e4854ad6f8e240ae5d5132b303d6c
DA:268,0,c5803d1d766fba5a86d4df21df18eba2
DA:272,0,d347a9477ca9828e3671f8e52d8a6bb9
DA:273,0,28d0773055bb1090dda09a1107f007ef
DA:276,0,195ce94c3a55169c5ce7bd1c39553eff
DA:278,0,ede7b95789d89b9a69db556ed39b5a07
DA:279,0,7fe5a8b38d413962eba7389d4340bd51
DA:281,0,438d61653227b661f32782127c360ac1
DA:282,0,41d9c7d5b0c4771e4f02757fffdb3628
DA:283,0,9531df8c3b45b2d69f313199e3eca40a
DA:284,0,e7b09e064c55c7c36a3dc12d74092245
DA:285,0,f774ee1eb9daa14368d98706bc9364d7
DA:288,0,b95b194a7c989e542a8052f2fff0bb65
DA:289,0,507a4353073bfa4b3f057c84c0d27544
DA:290,0,9169acba51a14bc300d21ddbf14f430d
DA:291,0,66e1e72f12634a02eac48bc40ecbc722
DA:292,0,1471c8d3491e81e8f3d4ddde25a7422b
DA:293,0,507a4353073bfa4b3f057c84c0d27544
DA:294,0,4e1ddba1c31545ee09fb38ae1fd79346
DA:295,0,f74218384aae33674c8bfb1afa055b21
DA:298,0,3dd7cbe5ed7cb9ba80cc44b11ea8beef
DA:300,0,5d0f99cfdec87b007f97416a2f553839
DA:301,0,ed2d78fb212326bddd75b050bf7a5084
DA:302,0,53d352a9bb1996c7058a0f849a05111f
DA:303,0,e45b280063ca99bd4ff4be7b91b55414
DA:304,0,7bea5156464da987a8abef3b458b1bb8
DA:305,0,989aa7decfc0851596e4f2265914e96b
DA:306,0,8f30171cbb3d549c9a304e185a3c5069
DA:307,0,d8abe506d0be984308ee50be25db9dfc
DA:308,0,cfce8b628ee982409733695b6429b97d
DA:309,0,e6deb9721497fced6976b0e16d9aec24
DA:310,0,f51ad0481129f0722bc09ea33ae18a45
DA:311,0,5c7d018ff995bb9582dc4ef54c3ba2a4
DA:312,0,ea14670865db17839755ee61ec660b7b
DA:313,0,a4dbfe947809c983445ddb0757bf68f7
DA:315,0,58c5ddcc78e9e9568e76a8f91959cabc
DA:316,0,3faebc1b325feff47e8ca254ef57b765
DA:317,0,d04b9db3b3577cdbbb2a3237a62474ed
DA:318,0,515e6f9780a6522d1804ea67edd10c62
DA:319,0,8c1525de3e8fb46eb0c7662bd0be0f01
DA:321,0,393ee1d23bff7766c85a5a64e610dc4e
DA:322,0,4823e4f1e24df793856b26227c6bb192
DA:323,0,df9aafccc493ce95d2b9af05dae4ee5e
DA:324,0,f98ecbe9fd430b5b5a09517a75996af7
DA:325,0,8f82d1e30c50066f6f935aa9fa140885
DA:326,0,91807bda6a054304da13a2d42793eb0f
DA:327,0,393ee1d23bff7766c85a5a64e610dc4e
DA:328,0,c88fc2e21614877b7dd43322f424d22b
DA:329,0,81789648c34c70b46164eb7a6f015c95
DA:330,0,7ddd5a90fd0f28f15e9b9a264dc394f8
DA:331,0,ede7b95789d89b9a69db556ed39b5a07
DA:332,0,76b1eab3b7b9951fe287428961921876
DA:333,0,507a4353073bfa4b3f057c84c0d27544
DA:334,0,9169acba51a14bc300d21ddbf14f430d
DA:335,0,fac68666c138b4cb4b407ff4676b5c1c
DA:336,0,5f4853cbac7b2bb86d6fe8a5ce743b1d
DA:337,0,507a4353073bfa4b3f057c84c0d27544
DA:338,0,4e1ddba1c31545ee09fb38ae1fd79346
DA:342,0,9090a0ffc42656cb280785c180f2ee1b
DA:344,0,5d0f99cfdec87b007f97416a2f553839
DA:345,0,7a5c0281f77036a7d7af2fc0921fde8a
DA:346,0,a27f38a549f0dd47eab3f8a37854505a
DA:347,0,db6460ec4500fc53f8559ee21c8f8192
DA:349,0,438d61653227b661f32782127c360ac1
DA:350,0,dbeead9dc7b2645e2a34065b74174586
DA:351,0,7cba068e3e5b2f51c8cbeabf5626302b
DA:352,0,ed8a09d00f90498a00e1262ac90def96
DA:353,0,9504c45fb24086d856aab2d11180fc8f
DA:354,0,cc61373cd93ad1d073c5a0ad967f0e2b
DA:355,0,c9e0b952f6451e3c016dde1a1b7e7887
DA:356,0,268a1a7675e0b0054b0e8552453e6f43
DA:357,0,7945f7d024690f78303bad9fc225c4c0
DA:358,0,f9c221b7d01f4b0b066b510567e8c32c
DA:359,0,3e1595a36cdff0db5cc2e26caa96c5b3
DA:360,0,3e41d1d81e488f049748e95f26927041
DA:361,0,7945f7d024690f78303bad9fc225c4c0
DA:362,0,81789648c34c70b46164eb7a6f015c95
DA:363,0,fa9a6cd29d1928cf154c9c20ff9750c3
DA:364,0,023e53407143171f2d5124b379b077fd
DA:365,0,b98a5cbe5e22bf1b180eda27c1849cfa
DA:366,0,9dda20aad17ab1d18db9dafa69add276
DA:367,0,7ddd5a90fd0f28f15e9b9a264dc394f8
DA:368,0,9169acba51a14bc300d21ddbf14f430d
DA:369,0,66e1e72f12634a02eac48bc40ecbc722
DA:370,0,1471c8d3491e81e8f3d4ddde25a7422b
DA:371,0,507a4353073bfa4b3f057c84c0d27544
DA:372,0,4e1ddba1c31545ee09fb38ae1fd79346
DA:373,0,f74218384aae33674c8bfb1afa055b21
DA:376,0,d67093723eece2aed91b25c8b3871e29
DA:377,0,cd99d8fa64b58a6d3ac6833786326209
DA:378,0,9bd080a4dfcb258c0147f7414338c177
DA:379,0,c0c07cfd909b97e64145b2f5720949e8
DA:380,0,507a4353073bfa4b3f057c84c0d27544
DA:381,0,438c3f275f6e23ed5f5ee2c21630154c
DA:382,0,4e1ddba1c31545ee09fb38ae1fd79346
DA:383,0,6836826ab84bde826a1d1733d93f1f39
DA:385,0,e2a5d25c7f1874b2d47a81289fe9b804
DA:386,0,dac73051d4fa022727e3e6faf1b1b203
DA:387,0,fd3a1d3e585763cd4021f436996a1a3d
DA:388,0,4dd54879b5124601e3f0aa7dea59e53e
DA:390,0,a38437abe2bca26178956d52a3a65604
DA:391,0,9b8107868066467bb7473e306ee1a16b
DA:392,0,f74218384aae33674c8bfb1afa055b21
DA:394,0,c97e9e7215025f3d0fe31fb417f98414
DA:395,0,7496fa40a68a3d41f076d0ea58a27a71
DA:397,0,02abc18c3b46fbd7cfee6bbcd0986b79
DA:398,0,cbb184dd8e05c9709e5dcaedaa0495cf
LH:0
LF:220
end_of_record
SF:C:/DEV/FeedbackAnalyzer_12/src/cpp/Session.h
VER:d0947a4bfa38ad0a1d3bd4201cfab411
FN:14,Session::initSessionStateUgly()
FNDA:0,Session::initSessionStateUgly()
FN:18,Session::getOldDataFromSession(std::__cxx11::basic_string<char, std::char_traits<char>, std::allocator<char> > const&)
FNDA:0,Session::getOldDataFromSession(std::__cxx11::basic_string<char, std::char_traits<char>, std::allocator<char> > const&)
FN:26,Session::getCurrentFeedbacks()
FNDA:0,Session::getCurrentFeedbacks()
FNF:3
FNH:0
BRF:0
BRH:0
DA:14,0,03611801daba3f46d5f27b4ac4e06016
DA:16,0,ea5a1cbe764918679997181a3ea281d3
DA:18,0,455867e4da4b6c7cf10bfd1ff117a4c8
DA:19,0,4ea45b327264faba97cd2bb8cf0bcd37
DA:26,0,22fb1f4ca61246c493f3ea2e11ca3e79
DA:27,0,4ea45b327264faba97cd2bb8cf0bcd37
LH:0
LF:6
end_of_record
SF:C:/DEV/FeedbackAnalyzer_12/src/cpp/TextAnalyzer.h
VER:0781631b2fce11fc97f7af2ef996d6d5
FN:13,TextAnalyzer::containsAny(std::__cxx11::basic_string<char, std::char_traits<char>, std::allocator<char> > const&, std::vector<std::__cxx11::basic_string<char, std::char_traits<char>, std::allocator<char> >, std::allocator<std::__cxx11::basic_string<char, std::char_traits<char>, std::allocator<char> > > > const&)
FNDA:12,TextAnalyzer::containsAny(std::__cxx11::basic_string<char, std::char_traits<char>, std::allocator<char> > const&, std::vector<std::__cxx11::basic_string<char, std::char_traits<char>, std::allocator<char> >, std::allocator<std::__cxx11::basic_string<char, std::char_traits<char>, std::allocator<char> > > > const&)
FN:21,TextAnalyzer::sent[abi:cxx11](std::vector<Feedback, std::allocator<Feedback> > const&)
FNDA:5,TextAnalyzer::sent[abi:cxx11](std::vector<Feedback, std::allocator<Feedback> > const&)
FN:42,TextAnalyzer::kw[abi:cxx11](std::vector<Feedback, std::allocator<Feedback> > const&)
FNDA:1,TextAnalyzer::kw[abi:cxx11](std::vector<Feedback, std::allocator<Feedback> > const&)
FNF:3
FNH:3
BRDA:14,18,0,225
BRDA:14,18,1,9
BRDA:15,7,0,3
BRDA:15,7,1,222
BRDA:23,5,0,5
BRDA:23,e5,1,-
BRDA:23,6,2,5
BRDA:23,e6,3,-
BRDA:24,11,0,5
BRDA:24,e11,1,-
BRDA:24,12,2,5
BRDA:24,e12,3,-
BRDA:25,17,0,5
BRDA:25,e17,1,-
BRDA:25,18,2,5
BRDA:25,e18,3,-
BRDA:27,61,0,4
BRDA:27,61,1,5
BRDA:28,26,0,4
BRDA:28,e26,1,-
BRDA:29,29,0,4
BRDA:29,e29,1,-
BRDA:30,33,0,4
BRDA:30,e33,1,-
BRDA:30,34,2,4
BRDA:30,e34,3,-
BRDA:30,38,4,1
BRDA:30,38,5,3
BRDA:31,39,0,1
BRDA:31,e39,1,-
BRDA:32,42,0,3
BRDA:32,e42,1,-
BRDA:32,43,2,3
BRDA:32,e43,3,-
BRDA:32,47,4,1
BRDA:32,47,5,2
BRDA:33,48,0,1
BRDA:33,e48,1,-
BRDA:35,49,0,4
BRDA:35,e49,1,-
BRDA:38,62,0,5
BRDA:38,e62,1,-
BRDA:44,9,0,5
BRDA:44,9,1,1
BRDA:45,6,0,5
BRDA:45,e6,1,-
BRDA:48,49,0,1
BRDA:48,49,1,1
BRDA:49,15,0,1
BRDA:49,e15,1,-
BRDA:50,38,0,5
BRDA:50,38,1,1
BRDA:52,21,0,5
BRDA:52,e21,1,-
BRDA:52,22,2,5
BRDA:52,e22,3,-
BRDA:52,25,4,5
BRDA:52,25,5,-
BRDA:53,28,0,5
BRDA:53,e28,1,-
BRDA:53,29,2,5
BRDA:53,e29,3,-
BRDA:54,33,0,1
BRDA:54,33,1,4
BRDA:55,34,0,1
BRDA:55,e34,1,-
BRDA:61,50,0,1
BRDA:61,e50,1,-
BRF:68
BRH:43
DA:13,12,3cbadf6a978cd5543abd1af9a3561526
DA:14,246,8a3b7aff1854002a57f89586018bb7c4
DA:15,225,f539969c35e3386c54f1ca7658e1e714
DA:17,9,7e3ebea9ba4cdb8b7aecc7882599e8d6
DA:21,5,7efa7529dc94c537903e0214cc1c9ec5
DA:22,5,9d3d32abfc3e0a592fa3db03bdf48d5f
DA:23,10,21c29b54a089b860fbcb30dae34abeb5
DA:24,10,519b6a0f0b4f1db9787aa19390833c83
DA:25,5,103b769a48819a34cf76cb07ebbc1227
DA:27,14,c48d3b567f3a32458b6663b3e09f759b
DA:28,4,9c7179b559efbd58f8a208204eed17b4
DA:29,8,7249efaf8a600590f86146716e5b2709
DA:30,8,a5dde8e609ac5669deb96315010496de
DA:31,1,3521a08309a90bcbc6ef50a8c5afa6cf
DA:32,6,6875f688d2a38434d456a544d3dc7401
DA:33,1,c2ca18cebf0eb3e343780ef900a0274c
DA:35,4,5e75a9c5ec2fc7c62c0923dd8296dbc7
DA:36,4,4e1ddba1c31545ee09fb38ae1fd79346
DA:38,5,316628a7d0e0d4c71a379550746c629e
DA:39,5,f8dc8e3e547992f2acbb080cc2e78a4b
DA:40,0,ea5a1cbe764918679997181a3ea281d3
DA:42,1,0f89649b13fb078d8a86940931470752
DA:43,1,2c27ea3760662ab7446ca36d8d3e2089
DA:44,6,4463b0963e587ba0cf05aeaaccd5d09d
DA:45,5,3fe19e0343dab0e15fb5e6e52612f532
DA:48,3,c48d3b567f3a32458b6663b3e09f759b
DA:49,1,9c7179b559efbd58f8a208204eed17b4
DA:50,6,4f31aadc69f7065aff03ee1c3259f9e3
DA:51,5,e9779fb101ed449de0ec4d1465c1b9ce
DA:52,15,57ae4f976a2b67d89ffc35b1cbe7f303
DA:53,10,56ea1bfc5789c4fa04fdcf8dc615fb85
DA:54,5,b90fcbd49965a135dfdcb14c6dd75c23
DA:55,1,260e1fba6cec88ad4642095c142480e0
DA:59,1,4e1ddba1c31545ee09fb38ae1fd79346
DA:61,1,3017e4ef3182140e29ada7713942dae5
DA:62,1,07c40181809fcd58e87f59043c204484
DA:63,0,ea5a1cbe764918679997181a3ea281d3
LH:35
LF:37
end_of_record
SF:C:/DEV/FeedbackAnalyzer_12/src/cpp/UIComponents.h
VER:a026e886e45839bf194324dc6f40b79a
FN:10,UIComponents::getCategories[abi:cxx11]()
FNDA:0,UIComponents::getCategories[abi:cxx11]()
FNF:1
FNH:0
BRF:0
BRH:0
DA:10,0,53504dafd85a3e7492640f24807cf8ed
DA:11,0,e485e0814dad29087d4b390f84514942
LH:0
LF:2
end_of_record
