TN:
SF:C:\DEV\FeedbackAnalyzer_12\src\cpp\app\http\FormParser.cpp
FN:5,_ZN10FormParser9urlDecodeERKNSt7__cxx1112basic_stringIcSt11char_traitsIcESaIcEEE
FN:26,_ZN10FormParser5parseERKNSt7__cxx1112basic_stringIcSt11char_traitsIcESaIcEEE
FNDA:8,_ZN10FormParser5parseERKNSt7__cxx1112basic_stringIcSt11char_traitsIcESaIcEEE
FNDA:22,_ZN10FormParser9urlDecodeERKNSt7__cxx1112basic_stringIcSt11char_traitsIcESaIcEEE
FNF:2
FNH:2
DA:5,22
DA:6,22
DA:7,193
DA:8,171
DA:10,27
DA:11,27
DA:12,27
DA:13,27
DA:15,0
DA:17,171
DA:18,0
DA:20,144
DA:23,22
DA:24,0
DA:26,8
DA:27,8
DA:28,8
DA:29,8
DA:30,19
DA:31,11
DA:32,11
DA:33,11
DA:36,8
DA:37,8
LF:24
LH:21
end_of_record
TN:
SF:C:\DEV\FeedbackAnalyzer_12\src\cpp\app\http\RouteHandlers.cpp
FN:15,_ZN12_GLOBAL__N_1L15setHtmlResponseERN7httplib8ResponseERK13PageViewModel
FN:21,_ZN13RouteHandlers14registerRoutesERN7httplib6ServerE
FN:22,_ZZN13RouteHandlers14registerRoutesERN7httplib6ServerEENKUlRKNS0_7RequestERNS0_8ResponseEE_clES5_S7_
FN:25,_ZZN13RouteHandlers14registerRoutesERN7httplib6ServerEENKUlRKNS0_7RequestERNS0_8ResponseEE0_clES5_S7_
FN:28,_ZZN13RouteHandlers14registerRoutesERN7httplib6ServerEENKUlRKNS0_7RequestERNS0_8ResponseEE1_clES5_S7_
FN:31,_ZZN13RouteHandlers14registerRoutesERN7httplib6ServerEENKUlRKNS0_7RequestERNS0_8ResponseEE2_clES5_S7_
FN:34,_ZZN13RouteHandlers14registerRoutesERN7httplib6ServerEENKUlRKNS0_7RequestERNS0_8ResponseEE3_clES5_S7_
FN:39,_ZN13RouteHandlers13handleGetRootERKN7httplib7RequestERNS0_8ResponseE
FN:43,_ZN13RouteHandlers17handlePostAnalyzeERKN7httplib7RequestERNS0_8ResponseE
FN:56,_ZN13RouteHandlers16handlePostUploadERKN7httplib7RequestERNS0_8ResponseE
FN:85,_ZN13RouteHandlers16handlePostFilterERKN7httplib7RequestERNS0_8ResponseE
FN:108,_ZN13RouteHandlers17handleGetDownloadERKN7httplib7RequestERNS0_8ResponseE
FNDA:2,_ZN13RouteHandlers17handleGetDownloadERKN7httplib7RequestERNS0_8ResponseE
FNDA:3,_ZN13RouteHandlers16handlePostFilterERKN7httplib7RequestERNS0_8ResponseE
FNDA:5,_ZZN13RouteHandlers14registerRoutesERN7httplib6ServerEENKUlRKNS0_7RequestERNS0_8ResponseEE0_clES5_S7_
FNDA:3,_ZZN13RouteHandlers14registerRoutesERN7httplib6ServerEENKUlRKNS0_7RequestERNS0_8ResponseEE1_clES5_S7_
FNDA:3,_ZN13RouteHandlers16handlePostUploadERKN7httplib7RequestERNS0_8ResponseE
FNDA:12,_ZN12_GLOBAL__N_1L15setHtmlResponseERN7httplib8ResponseERK13PageViewModel
FNDA:2,_ZZN13RouteHandlers14registerRoutesERN7httplib6ServerEENKUlRKNS0_7RequestERNS0_8ResponseEE3_clES5_S7_
FNDA:0,_ZN13RouteHandlers13handleGetRootERKN7httplib7RequestERNS0_8ResponseE
FNDA:8,_ZN13RouteHandlers14registerRoutesERN7httplib6ServerE
FNDA:0,_ZZN13RouteHandlers14registerRoutesERN7httplib6ServerEENKUlRKNS0_7RequestERNS0_8ResponseEE_clES5_S7_
FNDA:5,_ZN13RouteHandlers17handlePostAnalyzeERKN7httplib7RequestERNS0_8ResponseE
FNDA:3,_ZZN13RouteHandlers14registerRoutesERN7httplib6ServerEENKUlRKNS0_7RequestERNS0_8ResponseEE2_clES5_S7_
FNF:12
FNH:10
DA:15,12
DA:16,12
DA:17,12
DA:21,8
DA:22,24
DA:23,0
DA:24,0
DA:25,24
DA:26,5
DA:27,5
DA:28,24
DA:29,3
DA:30,3
DA:31,24
DA:32,3
DA:33,3
DA:34,24
DA:35,2
DA:36,2
DA:37,8
DA:39,0
DA:40,0
DA:41,0
DA:43,5
DA:45,5
DA:46,5
DA:47,5
DA:48,5
DA:49,5
DA:50,5
DA:51,0
DA:52,0
DA:53,0
DA:54,35
DA:56,3
DA:58,3
DA:59,9
DA:60,6
DA:61,3
DA:62,1
DA:63,1
DA:67,2
DA:68,2
DA:69,2
DA:70,1
DA:71,1
DA:73,2
DA:74,0
DA:76,1
DA:77,4
DA:78,2
DA:79,0
DA:80,0
DA:81,0
DA:82,0
DA:83,18
DA:85,3
DA:87,3
DA:88,3
DA:89,3
DA:91,9
DA:93,3
DA:94,2
DA:95,2
DA:96,2
DA:97,2
DA:99,2
DA:100,2
DA:102,3
DA:103,0
DA:104,0
DA:105,0
DA:106,21
DA:108,2
DA:109,2
DA:110,2
DA:111,2
DA:112,1
DA:113,1
DA:115,3
DA:116,1
DA:117,6
LF:82
LH:66
end_of_record
TN:
SF:C:\DEV\FeedbackAnalyzer_12\src\cpp\app\state\AppState.cpp
FN:6,_ZN8AppState16currentFeedbacksEv
FN:10,_ZN8AppState21currentFeedbacksConstEv
FN:14,_ZN8AppState21lastFilteredFeedbacksEv
FN:18,_ZN8AppState26lastFilteredFeedbacksConstEv
FN:22,_ZN8AppState24setLastFilteredFeedbacksERKSt6vectorI8FeedbackSaIS1_EE
FNDA:35,_ZN8AppState16currentFeedbacksEv
FNDA:2,_ZN8AppState24setLastFilteredFeedbacksERKSt6vectorI8FeedbackSaIS1_EE
FNDA:4,_ZN8AppState26lastFilteredFeedbacksConstEv
FNDA:0,_ZN8AppState21currentFeedbacksConstEv
FNDA:24,_ZN8AppState21lastFilteredFeedbacksEv
FNF:5
FNH:4
DA:6,35
DA:7,35
DA:10,0
DA:11,0
DA:14,24
DA:15,24
DA:18,4
DA:19,4
DA:22,2
DA:23,2
DA:24,2
LF:11
LH:9
end_of_record
TN:
SF:C:\DEV\FeedbackAnalyzer_12\src\cpp\app\state\FeedbackSession.h
FN:10,_ZN15FeedbackSession10getCurrentEv
FN:14,_ZN15FeedbackSession15getLastFilteredEv
FN:22,_ZN15FeedbackSession15setLastFilteredERKSt6vectorI8FeedbackSaIS1_EE
FN:26,_ZN15FeedbackSession5clearEv
FNDA:2,_ZN15FeedbackSession15setLastFilteredERKSt6vectorI8FeedbackSaIS1_EE
FNDA:11,_ZN15FeedbackSession10getCurrentEv
FNDA:4,_ZN15FeedbackSession15getLastFilteredEv
FNDA:24,_ZN15FeedbackSession5clearEv
FNF:4
FNH:4
DA:10,11
DA:11,11
DA:14,4
DA:15,4
DA:22,2
DA:23,2
DA:24,2
DA:26,24
DA:27,24
DA:28,24
DA:29,24
LF:11
LH:11
end_of_record
TN:
SF:C:\DEV\FeedbackAnalyzer_12\src\cpp\app\state\Logger.h
FN:12,_ZN6Logger12getTimestampB5cxx11Ev
FN:21,_ZN6Logger7logInfoERKNSt7__cxx1112basic_stringIcSt11char_traitsIcESaIcEEE
FN:25,_ZN6Logger10logWarningERKNSt7__cxx1112basic_stringIcSt11char_traitsIcESaIcEEE
FN:29,_ZN6Logger8logErrorERKNSt7__cxx1112basic_stringIcSt11char_traitsIcESaIcEEE
FNDA:3,_ZN6Logger10logWarningERKNSt7__cxx1112basic_stringIcSt11char_traitsIcESaIcEEE
FNDA:39,_ZN6Logger7logInfoERKNSt7__cxx1112basic_stringIcSt11char_traitsIcESaIcEEE
FNDA:43,_ZN6Logger12getTimestampB5cxx11Ev
FNDA:1,_ZN6Logger8logErrorERKNSt7__cxx1112basic_stringIcSt11char_traitsIcESaIcEEE
FNF:4
FNH:4
DA:12,43
DA:13,43
DA:14,43
DA:15,43
DA:16,43
DA:17,86
DA:18,43
DA:21,39
DA:22,39
DA:23,39
DA:25,3
DA:26,3
DA:27,3
DA:29,1
DA:30,1
DA:31,1
LF:16
LH:16
end_of_record
TN:
SF:C:\DEV\FeedbackAnalyzer_12\src\cpp\app\ui\AppMessages.cpp
FN:3,_ZN11AppMessages13analyzerStartEv
FN:7,_ZN11AppMessages15processingErrorEv
FN:11,_ZN11AppMessages11uploadErrorEv
FN:15,_ZN11AppMessages15filterNoResultsEv
FN:19,_ZN11AppMessages20noFeedbacksToAnalyzeEv
FN:23,_ZN11AppMessages17noDownloadResultsEv
FN:27,_ZN11AppMessages20feedbackCountSuccessB5cxx11Ey
FNDA:3,_ZN11AppMessages20noFeedbacksToAnalyzeEv
FNDA:0,_ZN11AppMessages13analyzerStartEv
FNDA:4,_ZN11AppMessages11uploadErrorEv
FNDA:11,_ZN11AppMessages20feedbackCountSuccessB5cxx11Ey
FNDA:3,_ZN11AppMessages15filterNoResultsEv
FNDA:3,_ZN11AppMessages17noDownloadResultsEv
FNDA:0,_ZN11AppMessages15processingErrorEv
FNF:7
FNH:5
DA:3,0
DA:4,0
DA:7,0
DA:8,0
DA:11,4
DA:12,4
DA:15,3
DA:16,3
DA:19,3
DA:20,3
DA:23,3
DA:24,3
DA:27,11
DA:28,11
LF:14
LH:10
end_of_record
TN:
SF:C:\DEV\FeedbackAnalyzer_12\src\cpp\app\ui\HtmlPageRenderer.cpp
FN:11,_ZN12_GLOBAL__N_1L16currentTimestampEv
FN:19,_ZN12_GLOBAL__N_1L10escapeHtmlERKNSt7__cxx1112basic_stringIcSt11char_traitsIcESaIcEEE
FN:35,_ZN16HtmlPageRenderer6renderB5cxx11ERK13PageViewModel
FNDA:11,_ZN12_GLOBAL__N_1L10escapeHtmlERKNSt7__cxx1112basic_stringIcSt11char_traitsIcESaIcEEE
FNDA:6,_ZN12_GLOBAL__N_1L16currentTimestampEv
FNDA:12,_ZN16HtmlPageRenderer6renderB5cxx11ERK13PageViewModel
FNF:3
FNH:3
DA:11,6
DA:12,6
DA:13,6
DA:14,6
DA:15,6
DA:16,12
DA:17,6
DA:19,11
DA:20,11
DA:21,495
DA:22,473
DA:23,0
DA:24,0
DA:25,0
DA:26,0
DA:27,473
DA:30,11
DA:31,0
DA:35,12
DA:36,12
DA:67,12
DA:69,12
DA:70,6
DA:71,6
DA:82,12
DA:94,12
DA:98,12
DA:115,12
DA:116,84
DA:117,60
DA:122,12
DA:126,12
DA:127,3
DA:130,12
DA:131,6
DA:132,6
DA:133,6
DA:134,24
DA:135,18
DA:136,18
DA:138,6
DA:140,6
DA:141,6
DA:142,36
DA:143,30
DA:144,30
DA:146,6
DA:148,6
DA:151,12
DA:152,2
DA:155,12
DA:156,24
DA:157,12
LF:53
LH:48
end_of_record
TN:
SF:C:\DEV\FeedbackAnalyzer_12\src\cpp\app\usecase\AnalyzeUseCase.cpp
FN:6,_ZN14AnalyzeUseCase10analyzeAllERSt6vectorI8FeedbackSaIS1_EERKNSt7__cxx1112basic_stringIcSt11char_traitsIcESaIcEEE
FNDA:9,_ZN14AnalyzeUseCase10analyzeAllERSt6vectorI8FeedbackSaIS1_EERKNSt7__cxx1112basic_stringIcSt11char_traitsIcESaIcEEE
FNF:1
FNH:1
DA:6,9
DA:7,9
DA:9,9
DA:10,7
DA:11,7
DA:12,7
DA:13,4
DA:17,27
DA:18,9
DA:21,9
DA:22,9
DA:24,9
DA:25,9
DA:26,9
DA:27,18
DA:28,18
DA:31,9
DA:32,0
LF:18
LH:17
end_of_record
TN:
SF:C:\DEV\FeedbackAnalyzer_12\src\cpp\app\usecase\AnalyzeUseCase.h
FN:18,_ZN14AnalyzeUseCaseC1ER12TextAnalyzer
FNDA:7,_ZN14AnalyzeUseCaseC1ER12TextAnalyzer
FNF:1
FNH:1
DA:18,7
LF:1
LH:1
end_of_record
TN:
SF:C:\DEV\FeedbackAnalyzer_12\src\cpp\app\usecase\FilterUseCase.cpp
FN:6,_ZN13FilterUseCase9filterAllERKSt6vectorI8FeedbackSaIS1_EERKNSt7__cxx1112basic_stringIcSt11char_traitsIcESaIcEEESD_
FNDA:6,_ZN13FilterUseCase9filterAllERKSt6vectorI8FeedbackSaIS1_EERKNSt7__cxx1112basic_stringIcSt11char_traitsIcESaIcEEESD_
FNF:1
FNH:1
DA:6,6
DA:9,6
DA:11,6
DA:12,2
DA:13,2
DA:16,4
DA:17,4
DA:18,2
DA:19,2
DA:22,2
DA:23,2
DA:24,2
DA:25,2
DA:26,2
DA:27,2
DA:28,0
LF:16
LH:15
end_of_record
TN:
SF:C:\DEV\FeedbackAnalyzer_12\src\cpp\app\usecase\FilterUseCase.h
FN:27,_ZN13FilterUseCaseC1ER12TextAnalyzerR7Filters
FNDA:6,_ZN13FilterUseCaseC1ER12TextAnalyzerR7Filters
FNF:1
FNH:1
DA:27,6
DA:28,6
LF:2
LH:2
end_of_record
TN:
SF:C:\DEV\FeedbackAnalyzer_12\src\cpp\csv\CsvExporter.cpp
FN:9,_ZN12_GLOBAL__N_1L14escapeCsvFieldERKNSt7__cxx1112basic_stringIcSt11char_traitsIcESaIcEEE
FN:29,_ZN12_GLOBAL__N_1L12buildCsvBodyERKSt6vectorI8FeedbackSaIS1_EE
FN:41,_ZN11CsvExporter23exportFilteredFeedbacksB5cxx11ERKSt6vectorI8FeedbackSaIS1_EE
FN:45,_ZN11CsvExporter11contentTypeB5cxx11Ev
FN:49,_ZN11CsvExporter18contentDispositionB5cxx11Ev
FNDA:7,_ZN12_GLOBAL__N_1L14escapeCsvFieldERKNSt7__cxx1112basic_stringIcSt11char_traitsIcESaIcEEE
FNDA:1,_ZN11CsvExporter18contentDispositionB5cxx11Ev
FNDA:9,_ZN11CsvExporter23exportFilteredFeedbacksB5cxx11ERKSt6vectorI8FeedbackSaIS1_EE
FNDA:9,_ZN12_GLOBAL__N_1L12buildCsvBodyERKSt6vectorI8FeedbackSaIS1_EE
FNDA:1,_ZN11CsvExporter11contentTypeB5cxx11Ev
FNF:5
FNH:5
DA:9,7
DA:10,7
DA:11,7
DA:12,3
DA:15,4
DA:16,4
DA:17,4
DA:18,96
DA:19,88
DA:20,0
DA:22,88
DA:25,4
DA:26,4
DA:27,4
DA:29,9
DA:30,9
DA:31,9
DA:32,9
DA:33,25
DA:34,7
DA:36,18
DA:37,9
DA:41,9
DA:42,9
DA:45,1
DA:46,2
DA:49,1
DA:50,2
LF:28
LH:27
end_of_record
TN:
SF:C:\DEV\FeedbackAnalyzer_12\src\cpp\csv\CsvParser.cpp
FN:7,_ZN12_GLOBAL__N_1L15splitCsvRecordsERKNSt7__cxx1112basic_stringIcSt11char_traitsIcESaIcEEE
FN:41,_ZN12_GLOBAL__N_1L12unquoteFieldENSt7__cxx1112basic_stringIcSt11char_traitsIcESaIcEEE
FN:61,_ZN9CsvParser9parseLineERKNSt7__cxx1112basic_stringIcSt11char_traitsIcESaIcEEE
FN:87,_ZN9CsvParser19findTextColumnIndexERKSt6vectorINSt7__cxx1112basic_stringIcSt11char_traitsIcESaIcEEESaIS6_EE
FN:96,_ZN9CsvParser5parseERKNSt7__cxx1112basic_stringIcSt11char_traitsIcESaIcEEE
FNDA:7,_ZN12_GLOBAL__N_1L15splitCsvRecordsERKNSt7__cxx1112basic_stringIcSt11char_traitsIcESaIcEEE
FNDA:4,_ZN12_GLOBAL__N_1L12unquoteFieldENSt7__cxx1112basic_stringIcSt11char_traitsIcESaIcEEE
FNDA:11,_ZN9CsvParser9parseLineERKNSt7__cxx1112basic_stringIcSt11char_traitsIcESaIcEEE
FNDA:7,_ZN9CsvParser19findTextColumnIndexERKSt6vectorINSt7__cxx1112basic_stringIcSt11char_traitsIcESaIcEEESaIS6_EE
FNDA:7,_ZN9CsvParser5parseERKNSt7__cxx1112basic_stringIcSt11char_traitsIcESaIcEEE
FNF:5
FNH:5
DA:7,7
DA:8,7
DA:9,7
DA:10,7
DA:12,131
DA:13,124
DA:14,124
DA:15,0
DA:16,0
DA:17,0
DA:19,0
DA:20,0
DA:22,124
DA:23,10
DA:24,0
DA:26,20
DA:27,10
DA:28,10
DA:31,114
DA:35,7
DA:36,3
DA:38,7
DA:39,7
DA:41,4
DA:42,4
DA:43,0
DA:44,0
DA:45,0
DA:46,0
DA:47,0
DA:48,0
DA:49,0
DA:51,0
DA:54,0
DA:55,0
DA:56,4
DA:61,11
DA:62,11
DA:63,11
DA:64,11
DA:66,111
DA:67,100
DA:68,100
DA:69,0
DA:70,0
DA:71,0
DA:73,0
DA:74,0
DA:76,100
DA:77,2
DA:78,2
DA:80,98
DA:83,11
DA:84,11
DA:85,11
DA:87,7
DA:88,11
DA:89,9
DA:90,5
DA:93,2
DA:96,7
DA:97,7
DA:98,7
DA:99,7
DA:100,0
DA:103,7
DA:104,7
DA:105,7
DA:106,7
DA:107,2
DA:110,9
DA:111,4
DA:112,4
DA:113,0
DA:115,4
DA:116,4
DA:117,4
DA:119,4
DA:121,5
DA:122,7
LF:80
LH:57
end_of_record
TN:
SF:C:\DEV\FeedbackAnalyzer_12\src\cpp\csv\FileHandler.cpp
FN:7,_ZN11FileHandler9saveToCsvERKSt6vectorI8FeedbackSaIS1_EERKNSt7__cxx1112basic_stringIcSt11char_traitsIcESaIcEEE
FNDA:5,_ZN11FileHandler9saveToCsvERKSt6vectorI8FeedbackSaIS1_EERKNSt7__cxx1112basic_stringIcSt11char_traitsIcESaIcEEE
FNF:1
FNH:1
DA:7,5
DA:8,5
DA:9,5
DA:10,1
DA:12,4
DA:13,4
DA:14,5
LF:7
LH:7
end_of_record
TN:
SF:C:\DEV\FeedbackAnalyzer_12\src\cpp\feedback\Constants.cpp
FN:8,_ZN9Constants4initEv
FNDA:36,_ZN9Constants4initEv
FNF:1
FNH:1
DA:8,36
DA:9,36
DA:10,36
DA:11,36
DA:13,72
DA:17,1548
DA:19,72
DA:23,1764
DA:26,36
DA:27,756
DA:28,396
DA:29,396
DA:30,324
DA:33,36
DA:34,756
DA:35,396
DA:36,396
DA:37,252
DA:40,36
DA:41,828
DA:42,468
DA:43,396
DA:44,324
DA:47,36
DA:48,756
DA:49,468
DA:50,324
DA:51,324
DA:54,36
DA:55,756
DA:56,468
DA:57,396
DA:58,252
DA:59,36
LF:34
LH:34
end_of_record
TN:
SF:C:\DEV\FeedbackAnalyzer_12\src\cpp\feedback\Feedback.h
FN:10,_ZN8FeedbackC1ENSt7__cxx1112basic_stringIcSt11char_traitsIcESaIcEEE
FN:12,_ZNK8Feedback7getTextB5cxx11Ev
FNDA:35,_ZN8FeedbackC1ENSt7__cxx1112basic_stringIcSt11char_traitsIcESaIcEEE
FNDA:77,_ZNK8Feedback7getTextB5cxx11Ev
FNF:2
FNH:2
DA:10,70
DA:12,77
LF:2
LH:2
end_of_record
TN:
SF:C:\DEV\FeedbackAnalyzer_12\src\cpp\feedback\FeedbackClassifier.h
FN:11,_ZN18FeedbackClassifier17classifySentimentERKNSt7__cxx1112basic_stringIcSt11char_traitsIcESaIcEEE
FN:15,_ZN18FeedbackClassifier13matchCategoryERKNSt7__cxx1112basic_stringIcSt11char_traitsIcESaIcEEES7_
FNDA:24,_ZN18FeedbackClassifier17classifySentimentERKNSt7__cxx1112basic_stringIcSt11char_traitsIcESaIcEEE
FNDA:72,_ZN18FeedbackClassifier13matchCategoryERKNSt7__cxx1112basic_stringIcSt11char_traitsIcESaIcEEES7_
FNF:2
FNH:2
DA:11,24
DA:12,24
DA:15,72
DA:16,72
DA:17,0
DA:19,72
DA:20,144
DA:21,0
DA:23,144
LF:9
LH:7
end_of_record
TN:
SF:C:\DEV\FeedbackAnalyzer_12\src\cpp\feedback\Filters.h
FN:10,_ZN7Filters6filterERKSt6vectorI8FeedbackSaIS1_EERKNSt7__cxx1112basic_stringIcSt11char_traitsIcESaIcEEESD_
FNDA:12,_ZN7Filters6filterERKSt6vectorI8FeedbackSaIS1_EERKNSt7__cxx1112basic_stringIcSt11char_traitsIcESaIcEEESD_
FNF:1
FNH:1
DA:10,12
DA:13,12
DA:15,12
DA:16,18
DA:17,6
DA:18,4
DA:22,6
DA:25,12
DA:26,12
DA:27,6
DA:28,2
DA:29,2
DA:33,10
DA:36,12
DA:37,12
LF:15
LH:15
end_of_record
TN:
SF:C:\DEV\FeedbackAnalyzer_12\src\cpp\feedback\KeywordRegistry.cpp
FN:5,_ZN15KeywordRegistry18resetCategoryNamesEv
FN:9,_ZN15KeywordRegistry20registerCategoryNameERKNSt7__cxx1112basic_stringIcSt11char_traitsIcESaIcEEE
FN:13,_ZN15KeywordRegistry13categoryNamesB5cxx11Ev
FNDA:36,_ZN15KeywordRegistry18resetCategoryNamesEv
FNDA:180,_ZN15KeywordRegistry20registerCategoryNameERKNSt7__cxx1112basic_stringIcSt11char_traitsIcESaIcEEE
FNDA:40,_ZN15KeywordRegistry13categoryNamesB5cxx11Ev
FNF:3
FNH:3
DA:5,36
DA:6,36
DA:7,36
DA:9,180
DA:10,180
DA:11,180
DA:13,40
DA:14,40
LF:8
LH:8
end_of_record
TN:
SF:C:\DEV\FeedbackAnalyzer_12\src\cpp\feedback\KeywordUtils.h
FN:9,_ZN12KeywordUtils11containsAnyERKNSt7__cxx1112basic_stringIcSt11char_traitsIcESaIcEEERKSt6vectorIS5_SaIS5_EE
FN:10,_ZZN12KeywordUtils11containsAnyERKNSt7__cxx1112basic_stringIcSt11char_traitsIcESaIcEEERKSt6vectorIS5_SaIS5_EEENKUlRKT_E_clIS5_EEDaSF_
FNDA:73,_ZN12KeywordUtils11containsAnyERKNSt7__cxx1112basic_stringIcSt11char_traitsIcESaIcEEERKSt6vectorIS5_SaIS5_EE
FNDA:550,_ZZN12KeywordUtils11containsAnyERKNSt7__cxx1112basic_stringIcSt11char_traitsIcESaIcEEERKSt6vectorIS5_SaIS5_EEENKUlRKT_E_clIS5_EEDaSF_
FNF:2
FNH:2
DA:9,73
DA:10,73
DA:11,550
DA:12,73
LF:4
LH:4
end_of_record
TN:
SF:C:\DEV\FeedbackAnalyzer_12\src\cpp\feedback\SentimentClassifier.h
FN:14,_ZN19SentimentClassifier13scoreWeightedERKNSt7__cxx1112basic_stringIcSt11char_traitsIcESaIcEEE
FN:29,_ZN19SentimentClassifier16classifyWeightedERKNSt7__cxx1112basic_stringIcSt11char_traitsIcESaIcEEE
FN:40,_ZN19SentimentClassifier8classifyERKNSt7__cxx1112basic_stringIcSt11char_traitsIcESaIcEEE
FNDA:39,_ZN19SentimentClassifier13scoreWeightedERKNSt7__cxx1112basic_stringIcSt11char_traitsIcESaIcEEE
FNDA:26,_ZN19SentimentClassifier8classifyERKNSt7__cxx1112basic_stringIcSt11char_traitsIcESaIcEEE
FNDA:33,_ZN19SentimentClassifier16classifyWeightedERKNSt7__cxx1112basic_stringIcSt11char_traitsIcESaIcEEE
FNF:3
FNH:3
DA:14,39
DA:15,39
DA:16,897
DA:17,780
DA:18,19
DA:21,1014
DA:22,897
DA:23,25
DA:26,39
DA:29,33
DA:30,33
DA:31,33
DA:32,10
DA:34,28
DA:35,18
DA:37,38
DA:40,26
DA:41,26
LF:18
LH:18
end_of_record
TN:
SF:C:\DEV\FeedbackAnalyzer_12\src\cpp\feedback\TextAnalyzer.h
FN:11,_ZN12TextAnalyzer16analyzeSentimentB5cxx11ERKSt6vectorI8FeedbackSaIS1_EE
FN:24,_ZN12TextAnalyzer15analyzeKeywordsB5cxx11ERKSt6vectorI8FeedbackSaIS1_EE
FNDA:18,_ZN12TextAnalyzer16analyzeSentimentB5cxx11ERKSt6vectorI8FeedbackSaIS1_EE
FNDA:14,_ZN12TextAnalyzer15analyzeKeywordsB5cxx11ERKSt6vectorI8FeedbackSaIS1_EE
FNF:2
FNH:2
DA:11,18
DA:12,18
DA:13,36
DA:14,36
DA:15,18
DA:17,53
DA:18,17
DA:21,18
DA:22,0
DA:24,14
DA:25,14
DA:26,98
DA:27,70
DA:30,42
DA:31,14
DA:32,98
DA:33,70
DA:34,4
DA:39,14
DA:40,0
LF:20
LH:18
end_of_record
