TN:
SF:C:\DEV\FeedbackAnalyzer_12\src\cpp\Constants.cpp
FN:8,_ZN9Constants4initEv
FNDA:94,_ZN9Constants4initEv
FNF:1
FNH:1
DA:8,94
DA:9,94
DA:10,94
DA:11,94
DA:13,188
DA:17,4042
DA:19,188
DA:23,4606
DA:26,94
DA:27,1974
DA:28,1034
DA:29,1034
DA:30,846
DA:33,94
DA:34,1974
DA:35,1034
DA:36,1034
DA:37,658
DA:40,94
DA:41,2162
DA:42,1222
DA:43,1034
DA:44,846
DA:47,94
DA:48,1974
DA:49,1222
DA:50,846
DA:51,846
DA:54,94
DA:55,1974
DA:56,1222
DA:57,1034
DA:58,658
DA:59,94
LF:34
LH:34
end_of_record
TN:
SF:C:\DEV\FeedbackAnalyzer_12\src\cpp\CsvParser.cpp
FN:7,_ZN12_GLOBAL__N_1L15splitCsvRecordsERKNSt7__cxx1112basic_stringIcSt11char_traitsIcESaIcEEE
FN:41,_ZN12_GLOBAL__N_1L12unquoteFieldENSt7__cxx1112basic_stringIcSt11char_traitsIcESaIcEEE
FN:61,_ZN9CsvParser9parseLineERKNSt7__cxx1112basic_stringIcSt11char_traitsIcESaIcEEE
FN:87,_ZN9CsvParser19findTextColumnIndexERKSt6vectorINSt7__cxx1112basic_stringIcSt11char_traitsIcESaIcEEESaIS6_EE
FN:96,_ZN9CsvParser5parseERKNSt7__cxx1112basic_stringIcSt11char_traitsIcESaIcEEE
FNDA:27,_ZN12_GLOBAL__N_1L15splitCsvRecordsERKNSt7__cxx1112basic_stringIcSt11char_traitsIcESaIcEEE
FNDA:22,_ZN12_GLOBAL__N_1L12unquoteFieldENSt7__cxx1112basic_stringIcSt11char_traitsIcESaIcEEE
FNDA:27,_ZN9CsvParser19findTextColumnIndexERKSt6vectorINSt7__cxx1112basic_stringIcSt11char_traitsIcESaIcEEESaIS6_EE
FNDA:27,_ZN9CsvParser5parseERKNSt7__cxx1112basic_stringIcSt11char_traitsIcESaIcEEE
FNDA:49,_ZN9CsvParser9parseLineERKNSt7__cxx1112basic_stringIcSt11char_traitsIcESaIcEEE
FNF:5
FNH:5
DA:7,27
DA:8,27
DA:9,27
DA:10,27
DA:12,584
DA:13,557
DA:14,557
DA:15,0
DA:16,0
DA:17,0
DA:19,0
DA:20,0
DA:22,557
DA:23,44
DA:24,0
DA:26,88
DA:27,44
DA:28,44
DA:31,513
DA:35,27
DA:36,10
DA:38,27
DA:39,27
DA:41,22
DA:42,22
DA:43,0
DA:44,0
DA:45,0
DA:46,0
DA:47,0
DA:48,0
DA:49,0
DA:51,0
DA:54,0
DA:55,0
DA:56,22
DA:61,49
DA:62,49
DA:63,49
DA:64,49
DA:66,527
DA:67,478
DA:68,478
DA:69,0
DA:70,0
DA:71,0
DA:73,0
DA:74,0
DA:76,478
DA:77,5
DA:78,5
DA:80,473
DA:83,49
DA:84,49
DA:85,49
DA:87,27
DA:88,37
DA:89,32
DA:90,22
DA:93,5
DA:96,27
DA:97,27
DA:98,27
DA:99,27
DA:100,0
DA:103,27
DA:104,27
DA:105,27
DA:106,27
DA:107,5
DA:110,44
DA:111,22
DA:112,22
DA:113,0
DA:115,22
DA:116,22
DA:117,22
DA:119,22
DA:121,22
DA:122,27
LF:80
LH:57
end_of_record
TN:
SF:C:\DEV\FeedbackAnalyzer_12\src\cpp\Feedback.h
FN:10,_ZN8FeedbackC1ENSt7__cxx1112basic_stringIcSt11char_traitsIcESaIcEEE
FN:12,_ZNK8Feedback7getTextB5cxx11Ev
FNDA:62,_ZN8FeedbackC1ENSt7__cxx1112basic_stringIcSt11char_traitsIcESaIcEEE
FNDA:84,_ZNK8Feedback7getTextB5cxx11Ev
FNF:2
FNH:2
DA:10,124
DA:12,84
LF:2
LH:2
end_of_record
TN:
SF:C:\DEV\FeedbackAnalyzer_12\src\cpp\FeedbackClassifier.h
FN:11,_ZN18FeedbackClassifier17classifySentimentERKNSt7__cxx1112basic_stringIcSt11char_traitsIcESaIcEEE
FN:15,_ZN18FeedbackClassifier13matchCategoryERKNSt7__cxx1112basic_stringIcSt11char_traitsIcESaIcEEES7_
FNDA:26,_ZN18FeedbackClassifier17classifySentimentERKNSt7__cxx1112basic_stringIcSt11char_traitsIcESaIcEEE
FNDA:44,_ZN18FeedbackClassifier13matchCategoryERKNSt7__cxx1112basic_stringIcSt11char_traitsIcESaIcEEES7_
FNF:2
FNH:2
DA:11,26
DA:12,26
DA:15,44
DA:16,44
DA:17,0
DA:19,44
DA:20,88
DA:21,0
DA:23,88
LF:9
LH:7
end_of_record
TN:
SF:C:\DEV\FeedbackAnalyzer_12\src\cpp\Filters.h
FN:10,_ZN7Filters6filterERKSt6vectorI8FeedbackSaIS1_EERKNSt7__cxx1112basic_stringIcSt11char_traitsIcESaIcEEESD_
FNDA:20,_ZN7Filters6filterERKSt6vectorI8FeedbackSaIS1_EERKNSt7__cxx1112basic_stringIcSt11char_traitsIcESaIcEEESD_
FNF:1
FNH:1
DA:10,20
DA:13,20
DA:15,20
DA:16,30
DA:17,10
DA:18,10
DA:22,10
DA:25,20
DA:26,20
DA:27,12
DA:28,4
DA:29,4
DA:33,16
DA:36,20
DA:37,20
LF:15
LH:15
end_of_record
TN:
SF:C:\DEV\FeedbackAnalyzer_12\src\cpp\KeywordRegistry.cpp
FN:5,_ZN15KeywordRegistry18resetCategoryNamesEv
FN:9,_ZN15KeywordRegistry20registerCategoryNameERKNSt7__cxx1112basic_stringIcSt11char_traitsIcESaIcEEE
FN:13,_ZN15KeywordRegistry13categoryNamesB5cxx11Ev
FNDA:34,_ZN15KeywordRegistry13categoryNamesB5cxx11Ev
FNDA:94,_ZN15KeywordRegistry18resetCategoryNamesEv
FNDA:470,_ZN15KeywordRegistry20registerCategoryNameERKNSt7__cxx1112basic_stringIcSt11char_traitsIcESaIcEEE
FNF:3
FNH:3
DA:5,94
DA:6,94
DA:7,94
DA:9,470
DA:10,470
DA:11,470
DA:13,34
DA:14,34
LF:8
LH:8
end_of_record
TN:
SF:C:\DEV\FeedbackAnalyzer_12\src\cpp\KeywordUtils.h
FN:9,_ZN12KeywordUtils11containsAnyERKNSt7__cxx1112basic_stringIcSt11char_traitsIcESaIcEEERKSt6vectorIS5_SaIS5_EE
FN:10,_ZZN12KeywordUtils11containsAnyERKNSt7__cxx1112basic_stringIcSt11char_traitsIcESaIcEEERKSt6vectorIS5_SaIS5_EEENKUlRKT_E_clIS5_EEDaSF_
FNDA:96,_ZN12KeywordUtils11containsAnyERKNSt7__cxx1112basic_stringIcSt11char_traitsIcESaIcEEERKSt6vectorIS5_SaIS5_EE
FNDA:1254,_ZZN12KeywordUtils11containsAnyERKNSt7__cxx1112basic_stringIcSt11char_traitsIcESaIcEEERKSt6vectorIS5_SaIS5_EEENKUlRKT_E_clIS5_EEDaSF_
FNF:2
FNH:2
DA:9,96
DA:10,96
DA:11,1254
DA:12,96
LF:4
LH:4
end_of_record
TN:
SF:C:\DEV\FeedbackAnalyzer_12\src\cpp\SentimentClassifier.h
FN:10,_ZN19SentimentClassifier8classifyERKNSt7__cxx1112basic_stringIcSt11char_traitsIcESaIcEEE
FNDA:26,_ZN19SentimentClassifier8classifyERKNSt7__cxx1112basic_stringIcSt11char_traitsIcESaIcEEE
FNF:1
FNH:1
DA:10,26
DA:11,52
DA:12,4
DA:14,48
DA:15,20
DA:17,28
LF:6
LH:6
end_of_record
TN:
SF:C:\DEV\FeedbackAnalyzer_12\src\cpp\TextAnalyzer.h
FN:11,_ZN12TextAnalyzer16analyzeSentimentB5cxx11ERKSt6vectorI8FeedbackSaIS1_EE
FN:24,_ZN12TextAnalyzer15analyzeKeywordsB5cxx11ERKSt6vectorI8FeedbackSaIS1_EE
FNDA:16,_ZN12TextAnalyzer16analyzeSentimentB5cxx11ERKSt6vectorI8FeedbackSaIS1_EE
FNDA:8,_ZN12TextAnalyzer15analyzeKeywordsB5cxx11ERKSt6vectorI8FeedbackSaIS1_EE
FNF:2
FNH:2
DA:11,16
DA:12,16
DA:13,32
DA:14,32
DA:15,16
DA:17,46
DA:18,14
DA:21,16
DA:22,0
DA:24,8
DA:25,8
DA:26,56
DA:27,40
DA:30,24
DA:31,8
DA:32,56
DA:33,40
DA:34,8
DA:39,8
DA:40,0
LF:20
LH:18
end_of_record
TN:
SF:C:\mingw64\include\c++\15.2.0\atomic
FN:843,_ZNSt6atomicIiEC1Ei
FNDA:0,_ZNSt6atomicIiEC1Ei
FNF:1
FNH:0
DA:843,0
LF:1
LH:0
end_of_record
TN:
SF:C:\mingw64\include\c++\15.2.0\bits\alloc_traits.h
FNF:0
FNH:0
DA:614,24636
DA:649,18518
DA:674,15520
DA:680,12512
DA:700,1243
DA:712,340211
DA:726,12846
DA:850,0
DA:871,219
DA:885,1090
DA:1045,4105
DA:1046,4105
LF:12
LH:11
end_of_record
TN:
SF:C:\mingw64\include\c++\15.2.0\bits\allocated_ptr.h
FN:53,_ZNSt15__allocated_ptrISaISt10_List_nodeISt4pairIcPKcEEEEC1ERS6_PS5_
FN:66,_ZNSt15__allocated_ptrISaISt10_List_nodeISt4pairIcPKcEEEEC2EOS7_
FN:71,_ZNSt15__allocated_ptrISaISt10_List_nodeISt4pairIcPKcEEEED2Ev
FN:71,_ZNSt15__allocated_ptrISaISt10_List_nodeISt4pairIcPKcEEEED1Ev
FN:85,_ZNKSt15__allocated_ptrISaISt10_List_nodeISt4pairIcPKcEEEEcvbEv
FN:88,_ZNKSt15__allocated_ptrISaISt10_List_nodeISt4pairIcPKcEEEE3getEv
FN:90,_ZNSt15__allocated_ptrISaISt10_List_nodeISt4pairIcPKcEEEE7releaseEv
FN:100,_ZSt18__allocate_guardedISaISt10_List_nodeISt4pairIcPKcEEEESt15__allocated_ptrIT_ERS8_
FN:114,_ZNSt15__allocated_objISaISt10_List_nodeISt4pairIcPKcEEEEC1EOSt15__allocated_ptrIS6_E
FN:119,_ZNSt15__allocated_objISaISt10_List_nodeISt4pairIcPKcEEEED1Ev
FN:128,_ZNKSt15__allocated_objISaISt10_List_nodeISt4pairIcPKcEEEEptEv
FN:134,_ZSt22__allocate_guarded_objISaISt10_List_nodeISt4pairIcPKcEEEESt15__allocated_objIT_ERS8_
FNDA:0,_ZNSt15__allocated_objISaISt10_List_nodeISt4pairIcPKcEEEED1Ev
FNDA:0,_ZNKSt15__allocated_objISaISt10_List_nodeISt4pairIcPKcEEEEptEv
FNDA:0,_ZNSt15__allocated_ptrISaISt10_List_nodeISt4pairIcPKcEEEED2Ev
FNDA:0,_ZNKSt15__allocated_ptrISaISt10_List_nodeISt4pairIcPKcEEEEcvbEv
FNDA:0,_ZNKSt15__allocated_ptrISaISt10_List_nodeISt4pairIcPKcEEEE3getEv
FNDA:0,_ZNSt15__allocated_objISaISt10_List_nodeISt4pairIcPKcEEEEC1EOSt15__allocated_ptrIS6_E
FNDA:0,_ZNSt15__allocated_ptrISaISt10_List_nodeISt4pairIcPKcEEEED1Ev
FNDA:0,_ZSt18__allocate_guardedISaISt10_List_nodeISt4pairIcPKcEEEESt15__allocated_ptrIT_ERS8_
FNDA:0,_ZNSt15__allocated_ptrISaISt10_List_nodeISt4pairIcPKcEEEEC1ERS6_PS5_
FNDA:0,_ZNSt15__allocated_ptrISaISt10_List_nodeISt4pairIcPKcEEEEC2EOS7_
FNDA:0,_ZSt22__allocate_guarded_objISaISt10_List_nodeISt4pairIcPKcEEEESt15__allocated_objIT_ERS8_
FNDA:0,_ZNSt15__allocated_ptrISaISt10_List_nodeISt4pairIcPKcEEEE7releaseEv
FNF:12
FNH:0
DA:53,0
DA:54,0
DA:55,0
DA:66,0
DA:67,0
DA:68,0
DA:71,0
DA:73,0
DA:74,0
DA:75,0
DA:85,0
DA:88,0
DA:90,0
DA:100,0
DA:102,0
DA:114,0
DA:115,0
DA:116,0
DA:119,0
DA:121,0
DA:122,0
DA:123,0
DA:128,0
DA:134,0
DA:136,0
LF:25
LH:0
end_of_record
TN:
SF:C:\mingw64\include\c++\15.2.0\bits\allocator.h
FNF:0
FNH:0
DA:168,50991
DA:173,57218
DA:183,200
DA:189,55057
DA:222,1090
DA:228,0
LF:6
LH:5
end_of_record
TN:
SF:C:\mingw64\include\c++\15.2.0\bits\atomic_base.h
FN:358,_ZNSt13__atomic_baseIiEC2Ei
FNDA:0,_ZNSt13__atomic_baseIiEC2Ei
FNF:1
FNH:0
DA:358,0
DA:641,0
LF:2
LH:0
end_of_record
TN:
SF:C:\mingw64\include\c++\15.2.0\bits\basic_string.h
FN:140,_ZNSt7__cxx1112basic_stringIwSt11char_traitsIwESaIwEE11_S_allocateERS3_y
FN:140,_ZNSt7__cxx1112basic_stringIcSt11char_traitsIcESaIcEE11_S_allocateERS3_y
FN:169,_ZNSt7__cxx1112basic_stringIcSt11char_traitsIcESaIcEE17_S_to_string_viewESt17basic_string_viewIcS2_E
FN:179,_ZNSt7__cxx1112basic_stringIcSt11char_traitsIcESaIcEE12__sv_wrapperC1ESt17basic_string_viewIcS2_E
FN:192,_ZNSt7__cxx1112basic_stringIcSt11char_traitsIcESaIcEEC1ENS4_12__sv_wrapperERKS3_
FN:204,_ZNSt7__cxx1112basic_stringIcSt11char_traitsIcESaIcEE12_Alloc_hiderC1EPcRKS3_
FN:204,_ZNSt7__cxx1112basic_stringIwSt11char_traitsIwESaIwEE12_Alloc_hiderC1EPwRKS3_
FN:208,_ZNSt7__cxx1112basic_stringIcSt11char_traitsIcESaIcEE12_Alloc_hiderC1EPcOS3_
FN:228,_ZNSt7__cxx1112basic_stringIcSt11char_traitsIcESaIcEE7_M_dataEPc
FN:228,_ZNSt7__cxx1112basic_stringIwSt11char_traitsIwESaIwEE7_M_dataEPw
FN:233,_ZNSt7__cxx1112basic_stringIcSt11char_traitsIcESaIcEE9_M_lengthEy
FN:233,_ZNSt7__cxx1112basic_stringIwSt11char_traitsIwESaIwEE9_M_lengthEy
FN:238,_ZNKSt7__cxx1112basic_stringIDiSt11char_traitsIDiESaIDiEE7_M_dataEv
FN:238,_ZNKSt7__cxx1112basic_stringIDsSt11char_traitsIDsESaIDsEE7_M_dataEv
FN:238,_ZNKSt7__cxx1112basic_stringIcSt11char_traitsIcESaIcEE7_M_dataEv
FN:238,_ZNKSt7__cxx1112basic_stringIwSt11char_traitsIwESaIwEE7_M_dataEv
FN:243,_ZNSt7__cxx1112basic_stringIwSt11char_traitsIwESaIwEE13_M_local_dataEv
FN:243,_ZNSt7__cxx1112basic_stringIcSt11char_traitsIcESaIcEE13_M_local_dataEv
FN:254,_ZNKSt7__cxx1112basic_stringIwSt11char_traitsIwESaIwEE13_M_local_dataEv
FN:254,_ZNKSt7__cxx1112basic_stringIcSt11char_traitsIcESaIcEE13_M_local_dataEv
FN:265,_ZNSt7__cxx1112basic_stringIwSt11char_traitsIwESaIwEE11_M_capacityEy
FN:265,_ZNSt7__cxx1112basic_stringIcSt11char_traitsIcESaIcEE11_M_capacityEy
FN:270,_ZNSt7__cxx1112basic_stringIwSt11char_traitsIwESaIwEE13_M_set_lengthEy
FN:270,_ZNSt7__cxx1112basic_stringIcSt11char_traitsIcESaIcEE13_M_set_lengthEy
FN:278,_ZNKSt7__cxx1112basic_stringIwSt11char_traitsIwESaIwEE11_M_is_localEv
FN:278,_ZNKSt7__cxx1112basic_stringIcSt11char_traitsIcESaIcEE11_M_is_localEv
FN:296,_ZNSt7__cxx1112basic_stringIwSt11char_traitsIwESaIwEE10_M_disposeEv
FN:296,_ZNSt7__cxx1112basic_stringIcSt11char_traitsIcESaIcEE10_M_disposeEv
FN:304,_ZNSt7__cxx1112basic_stringIwSt11char_traitsIwESaIwEE10_M_destroyEy
FN:304,_ZNSt7__cxx1112basic_stringIcSt11char_traitsIcESaIcEE10_M_destroyEy
FN:359,_ZNSt7__cxx1112basic_stringIwSt11char_traitsIwESaIwEE16_M_get_allocatorEv
FN:359,_ZNSt7__cxx1112basic_stringIcSt11char_traitsIcESaIcEE16_M_get_allocatorEv
FN:364,_ZNKSt7__cxx1112basic_stringIDiSt11char_traitsIDiESaIDiEE16_M_get_allocatorEv
FN:364,_ZNKSt7__cxx1112basic_stringIDsSt11char_traitsIDsESaIDsEE16_M_get_allocatorEv
FN:364,_ZNKSt7__cxx1112basic_stringIwSt11char_traitsIwESaIwEE16_M_get_allocatorEv
FN:364,_ZNKSt7__cxx1112basic_stringIcSt11char_traitsIcESaIcEE16_M_get_allocatorEv
FN:409,_ZNKSt7__cxx1112basic_stringIcSt11char_traitsIcESaIcEE8_M_checkEyPKc
FN:420,_ZNKSt7__cxx1112basic_stringIcSt11char_traitsIcESaIcEE15_M_check_lengthEyyPKc
FN:430,_ZNKSt7__cxx1112basic_stringIcSt11char_traitsIcESaIcEE8_M_limitEyy
FN:438,_ZNKSt7__cxx1112basic_stringIcSt11char_traitsIcESaIcEE11_M_disjunctEPKc
FN:448,_ZNSt7__cxx1112basic_stringIcSt11char_traitsIcESaIcEE7_S_copyEPcPKcy
FN:448,_ZNSt7__cxx1112basic_stringIwSt11char_traitsIwESaIwEE7_S_copyEPwPKwy
FN:458,_ZNSt7__cxx1112basic_stringIcSt11char_traitsIcESaIcEE7_S_moveEPcPKcy
FN:468,_ZNSt7__cxx1112basic_stringIcSt11char_traitsIcESaIcEE9_S_assignEPcyc
FN:483,_ZNSt7__cxx1112basic_stringIwSt11char_traitsIwESaIwEE13_S_copy_charsIPKwEEvPwT_S9_
FN:483,_ZNSt7__cxx1112basic_stringIcSt11char_traitsIcESaIcEE13_S_copy_charsIPKcEEvPcT_S9_
FN:483,_ZNSt7__cxx1112basic_stringIcSt11char_traitsIcESaIcEE13_S_copy_charsIN9__gnu_cxx17__normal_iteratorIPKcS4_EEEEvPcT_SC_
FN:551,_ZNSt7__cxx1112basic_stringIcSt11char_traitsIcESaIcEE10_S_compareEyy
FN:585,_ZNSt7__cxx1112basic_stringIcSt11char_traitsIcESaIcEEC1Ev
FN:601,_ZNSt7__cxx1112basic_stringIcSt11char_traitsIcESaIcEEC1ERKS3_
FN:613,_ZNSt7__cxx1112basic_stringIcSt11char_traitsIcESaIcEEC1ERKS4_
FN:646,_ZNSt7__cxx1112basic_stringIcSt11char_traitsIcESaIcEEC1ERKS4_yy
FN:684,_ZNSt7__cxx1112basic_stringIcSt11char_traitsIcESaIcEEC1EPKcyRKS3_
FN:706,_ZNSt7__cxx1112basic_stringIwSt11char_traitsIwESaIwEEC1IS3_EEPKwRKS3_
FN:706,_ZNSt7__cxx1112basic_stringIcSt11char_traitsIcESaIcEEC1IS3_EEPKcRKS3_
FN:729,_ZNSt7__cxx1112basic_stringIcSt11char_traitsIcESaIcEEC1IS3_EEycRKS3_
FN:742,_ZNSt7__cxx1112basic_stringIcSt11char_traitsIcESaIcEEC1EOS4_
FN:852,_ZNSt7__cxx1112basic_stringIcSt11char_traitsIcESaIcEEC1IPKcvEET_S8_RKS3_
FN:852,_ZNSt7__cxx1112basic_stringIcSt11char_traitsIcESaIcEEC1IN9__gnu_cxx17__normal_iteratorIPKcS4_EEvEET_SB_RKS3_
FN:887,_ZNSt7__cxx1112basic_stringIcSt11char_traitsIcESaIcEEC1ISt17basic_string_viewIcS2_EvEERKT_RKS3_
FN:895,_ZNSt7__cxx1112basic_stringIwSt11char_traitsIwESaIwEED1Ev
FN:895,_ZNSt7__cxx1112basic_stringIcSt11char_traitsIcESaIcEED1Ev
FN:904,_ZNSt7__cxx1112basic_stringIcSt11char_traitsIcESaIcEEaSERKS4_
FN:915,_ZNSt7__cxx1112basic_stringIcSt11char_traitsIcESaIcEEaSEPKc
FN:945,_ZNSt7__cxx1112basic_stringIcSt11char_traitsIcESaIcEEaSEOS4_
FN:1036,_ZNKSt7__cxx1112basic_stringIcSt11char_traitsIcESaIcEEcvSt17basic_string_viewIcS2_EEv
FN:1047,_ZNSt7__cxx1112basic_stringIcSt11char_traitsIcESaIcEE5beginEv
FN:1056,_ZNKSt7__cxx1112basic_stringIcSt11char_traitsIcESaIcEE5beginEv
FN:1065,_ZNSt7__cxx1112basic_stringIcSt11char_traitsIcESaIcEE3endEv
FN:1074,_ZNKSt7__cxx1112basic_stringIcSt11char_traitsIcESaIcEE3endEv
FN:1124,_ZNKSt7__cxx1112basic_stringIcSt11char_traitsIcESaIcEE6cbeginEv
FN:1163,_ZNKSt7__cxx1112basic_stringIcSt11char_traitsIcESaIcEE4sizeEv
FN:1163,_ZNKSt7__cxx1112basic_stringIDiSt11char_traitsIDiESaIDiEE4sizeEv
FN:1163,_ZNKSt7__cxx1112basic_stringIDsSt11char_traitsIDsESaIDsEE4sizeEv
FN:1163,_ZNKSt7__cxx1112basic_stringIwSt11char_traitsIwESaIwEE4sizeEv
FN:1175,_ZNKSt7__cxx1112basic_stringIcSt11char_traitsIcESaIcEE6lengthEv
FN:1175,_ZNKSt7__cxx1112basic_stringIwSt11char_traitsIwESaIwEE6lengthEv
FN:1181,_ZNKSt7__cxx1112basic_stringIDsSt11char_traitsIDsESaIDsEE8max_sizeEv
FN:1181,_ZNKSt7__cxx1112basic_stringIDiSt11char_traitsIDiESaIDiEE8max_sizeEv
FN:1181,_ZNKSt7__cxx1112basic_stringIcSt11char_traitsIcESaIcEE8max_sizeEv
FN:1181,_ZNKSt7__cxx1112basic_stringIwSt11char_traitsIwESaIwEE8max_sizeEv
FN:1277,_ZNKSt7__cxx1112basic_stringIcSt11char_traitsIcESaIcEE8capacityEv
FN:1322,_ZNSt7__cxx1112basic_stringIcSt11char_traitsIcESaIcEE5clearEv
FN:1331,_ZNKSt7__cxx1112basic_stringIcSt11char_traitsIcESaIcEE5emptyEv
FN:1347,_ZNKSt7__cxx1112basic_stringIcSt11char_traitsIcESaIcEEixEy
FN:1365,_ZNSt7__cxx1112basic_stringIcSt11char_traitsIcESaIcEEixEy
FN:1426,_ZNSt7__cxx1112basic_stringIcSt11char_traitsIcESaIcEE5frontEv
FN:1450,_ZNSt7__cxx1112basic_stringIcSt11char_traitsIcESaIcEE4backEv
FN:1477,_ZNSt7__cxx1112basic_stringIcSt11char_traitsIcESaIcEEpLERKS4_
FN:1487,_ZNSt7__cxx1112basic_stringIcSt11char_traitsIcESaIcEEpLEPKc
FN:1497,_ZNSt7__cxx1112basic_stringIcSt11char_traitsIcESaIcEEpLEc
FN:1535,_ZNSt7__cxx1112basic_stringIcSt11char_traitsIcESaIcEE6appendERKS4_
FN:1566,_ZNSt7__cxx1112basic_stringIcSt11char_traitsIcESaIcEE6appendEPKcy
FN:1580,_ZNSt7__cxx1112basic_stringIcSt11char_traitsIcESaIcEE6appendEPKc
FN:1598,_ZNSt7__cxx1112basic_stringIcSt11char_traitsIcESaIcEE6appendEyc
FN:1724,_ZNSt7__cxx1112basic_stringIcSt11char_traitsIcESaIcEE9push_backEc
FN:1740,_ZNSt7__cxx1112basic_stringIcSt11char_traitsIcESaIcEE6assignERKS4_
FN:1844,_ZNSt7__cxx1112basic_stringIcSt11char_traitsIcESaIcEE6assignEPKc
FN:2148,_ZNSt7__cxx1112basic_stringIcSt11char_traitsIcESaIcEE6insertEyRKS4_
FN:2216,_ZNSt7__cxx1112basic_stringIcSt11char_traitsIcESaIcEE6insertEyPKc
FN:2343,_ZNSt7__cxx1112basic_stringIcSt11char_traitsIcESaIcEE5eraseEN9__gnu_cxx17__normal_iteratorIPKcS4_EE
FN:2363,_ZNSt7__cxx1112basic_stringIcSt11char_traitsIcESaIcEE5eraseEN9__gnu_cxx17__normal_iteratorIPKcS4_EES9_
FN:2383,_ZNSt7__cxx1112basic_stringIcSt11char_traitsIcESaIcEE8pop_backEv
FN:2458,_ZNSt7__cxx1112basic_stringIcSt11char_traitsIcESaIcEE7replaceEyyPKcy
FN:2873,_ZNKSt7__cxx1112basic_stringIwSt11char_traitsIwESaIwEE5c_strEv
FN:2873,_ZNKSt7__cxx1112basic_stringIcSt11char_traitsIcESaIcEE5c_strEv
FN:2886,_ZNKSt7__cxx1112basic_stringIDsSt11char_traitsIDsESaIDsEE4dataEv
FN:2886,_ZNKSt7__cxx1112basic_stringIcSt11char_traitsIcESaIcEE4dataEv
FN:2886,_ZNKSt7__cxx1112basic_stringIDiSt11char_traitsIDiESaIDiEE4dataEv
FN:2886,_ZNKSt7__cxx1112basic_stringIwSt11char_traitsIwESaIwEE4dataEv
FN:2907,_ZNKSt7__cxx1112basic_stringIcSt11char_traitsIcESaIcEE13get_allocatorEv
FN:2939,_ZNKSt7__cxx1112basic_stringIwSt11char_traitsIwESaIwEE4findERKS4_y
FN:2939,_ZNKSt7__cxx1112basic_stringIcSt11char_traitsIcESaIcEE4findERKS4_y
FN:2973,_ZNKSt7__cxx1112basic_stringIcSt11char_traitsIcESaIcEE4findEPKcy
FN:3441,_ZNKSt7__cxx1112basic_stringIcSt11char_traitsIcESaIcEE6substrEyy
FN:3461,_ZNKSt7__cxx1112basic_stringIcSt11char_traitsIcESaIcEE7compareERKS4_
FN:3815,_ZSt12__str_concatINSt7__cxx1112basic_stringIcSt11char_traitsIcESaIcEEEET_PKNS6_10value_typeENS6_9size_typeES9_SA_RKNS6_14allocator_typeE
FN:3858,_ZStplIcSt11char_traitsIcESaIcEENSt7__cxx1112basic_stringIT_T0_T1_EEPKS5_RKS8_
FN:3894,_ZStplIcSt11char_traitsIcESaIcEENSt7__cxx1112basic_stringIT_T0_T1_EERKS8_PKS5_
FN:3912,_ZStplIcSt11char_traitsIcESaIcEENSt7__cxx1112basic_stringIT_T0_T1_EERKS8_S5_
FN:3924,_ZStplIcSt11char_traitsIcESaIcEENSt7__cxx1112basic_stringIT_T0_T1_EEOS8_RKS8_
FN:3938,_ZStplIcSt11char_traitsIcESaIcEENSt7__cxx1112basic_stringIT_T0_T1_EEOS8_S9_
FN:3961,_ZStplIcSt11char_traitsIcESaIcEENSt7__cxx1112basic_stringIT_T0_T1_EEPKS5_OS8_
FN:3975,_ZStplIcSt11char_traitsIcESaIcEENSt7__cxx1112basic_stringIT_T0_T1_EEOS8_PKS5_
FN:4045,_ZSteqIcSt11char_traitsIcESaIcEEbRKNSt7__cxx1112basic_stringIT_T0_T1_EESA_
FN:4062,_ZSteqIcSt11char_traitsIcESaIcEEbRKNSt7__cxx1112basic_stringIT_T0_T1_EEPKS5_
FN:4109,_ZSteqIcSt11char_traitsIcESaIcEEbPKT_RKNSt7__cxx1112basic_stringIS3_T0_T1_EE
FN:4123,_ZStneIcSt11char_traitsIcESaIcEEbRKNSt7__cxx1112basic_stringIT_T0_T1_EESA_
FN:4150,_ZStneIcSt11char_traitsIcESaIcEEbRKNSt7__cxx1112basic_stringIT_T0_T1_EEPKS5_
FN:4164,_ZStltIcSt11char_traitsIcESaIcEEbRKNSt7__cxx1112basic_stringIT_T0_T1_EESA_
FN:4329,_ZSt4swapIcSt11char_traitsIcESaIcEEvRNSt7__cxx1112basic_stringIT_T0_T1_EES9_
FN:4911,_ZNKSt15__str_hash_baseIcSaIcENSt7__cxx1112basic_stringIcSt11char_traitsIcES0_EEEclERKS5_
FNDA:109,_ZNSt7__cxx1112basic_stringIcSt11char_traitsIcESaIcEE6assignEPKc
FNDA:0,_ZNSt7__cxx1112basic_stringIwSt11char_traitsIwESaIwEE13_S_copy_charsIPKwEEvPwT_S9_
FNDA:920,_ZNKSt7__cxx1112basic_stringIcSt11char_traitsIcESaIcEE13get_allocatorEv
FNDA:0,_ZNSt7__cxx1112basic_stringIcSt11char_traitsIcESaIcEE6insertEyRKS4_
FNDA:24,_ZStplIcSt11char_traitsIcESaIcEENSt7__cxx1112basic_stringIT_T0_T1_EEPKS5_RKS8_
FNDA:3936,_ZNKSt7__cxx1112basic_stringIcSt11char_traitsIcESaIcEE3endEv
FNDA:920,_ZSt12__str_concatINSt7__cxx1112basic_stringIcSt11char_traitsIcESaIcEEEET_PKNS6_10value_typeENS6_9size_typeES9_SA_RKNS6_14allocator_typeE
FNDA:0,_ZNKSt7__cxx1112basic_stringIwSt11char_traitsIwESaIwEE16_M_get_allocatorEv
FNDA:37841,_ZNSt7__cxx1112basic_stringIcSt11char_traitsIcESaIcEE7_S_copyEPcPKcy
FNDA:0,_ZNKSt7__cxx1112basic_stringIDiSt11char_traitsIDiESaIDiEE7_M_dataEv
FNDA:0,_ZNSt7__cxx1112basic_stringIcSt11char_traitsIcESaIcEEC1IPKcvEET_S8_RKS3_
FNDA:0,_ZNKSt7__cxx1112basic_stringIDsSt11char_traitsIDsESaIDsEE4dataEv
FNDA:754,_ZNSt7__cxx1112basic_stringIcSt11char_traitsIcESaIcEEaSERKS4_
FNDA:7157,_ZNKSt15__str_hash_baseIcSaIcENSt7__cxx1112basic_stringIcSt11char_traitsIcES0_EEEclERKS5_
FNDA:0,_ZSt4swapIcSt11char_traitsIcESaIcEEvRNSt7__cxx1112basic_stringIT_T0_T1_EES9_
FNDA:0,_ZNKSt7__cxx1112basic_stringIwSt11char_traitsIwESaIwEE4findERKS4_y
FNDA:0,_ZNKSt7__cxx1112basic_stringIDsSt11char_traitsIDsESaIDsEE16_M_get_allocatorEv
FNDA:5527,_ZNSt7__cxx1112basic_stringIcSt11char_traitsIcESaIcEE3endEv
FNDA:144476,_ZNSt7__cxx1112basic_stringIcSt11char_traitsIcESaIcEEpLEc
FNDA:1278,_ZNKSt7__cxx1112basic_stringIcSt11char_traitsIcESaIcEE4findERKS4_y
FNDA:222517,_ZNKSt7__cxx1112basic_stringIcSt11char_traitsIcESaIcEE4sizeEv
FNDA:0,_ZNSt7__cxx1112basic_stringIcSt11char_traitsIcESaIcEE7replaceEyyPKcy
FNDA:0,_ZNKSt7__cxx1112basic_stringIDiSt11char_traitsIDiESaIDiEE16_M_get_allocatorEv
FNDA:902,_ZNSt7__cxx1112basic_stringIcSt11char_traitsIcESaIcEE6appendERKS4_
FNDA:0,_ZNKSt7__cxx1112basic_stringIcSt11char_traitsIcESaIcEE11_M_disjunctEPKc
FNDA:3891,_ZNKSt7__cxx1112basic_stringIcSt11char_traitsIcESaIcEE5emptyEv
FNDA:264,_ZNSt7__cxx1112basic_stringIcSt11char_traitsIcESaIcEE4backEv
FNDA:893,_ZStplIcSt11char_traitsIcESaIcEENSt7__cxx1112basic_stringIT_T0_T1_EEOS8_RKS8_
FNDA:11708,_ZNSt7__cxx1112basic_stringIcSt11char_traitsIcESaIcEEC1ERKS4_
FNDA:1742,_ZNKSt7__cxx1112basic_stringIcSt11char_traitsIcESaIcEE8_M_checkEyPKc
FNDA:0,_ZNSt7__cxx1112basic_stringIwSt11char_traitsIwESaIwEE13_M_local_dataEv
FNDA:0,_ZNSt7__cxx1112basic_stringIwSt11char_traitsIwESaIwEE12_Alloc_hiderC1EPwRKS3_
FNDA:0,_ZNKSt7__cxx1112basic_stringIwSt11char_traitsIwESaIwEE5c_strEv
FNDA:0,_ZSteqIcSt11char_traitsIcESaIcEEbPKT_RKNSt7__cxx1112basic_stringIS3_T0_T1_EE
FNDA:0,_ZNKSt7__cxx1112basic_stringIDiSt11char_traitsIDiESaIDiEE8max_sizeEv
FNDA:16409,_ZNSt7__cxx1112basic_stringIcSt11char_traitsIcESaIcEE13_S_copy_charsIPKcEEvPcT_S9_
FNDA:2077,_ZStplIcSt11char_traitsIcESaIcEENSt7__cxx1112basic_stringIT_T0_T1_EERKS8_PKS5_
FNDA:6693,_ZStltIcSt11char_traitsIcESaIcEEbRKNSt7__cxx1112basic_stringIT_T0_T1_EESA_
FNDA:3280,_ZNSt7__cxx1112basic_stringIcSt11char_traitsIcESaIcEEC1Ev
FNDA:9,_ZStplIcSt11char_traitsIcESaIcEENSt7__cxx1112basic_stringIT_T0_T1_EEOS8_S9_
FNDA:650,_ZNSt7__cxx1112basic_stringIcSt11char_traitsIcESaIcEE5beginEv
FNDA:0,_ZNSt7__cxx1112basic_stringIwSt11char_traitsIwESaIwEEC1IS3_EEPKwRKS3_
FNDA:130412,_ZNKSt7__cxx1112basic_stringIcSt11char_traitsIcESaIcEE11_M_is_localEv
FNDA:2071,_ZNSt7__cxx1112basic_stringIcSt11char_traitsIcESaIcEEC1IN9__gnu_cxx17__normal_iteratorIPKcS4_EEvEET_SB_RKS3_
FNDA:17331,_ZNSt7__cxx1112basic_stringIcSt11char_traitsIcESaIcEE11_M_capacityEy
FNDA:0,_ZNSt7__cxx1112basic_stringIcSt11char_traitsIcESaIcEE5eraseEN9__gnu_cxx17__normal_iteratorIPKcS4_EE
FNDA:0,_ZNKSt7__cxx1112basic_stringIwSt11char_traitsIwESaIwEE11_M_is_localEv
FNDA:754,_ZNSt7__cxx1112basic_stringIcSt11char_traitsIcESaIcEE6assignERKS4_
FNDA:22,_ZNSt7__cxx1112basic_stringIcSt11char_traitsIcESaIcEE5frontEv
FNDA:58432,_ZNKSt7__cxx1112basic_stringIcSt11char_traitsIcESaIcEE6lengthEv
FNDA:17430,_ZNSt7__cxx1112basic_stringIcSt11char_traitsIcESaIcEE12_Alloc_hiderC1EPcRKS3_
FNDA:72452,_ZNSt7__cxx1112basic_stringIcSt11char_traitsIcESaIcEE9push_backEc
FNDA:871,_ZNKSt7__cxx1112basic_stringIcSt11char_traitsIcESaIcEE8_M_limitEyy
FNDA:127286,_ZNSt7__cxx1112basic_stringIcSt11char_traitsIcESaIcEE9_M_lengthEy
FNDA:1251,_ZSteqIcSt11char_traitsIcESaIcEEbRKNSt7__cxx1112basic_stringIT_T0_T1_EESA_
FNDA:13005,_ZNKSt7__cxx1112basic_stringIcSt11char_traitsIcESaIcEE4dataEv
FNDA:6693,_ZNKSt7__cxx1112basic_stringIcSt11char_traitsIcESaIcEE7compareERKS4_
FNDA:363,_ZSteqIcSt11char_traitsIcESaIcEEbRKNSt7__cxx1112basic_stringIT_T0_T1_EEPKS5_
FNDA:0,_ZNSt7__cxx1112basic_stringIwSt11char_traitsIwESaIwEE13_M_set_lengthEy
FNDA:0,_ZNKSt7__cxx1112basic_stringIDsSt11char_traitsIDsESaIDsEE8max_sizeEv
FNDA:237,_ZNSt7__cxx1112basic_stringIcSt11char_traitsIcESaIcEE9_S_assignEPcyc
FNDA:0,_ZNSt7__cxx1112basic_stringIwSt11char_traitsIwESaIwEE11_M_capacityEy
FNDA:3948,_ZNKSt7__cxx1112basic_stringIcSt11char_traitsIcESaIcEE5beginEv
FNDA:0,_ZNKSt7__cxx1112basic_stringIwSt11char_traitsIwESaIwEE4dataEv
FNDA:871,_ZNSt7__cxx1112basic_stringIcSt11char_traitsIcESaIcEEC1ERKS4_yy
FNDA:127,_ZNKSt7__cxx1112basic_stringIcSt11char_traitsIcESaIcEE6cbeginEv
FNDA:24015,_ZNSt7__cxx1112basic_stringIcSt11char_traitsIcESaIcEE12_Alloc_hiderC1EPcOS3_
FNDA:0,_ZNSt7__cxx1112basic_stringIwSt11char_traitsIwESaIwEE11_S_allocateERS3_y
FNDA:325722,_ZNKSt7__cxx1112basic_stringIcSt11char_traitsIcESaIcEE8max_sizeEv
FNDA:0,_ZNSt7__cxx1112basic_stringIcSt11char_traitsIcESaIcEEC1ENS4_12__sv_wrapperERKS3_
FNDA:0,_ZNKSt7__cxx1112basic_stringIDsSt11char_traitsIDsESaIDsEE7_M_dataEv
FNDA:0,_ZNKSt7__cxx1112basic_stringIwSt11char_traitsIwESaIwEE13_M_local_dataEv
FNDA:237,_ZNSt7__cxx1112basic_stringIcSt11char_traitsIcESaIcEEC1IS3_EEycRKS3_
FNDA:0,_ZNSt7__cxx1112basic_stringIcSt11char_traitsIcESaIcEE17_S_to_string_viewESt17basic_string_viewIcS2_E
FNDA:0,_ZNSt7__cxx1112basic_stringIwSt11char_traitsIwESaIwEE7_S_copyEPwPKwy
FNDA:35377,_ZNSt7__cxx1112basic_stringIcSt11char_traitsIcESaIcEED1Ev
FNDA:2071,_ZNSt7__cxx1112basic_stringIcSt11char_traitsIcESaIcEE13_S_copy_charsIN9__gnu_cxx17__normal_iteratorIPKcS4_EEEEvPcT_SC_
FNDA:25488,_ZNSt7__cxx1112basic_stringIcSt11char_traitsIcESaIcEE7_M_dataEPc
FNDA:0,_ZNSt7__cxx1112basic_stringIcSt11char_traitsIcESaIcEE12__sv_wrapperC1ESt17basic_string_viewIcS2_E
FNDA:0,_ZNKSt7__cxx1112basic_stringIDiSt11char_traitsIDiESaIDiEE4dataEv
FNDA:23,_ZNSt7__cxx1112basic_stringIcSt11char_traitsIcESaIcEE5clearEv
FNDA:0,_ZStplIcSt11char_traitsIcESaIcEENSt7__cxx1112basic_stringIT_T0_T1_EEPKS5_OS8_
FNDA:127,_ZNSt7__cxx1112basic_stringIcSt11char_traitsIcESaIcEE5eraseEN9__gnu_cxx17__normal_iteratorIPKcS4_EES9_
FNDA:0,_ZNSt7__cxx1112basic_stringIwSt11char_traitsIwESaIwEE10_M_destroyEy
FNDA:2,_ZStneIcSt11char_traitsIcESaIcEEbRKNSt7__cxx1112basic_stringIT_T0_T1_EESA_
FNDA:109,_ZNSt7__cxx1112basic_stringIcSt11char_traitsIcESaIcEEaSEPKc
FNDA:24,_ZNKSt7__cxx1112basic_stringIcSt11char_traitsIcESaIcEE4findEPKcy
FNDA:0,_ZNSt7__cxx1112basic_stringIwSt11char_traitsIwESaIwEED1Ev
FNDA:1842,_ZNSt7__cxx1112basic_stringIcSt11char_traitsIcESaIcEE10_S_compareEyy
FNDA:0,_ZNKSt7__cxx1112basic_stringIDiSt11char_traitsIDiESaIDiEE4sizeEv
FNDA:40,_ZStneIcSt11char_traitsIcESaIcEEbRKNSt7__cxx1112basic_stringIT_T0_T1_EEPKS5_
FNDA:0,_ZNSt7__cxx1112basic_stringIwSt11char_traitsIwESaIwEE16_M_get_allocatorEv
FNDA:18,_ZNSt7__cxx1112basic_stringIcSt11char_traitsIcESaIcEEC1EPKcyRKS3_
FNDA:871,_ZNKSt7__cxx1112basic_stringIcSt11char_traitsIcESaIcEE6substrEyy
FNDA:0,_ZNSt7__cxx1112basic_stringIcSt11char_traitsIcESaIcEE6appendEyc
FNDA:39626,_ZNSt7__cxx1112basic_stringIcSt11char_traitsIcESaIcEE10_M_disposeEv
FNDA:0,_ZNSt7__cxx1112basic_stringIcSt11char_traitsIcESaIcEE6insertEyPKc
FNDA:0,_ZStplIcSt11char_traitsIcESaIcEENSt7__cxx1112basic_stringIT_T0_T1_EERKS8_S5_
FNDA:0,_ZNSt7__cxx1112basic_stringIcSt11char_traitsIcESaIcEEpLERKS4_
FNDA:2742,_ZNSt7__cxx1112basic_stringIcSt11char_traitsIcESaIcEE6appendEPKcy
FNDA:14581,_ZNSt7__cxx1112basic_stringIcSt11char_traitsIcESaIcEE11_S_allocateERS3_y
FNDA:23602,_ZNSt7__cxx1112basic_stringIcSt11char_traitsIcESaIcEEixEy
FNDA:1565,_ZStplIcSt11char_traitsIcESaIcEENSt7__cxx1112basic_stringIT_T0_T1_EEOS8_PKS5_
FNDA:1,_ZNSt7__cxx1112basic_stringIcSt11char_traitsIcESaIcEEaSEOS4_
FNDA:130412,_ZNKSt7__cxx1112basic_stringIcSt11char_traitsIcESaIcEE13_M_local_dataEv
FNDA:338350,_ZNKSt7__cxx1112basic_stringIcSt11char_traitsIcESaIcEE16_M_get_allocatorEv
FNDA:0,_ZNKSt7__cxx1112basic_stringIwSt11char_traitsIwESaIwEE4sizeEv
FNDA:1565,_ZNSt7__cxx1112basic_stringIcSt11char_traitsIcESaIcEE6appendEPKc
FNDA:48,_ZNSt7__cxx1112basic_stringIcSt11char_traitsIcESaIcEE8pop_backEv
FNDA:0,_ZNKSt7__cxx1112basic_stringIwSt11char_traitsIwESaIwEE7_M_dataEv
FNDA:0,_ZNSt7__cxx1112basic_stringIwSt11char_traitsIwESaIwEE9_M_lengthEy
FNDA:0,_ZNSt7__cxx1112basic_stringIcSt11char_traitsIcESaIcEEpLEPKc
FNDA:0,_ZNSt7__cxx1112basic_stringIwSt11char_traitsIwESaIwEE10_M_disposeEv
FNDA:15532,_ZNSt7__cxx1112basic_stringIcSt11char_traitsIcESaIcEEC1IS3_EEPKcRKS3_
FNDA:0,_ZNSt7__cxx1112basic_stringIcSt11char_traitsIcESaIcEE7_S_moveEPcPKcy
FNDA:0,_ZNKSt7__cxx1112basic_stringIDsSt11char_traitsIDsESaIDsEE4sizeEv
FNDA:4354,_ZNKSt7__cxx1112basic_stringIcSt11char_traitsIcESaIcEE15_M_check_lengthEyyPKc
FNDA:0,_ZNSt7__cxx1112basic_stringIcSt11char_traitsIcESaIcEEC1ISt17basic_string_viewIcS2_EvEERKT_RKS3_
FNDA:474261,_ZNKSt7__cxx1112basic_stringIcSt11char_traitsIcESaIcEE7_M_dataEv
FNDA:0,_ZNSt7__cxx1112basic_stringIwSt11char_traitsIwESaIwEE7_M_dataEPw
FNDA:44416,_ZNKSt7__cxx1112basic_stringIcSt11char_traitsIcESaIcEE5c_strEv
FNDA:0,_ZNKSt7__cxx1112basic_stringIwSt11char_traitsIwESaIwEE6lengthEv
FNDA:7503,_ZNKSt7__cxx1112basic_stringIcSt11char_traitsIcESaIcEEixEy
FNDA:8156,_ZNSt7__cxx1112basic_stringIcSt11char_traitsIcESaIcEEC1EOS4_
FNDA:36191,_ZNSt7__cxx1112basic_stringIcSt11char_traitsIcESaIcEE16_M_get_allocatorEv
FNDA:107421,_ZNSt7__cxx1112basic_stringIcSt11char_traitsIcESaIcEE13_M_set_lengthEy
FNDA:920,_ZNSt7__cxx1112basic_stringIcSt11char_traitsIcESaIcEEC1ERKS3_
FNDA:13452,_ZNSt7__cxx1112basic_stringIcSt11char_traitsIcESaIcEE10_M_destroyEy
FNDA:0,_ZNKSt7__cxx1112basic_stringIcSt11char_traitsIcESaIcEEcvSt17basic_string_viewIcS2_EEv
FNDA:82627,_ZNKSt7__cxx1112basic_stringIcSt11char_traitsIcESaIcEE8capacityEv
FNDA:49602,_ZNSt7__cxx1112basic_stringIcSt11char_traitsIcESaIcEE13_M_local_dataEv
FNDA:0,_ZNKSt7__cxx1112basic_stringIwSt11char_traitsIwESaIwEE8max_sizeEv
FNF:132
FNH:79
DA:140,14581
DA:142,14581
DA:152,14581
DA:169,0
DA:170,0
DA:179,0
DA:192,0
DA:193,0
DA:204,17430
DA:205,17430
DA:208,24015
DA:209,24015
DA:228,25488
DA:229,25488
DA:233,127286
DA:234,127286
DA:238,474261
DA:239,474261
DA:243,49602
DA:246,49602
DA:254,130412
DA:257,130412
DA:265,17331
DA:266,17331
DA:270,107421
DA:272,107421
DA:273,107421
DA:274,107421
DA:278,130412
DA:280,130412
DA:282,40638
DA:283,0
DA:284,40638
DA:286,89774
DA:296,39626
DA:298,39626
DA:299,13452
DA:300,39626
DA:304,13452
DA:305,13452
DA:359,36191
DA:360,36191
DA:364,338350
DA:365,338350
DA:378,25242
DA:388,8157
DA:409,1742
DA:411,1742
DA:412,0
DA:415,1742
DA:420,4354
DA:422,4354
DA:423,0
DA:424,4354
DA:430,871
DA:432,871
DA:433,871
DA:438,0
DA:440,0
DA:441,0
DA:448,37841
DA:450,37841
DA:451,4126
DA:453,33715
DA:454,37841
DA:458,0
DA:460,0
DA:461,0
DA:463,0
DA:464,0
DA:468,237
DA:470,237
DA:471,0
DA:473,237
DA:474,237
DA:483,18480
DA:489,36960
DA:506,18480
DA:551,1842
DA:553,1842
DA:555,1842
DA:556,0
DA:557,1842
DA:558,0
DA:560,1842
DA:585,3280
DA:590,9840
DA:593,3280
DA:594,3280
DA:601,920
DA:602,920
DA:605,920
DA:606,920
DA:613,11708
DA:614,11708
DA:615,11708
DA:617,11708
DA:618,11708
DA:646,871
DA:648,1742
DA:650,871
DA:651,871
DA:652,871
DA:654,871
DA:684,18
DA:686,18
DA:689,18
DA:690,0
DA:692,18
DA:693,18
DA:706,15532
DA:707,15532
DA:710,15532
DA:711,0
DA:713,15532
DA:714,15532
DA:715,15532
DA:729,237
DA:730,237
DA:731,237
DA:742,8156
DA:743,16312
DA:745,8156
DA:748,5407
DA:749,5407
DA:753,2749
DA:754,2749
DA:760,8156
DA:761,8156
DA:762,8156
DA:763,8156
DA:852,2071
DA:854,2071
DA:857,2071
DA:862,2071
DA:887,0
DA:888,0
DA:895,35377
DA:896,35377
DA:904,754
DA:906,754
DA:915,109
DA:916,109
DA:945,1
DA:948,1
DA:950,1
DA:951,1
DA:954,0
DA:955,0
DA:956,0
DA:959,1
DA:961,1
DA:966,0
DA:968,0
DA:969,0
DA:970,0
DA:973,1
DA:976,1
DA:978,1
DA:983,0
DA:984,0
DA:990,1
DA:991,1
DA:992,1
DA:993,1
DA:995,0
DA:996,0
DA:999,1
DA:1002,0
DA:1003,1
DA:1004,1
DA:1036,0
DA:1037,0
DA:1047,650
DA:1048,650
DA:1056,3948
DA:1057,3948
DA:1065,5527
DA:1066,5527
DA:1074,3936
DA:1075,3936
DA:1124,127
DA:1125,127
DA:1163,222517
DA:1165,222517
DA:1166,222517
DA:1167,0
DA:1168,222517
DA:1175,58432
DA:1176,58432
DA:1181,325722
DA:1183,325722
DA:1185,325722
DA:1186,325722
DA:1277,82627
DA:1279,82627
DA:1281,82627
DA:1282,0
DA:1283,82627
DA:1322,23
DA:1323,23
DA:1331,3891
DA:1332,3891
DA:1347,7503
DA:1349,7503
DA:1350,7503
DA:1365,23602
DA:1369,23602
DA:1372,23602
DA:1426,22
DA:1428,22
DA:1429,22
DA:1450,264
DA:1452,264
DA:1453,264
DA:1477,0
DA:1478,0
DA:1487,0
DA:1488,0
DA:1497,144476
DA:1499,144476
DA:1500,144476
DA:1535,902
DA:1536,902
DA:1566,2742
DA:1569,2742
DA:1570,2742
DA:1580,1565
DA:1583,1565
DA:1584,1565
DA:1585,1565
DA:1598,0
DA:1599,0
DA:1724,72452
DA:1726,72452
DA:1727,72452
DA:1728,36
DA:1729,72452
DA:1730,72452
DA:1731,72452
DA:1740,754
DA:1743,754
DA:1745,0
DA:1746,0
DA:1750,0
DA:1752,0
DA:1753,0
DA:1754,0
DA:1758,0
DA:1759,0
DA:1761,0
DA:1762,0
DA:1763,0
DA:1764,0
DA:1765,0
DA:1768,0
DA:1771,754
DA:1772,754
DA:1844,109
DA:1847,109
DA:1848,109
DA:2148,0
DA:2149,0
DA:2150,0
DA:2216,0
DA:2219,0
DA:2220,0
DA:2343,0
DA:2347,0
DA:2348,0
DA:2349,0
DA:2363,127
DA:2367,127
DA:2368,254
DA:2369,127
DA:2371,0
DA:2372,127
DA:2383,48
DA:2385,48
DA:2386,48
DA:2387,48
DA:2458,0
DA:2462,0
DA:2463,0
DA:2873,44416
DA:2874,44416
DA:2886,13005
DA:2887,13005
DA:2907,920
DA:2908,1840
DA:2939,1278
DA:2941,1278
DA:2973,24
DA:2976,24
DA:3441,871
DA:3443,871
DA:3461,6693
DA:3463,6693
DA:3464,6693
DA:3465,6693
DA:3467,6693
DA:3468,6693
DA:3469,1842
DA:3470,6693
DA:3815,920
DA:3823,920
DA:3824,920
DA:3825,920
DA:3826,920
DA:3827,920
DA:3828,0
DA:3858,24
DA:3865,48
DA:3894,2077
DA:3901,4154
DA:3912,0
DA:3917,0
DA:3924,893
DA:3926,1786
DA:3938,9
DA:3943,9
DA:3945,9
DA:3948,9
DA:3951,9
DA:3952,9
DA:3953,0
DA:3955,18
DA:3961,0
DA:3963,0
DA:3975,1565
DA:3977,3130
DA:4045,1251
DA:4049,1251
DA:4050,1251
DA:4062,363
DA:4065,363
DA:4066,363
DA:4109,0
DA:4111,0
DA:4123,2
DA:4126,2
DA:4150,40
DA:4152,40
DA:4164,6693
DA:4167,6693
DA:4329,0
DA:4332,0
DA:4911,7157
DA:4912,7157
LF:349
LH:266
end_of_record
TN:
SF:C:\mingw64\include\c++\15.2.0\bits\basic_string.tcc
FN:64,_ZNSt7__cxx1112basic_stringIcSt11char_traitsIcESaIcEE4swapERS4_
FN:143,_ZNSt7__cxx1112basic_stringIcSt11char_traitsIcESaIcEE9_M_createERyy
FN:143,_ZNSt7__cxx1112basic_stringIwSt11char_traitsIwESaIwEE9_M_createERyy
FN:227,_ZNSt7__cxx1112basic_stringIcSt11char_traitsIcESaIcEE12_M_constructIN9__gnu_cxx17__normal_iteratorIPKcS4_EEEEvT_SB_St20forward_iterator_tag
FN:227,_ZNSt7__cxx1112basic_stringIwSt11char_traitsIwESaIwEE12_M_constructIPKwEEvT_S8_St20forward_iterator_tag
FN:227,_ZNSt7__cxx1112basic_stringIcSt11char_traitsIcESaIcEE12_M_constructIPKcEEvT_S8_St20forward_iterator_tag
FN:245,_ZZNSt7__cxx1112basic_stringIcSt11char_traitsIcESaIcEE12_M_constructIPKcEEvT_S8_St20forward_iterator_tagEN6_GuardC1EPS4_
FN:245,_ZZNSt7__cxx1112basic_stringIcSt11char_traitsIcESaIcEE12_M_constructIN9__gnu_cxx17__normal_iteratorIPKcS4_EEEEvT_SB_St20forward_iterator_tagEN6_GuardC1EPS4_
FN:245,_ZZNSt7__cxx1112basic_stringIwSt11char_traitsIwESaIwEE12_M_constructIPKwEEvT_S8_St20forward_iterator_tagEN6_GuardC1EPS4_
FN:248,_ZZNSt7__cxx1112basic_stringIwSt11char_traitsIwESaIwEE12_M_constructIPKwEEvT_S8_St20forward_iterator_tagEN6_GuardD1Ev
FN:248,_ZZNSt7__cxx1112basic_stringIcSt11char_traitsIcESaIcEE12_M_constructIN9__gnu_cxx17__normal_iteratorIPKcS4_EEEEvT_SB_St20forward_iterator_tagEN6_GuardD1Ev
FN:248,_ZZNSt7__cxx1112basic_stringIcSt11char_traitsIcESaIcEE12_M_constructIPKcEEvT_S8_St20forward_iterator_tagEN6_GuardD1Ev
FN:263,_ZNSt7__cxx1112basic_stringIcSt11char_traitsIcESaIcEE12_M_constructEyc
FN:286,_ZNSt7__cxx1112basic_stringIcSt11char_traitsIcESaIcEE12_M_constructILb1EEEvPKcy
FN:308,_ZNSt7__cxx1112basic_stringIcSt11char_traitsIcESaIcEE9_M_assignERKS4_
FN:335,_ZNSt7__cxx1112basic_stringIcSt11char_traitsIcESaIcEE7reserveEy
FN:356,_ZNSt7__cxx1112basic_stringIcSt11char_traitsIcESaIcEE9_M_mutateEyyPKcy
FN:381,_ZNSt7__cxx1112basic_stringIcSt11char_traitsIcESaIcEE8_M_eraseEyy
FN:444,_ZNSt7__cxx1112basic_stringIcSt11char_traitsIcESaIcEE9_M_appendEPKcy
FN:481,_ZNSt7__cxx1112basic_stringIcSt11char_traitsIcESaIcEE14_M_replace_auxEyyyc
FN:510,_ZNSt7__cxx1112basic_stringIcSt11char_traitsIcESaIcEE15_M_replace_coldEPcyPKcyy
FN:542,_ZNSt7__cxx1112basic_stringIcSt11char_traitsIcESaIcEE10_M_replaceEyyPKcy
FN:657,_ZNKSt7__cxx1112basic_stringIcSt11char_traitsIcESaIcEE4findEPKcyy
FN:657,_ZNKSt7__cxx1112basic_stringIwSt11char_traitsIwESaIwEE4findEPKwyy
FN:694,_ZNKSt7__cxx1112basic_stringIcSt11char_traitsIcESaIcEE4findEcy
FNDA:16409,_ZZNSt7__cxx1112basic_stringIcSt11char_traitsIcESaIcEE12_M_constructIPKcEEvT_S8_St20forward_iterator_tagEN6_GuardD1Ev
FNDA:1302,_ZNKSt7__cxx1112basic_stringIcSt11char_traitsIcESaIcEE4findEPKcyy
FNDA:4307,_ZNSt7__cxx1112basic_stringIcSt11char_traitsIcESaIcEE9_M_appendEPKcy
FNDA:0,_ZNKSt7__cxx1112basic_stringIwSt11char_traitsIwESaIwEE4findEPKwyy
FNDA:3705,_ZNSt7__cxx1112basic_stringIcSt11char_traitsIcESaIcEE7reserveEy
FNDA:16409,_ZNSt7__cxx1112basic_stringIcSt11char_traitsIcESaIcEE12_M_constructIPKcEEvT_S8_St20forward_iterator_tag
FNDA:47,_ZNSt7__cxx1112basic_stringIcSt11char_traitsIcESaIcEE10_M_replaceEyyPKcy
FNDA:0,_ZNSt7__cxx1112basic_stringIcSt11char_traitsIcESaIcEE15_M_replace_coldEPcyPKcyy
FNDA:14581,_ZNSt7__cxx1112basic_stringIcSt11char_traitsIcESaIcEE9_M_createERyy
FNDA:870,_ZNKSt7__cxx1112basic_stringIcSt11char_traitsIcESaIcEE4findEcy
FNDA:2071,_ZZNSt7__cxx1112basic_stringIcSt11char_traitsIcESaIcEE12_M_constructIN9__gnu_cxx17__normal_iteratorIPKcS4_EEEEvT_SB_St20forward_iterator_tagEN6_GuardC1EPS4_
FNDA:0,_ZZNSt7__cxx1112basic_stringIwSt11char_traitsIwESaIwEE12_M_constructIPKwEEvT_S8_St20forward_iterator_tagEN6_GuardC1EPS4_
FNDA:11708,_ZNSt7__cxx1112basic_stringIcSt11char_traitsIcESaIcEE12_M_constructILb1EEEvPKcy
FNDA:0,_ZZNSt7__cxx1112basic_stringIwSt11char_traitsIwESaIwEE12_M_constructIPKwEEvT_S8_St20forward_iterator_tagEN6_GuardD1Ev
FNDA:1344,_ZNSt7__cxx1112basic_stringIcSt11char_traitsIcESaIcEE9_M_mutateEyyPKcy
FNDA:16409,_ZZNSt7__cxx1112basic_stringIcSt11char_traitsIcESaIcEE12_M_constructIPKcEEvT_S8_St20forward_iterator_tagEN6_GuardC1EPS4_
FNDA:2071,_ZZNSt7__cxx1112basic_stringIcSt11char_traitsIcESaIcEE12_M_constructIN9__gnu_cxx17__normal_iteratorIPKcS4_EEEEvT_SB_St20forward_iterator_tagEN6_GuardD1Ev
FNDA:0,_ZNSt7__cxx1112basic_stringIcSt11char_traitsIcESaIcEE14_M_replace_auxEyyyc
FNDA:237,_ZNSt7__cxx1112basic_stringIcSt11char_traitsIcESaIcEE12_M_constructEyc
FNDA:2071,_ZNSt7__cxx1112basic_stringIcSt11char_traitsIcESaIcEE12_M_constructIN9__gnu_cxx17__normal_iteratorIPKcS4_EEEEvT_SB_St20forward_iterator_tag
FNDA:0,_ZNSt7__cxx1112basic_stringIcSt11char_traitsIcESaIcEE4swapERS4_
FNDA:0,_ZNSt7__cxx1112basic_stringIwSt11char_traitsIwESaIwEE9_M_createERyy
FNDA:48,_ZNSt7__cxx1112basic_stringIcSt11char_traitsIcESaIcEE8_M_eraseEyy
FNDA:754,_ZNSt7__cxx1112basic_stringIcSt11char_traitsIcESaIcEE9_M_assignERKS4_
FNDA:0,_ZNSt7__cxx1112basic_stringIwSt11char_traitsIwESaIwEE12_M_constructIPKwEEvT_S8_St20forward_iterator_tag
FNF:25
FNH:17
DA:64,0
DA:67,0
DA:68,0
DA:70,0
DA:72,0
DA:73,0
DA:75,0
DA:78,0
DA:79,0
DA:80,0
DA:81,0
DA:82,0
DA:83,0
DA:85,0
DA:88,0
DA:89,0
DA:90,0
DA:91,0
DA:92,0
DA:94,0
DA:97,0
DA:98,0
DA:99,0
DA:100,0
DA:101,0
DA:106,0
DA:108,0
DA:109,0
DA:110,0
DA:111,0
DA:112,0
DA:116,0
DA:117,0
DA:120,0
DA:121,0
DA:122,0
DA:123,0
DA:127,0
DA:128,0
DA:129,0
DA:130,0
DA:132,0
DA:135,0
DA:136,0
DA:137,0
DA:143,14581
DA:148,14581
DA:149,0
DA:154,14581
DA:156,1643
DA:158,1643
DA:159,0
DA:164,14581
DA:227,18480
DA:231,18480
DA:233,18480
DA:235,6941
DA:236,6941
DA:245,18480
DA:248,18480
DA:251,18480
DA:253,18480
DA:255,18480
DA:257,18480
DA:258,18480
DA:263,237
DA:266,237
DA:268,0
DA:269,0
DA:274,237
DA:275,237
DA:277,237
DA:278,237
DA:286,11708
DA:289,11708
DA:291,4569
DA:292,4569
DA:298,11708
DA:300,11708
DA:303,11708
DA:308,754
DA:311,754
DA:313,754
DA:314,754
DA:316,754
DA:318,149
DA:319,149
DA:320,149
DA:321,149
DA:322,149
DA:325,754
DA:326,424
DA:328,754
DA:330,754
DA:335,3705
DA:338,3705
DA:343,3705
DA:344,949
DA:346,2756
DA:347,2756
DA:348,2756
DA:349,2756
DA:350,2756
DA:356,1344
DA:360,1344
DA:362,1344
DA:363,1344
DA:365,1344
DA:366,1297
DA:367,1344
DA:368,1308
DA:369,1344
DA:370,0
DA:371,0
DA:373,1344
DA:374,1344
DA:375,1344
DA:376,1344
DA:381,48
DA:384,48
DA:386,48
DA:387,0
DA:389,48
DA:390,48
DA:444,4307
DA:447,4307
DA:449,4307
DA:451,3046
DA:452,3046
DA:455,1261
DA:457,4307
DA:458,4307
DA:481,0
DA:485,0
DA:487,0
DA:488,0
DA:490,0
DA:492,0
DA:494,0
DA:495,0
DA:496,0
DA:499,0
DA:501,0
DA:502,0
DA:504,0
DA:505,0
DA:510,0
DA:515,0
DA:516,0
DA:517,0
DA:518,0
DA:519,0
DA:521,0
DA:522,0
DA:523,0
DA:527,0
DA:528,0
DA:532,0
DA:533,0
DA:534,0
DA:537,0
DA:542,47
DA:546,47
DA:548,47
DA:549,47
DA:551,47
DA:553,0
DA:555,0
DA:568,0
DA:570,0
DA:571,0
DA:572,0
DA:573,0
DA:576,0
DA:579,47
DA:581,47
DA:582,47
DA:657,1302
DA:662,1302
DA:664,1302
DA:665,0
DA:666,1302
DA:667,0
DA:669,1302
DA:670,1302
DA:671,1302
DA:672,1302
DA:673,1302
DA:675,5148
DA:678,5146
DA:679,5146
DA:680,1226
DA:684,3920
DA:685,74
DA:686,3846
DA:688,2
DA:694,870
DA:697,870
DA:698,870
DA:699,870
DA:701,870
DA:702,870
DA:703,870
DA:704,870
DA:705,400
DA:707,870
LF:206
LH:115
end_of_record
TN:
SF:C:\mingw64\include\c++\15.2.0\bits\char_traits.h
FN:138,_ZN9__gnu_cxx11char_traitsIcE2eqERKcS3_
FN:138,_ZN9__gnu_cxx11char_traitsIwE2eqERKwS3_
FN:142,_ZN9__gnu_cxx11char_traitsIwE2ltERKwS3_
FN:188,_ZN9__gnu_cxx11char_traitsIwE7compareEPKwS3_y
FN:201,_ZN9__gnu_cxx11char_traitsIwE6lengthEPKw
FN:201,_ZN9__gnu_cxx11char_traitsIcE6lengthEPKc
FN:212,_ZN9__gnu_cxx11char_traitsIcE4findEPKcyRS2_
FN:212,_ZN9__gnu_cxx11char_traitsIwE4findEPKwyRS2_
FN:345,_ZNSt11char_traitsIcE6assignERcRKc
FN:360,_ZNSt11char_traitsIcE2ltERKcS2_
FN:368,_ZNSt11char_traitsIcE7compareEPKcS2_y
FN:387,_ZNSt11char_traitsIcE6lengthEPKc
FN:397,_ZNSt11char_traitsIcE4findEPKcyRS1_
FN:409,_ZNSt11char_traitsIcE4moveEPcPKcy
FN:421,_ZNSt11char_traitsIcE4copyEPcPKcy
FN:433,_ZNSt11char_traitsIcE6assignEPcyc
FN:487,_ZNSt11char_traitsIwE6assignERwRKw
FN:506,_ZNSt11char_traitsIwE7compareEPKwS2_y
FN:518,_ZNSt11char_traitsIwE6lengthEPKw
FN:528,_ZNSt11char_traitsIwE4findEPKwyRS1_
FN:552,_ZNSt11char_traitsIwE4copyEPwPKwy
FN:770,_ZNSt11char_traitsIDsE2eqERKDsS2_
FN:789,_ZNSt11char_traitsIDsE6lengthEPKDs
FN:897,_ZNSt11char_traitsIDiE2eqERKDiS2_
FN:916,_ZNSt11char_traitsIDiE6lengthEPKDi
FNDA:0,_ZN9__gnu_cxx11char_traitsIwE6lengthEPKw
FNDA:0,_ZNSt11char_traitsIDsE2eqERKDsS2_
FNDA:0,_ZN9__gnu_cxx11char_traitsIcE4findEPKcyRS2_
FNDA:6016,_ZNSt11char_traitsIcE4findEPKcyRS1_
FNDA:0,_ZNSt11char_traitsIwE6assignERwRKw
FNDA:0,_ZN9__gnu_cxx11char_traitsIcE2eqERKcS3_
FNDA:0,_ZN9__gnu_cxx11char_traitsIcE6lengthEPKc
FNDA:0,_ZNSt11char_traitsIDiE6lengthEPKDi
FNDA:0,_ZN9__gnu_cxx11char_traitsIwE4findEPKwyRS2_
FNDA:18451,_ZNSt11char_traitsIcE6lengthEPKc
FNDA:0,_ZNSt11char_traitsIDiE2eqERKDiS2_
FNDA:0,_ZNSt11char_traitsIcE2ltERKcS2_
FNDA:0,_ZNSt11char_traitsIwE4findEPKwyRS1_
FNDA:0,_ZN9__gnu_cxx11char_traitsIwE2eqERKwS3_
FNDA:237,_ZNSt11char_traitsIcE6assignEPcyc
FNDA:0,_ZNSt11char_traitsIwE6lengthEPKw
FNDA:39122,_ZNSt11char_traitsIcE4copyEPcPKcy
FNDA:0,_ZNSt11char_traitsIDsE6lengthEPKDs
FNDA:0,_ZN9__gnu_cxx11char_traitsIwE2ltERKwS3_
FNDA:183999,_ZNSt11char_traitsIcE6assignERcRKc
FNDA:0,_ZNSt11char_traitsIwE7compareEPKwS2_y
FNDA:0,_ZNSt11char_traitsIcE4moveEPcPKcy
FNDA:0,_ZNSt11char_traitsIwE4copyEPwPKwy
FNDA:0,_ZN9__gnu_cxx11char_traitsIwE7compareEPKwS3_y
FNDA:11006,_ZNSt11char_traitsIcE7compareEPKcS2_y
FNF:25
FNH:6
DA:138,0
DA:139,0
DA:142,0
DA:143,0
DA:188,0
DA:191,0
DA:192,0
DA:193,0
DA:194,0
DA:195,0
DA:196,0
DA:201,0
DA:204,0
DA:205,0
DA:206,0
DA:207,0
DA:212,0
DA:215,0
DA:216,0
DA:217,0
DA:218,0
DA:345,183999
DA:352,183999
DA:353,183999
DA:360,0
DA:363,0
DA:364,0
DA:368,11006
DA:370,11006
DA:371,0
DA:373,11006
DA:375,0
DA:376,0
DA:377,0
DA:378,0
DA:379,0
DA:380,0
DA:383,11006
DA:387,18451
DA:390,18451
DA:391,0
DA:393,18451
DA:397,6016
DA:399,6016
DA:400,0
DA:402,6016
DA:403,0
DA:405,6016
DA:409,0
DA:411,0
DA:412,0
DA:417,0
DA:421,39122
DA:423,39122
DA:424,383
DA:429,38739
DA:433,237
DA:435,237
DA:436,0
DA:441,237
DA:487,0
DA:494,0
DA:495,0
DA:506,0
DA:508,0
DA:509,0
DA:511,0
DA:512,0
DA:514,0
DA:518,0
DA:521,0
DA:522,0
DA:524,0
DA:528,0
DA:530,0
DA:531,0
DA:533,0
DA:534,0
DA:536,0
DA:552,0
DA:554,0
DA:555,0
DA:560,0
DA:770,0
DA:771,0
DA:789,0
DA:791,0
DA:792,0
DA:793,0
DA:794,0
DA:897,0
DA:898,0
DA:916,0
DA:918,0
DA:919,0
DA:920,0
DA:921,0
LF:97
LH:21
end_of_record
TN:
SF:C:\mingw64\include\c++\15.2.0\bits\chrono.h
FN:214,_ZNSt6chrono20__duration_cast_implINS_8durationIxSt5ratioILx1ELx1000EEEES2_ILx1ELx1000000EExLb1ELb0EE6__castIxS2_ILx1ELx1000000000EEEES4_RKNS1_IT_T0_EE
FN:227,_ZNSt6chrono20__duration_cast_implINS_8durationIxSt5ratioILx1ELx1000000000EEEES2_ILx1000000000ELx1EExLb0ELb1EE6__castIxS2_ILx1ELx1EEEES4_RKNS1_IT_T0_EE
FN:279,_ZNSt6chrono13duration_castINS_8durationIxSt5ratioILx1ELx1000000000EEEExS2_ILx1ELx1EEEENSt9enable_ifIXsrNS_13__is_durationIT_EE5valueES8_E4typeERKNS1_IT0_T1_EE
FN:279,_ZNSt6chrono13duration_castINS_8durationIxSt5ratioILx1ELx1000EEEExS2_ILx1ELx1000000000EEEENSt9enable_ifIXsrNS_13__is_durationIT_EE5valueES8_E4typeERKNS1_IT0_T1_EE
FN:577,_ZNSt6chrono8durationIxSt5ratioILx1ELx1000EEEC1IxvEERKT_
FN:577,_ZNSt6chrono8durationIxSt5ratioILx1ELx1EEEC1IxvEERKT_
FN:577,_ZNSt6chrono8durationIxSt5ratioILx1ELx1000000000EEEC1IxvEERKT_
FN:593,_ZNKSt6chrono8durationIxSt5ratioILx1ELx1000000000EEE5countEv
FN:593,_ZNKSt6chrono8durationIxSt5ratioILx1ELx1000EEE5countEv
FN:593,_ZNKSt6chrono8durationIxSt5ratioILx1ELx1EEE5countEv
FN:714,_ZNSt6chronomiIxSt5ratioILx1ELx1000000000EExS2_EENSt11common_typeIJNS_8durationIT_T0_EENS4_IT1_T2_EEEE4typeERKS7_RKSA_
FN:940,_ZNSt6chrono10time_pointINS_3_V212system_clockENS_8durationIxSt5ratioILx1ELx1000000000EEEEEC1ERKS6_
FN:940,_ZNSt6chrono10time_pointINS_3_V212system_clockENS_8durationIxSt5ratioILx1ELx1EEEEEC1ERKS6_
FN:953,_ZNKSt6chrono10time_pointINS_3_V212steady_clockENS_8durationIxSt5ratioILx1ELx1000000000EEEEE16time_since_epochEv
FN:953,_ZNKSt6chrono10time_pointINS_3_V212system_clockENS_8durationIxSt5ratioILx1ELx1EEEEE16time_since_epochEv
FN:953,_ZNKSt6chrono10time_pointINS_3_V212system_clockENS_8durationIxSt5ratioILx1ELx1000000000EEEEE16time_since_epochEv
FN:1023,_ZNSt6chrono15time_point_castINS_8durationIxSt5ratioILx1ELx1000000000EEEENS_3_V212system_clockENS1_IxS2_ILx1ELx1EEEEEENSt9enable_ifIXsrNS_13__is_durationIT_EE5valueENS_10time_pointIT0_SB_EEE4typeERKNSD_ISE_T1_EE
FN:1145,_ZNSt6chronomiINS_3_V212system_clockENS_8durationIxSt5ratioILx1ELx1000000000EEEES6_EENSt11common_typeIJT0_T1_EE4typeERKNS_10time_pointIT_S8_EERKNSC_ISD_S9_EE
FN:1145,_ZNSt6chronomiINS_3_V212steady_clockENS_8durationIxSt5ratioILx1ELx1000000000EEEES6_EENSt11common_typeIJT0_T1_EE4typeERKNS_10time_pointIT_S8_EERKNSC_ISD_S9_EE
FNDA:442,_ZNSt6chronomiINS_3_V212system_clockENS_8durationIxSt5ratioILx1ELx1000000000EEEES6_EENSt11common_typeIJT0_T1_EE4typeERKNS_10time_pointIT_S8_EERKNSC_ISD_S9_EE
FNDA:778,_ZNSt6chrono8durationIxSt5ratioILx1ELx1000EEEC1IxvEERKT_
FNDA:672,_ZNKSt6chrono10time_pointINS_3_V212steady_clockENS_8durationIxSt5ratioILx1ELx1000000000EEEEE16time_since_epochEv
FNDA:442,_ZNSt6chrono13duration_castINS_8durationIxSt5ratioILx1ELx1000000000EEEExS2_ILx1ELx1EEEENSt9enable_ifIXsrNS_13__is_durationIT_EE5valueES8_E4typeERKNS1_IT0_T1_EE
FNDA:2334,_ZNKSt6chrono8durationIxSt5ratioILx1ELx1000000000EEE5countEv
FNDA:778,_ZNKSt6chrono8durationIxSt5ratioILx1ELx1000EEE5countEv
FNDA:442,_ZNSt6chrono8durationIxSt5ratioILx1ELx1EEEC1IxvEERKT_
FNDA:778,_ZNSt6chronomiIxSt5ratioILx1ELx1000000000EExS2_EENSt11common_typeIJNS_8durationIT_T0_EENS4_IT1_T2_EEEE4typeERKS7_RKSA_
FNDA:442,_ZNSt6chrono15time_point_castINS_8durationIxSt5ratioILx1ELx1000000000EEEENS_3_V212system_clockENS1_IxS2_ILx1ELx1EEEEEENSt9enable_ifIXsrNS_13__is_durationIT_EE5valueENS_10time_pointIT0_SB_EEE4typeERKNSD_ISE_T1_EE
FNDA:442,_ZNSt6chrono10time_pointINS_3_V212system_clockENS_8durationIxSt5ratioILx1ELx1000000000EEEEEC1ERKS6_
FNDA:778,_ZNSt6chrono20__duration_cast_implINS_8durationIxSt5ratioILx1ELx1000EEEES2_ILx1ELx1000000EExLb1ELb0EE6__castIxS2_ILx1ELx1000000000EEEES4_RKNS1_IT_T0_EE
FNDA:884,_ZNKSt6chrono10time_pointINS_3_V212system_clockENS_8durationIxSt5ratioILx1ELx1000000000EEEEE16time_since_epochEv
FNDA:442,_ZNKSt6chrono10time_pointINS_3_V212system_clockENS_8durationIxSt5ratioILx1ELx1EEEEE16time_since_epochEv
FNDA:1220,_ZNSt6chrono8durationIxSt5ratioILx1ELx1000000000EEEC1IxvEERKT_
FNDA:442,_ZNKSt6chrono8durationIxSt5ratioILx1ELx1EEE5countEv
FNDA:778,_ZNSt6chrono13duration_castINS_8durationIxSt5ratioILx1ELx1000EEEExS2_ILx1ELx1000000000EEEENSt9enable_ifIXsrNS_13__is_durationIT_EE5valueES8_E4typeERKNS1_IT0_T1_EE
FNDA:442,_ZNSt6chrono20__duration_cast_implINS_8durationIxSt5ratioILx1ELx1000000000EEEES2_ILx1000000000ELx1EExLb0ELb1EE6__castIxS2_ILx1ELx1EEEES4_RKNS1_IT_T0_EE
FNDA:442,_ZNSt6chrono10time_pointINS_3_V212system_clockENS_8durationIxSt5ratioILx1ELx1EEEEEC1ERKS6_
FNDA:336,_ZNSt6chronomiINS_3_V212steady_clockENS_8durationIxSt5ratioILx1ELx1000000000EEEES6_EENSt11common_typeIJT0_T1_EE4typeERKNS_10time_pointIT_S8_EERKNSC_ISD_S9_EE
FNF:19
FNH:19
DA:214,778
DA:217,1556
DA:218,778
DA:227,442
DA:230,884
DA:231,442
DA:279,1220
DA:293,1220
DA:577,2440
DA:578,2440
DA:593,3554
DA:594,3554
DA:714,778
DA:720,778
DA:940,884
DA:941,884
DA:942,884
DA:953,1998
DA:954,1998
DA:1023,442
DA:1026,442
DA:1145,778
DA:1147,778
DA:1261,442
LF:24
LH:24
end_of_record
TN:
SF:C:\mingw64\include\c++\15.2.0\bits\cpp_type_traits.h
FN:698,_ZSt12__miter_baseIN9__gnu_cxx17__normal_iteratorIPK8FeedbackSt6vectorIS2_SaIS2_EEEEET_S9_
FN:698,_ZSt12__miter_baseIPPN7testing9TestSuiteEET_S4_
FN:698,_ZSt12__miter_baseIPKNSt7__cxx1112basic_stringIcSt11char_traitsIcESaIcEEEET_S8_
FN:698,_ZSt12__miter_baseIP8FeedbackET_S2_
FN:698,_ZSt12__miter_baseIN9__gnu_cxx17__normal_iteratorIPPN7testing8TestInfoESt6vectorIS4_SaIS4_EEEEET_SA_
FN:698,_ZSt12__miter_baseIPPN7testing8TestInfoEET_S4_
FN:698,_ZSt12__miter_baseIPNSt7__cxx1112basic_stringIcSt11char_traitsIcESaIcEEEET_S7_
FN:698,_ZSt12__miter_baseIN9__gnu_cxx17__normal_iteratorIPNSt7__cxx1112basic_stringIcSt11char_traitsIcESaIcEEESt6vectorIS7_SaIS7_EEEEET_SD_
FN:698,_ZSt12__miter_baseIN9__gnu_cxx17__normal_iteratorIPPN7testing17TestEventListenerESt6vectorIS4_SaIS4_EEEEET_SA_
FNDA:0,_ZSt12__miter_baseIN9__gnu_cxx17__normal_iteratorIPPN7testing17TestEventListenerESt6vectorIS4_SaIS4_EEEEET_SA_
FNDA:0,_ZSt12__miter_baseIPNSt7__cxx1112basic_stringIcSt11char_traitsIcESaIcEEEET_S7_
FNDA:3924,_ZSt12__miter_baseIN9__gnu_cxx17__normal_iteratorIPNSt7__cxx1112basic_stringIcSt11char_traitsIcESaIcEEESt6vectorIS7_SaIS7_EEEEET_SD_
FNDA:212,_ZSt12__miter_baseIN9__gnu_cxx17__normal_iteratorIPPN7testing8TestInfoESt6vectorIS4_SaIS4_EEEEET_SA_
FNDA:0,_ZSt12__miter_baseIP8FeedbackET_S2_
FNDA:0,_ZSt12__miter_baseIPPN7testing8TestInfoEET_S4_
FNDA:0,_ZSt12__miter_baseIPKNSt7__cxx1112basic_stringIcSt11char_traitsIcESaIcEEEET_S8_
FNDA:0,_ZSt12__miter_baseIPPN7testing9TestSuiteEET_S4_
FNDA:0,_ZSt12__miter_baseIN9__gnu_cxx17__normal_iteratorIPK8FeedbackSt6vectorIS2_SaIS2_EEEEET_S9_
FNF:9
FNH:2
DA:698,4136
DA:699,4136
LF:2
LH:2
end_of_record
TN:
SF:C:\mingw64\include\c++\15.2.0\bits\functional_hash.h
FN:207,_ZNSt10_Hash_impl4hashEPKvyy
FNDA:7157,_ZNSt10_Hash_impl4hashEPKvyy
FNF:1
FNH:1
DA:207,7157
DA:209,7157
LF:2
LH:2
end_of_record
TN:
SF:C:\mingw64\include\c++\15.2.0\bits\hashtable.h
FN:298,_ZNSt10_HashtableINSt7__cxx1112basic_stringIcSt11char_traitsIcESaIcEEES5_SaIS5_ENSt8__detail9_IdentityESt8equal_toIS5_ESt4hashIS5_ENS7_18_Mod_range_hashingENS7_20_Default_ranged_hashENS7_20_Prime_rehash_policyENS7_17_Hashtable_traitsILb1ELb1ELb1EEEE12_Scoped_nodeC1EPNS7_10_Hash_nodeIS5_Lb1EEEPNS7_16_Hashtable_allocISaISL_EEE
FN:309,_ZNSt10_HashtableINSt7__cxx1112basic_stringIcSt11char_traitsIcESaIcEEES5_SaIS5_ENSt8__detail9_IdentityESt8equal_toIS5_ESt4hashIS5_ENS7_18_Mod_range_hashingENS7_20_Default_ranged_hashENS7_20_Prime_rehash_policyENS7_17_Hashtable_traitsILb1ELb1ELb1EEEE12_Scoped_nodeD1Ev
FN:373,_ZNSt10_HashtableINSt7__cxx1112basic_stringIcSt11char_traitsIcESaIcEEES5_SaIS5_ENSt8__detail9_IdentityESt8equal_toIS5_ESt4hashIS5_ENS7_18_Mod_range_hashingENS7_20_Default_ranged_hashENS7_20_Prime_rehash_policyENS7_17_Hashtable_traitsILb1ELb1ELb1EEEE16_M_update_bbeginEv
FN:387,_ZNKSt10_HashtableINSt7__cxx1112basic_stringIcSt11char_traitsIcESaIcEEES5_SaIS5_ENSt8__detail9_IdentityESt8equal_toIS5_ESt4hashIS5_ENS7_18_Mod_range_hashingENS7_20_Default_ranged_hashENS7_20_Prime_rehash_policyENS7_17_Hashtable_traitsILb1ELb1ELb1EEEE21_M_uses_single_bucketEPPNS7_15_Hash_node_baseE
FN:391,_ZNKSt10_HashtableINSt7__cxx1112basic_stringIcSt11char_traitsIcESaIcEEES5_SaIS5_ENSt8__detail9_IdentityESt8equal_toIS5_ESt4hashIS5_ENS7_18_Mod_range_hashingENS7_20_Default_ranged_hashENS7_20_Prime_rehash_policyENS7_17_Hashtable_traitsILb1ELb1ELb1EEEE21_M_uses_single_bucketEv
FN:395,_ZNSt10_HashtableINSt7__cxx1112basic_stringIcSt11char_traitsIcESaIcEEES5_SaIS5_ENSt8__detail9_IdentityESt8equal_toIS5_ESt4hashIS5_ENS7_18_Mod_range_hashingENS7_20_Default_ranged_hashENS7_20_Prime_rehash_policyENS7_17_Hashtable_traitsILb1ELb1ELb1EEEE22__small_size_thresholdEv
FN:405,_ZNSt10_HashtableINSt7__cxx1112basic_stringIcSt11char_traitsIcESaIcEEES5_SaIS5_ENSt8__detail9_IdentityESt8equal_toIS5_ESt4hashIS5_ENS7_18_Mod_range_hashingENS7_20_Default_ranged_hashENS7_20_Prime_rehash_policyENS7_17_Hashtable_traitsILb1ELb1ELb1EEEE19_M_allocate_bucketsEy
FN:417,_ZNSt10_HashtableINSt7__cxx1112basic_stringIcSt11char_traitsIcESaIcEEES5_SaIS5_ENSt8__detail9_IdentityESt8equal_toIS5_ESt4hashIS5_ENS7_18_Mod_range_hashingENS7_20_Default_ranged_hashENS7_20_Prime_rehash_policyENS7_17_Hashtable_traitsILb1ELb1ELb1EEEE21_M_deallocate_bucketsEPPNS7_15_Hash_node_baseEy
FN:426,_ZNSt10_HashtableINSt7__cxx1112basic_stringIcSt11char_traitsIcESaIcEEES5_SaIS5_ENSt8__detail9_IdentityESt8equal_toIS5_ESt4hashIS5_ENS7_18_Mod_range_hashingENS7_20_Default_ranged_hashENS7_20_Prime_rehash_policyENS7_17_Hashtable_traitsILb1ELb1ELb1EEEE21_M_deallocate_bucketsEv
FN:439,_ZNKSt10_HashtableINSt7__cxx1112basic_stringIcSt11char_traitsIcESaIcEEES5_SaIS5_ENSt8__detail9_IdentityESt8equal_toIS5_ESt4hashIS5_ENS7_18_Mod_range_hashingENS7_20_Default_ranged_hashENS7_20_Prime_rehash_policyENS7_17_Hashtable_traitsILb1ELb1ELb1EEEE8_M_beginEv
FN:513,_ZNSt10_HashtableINSt7__cxx1112basic_stringIcSt11char_traitsIcESaIcEEES5_SaIS5_ENSt8__detail9_IdentityESt8equal_toIS5_ESt4hashIS5_ENS7_18_Mod_range_hashingENS7_20_Default_ranged_hashENS7_20_Prime_rehash_policyENS7_17_Hashtable_traitsILb1ELb1ELb1EEEEC1Ev
FN:567,_ZNSt10_HashtableINSt7__cxx1112basic_stringIcSt11char_traitsIcESaIcEEES5_SaIS5_ENSt8__detail9_IdentityESt8equal_toIS5_ESt4hashIS5_ENS7_18_Mod_range_hashingENS7_20_Default_ranged_hashENS7_20_Prime_rehash_policyENS7_17_Hashtable_traitsILb1ELb1ELb1EEEEaSEOSI_
FN:637,_ZNSt10_HashtableINSt7__cxx1112basic_stringIcSt11char_traitsIcESaIcEEES5_SaIS5_ENSt8__detail9_IdentityESt8equal_toIS5_ESt4hashIS5_ENS7_18_Mod_range_hashingENS7_20_Default_ranged_hashENS7_20_Prime_rehash_policyENS7_17_Hashtable_traitsILb1ELb1ELb1EEEE5beginEv
FN:661,_ZNKSt10_HashtableINSt7__cxx1112basic_stringIcSt11char_traitsIcESaIcEEES5_SaIS5_ENSt8__detail9_IdentityESt8equal_toIS5_ESt4hashIS5_ENS7_18_Mod_range_hashingENS7_20_Default_ranged_hashENS7_20_Prime_rehash_policyENS7_17_Hashtable_traitsILb1ELb1ELb1EEEE4sizeEv
FN:806,_ZNKSt10_HashtableINSt7__cxx1112basic_stringIcSt11char_traitsIcESaIcEEES5_SaIS5_ENSt8__detail9_IdentityESt8equal_toIS5_ESt4hashIS5_ENS7_18_Mod_range_hashingENS7_20_Default_ranged_hashENS7_20_Prime_rehash_policyENS7_17_Hashtable_traitsILb1ELb1ELb1EEEE15_M_bucket_indexERKNS7_16_Hash_node_valueIS5_Lb1EEE
FN:810,_ZNKSt10_HashtableINSt7__cxx1112basic_stringIcSt11char_traitsIcESaIcEEES5_SaIS5_ENSt8__detail9_IdentityESt8equal_toIS5_ESt4hashIS5_ENS7_18_Mod_range_hashingENS7_20_Default_ranged_hashENS7_20_Prime_rehash_policyENS7_17_Hashtable_traitsILb1ELb1ELb1EEEE15_M_bucket_indexEy
FN:842,_ZNKSt10_HashtableINSt7__cxx1112basic_stringIcSt11char_traitsIcESaIcEEES5_SaIS5_ENSt8__detail9_IdentityESt8equal_toIS5_ESt4hashIS5_ENS7_18_Mod_range_hashingENS7_20_Default_ranged_hashENS7_20_Prime_rehash_policyENS7_17_Hashtable_traitsILb1ELb1ELb1EEEE13_M_store_codeERNS7_16_Hash_node_valueIS5_Lb1EEEy
FN:864,_ZNKSt10_HashtableINSt7__cxx1112basic_stringIcSt11char_traitsIcESaIcEEES5_SaIS5_ENSt8__detail9_IdentityESt8equal_toIS5_ESt4hashIS5_ENS7_18_Mod_range_hashingENS7_20_Default_ranged_hashENS7_20_Prime_rehash_policyENS7_17_Hashtable_traitsILb1ELb1ELb1EEEE15__location_typecvbEv
FN:868,_ZNKSt10_HashtableINSt7__cxx1112basic_stringIcSt11char_traitsIcESaIcEEES5_SaIS5_ENSt8__detail9_IdentityESt8equal_toIS5_ESt4hashIS5_ENS7_18_Mod_range_hashingENS7_20_Default_ranged_hashENS7_20_Prime_rehash_policyENS7_17_Hashtable_traitsILb1ELb1ELb1EEEE15__location_typecvNS7_14_Node_iteratorIS5_Lb1ELb1EEEEv
FN:872,_ZNKSt10_HashtableINSt7__cxx1112basic_stringIcSt11char_traitsIcESaIcEEES5_SaIS5_ENSt8__detail9_IdentityESt8equal_toIS5_ESt4hashIS5_ENS7_18_Mod_range_hashingENS7_20_Default_ranged_hashENS7_20_Prime_rehash_policyENS7_17_Hashtable_traitsILb1ELb1ELb1EEEE15__location_typecvNS7_20_Node_const_iteratorIS5_Lb1ELb1EEEEv
FN:876,_ZNKSt10_HashtableINSt7__cxx1112basic_stringIcSt11char_traitsIcESaIcEEES5_SaIS5_ENSt8__detail9_IdentityESt8equal_toIS5_ESt4hashIS5_ENS7_18_Mod_range_hashingENS7_20_Default_ranged_hashENS7_20_Prime_rehash_policyENS7_17_Hashtable_traitsILb1ELb1ELb1EEEE15__location_type7_M_nodeEv
FN:926,_ZNSt10_HashtableINSt7__cxx1112basic_stringIcSt11char_traitsIcESaIcEEES5_SaIS5_ENSt8__detail9_IdentityESt8equal_toIS5_ESt4hashIS5_ENS7_18_Mod_range_hashingENS7_20_Default_ranged_hashENS7_20_Prime_rehash_policyENS7_17_Hashtable_traitsILb1ELb1ELb1EEEE22_M_insert_bucket_beginEyPNS7_10_Hash_nodeIS5_Lb1EEE
FN:1073,_ZNSt10_HashtableINSt7__cxx1112basic_stringIcSt11char_traitsIcESaIcEEES5_SaIS5_ENSt8__detail9_IdentityESt8equal_toIS5_ESt4hashIS5_ENS7_18_Mod_range_hashingENS7_20_Default_ranged_hashENS7_20_Prime_rehash_policyENS7_17_Hashtable_traitsILb1ELb1ELb1EEEE6insertENS7_20_Node_const_iteratorIS5_Lb1ELb1EEEOS5_
FN:1648,_ZNSt10_HashtableINSt7__cxx1112basic_stringIcSt11char_traitsIcESaIcEEES5_SaIS5_ENSt8__detail9_IdentityESt8equal_toIS5_ESt4hashIS5_ENS7_18_Mod_range_hashingENS7_20_Default_ranged_hashENS7_20_Prime_rehash_policyENS7_17_Hashtable_traitsILb1ELb1ELb1EEEE8_M_resetEv
FN:1665,_ZNSt10_HashtableINSt7__cxx1112basic_stringIcSt11char_traitsIcESaIcEEES5_SaIS5_ENSt8__detail9_IdentityESt8equal_toIS5_ESt4hashIS5_ENS7_18_Mod_range_hashingENS7_20_Default_ranged_hashENS7_20_Prime_rehash_policyENS7_17_Hashtable_traitsILb1ELb1ELb1EEEE14_M_move_assignEOSI_St17integral_constantIbLb1EE
FN:1837,_ZNSt10_HashtableINSt7__cxx1112basic_stringIcSt11char_traitsIcESaIcEEES5_SaIS5_ENSt8__detail9_IdentityESt8equal_toIS5_ESt4hashIS5_ENS7_18_Mod_range_hashingENS7_20_Default_ranged_hashENS7_20_Prime_rehash_policyENS7_17_Hashtable_traitsILb1ELb1ELb1EEEED1Ev
FN:1925,_ZNKSt10_HashtableINSt7__cxx1112basic_stringIcSt11char_traitsIcESaIcEEES5_SaIS5_ENSt8__detail9_IdentityESt8equal_toIS5_ESt4hashIS5_ENS7_18_Mod_range_hashingENS7_20_Default_ranged_hashENS7_20_Prime_rehash_policyENS7_17_Hashtable_traitsILb1ELb1ELb1EEEE4findERKS5_
FN:1986,_ZNKSt10_HashtableINSt7__cxx1112basic_stringIcSt11char_traitsIcESaIcEEES5_SaIS5_ENSt8__detail9_IdentityESt8equal_toIS5_ESt4hashIS5_ENS7_18_Mod_range_hashingENS7_20_Default_ranged_hashENS7_20_Prime_rehash_policyENS7_17_Hashtable_traitsILb1ELb1ELb1EEEE5countERKS5_
FN:2199,_ZNKSt10_HashtableINSt7__cxx1112basic_stringIcSt11char_traitsIcESaIcEEES5_SaIS5_ENSt8__detail9_IdentityESt8equal_toIS5_ESt4hashIS5_ENS7_18_Mod_range_hashingENS7_20_Default_ranged_hashENS7_20_Prime_rehash_policyENS7_17_Hashtable_traitsILb1ELb1ELb1EEEE19_M_find_before_nodeEyRKS5_y
FN:2258,_ZNKSt10_HashtableINSt7__cxx1112basic_stringIcSt11char_traitsIcESaIcEEES5_SaIS5_ENSt8__detail9_IdentityESt8equal_toIS5_ESt4hashIS5_ENS7_18_Mod_range_hashingENS7_20_Default_ranged_hashENS7_20_Prime_rehash_policyENS7_17_Hashtable_traitsILb1ELb1ELb1EEEE9_M_locateERKS5_
FN:2313,_ZNSt10_HashtableINSt7__cxx1112basic_stringIcSt11char_traitsIcESaIcEEES5_SaIS5_ENSt8__detail9_IdentityESt8equal_toIS5_ESt4hashIS5_ENS7_18_Mod_range_hashingENS7_20_Default_ranged_hashENS7_20_Prime_rehash_policyENS7_17_Hashtable_traitsILb1ELb1ELb1EEEE15_M_emplace_uniqIJS5_EEESt4pairINS7_14_Node_iteratorIS5_Lb1ELb1EEEbEDpOT_
FN:2466,_ZNSt10_HashtableINSt7__cxx1112basic_stringIcSt11char_traitsIcESaIcEEES5_SaIS5_ENSt8__detail9_IdentityESt8equal_toIS5_ESt4hashIS5_ENS7_18_Mod_range_hashingENS7_20_Default_ranged_hashENS7_20_Prime_rehash_policyENS7_17_Hashtable_traitsILb1ELb1ELb1EEEE21_M_insert_unique_nodeEyyPNS7_10_Hash_nodeIS5_Lb1EEEy
FN:2750,_ZNSt10_HashtableINSt7__cxx1112basic_stringIcSt11char_traitsIcESaIcEEES5_SaIS5_ENSt8__detail9_IdentityESt8equal_toIS5_ESt4hashIS5_ENS7_18_Mod_range_hashingENS7_20_Default_ranged_hashENS7_20_Prime_rehash_policyENS7_17_Hashtable_traitsILb1ELb1ELb1EEEE9_M_rehashEySt17integral_constantIbLb1EE
FNDA:100,_ZNSt10_HashtableINSt7__cxx1112basic_stringIcSt11char_traitsIcESaIcEEES5_SaIS5_ENSt8__detail9_IdentityESt8equal_toIS5_ESt4hashIS5_ENS7_18_Mod_range_hashingENS7_20_Default_ranged_hashENS7_20_Prime_rehash_policyENS7_17_Hashtable_traitsILb1ELb1ELb1EEEE22_M_insert_bucket_beginEyPNS7_10_Hash_nodeIS5_Lb1EEE
FNDA:109,_ZNSt10_HashtableINSt7__cxx1112basic_stringIcSt11char_traitsIcESaIcEEES5_SaIS5_ENSt8__detail9_IdentityESt8equal_toIS5_ESt4hashIS5_ENS7_18_Mod_range_hashingENS7_20_Default_ranged_hashENS7_20_Prime_rehash_policyENS7_17_Hashtable_traitsILb1ELb1ELb1EEEE16_M_update_bbeginEv
FNDA:1408,_ZNSt10_HashtableINSt7__cxx1112basic_stringIcSt11char_traitsIcESaIcEEES5_SaIS5_ENSt8__detail9_IdentityESt8equal_toIS5_ESt4hashIS5_ENS7_18_Mod_range_hashingENS7_20_Default_ranged_hashENS7_20_Prime_rehash_policyENS7_17_Hashtable_traitsILb1ELb1ELb1EEEE21_M_deallocate_bucketsEv
FNDA:109,_ZNSt10_HashtableINSt7__cxx1112basic_stringIcSt11char_traitsIcESaIcEEES5_SaIS5_ENSt8__detail9_IdentityESt8equal_toIS5_ESt4hashIS5_ENS7_18_Mod_range_hashingENS7_20_Default_ranged_hashENS7_20_Prime_rehash_policyENS7_17_Hashtable_traitsILb1ELb1ELb1EEEE14_M_move_assignEOSI_St17integral_constantIbLb1EE
FNDA:100,_ZNKSt10_HashtableINSt7__cxx1112basic_stringIcSt11char_traitsIcESaIcEEES5_SaIS5_ENSt8__detail9_IdentityESt8equal_toIS5_ESt4hashIS5_ENS7_18_Mod_range_hashingENS7_20_Default_ranged_hashENS7_20_Prime_rehash_policyENS7_17_Hashtable_traitsILb1ELb1ELb1EEEE15__location_typecvbEv
FNDA:100,_ZNSt10_HashtableINSt7__cxx1112basic_stringIcSt11char_traitsIcESaIcEEES5_SaIS5_ENSt8__detail9_IdentityESt8equal_toIS5_ESt4hashIS5_ENS7_18_Mod_range_hashingENS7_20_Default_ranged_hashENS7_20_Prime_rehash_policyENS7_17_Hashtable_traitsILb1ELb1ELb1EEEE9_M_rehashEySt17integral_constantIbLb1EE
FNDA:109,_ZNSt10_HashtableINSt7__cxx1112basic_stringIcSt11char_traitsIcESaIcEEES5_SaIS5_ENSt8__detail9_IdentityESt8equal_toIS5_ESt4hashIS5_ENS7_18_Mod_range_hashingENS7_20_Default_ranged_hashENS7_20_Prime_rehash_policyENS7_17_Hashtable_traitsILb1ELb1ELb1EEEEaSEOSI_
FNDA:100,_ZNSt10_HashtableINSt7__cxx1112basic_stringIcSt11char_traitsIcESaIcEEES5_SaIS5_ENSt8__detail9_IdentityESt8equal_toIS5_ESt4hashIS5_ENS7_18_Mod_range_hashingENS7_20_Default_ranged_hashENS7_20_Prime_rehash_policyENS7_17_Hashtable_traitsILb1ELb1ELb1EEEE21_M_insert_unique_nodeEyyPNS7_10_Hash_nodeIS5_Lb1EEEy
FNDA:0,_ZNKSt10_HashtableINSt7__cxx1112basic_stringIcSt11char_traitsIcESaIcEEES5_SaIS5_ENSt8__detail9_IdentityESt8equal_toIS5_ESt4hashIS5_ENS7_18_Mod_range_hashingENS7_20_Default_ranged_hashENS7_20_Prime_rehash_policyENS7_17_Hashtable_traitsILb1ELb1ELb1EEEE15__location_typecvNS7_14_Node_iteratorIS5_Lb1ELb1EEEEv
FNDA:100,_ZNSt10_HashtableINSt7__cxx1112basic_stringIcSt11char_traitsIcESaIcEEES5_SaIS5_ENSt8__detail9_IdentityESt8equal_toIS5_ESt4hashIS5_ENS7_18_Mod_range_hashingENS7_20_Default_ranged_hashENS7_20_Prime_rehash_policyENS7_17_Hashtable_traitsILb1ELb1ELb1EEEE6insertENS7_20_Node_const_iteratorIS5_Lb1ELb1EEEOS5_
FNDA:7157,_ZNKSt10_HashtableINSt7__cxx1112basic_stringIcSt11char_traitsIcESaIcEEES5_SaIS5_ENSt8__detail9_IdentityESt8equal_toIS5_ESt4hashIS5_ENS7_18_Mod_range_hashingENS7_20_Default_ranged_hashENS7_20_Prime_rehash_policyENS7_17_Hashtable_traitsILb1ELb1ELb1EEEE15__location_typecvNS7_20_Node_const_iteratorIS5_Lb1ELb1EEEEv
FNDA:100,_ZNKSt10_HashtableINSt7__cxx1112basic_stringIcSt11char_traitsIcESaIcEEES5_SaIS5_ENSt8__detail9_IdentityESt8equal_toIS5_ESt4hashIS5_ENS7_18_Mod_range_hashingENS7_20_Default_ranged_hashENS7_20_Prime_rehash_policyENS7_17_Hashtable_traitsILb1ELb1ELb1EEEE13_M_store_codeERNS7_16_Hash_node_valueIS5_Lb1EEEy
FNDA:7157,_ZNKSt10_HashtableINSt7__cxx1112basic_stringIcSt11char_traitsIcESaIcEEES5_SaIS5_ENSt8__detail9_IdentityESt8equal_toIS5_ESt4hashIS5_ENS7_18_Mod_range_hashingENS7_20_Default_ranged_hashENS7_20_Prime_rehash_policyENS7_17_Hashtable_traitsILb1ELb1ELb1EEEE4findERKS5_
FNDA:9057,_ZNKSt10_HashtableINSt7__cxx1112basic_stringIcSt11char_traitsIcESaIcEEES5_SaIS5_ENSt8__detail9_IdentityESt8equal_toIS5_ESt4hashIS5_ENS7_18_Mod_range_hashingENS7_20_Default_ranged_hashENS7_20_Prime_rehash_policyENS7_17_Hashtable_traitsILb1ELb1ELb1EEEE15__location_type7_M_nodeEv
FNDA:1199,_ZNSt10_HashtableINSt7__cxx1112basic_stringIcSt11char_traitsIcESaIcEEES5_SaIS5_ENSt8__detail9_IdentityESt8equal_toIS5_ESt4hashIS5_ENS7_18_Mod_range_hashingENS7_20_Default_ranged_hashENS7_20_Prime_rehash_policyENS7_17_Hashtable_traitsILb1ELb1ELb1EEEEC1Ev
FNDA:100,_ZNSt10_HashtableINSt7__cxx1112basic_stringIcSt11char_traitsIcESaIcEEES5_SaIS5_ENSt8__detail9_IdentityESt8equal_toIS5_ESt4hashIS5_ENS7_18_Mod_range_hashingENS7_20_Default_ranged_hashENS7_20_Prime_rehash_policyENS7_17_Hashtable_traitsILb1ELb1ELb1EEEE12_Scoped_nodeD1Ev
FNDA:1408,_ZNSt10_HashtableINSt7__cxx1112basic_stringIcSt11char_traitsIcESaIcEEES5_SaIS5_ENSt8__detail9_IdentityESt8equal_toIS5_ESt4hashIS5_ENS7_18_Mod_range_hashingENS7_20_Default_ranged_hashENS7_20_Prime_rehash_policyENS7_17_Hashtable_traitsILb1ELb1ELb1EEEE21_M_deallocate_bucketsEPPNS7_15_Hash_node_baseEy
FNDA:7157,_ZNKSt10_HashtableINSt7__cxx1112basic_stringIcSt11char_traitsIcESaIcEEES5_SaIS5_ENSt8__detail9_IdentityESt8equal_toIS5_ESt4hashIS5_ENS7_18_Mod_range_hashingENS7_20_Default_ranged_hashENS7_20_Prime_rehash_policyENS7_17_Hashtable_traitsILb1ELb1ELb1EEEE5countERKS5_
FNDA:7257,_ZNKSt10_HashtableINSt7__cxx1112basic_stringIcSt11char_traitsIcESaIcEEES5_SaIS5_ENSt8__detail9_IdentityESt8equal_toIS5_ESt4hashIS5_ENS7_18_Mod_range_hashingENS7_20_Default_ranged_hashENS7_20_Prime_rehash_policyENS7_17_Hashtable_traitsILb1ELb1ELb1EEEE15_M_bucket_indexEy
FNDA:14414,_ZNSt10_HashtableINSt7__cxx1112basic_stringIcSt11char_traitsIcESaIcEEES5_SaIS5_ENSt8__detail9_IdentityESt8equal_toIS5_ESt4hashIS5_ENS7_18_Mod_range_hashingENS7_20_Default_ranged_hashENS7_20_Prime_rehash_policyENS7_17_Hashtable_traitsILb1ELb1ELb1EEEE22__small_size_thresholdEv
FNDA:100,_ZNSt10_HashtableINSt7__cxx1112basic_stringIcSt11char_traitsIcESaIcEEES5_SaIS5_ENSt8__detail9_IdentityESt8equal_toIS5_ESt4hashIS5_ENS7_18_Mod_range_hashingENS7_20_Default_ranged_hashENS7_20_Prime_rehash_policyENS7_17_Hashtable_traitsILb1ELb1ELb1EEEE15_M_emplace_uniqIJS5_EEESt4pairINS7_14_Node_iteratorIS5_Lb1ELb1EEEbEDpOT_
FNDA:1199,_ZNSt10_HashtableINSt7__cxx1112basic_stringIcSt11char_traitsIcESaIcEEES5_SaIS5_ENSt8__detail9_IdentityESt8equal_toIS5_ESt4hashIS5_ENS7_18_Mod_range_hashingENS7_20_Default_ranged_hashENS7_20_Prime_rehash_policyENS7_17_Hashtable_traitsILb1ELb1ELb1EEEED1Ev
FNDA:0,_ZNKSt10_HashtableINSt7__cxx1112basic_stringIcSt11char_traitsIcESaIcEEES5_SaIS5_ENSt8__detail9_IdentityESt8equal_toIS5_ESt4hashIS5_ENS7_18_Mod_range_hashingENS7_20_Default_ranged_hashENS7_20_Prime_rehash_policyENS7_17_Hashtable_traitsILb1ELb1ELb1EEEE19_M_find_before_nodeEyRKS5_y
FNDA:7257,_ZNKSt10_HashtableINSt7__cxx1112basic_stringIcSt11char_traitsIcESaIcEEES5_SaIS5_ENSt8__detail9_IdentityESt8equal_toIS5_ESt4hashIS5_ENS7_18_Mod_range_hashingENS7_20_Default_ranged_hashENS7_20_Prime_rehash_policyENS7_17_Hashtable_traitsILb1ELb1ELb1EEEE9_M_locateERKS5_
FNDA:109,_ZNSt10_HashtableINSt7__cxx1112basic_stringIcSt11char_traitsIcESaIcEEES5_SaIS5_ENSt8__detail9_IdentityESt8equal_toIS5_ESt4hashIS5_ENS7_18_Mod_range_hashingENS7_20_Default_ranged_hashENS7_20_Prime_rehash_policyENS7_17_Hashtable_traitsILb1ELb1ELb1EEEE8_M_resetEv
FNDA:7257,_ZNKSt10_HashtableINSt7__cxx1112basic_stringIcSt11char_traitsIcESaIcEEES5_SaIS5_ENSt8__detail9_IdentityESt8equal_toIS5_ESt4hashIS5_ENS7_18_Mod_range_hashingENS7_20_Default_ranged_hashENS7_20_Prime_rehash_policyENS7_17_Hashtable_traitsILb1ELb1ELb1EEEE4sizeEv
FNDA:2498,_ZNKSt10_HashtableINSt7__cxx1112basic_stringIcSt11char_traitsIcESaIcEEES5_SaIS5_ENSt8__detail9_IdentityESt8equal_toIS5_ESt4hashIS5_ENS7_18_Mod_range_hashingENS7_20_Default_ranged_hashENS7_20_Prime_rehash_policyENS7_17_Hashtable_traitsILb1ELb1ELb1EEEE8_M_beginEv
FNDA:109,_ZNKSt10_HashtableINSt7__cxx1112basic_stringIcSt11char_traitsIcESaIcEEES5_SaIS5_ENSt8__detail9_IdentityESt8equal_toIS5_ESt4hashIS5_ENS7_18_Mod_range_hashingENS7_20_Default_ranged_hashENS7_20_Prime_rehash_policyENS7_17_Hashtable_traitsILb1ELb1ELb1EEEE21_M_uses_single_bucketEv
FNDA:1517,_ZNKSt10_HashtableINSt7__cxx1112basic_stringIcSt11char_traitsIcESaIcEEES5_SaIS5_ENSt8__detail9_IdentityESt8equal_toIS5_ESt4hashIS5_ENS7_18_Mod_range_hashingENS7_20_Default_ranged_hashENS7_20_Prime_rehash_policyENS7_17_Hashtable_traitsILb1ELb1ELb1EEEE21_M_uses_single_bucketEPPNS7_15_Hash_node_baseE
FNDA:100,_ZNSt10_HashtableINSt7__cxx1112basic_stringIcSt11char_traitsIcESaIcEEES5_SaIS5_ENSt8__detail9_IdentityESt8equal_toIS5_ESt4hashIS5_ENS7_18_Mod_range_hashingENS7_20_Default_ranged_hashENS7_20_Prime_rehash_policyENS7_17_Hashtable_traitsILb1ELb1ELb1EEEE12_Scoped_nodeC1EPNS7_10_Hash_nodeIS5_Lb1EEEPNS7_16_Hashtable_allocISaISL_EEE
FNDA:100,_ZNSt10_HashtableINSt7__cxx1112basic_stringIcSt11char_traitsIcESaIcEEES5_SaIS5_ENSt8__detail9_IdentityESt8equal_toIS5_ESt4hashIS5_ENS7_18_Mod_range_hashingENS7_20_Default_ranged_hashENS7_20_Prime_rehash_policyENS7_17_Hashtable_traitsILb1ELb1ELb1EEEE19_M_allocate_bucketsEy
FNDA:100,_ZNKSt10_HashtableINSt7__cxx1112basic_stringIcSt11char_traitsIcESaIcEEES5_SaIS5_ENSt8__detail9_IdentityESt8equal_toIS5_ESt4hashIS5_ENS7_18_Mod_range_hashingENS7_20_Default_ranged_hashENS7_20_Prime_rehash_policyENS7_17_Hashtable_traitsILb1ELb1ELb1EEEE15_M_bucket_indexERKNS7_16_Hash_node_valueIS5_Lb1EEE
FNDA:981,_ZNSt10_HashtableINSt7__cxx1112basic_stringIcSt11char_traitsIcESaIcEEES5_SaIS5_ENSt8__detail9_IdentityESt8equal_toIS5_ESt4hashIS5_ENS7_18_Mod_range_hashingENS7_20_Default_ranged_hashENS7_20_Prime_rehash_policyENS7_17_Hashtable_traitsILb1ELb1ELb1EEEE5beginEv
FNF:33
FNH:31
DA:298,100
DA:299,100
DA:309,100
DA:373,109
DA:375,109
DA:376,100
DA:377,109
DA:387,1517
DA:388,1517
DA:391,109
DA:392,109
DA:395,14414
DA:398,14414
DA:405,100
DA:407,100
DA:409,0
DA:410,0
DA:413,100
DA:417,1408
DA:419,1408
DA:420,1308
DA:422,100
DA:426,1408
DA:427,1408
DA:439,2498
DA:440,2498
DA:513,1199
DA:567,109
DA:572,109
DA:575,109
DA:576,109
DA:637,981
DA:638,981
DA:661,7257
DA:662,7257
DA:806,100
DA:807,100
DA:810,7257
DA:811,7257
DA:842,100
DA:845,100
DA:846,100
DA:864,100
DA:865,100
DA:868,0
DA:869,0
DA:872,7157
DA:873,7157
DA:876,9057
DA:878,9057
DA:879,2000
DA:880,7057
DA:926,100
DA:928,100
DA:932,0
DA:933,0
DA:940,100
DA:941,100
DA:943,100
DA:946,0
DA:948,100
DA:950,100
DA:1073,100
DA:1076,100
DA:1648,109
DA:1652,109
DA:1653,109
DA:1654,109
DA:1655,109
DA:1656,109
DA:1657,109
DA:1658,109
DA:1665,109
DA:1669,109
DA:1670,0
DA:1672,109
DA:1673,109
DA:1675,109
DA:1676,109
DA:1677,100
DA:1680,9
DA:1681,9
DA:1684,109
DA:1685,109
DA:1686,109
DA:1687,109
DA:1690,109
DA:1691,109
DA:1837,1199
DA:1852,1199
DA:1853,1199
DA:1854,1199
DA:1925,7157
DA:1929,7157
DA:1986,7157
DA:1991,7157
DA:1992,7157
DA:1993,7057
DA:1996,100
DA:2199,0
DA:2205,0
DA:2206,0
DA:2207,0
DA:2209,0
DA:2210,0
DA:2212,0
DA:2213,0
DA:2215,0
DA:2216,0
DA:2217,0
DA:2220,0
DA:2258,7257
DA:2263,7257
DA:2264,7257
DA:2266,7257
DA:2268,7257
DA:2269,7257
DA:2270,9057
DA:2272,1900
DA:2273,100
DA:2274,1800
DA:2276,7157
DA:2279,7157
DA:2280,7157
DA:2282,7157
DA:2283,0
DA:2286,7157
DA:2313,100
DA:2318,100
DA:2324,100
DA:2325,100
DA:2338,100
DA:2339,100
DA:2340,100
DA:2342,100
DA:2346,0
DA:2347,0
DA:2348,0
DA:2351,100
DA:2353,0
DA:2356,100
DA:2357,100
DA:2360,100
DA:2362,100
DA:2365,100
DA:2366,100
DA:2367,100
DA:2368,100
DA:2466,100
DA:2472,100
DA:2474,100
DA:2477,100
DA:2479,100
DA:2480,100
DA:2483,100
DA:2484,100
DA:2487,100
DA:2488,100
DA:2489,200
DA:2490,100
DA:2750,100
DA:2754,100
DA:2755,100
DA:2756,100
DA:2757,100
DA:2758,100
DA:2760,0
DA:2762,0
DA:2763,0
DA:2765,0
DA:2766,0
DA:2767,0
DA:2768,0
DA:2769,0
DA:2770,0
DA:2774,0
DA:2775,0
DA:2778,0
DA:2781,100
DA:2782,100
DA:2783,100
DA:2784,100
LF:182
LH:145
end_of_record
TN:
SF:C:\mingw64\include\c++\15.2.0\bits\hashtable_policy.h
FN:85,_ZNKSt8__detail9_IdentityclIRKNSt7__cxx1112basic_stringIcSt11char_traitsIcESaIcEEEEEOT_SB_
FN:85,_ZNKSt8__detail9_IdentityclIRNSt7__cxx1112basic_stringIcSt11char_traitsIcESaIcEEEEEOT_SA_
FN:280,_ZNSt8__detail22_Hashtable_hash_traitsISt4hashINSt7__cxx1112basic_stringIcSt11char_traitsIcESaIcEEEEE22__small_size_thresholdEv
FN:296,_ZNSt8__detail15_Hash_node_baseC1Ev
FN:296,_ZNSt8__detail15_Hash_node_baseC2Ev
FN:365,_ZNKSt8__detail10_Hash_nodeINSt7__cxx1112basic_stringIcSt11char_traitsIcESaIcEEELb1EE7_M_nextEv
FN:378,_ZNSt8__detail19_Node_iterator_baseINSt7__cxx1112basic_stringIcSt11char_traitsIcESaIcEEELb1EEC2EPNS_10_Hash_nodeIS6_Lb1EEE
FN:382,_ZNSt8__detail19_Node_iterator_baseINSt7__cxx1112basic_stringIcSt11char_traitsIcESaIcEEELb1EE7_M_incrEv
FN:421,_ZNSt8__detail14_Node_iteratorINSt7__cxx1112basic_stringIcSt11char_traitsIcESaIcEEELb1ELb1EEC1EPNS_10_Hash_nodeIS6_Lb1EEE
FN:433,_ZNSt8__detail14_Node_iteratorINSt7__cxx1112basic_stringIcSt11char_traitsIcESaIcEEELb1ELb1EEppEv
FN:489,_ZNSt8__detail20_Node_const_iteratorINSt7__cxx1112basic_stringIcSt11char_traitsIcESaIcEEELb1ELb1EEC1EPNS_10_Hash_nodeIS6_Lb1EEE
FN:492,_ZNSt8__detail20_Node_const_iteratorINSt7__cxx1112basic_stringIcSt11char_traitsIcESaIcEEELb1ELb1EEC1ERKNS_14_Node_iteratorIS6_Lb1ELb1EEE
FN:583,_ZNKSt8__detail18_Mod_range_hashingclEyy
FN:600,_ZNSt8__detail20_Prime_rehash_policyC1Ef
FN:629,_ZNKSt8__detail20_Prime_rehash_policy8_M_stateEv
FN:633,_ZNSt8__detail20_Prime_rehash_policy8_M_resetEv
FN:637,_ZNSt8__detail20_Prime_rehash_policy8_M_resetEy
FN:778,_ZNSt8__detail17_RehashStateGuardINS_20_Prime_rehash_policyEEC1ERS1_
FN:784,_ZNSt8__detail17_RehashStateGuardINS_20_Prime_rehash_policyEED1Ev
FN:1062,_ZNSt8__detail15_Hash_code_baseINSt7__cxx1112basic_stringIcSt11char_traitsIcESaIcEEES6_NS_9_IdentityESt4hashIS6_ENS_18_Mod_range_hashingENS_20_Default_ranged_hashELb1EEC2Ev
FN:1067,_ZNKSt8__detail15_Hash_code_baseINSt7__cxx1112basic_stringIcSt11char_traitsIcESaIcEEES6_NS_9_IdentityESt4hashIS6_ENS_18_Mod_range_hashingENS_20_Default_ranged_hashELb1EE12_M_hash_codeERKS6_
FN:1092,_ZNKSt8__detail15_Hash_code_baseINSt7__cxx1112basic_stringIcSt11char_traitsIcESaIcEEES6_NS_9_IdentityESt4hashIS6_ENS_18_Mod_range_hashingENS_20_Default_ranged_hashELb1EE15_M_bucket_indexEyy
FN:1105,_ZNKSt8__detail15_Hash_code_baseINSt7__cxx1112basic_stringIcSt11char_traitsIcESaIcEEES6_NS_9_IdentityESt4hashIS6_ENS_18_Mod_range_hashingENS_20_Default_ranged_hashELb1EE15_M_bucket_indexERKNS_16_Hash_node_valueIS6_Lb1EEEy
FN:1395,_ZNSt8__detail15_Hashtable_baseINSt7__cxx1112basic_stringIcSt11char_traitsIcESaIcEEES6_NS_9_IdentityESt8equal_toIS6_ESt4hashIS6_ENS_18_Mod_range_hashingENS_20_Default_ranged_hashENS_17_Hashtable_traitsILb1ELb1ELb1EEEEC2Ev
FN:1402,_ZNKSt8__detail15_Hashtable_baseINSt7__cxx1112basic_stringIcSt11char_traitsIcESaIcEEES6_NS_9_IdentityESt8equal_toIS6_ESt4hashIS6_ENS_18_Mod_range_hashingENS_20_Default_ranged_hashENS_17_Hashtable_traitsILb1ELb1ELb1EEEE13_M_key_equalsERKS6_RKNS_16_Hash_node_valueIS6_Lb1EEE
FN:1428,_ZNKSt8__detail15_Hashtable_baseINSt7__cxx1112basic_stringIcSt11char_traitsIcESaIcEEES6_NS_9_IdentityESt8equal_toIS6_ESt4hashIS6_ENS_18_Mod_range_hashingENS_20_Default_ranged_hashENS_17_Hashtable_traitsILb1ELb1ELb1EEEE9_M_equalsERKS6_yRKNS_16_Hash_node_valueIS6_Lb1EEE
FN:1465,_ZNKSt8__detail15_Hashtable_baseINSt7__cxx1112basic_stringIcSt11char_traitsIcESaIcEEES6_NS_9_IdentityESt8equal_toIS6_ESt4hashIS6_ENS_18_Mod_range_hashingENS_20_Default_ranged_hashENS_17_Hashtable_traitsILb1ELb1ELb1EEEE5_M_eqEv
FN:1500,_ZNSt8__detail16_Hashtable_allocISaINS_10_Hash_nodeINSt7__cxx1112basic_stringIcSt11char_traitsIcESaIcEEELb1EEEEEC2Ev
FN:1510,_ZNSt8__detail16_Hashtable_allocISaINS_10_Hash_nodeINSt7__cxx1112basic_stringIcSt11char_traitsIcESaIcEEELb1EEEEE17_M_node_allocatorEv
FN:1547,_ZNSt8__detail16_Hashtable_allocISaINS_10_Hash_nodeINSt7__cxx1112basic_stringIcSt11char_traitsIcESaIcEEELb1EEEEE16_M_allocate_nodeIJS7_EEEPS8_DpOT_
FN:1570,_ZNSt8__detail16_Hashtable_allocISaINS_10_Hash_nodeINSt7__cxx1112basic_stringIcSt11char_traitsIcESaIcEEELb1EEEEE18_M_deallocate_nodeEPS8_
FN:1578,_ZNSt8__detail16_Hashtable_allocISaINS_10_Hash_nodeINSt7__cxx1112basic_stringIcSt11char_traitsIcESaIcEEELb1EEEEE22_M_deallocate_node_ptrEPS8_
FN:1588,_ZNSt8__detail16_Hashtable_allocISaINS_10_Hash_nodeINSt7__cxx1112basic_stringIcSt11char_traitsIcESaIcEEELb1EEEEE19_M_deallocate_nodesEPS8_
FN:1600,_ZNSt8__detail16_Hashtable_allocISaINS_10_Hash_nodeINSt7__cxx1112basic_stringIcSt11char_traitsIcESaIcEEELb1EEEEE19_M_allocate_bucketsEy
FN:1613,_ZNSt8__detail16_Hashtable_allocISaINS_10_Hash_nodeINSt7__cxx1112basic_stringIcSt11char_traitsIcESaIcEEELb1EEEEE21_M_deallocate_bucketsEPPNS_15_Hash_node_baseEy
FNDA:1900,_ZNKSt8__detail15_Hashtable_baseINSt7__cxx1112basic_stringIcSt11char_traitsIcESaIcEEES6_NS_9_IdentityESt8equal_toIS6_ESt4hashIS6_ENS_18_Mod_range_hashingENS_20_Default_ranged_hashENS_17_Hashtable_traitsILb1ELb1ELb1EEEE5_M_eqEv
FNDA:100,_ZNSt8__detail17_RehashStateGuardINS_20_Prime_rehash_policyEED1Ev
FNDA:109,_ZNSt8__detail20_Prime_rehash_policy8_M_resetEv
FNDA:7257,_ZNKSt8__detail15_Hash_code_baseINSt7__cxx1112basic_stringIcSt11char_traitsIcESaIcEEES6_NS_9_IdentityESt4hashIS6_ENS_18_Mod_range_hashingENS_20_Default_ranged_hashELb1EE15_M_bucket_indexEyy
FNDA:100,_ZNSt8__detail17_RehashStateGuardINS_20_Prime_rehash_policyEEC1ERS1_
FNDA:1081,_ZNSt8__detail14_Node_iteratorINSt7__cxx1112basic_stringIcSt11char_traitsIcESaIcEEELb1ELb1EEC1EPNS_10_Hash_nodeIS6_Lb1EEE
FNDA:100,_ZNSt8__detail16_Hashtable_allocISaINS_10_Hash_nodeINSt7__cxx1112basic_stringIcSt11char_traitsIcESaIcEEELb1EEEEE22_M_deallocate_node_ptrEPS8_
FNDA:7157,_ZNKSt8__detail15_Hash_code_baseINSt7__cxx1112basic_stringIcSt11char_traitsIcESaIcEEES6_NS_9_IdentityESt4hashIS6_ENS_18_Mod_range_hashingENS_20_Default_ranged_hashELb1EE12_M_hash_codeERKS6_
FNDA:1900,_ZNKSt8__detail9_IdentityclIRKNSt7__cxx1112basic_stringIcSt11char_traitsIcESaIcEEEEEOT_SB_
FNDA:100,_ZNKSt8__detail15_Hash_code_baseINSt7__cxx1112basic_stringIcSt11char_traitsIcESaIcEEES6_NS_9_IdentityESt4hashIS6_ENS_18_Mod_range_hashingENS_20_Default_ranged_hashELb1EE15_M_bucket_indexERKNS_16_Hash_node_valueIS6_Lb1EEEy
FNDA:1199,_ZNSt8__detail20_Prime_rehash_policyC1Ef
FNDA:1308,_ZNSt8__detail16_Hashtable_allocISaINS_10_Hash_nodeINSt7__cxx1112basic_stringIcSt11char_traitsIcESaIcEEELb1EEEEE19_M_deallocate_nodesEPS8_
FNDA:7357,_ZNKSt8__detail18_Mod_range_hashingclEyy
FNDA:100,_ZNKSt8__detail9_IdentityclIRNSt7__cxx1112basic_stringIcSt11char_traitsIcESaIcEEEEEOT_SA_
FNDA:100,_ZNSt8__detail16_Hashtable_allocISaINS_10_Hash_nodeINSt7__cxx1112basic_stringIcSt11char_traitsIcESaIcEEELb1EEEEE16_M_allocate_nodeIJS7_EEEPS8_DpOT_
FNDA:100,_ZNSt8__detail16_Hashtable_allocISaINS_10_Hash_nodeINSt7__cxx1112basic_stringIcSt11char_traitsIcESaIcEEELb1EEEEE19_M_allocate_bucketsEy
FNDA:7157,_ZNSt8__detail20_Node_const_iteratorINSt7__cxx1112basic_stringIcSt11char_traitsIcESaIcEEELb1ELb1EEC1EPNS_10_Hash_nodeIS6_Lb1EEE
FNDA:1199,_ZNSt8__detail15_Hashtable_baseINSt7__cxx1112basic_stringIcSt11char_traitsIcESaIcEEES6_NS_9_IdentityESt8equal_toIS6_ESt4hashIS6_ENS_18_Mod_range_hashingENS_20_Default_ranged_hashENS_17_Hashtable_traitsILb1ELb1ELb1EEEEC2Ev
FNDA:718,_ZNSt8__detail16_Hashtable_allocISaINS_10_Hash_nodeINSt7__cxx1112basic_stringIcSt11char_traitsIcESaIcEEELb1EEEEE17_M_node_allocatorEv
FNDA:100,_ZNSt8__detail20_Node_const_iteratorINSt7__cxx1112basic_stringIcSt11char_traitsIcESaIcEEELb1ELb1EEC1ERKNS_14_Node_iteratorIS6_Lb1ELb1EEE
FNDA:100,_ZNSt8__detail16_Hashtable_allocISaINS_10_Hash_nodeINSt7__cxx1112basic_stringIcSt11char_traitsIcESaIcEEELb1EEEEE18_M_deallocate_nodeEPS8_
[...]
FNDA:48,_ZNSt4pairIKNSt7__cxx1112basic_stringIcSt11char_traitsIcESaIcEEEiEC1IJOS5_EJEEESt21piecewise_construct_tSt5tupleIJDpT_EESB_IJDpT0_EE
FNDA:0,_ZNSt10_Head_baseILy0EPKN7testing8internal11MatcherBaseIRKSt17basic_string_viewIcSt11char_traitsIcEEEELb0EE7_M_headERSC_
FNDA:6438,_ZNSt10_Head_baseILy1ESt14default_deleteINSt7__cxx1118basic_stringstreamIcSt11char_traitsIcESaIcEEEELb1EEC2Ev
FNDA:6438,_ZNSt11_Tuple_implILy1EJSt14default_deleteINSt7__cxx1118basic_stringstreamIcSt11char_traitsIcESaIcEEEEEEC2Ev
FNDA:109,_ZNSt11_Tuple_implILy0EJPN7testing8internal16DeathTestFactoryESt14default_deleteIS2_EEE7_M_headERS6_
FNDA:0,_ZSt3getILy1EJPN7testing8internal16DeathTestFactoryESt14default_deleteIS2_EEERNSt13tuple_elementIXT_ESt5tupleIJDpT0_EEE4typeERSA_
FNDA:2369,_ZNSt11_Tuple_implILy0EJPKNSt7__cxx1112basic_stringIcSt11char_traitsIcESaIcEEESt14default_deleteIS6_EEE7_M_headERKSA_
FNDA:0,_ZNSt5tupleIJPN7testing8internal19ThreadWithParamBase8RunnableESt14default_deleteIS3_EEEC1ILb1ELb1EEEv
FNDA:0,_ZNSt10_Head_baseILy0EPNSt7__cxx1112basic_stringIcSt11char_traitsIcESaIcEEELb0EE7_M_headERKS7_
FNDA:109,_ZSt3getILy0EJPN7testing8internal11ThreadLocalISt6vectorINS1_9TraceInfoESaIS4_EEE18ValueHolderFactoryESt14default_deleteIS8_EEERNSt13tuple_elementIXT_ESt5tupleIJDpT0_EEE4typeERSG_
FNDA:109,_ZNSt11_Tuple_implILy0EJPN7testing8internal11ThreadLocalISt6vectorINS1_9TraceInfoESaIS4_EEE18ValueHolderFactoryESt14default_deleteIS8_EEE7_M_headERSC_
FNDA:2760,_ZSt12__get_helperILy1ESt14default_deleteINSt7__cxx1118basic_stringstreamIcSt11char_traitsIcESaIcEEEEJEERT0_RSt11_Tuple_implIXT_EJS8_DpT1_EE
FNDA:0,_ZSt3getILy1EJPKNSt7__cxx1112basic_stringIcSt11char_traitsIcESaIcEEESt14default_deleteIS6_EEERNSt13tuple_elementIXT_ESt5tupleIJDpT0_EEE4typeERSE_
FNDA:248,_ZNSt11_Tuple_implILy0EJPN7testing8internal14GTestFlagSaverESt14default_deleteIS2_EEE7_M_headERS6_
FNDA:1209,_ZNSt10_Head_baseILy0EONSt7__cxx1112basic_stringIcSt11char_traitsIcESaIcEEELb0EEC2IS5_EEOT_
FNDA:0,_ZNSt10_Head_baseILy1ESt14default_deleteIN7testing8internal11ThreadLocalISt6vectorINS2_9TraceInfoESaIS5_EEE18ValueHolderFactoryEELb1EE7_M_headERSB_
FNDA:0,_ZNSt11_Tuple_implILy0EJPKN7testing8internal11MatcherBaseIRKSt17basic_string_viewIcSt11char_traitsIcEEEEPKNS1_9EqMatcherINSt7__cxx1112basic_stringIcS5_SaIcEEEEEEE7_M_headERSK_
FNDA:0,_ZSt12__get_helperILy0EPN7testing8internal12_GLOBAL__N_122ThreadWithParamSupport15ThreadMainParamEJSt14default_deleteIS4_EEERKT0_RKSt11_Tuple_implIXT_EJS8_DpT1_EE
FNDA:109,_ZSt3getILy0EJPN7testing8internal11ThreadLocalIPNS0_31TestPartResultReporterInterfaceEE18ValueHolderFactoryESt14default_deleteIS6_EEERNSt13tuple_elementIXT_ESt5tupleIJDpT0_EEE4typeERSE_
FNDA:218,_ZNSt10_Head_baseILy0EPN7testing8internal24InternalRunDeathTestFlagELb0EE7_M_headERKS4_
FNDA:0,_ZSt3getILy0EJPN7testing8internal12_GLOBAL__N_122ThreadWithParamSupport15ThreadMainParamESt14default_deleteIS4_EEERKNSt13tuple_elementIXT_ESt5tupleIJDpT0_EEE4typeERKSC_
FNDA:130,_ZNSt10_Head_baseILy1ESt14default_deleteINSt7__cxx1112basic_stringIcSt11char_traitsIcESaIcEEEELb1EEC2Ev
FNDA:0,_ZNSt11_Tuple_implILy1EJSt14default_deleteINSt7__cxx1112basic_stringIcSt11char_traitsIcESaIcEEEEEE7_M_headERS8_
FNDA:40,_ZSt3getILy0EJRKNSt7__cxx1112basic_stringIcSt11char_traitsIcESaIcEEEEERNSt13tuple_elementIXT_ESt5tupleIJDpT0_EEE4typeERSC_
FNDA:0,_ZNSt11_Tuple_implILy0EJPN7testing8internal12_GLOBAL__N_122ThreadWithParamSupport15ThreadMainParamESt14default_deleteIS4_EEE7_M_headERS8_
FNDA:4905,_ZNSt10_Head_baseILy1ESt14default_deleteIKNSt7__cxx1112basic_stringIcSt11char_traitsIcESaIcEEEELb1EEC2Ev
FNDA:40,_ZNSt5tupleIJRKNSt7__cxx1112basic_stringIcSt11char_traitsIcESaIcEEEEEC1EOS8_
FNDA:0,_ZSt3getILy0EJPKN7testing8internal11MatcherBaseIRKNSt7__cxx1112basic_stringIcSt11char_traitsIcESaIcEEEEEPKNS1_9EqMatcherIS8_EEEEONSt13tuple_elementIXT_ESt5tupleIJDpT0_EEE4typeEOSM_
FNDA:57112,_ZSt12__get_helperILy0EPNSt7__cxx1118basic_stringstreamIcSt11char_traitsIcESaIcEEEJSt14default_deleteIS5_EEERKT0_RKSt11_Tuple_implIXT_EJS9_DpT1_EE
FNDA:109,_ZNSt10_Head_baseILy0EPN7testing8internal24InternalRunDeathTestFlagELb0EEC2Ev
FNDA:218,_ZNSt11_Tuple_implILy0EJPN7testing8internal24InternalRunDeathTestFlagESt14default_deleteIS2_EEE7_M_headERS6_
FNDA:0,_ZNSt5tupleIJPKN7testing8internal11MatcherBaseINSt7__cxx1112basic_stringIcSt11char_traitsIcESaIcEEEEEPKNS1_9EqMatcherIS8_EEEEC1ISB_SF_Lb1EEEOT_OT0_
FNDA:124,_ZNSt10_Head_baseILy1ESt14default_deleteIN7testing8internal14GTestFlagSaverEELb1EE7_M_headERS5_
FNDA:0,_ZSt12__get_helperILy1ESt14default_deleteIN7testing8internal12_GLOBAL__N_122ThreadWithParamSupport15ThreadMainParamEEJEERT0_RSt11_Tuple_implIXT_EJS7_DpT1_EE
FNDA:109,_ZSt12__get_helperILy0EPN7testing8internal16DeathTestFactoryEJSt14default_deleteIS2_EEERT0_RSt11_Tuple_implIXT_EJS6_DpT1_EE
FNDA:0,_ZSt3getILy0EJPN7testing8internal19ThreadWithParamBase8RunnableESt14default_deleteIS3_EEERNSt13tuple_elementIXT_ESt5tupleIJDpT0_EEE4typeERSB_
FNDA:0,_ZSt12__get_helperILy1ESt14default_deleteIN7testing8internal11ThreadLocalISt6vectorINS2_9TraceInfoESaIS5_EEE18ValueHolderFactoryEEJEERT0_RSt11_Tuple_implIXT_EJSB_DpT1_EE
FNDA:0,_ZNSt10_Head_baseILy0EPN7testing8internal12_GLOBAL__N_122ThreadWithParamSupport15ThreadMainParamELb0EEC2Ev
FNDA:57112,_ZSt3getILy0EJPNSt7__cxx1118basic_stringstreamIcSt11char_traitsIcESaIcEEESt14default_deleteIS5_EEERKNSt13tuple_elementIXT_ESt5tupleIJDpT0_EEE4typeERKSD_
FNDA:2369,_ZSt12__get_helperILy0EPKNSt7__cxx1112basic_stringIcSt11char_traitsIcESaIcEEEJSt14default_deleteIS6_EEERKT0_RKSt11_Tuple_implIXT_EJSA_DpT1_EE
FNDA:0,_ZNSt11_Tuple_implILy0EJPKN7testing8internal11MatcherBaseINSt7__cxx1112basic_stringIcSt11char_traitsIcESaIcEEEEEPKNS1_9EqMatcherIS8_EEEE7_M_headERSG_
FNDA:0,_ZSt3getILy0EJPKN7testing8internal11MatcherBaseIRKSt17basic_string_viewIcSt11char_traitsIcEEEEPKNS1_9EqMatcherINSt7__cxx1112basic_stringIcS5_SaIcEEEEEEEONSt13tuple_elementIXT_ESt5tupleIJDpT0_EEE4typeEOSO_
FNDA:109,_ZNSt11_Tuple_implILy0EJPN7testing8internal11ThreadLocalIPNS0_31TestPartResultReporterInterfaceEE18ValueHolderFactoryESt14default_deleteIS6_EEEC2Ev
FNDA:0,_ZNSt11_Tuple_implILy0EJPKN7testing8internal11MatcherBaseINSt7__cxx1112basic_stringIcSt11char_traitsIcESaIcEEEEEPKNS1_9EqMatcherIS8_EEEEC2ISB_JSF_EvEEOT_DpOT0_
FNDA:109,_ZNSt11_Tuple_implILy1EJSt14default_deleteIN7testing8internal11ThreadLocalISt6vectorINS2_9TraceInfoESaIS5_EEE18ValueHolderFactoryEEEEC2Ev
FNDA:0,_ZNSt10_Head_baseILy1ESt14default_deleteIN7testing8internal19ThreadWithParamBase8RunnableEELb1EEC2Ev
FNDA:0,_ZNSt11_Tuple_implILy1EJSt14default_deleteIN7testing8internal19ThreadWithParamBase8RunnableEEEEC2Ev
FNDA:0,_ZNSt5tupleIJPKN7testing8internal11MatcherBaseIRKSt17basic_string_viewIcSt11char_traitsIcEEEEPKNS1_9EqMatcherINSt7__cxx1112basic_stringIcS5_SaIcEEEEEEEC1ISB_SJ_Lb1EEEOT_OT0_
FNDA:109,_ZNSt11_Tuple_implILy0EJPN7testing8internal11ThreadLocalIPNS0_31TestPartResultReporterInterfaceEE18ValueHolderFactoryESt14default_deleteIS6_EEE7_M_headERSA_
FNDA:40,_ZNSt4pairIKNSt7__cxx1112basic_stringIcSt11char_traitsIcESaIcEEEiEC1IJRS6_EJLy0EEJEJEEERSt5tupleIJDpT_EERSA_IJDpT1_EESt12_Index_tupleIJXspT0_EEESJ_IJXspT2_EEE
FNDA:1209,_ZNSt11_Tuple_implILy0EJONSt7__cxx1112basic_stringIcSt11char_traitsIcESaIcEEEEE7_M_headERS7_
FNDA:946,_ZNSt4pairIKNSt7__cxx1112basic_stringIcSt11char_traitsIcESaIcEEESt6vectorIS5_SaIS5_EEEC1IJOS5_EJEEESt21piecewise_construct_tSt5tupleIJDpT_EESE_IJDpT0_EE
FNDA:0,_ZNSt11_Tuple_implILy0EJPN7testing8internal16DeathTestFactoryESt14default_deleteIS2_EEE7_M_headERKS6_
FNDA:109,_ZNSt5tupleIJPN7testing8internal24InternalRunDeathTestFlagESt14default_deleteIS2_EEEC1ILb1ELb1EEEv
FNDA:0,_ZNSt11_Tuple_implILy0EJPN7testing8internal19ThreadWithParamBase8RunnableESt14default_deleteIS3_EEE7_M_headERS7_
FNDA:124,_ZNSt11_Tuple_implILy0EJPN7testing8internal14GTestFlagSaverESt14default_deleteIS2_EEEC2Ev
FNDA:0,_ZSt12__get_helperILy0EPKN7testing8internal11MatcherBaseINSt7__cxx1112basic_stringIcSt11char_traitsIcESaIcEEEEEJPKNS1_9EqMatcherIS8_EEEERT0_RSt11_Tuple_implIXT_EJSG_DpT1_EE
FNDA:109,_ZNSt5tupleIJPN7testing8internal16DeathTestFactoryESt14default_deleteIS2_EEEC1ILb1ELb1EEEv
FNDA:0,_ZNSt10_Head_baseILy1ESt14default_deleteIKNSt7__cxx1112basic_stringIcSt11char_traitsIcESaIcEEEELb1EE7_M_headERS9_
FNDA:0,_ZSt12__get_helperILy0EPN7testing8internal12_GLOBAL__N_122ThreadWithParamSupport15ThreadMainParamEJSt14default_deleteIS4_EEERT0_RSt11_Tuple_implIXT_EJS8_DpT1_EE
FNDA:4905,_ZSt12__get_helperILy0EPKNSt7__cxx1112basic_stringIcSt11char_traitsIcESaIcEEEJSt14default_deleteIS6_EEERT0_RSt11_Tuple_implIXT_EJSA_DpT1_EE
FNDA:0,_ZNSt11_Tuple_implILy0EJPKN7testing8internal11MatcherBaseIRKSt17basic_string_viewIcSt11char_traitsIcEEEEPKNS1_9EqMatcherINSt7__cxx1112basic_stringIcS5_SaIcEEEEEEEC2ISB_JSJ_EvEEOT_DpOT0_
FNDA:109,_ZNSt10_Head_baseILy1ESt14default_deleteIN7testing8internal16DeathTestFactoryEELb1EEC2Ev
FNDA:0,_ZSt3getILy1EJPN7testing8internal19ThreadWithParamBase8RunnableESt14default_deleteIS3_EEERNSt13tuple_elementIXT_ESt5tupleIJDpT0_EEE4typeERSB_
FNDA:0,_ZNSt11_Tuple_implILy0EJPKN7testing8internal11MatcherBaseISt17basic_string_viewIcSt11char_traitsIcEEEEPKNS1_9EqMatcherINSt7__cxx1112basic_stringIcS5_SaIcEEEEEEE7_M_headERSI_
FNDA:0,_ZNSt10_Head_baseILy1ESt14default_deleteIN7testing8internal19ThreadWithParamBase8RunnableEELb1EE7_M_headERS6_
FNDA:0,_ZNSt10_Head_baseILy0EPN7testing8internal12_GLOBAL__N_122ThreadWithParamSupport15ThreadMainParamELb0EE7_M_headERS6_
FNDA:57112,_ZNSt11_Tuple_implILy0EJPNSt7__cxx1118basic_stringstreamIcSt11char_traitsIcESaIcEEESt14default_deleteIS5_EEE7_M_headERKS9_
FNDA:6438,_ZNSt5tupleIJPNSt7__cxx1118basic_stringstreamIcSt11char_traitsIcESaIcEEESt14default_deleteIS5_EEEC1ILb1ELb1EEEv
FNDA:0,_ZSt10make_tupleIJPKN7testing8internal11MatcherBaseIRKSt17basic_string_viewIcSt11char_traitsIcEEEEPKNS1_9EqMatcherINSt7__cxx1112basic_stringIcS5_SaIcEEEEEEESt5tupleIJDpNSt25__strip_reference_wrapperINSt5decayIT_E4typeEE6__typeEEEDpOSN_
FNDA:0,_ZNSt11_Tuple_implILy1EJSt14default_deleteIN7testing8internal12_GLOBAL__N_122ThreadWithParamSupport15ThreadMainParamEEEE7_M_headERS7_
FNDA:0,_ZNSt10_Head_baseILy1ESt14default_deleteIN7testing8internal11ThreadLocalIPNS1_31TestPartResultReporterInterfaceEE18ValueHolderFactoryEELb1EE7_M_headERS9_
FNDA:109,_ZNSt10_Head_baseILy0EPN7testing8internal16DeathTestFactoryELb0EE7_M_headERS4_
FNDA:218,_ZSt12__get_helperILy0EPN7testing8internal24InternalRunDeathTestFlagEJSt14default_deleteIS2_EEERT0_RSt11_Tuple_implIXT_EJS6_DpT1_EE
FNDA:0,_ZSt3getILy1EJPN7testing8internal11ThreadLocalISt6vectorINS1_9TraceInfoESaIS4_EEE18ValueHolderFactoryESt14default_deleteIS8_EEERNSt13tuple_elementIXT_ESt5tupleIJDpT0_EEE4typeERSG_
FNDA:5520,_ZSt3getILy0EJPNSt7__cxx1118basic_stringstreamIcSt11char_traitsIcESaIcEEESt14default_deleteIS5_EEERNSt13tuple_elementIXT_ESt5tupleIJDpT0_EEE4typeERSD_
FNDA:0,_ZNSt11_Tuple_implILy1EJSt14default_deleteIN7testing8internal19ThreadWithParamBase8RunnableEEEE7_M_headERS6_
FNDA:109,_ZNSt10_Head_baseILy0EPN7testing8internal11ThreadLocalISt6vectorINS1_9TraceInfoESaIS4_EEE18ValueHolderFactoryELb0EEC2Ev
FNDA:5520,_ZNSt10_Head_baseILy0EPNSt7__cxx1118basic_stringstreamIcSt11char_traitsIcESaIcEEELb0EE7_M_headERS7_
FNDA:40,_ZSt12__get_helperILy0ERKNSt7__cxx1112basic_stringIcSt11char_traitsIcESaIcEEEJEERT0_RSt11_Tuple_implIXT_EJS8_DpT1_EE
FNDA:1209,_ZSt12__get_helperILy0EONSt7__cxx1112basic_stringIcSt11char_traitsIcESaIcEEEJEERT0_RSt11_Tuple_implIXT_EJS7_DpT1_EE
FNDA:248,_ZSt3getILy0EJPN7testing8internal14GTestFlagSaverESt14default_deleteIS2_EEERNSt13tuple_elementIXT_ESt5tupleIJDpT0_EEE4typeERSA_
FNDA:109,_ZNSt10_Head_baseILy1ESt14default_deleteIN7testing8internal11ThreadLocalISt6vectorINS2_9TraceInfoESaIS5_EEE18ValueHolderFactoryEELb1EEC2Ev
FNDA:946,_ZNSt4pairIKNSt7__cxx1112basic_stringIcSt11char_traitsIcESaIcEEESt6vectorIS5_SaIS5_EEEC1IJOS5_EJLy0EEJEJEEERSt5tupleIJDpT_EERSD_IJDpT1_EESt12_Index_tupleIJXspT0_EEESM_IJXspT2_EEE
FNDA:0,_ZSt3getILy0EJPN7testing8internal19ThreadWithParamBase8RunnableESt14default_deleteIS3_EEERKNSt13tuple_elementIXT_ESt5tupleIJDpT0_EEE4typeERKSB_
FNDA:5520,_ZSt12__get_helperILy0EPNSt7__cxx1118basic_stringstreamIcSt11char_traitsIcESaIcEEEJSt14default_deleteIS5_EEERT0_RSt11_Tuple_implIXT_EJS9_DpT1_EE
FNDA:6,_ZNSt11_Tuple_implILy0EJPN7testing8internal11ThreadLocalIPNS0_31TestPartResultReporterInterfaceEE18ValueHolderFactoryESt14default_deleteIS6_EEE7_M_headERKSA_
FNDA:48,_ZNSt4pairIKNSt7__cxx1112basic_stringIcSt11char_traitsIcESaIcEEEiEC1IJOS5_EJLy0EEJEJEEERSt5tupleIJDpT_EERSA_IJDpT1_EESt12_Index_tupleIJXspT0_EEESJ_IJXspT2_EEE
FNDA:0,_ZNSt10_Head_baseILy0EPN7testing8internal12_GLOBAL__N_122ThreadWithParamSupport15ThreadMainParamELb0EE7_M_headERKS6_
FNDA:109,_ZSt12__get_helperILy0EPN7testing8internal11ThreadLocalISt6vectorINS1_9TraceInfoESaIS4_EEE18ValueHolderFactoryEJSt14default_deleteIS8_EEERT0_RSt11_Tuple_implIXT_EJSC_DpT1_EE
FNDA:0,_ZSt3getILy1EJPNSt7__cxx1112basic_stringIcSt11char_traitsIcESaIcEEESt14default_deleteIS5_EEERNSt13tuple_elementIXT_ESt5tupleIJDpT0_EEE4typeERSD_
FNDA:0,_ZSt3getILy0EJPN7testing8internal16DeathTestFactoryESt14default_deleteIS2_EEERKNSt13tuple_elementIXT_ESt5tupleIJDpT0_EEE4typeERKSA_
FNDA:0,_ZNSt10_Head_baseILy0EPKN7testing8internal11MatcherBaseIRKNSt7__cxx1112basic_stringIcSt11char_traitsIcESaIcEEEEELb0EEC2ISD_EEOT_
FNDA:0,_ZNSt10_Head_baseILy1ESt14default_deleteIN7testing8internal24InternalRunDeathTestFlagEELb1EE7_M_headERS5_
FNDA:6438,_ZNSt11_Tuple_implILy0EJPNSt7__cxx1118basic_stringstreamIcSt11char_traitsIcESaIcEEESt14default_deleteIS5_EEEC2Ev
FNDA:0,_ZSt12__get_helperILy0EPKN7testing8internal11MatcherBaseIRKSt17basic_string_viewIcSt11char_traitsIcEEEEJPKNS1_9EqMatcherINSt7__cxx1112basic_stringIcS5_SaIcEEEEEEERT0_RSt11_Tuple_implIXT_EJSK_DpT1_EE
FNDA:124,_ZNSt5tupleIJPN7testing8internal14GTestFlagSaverESt14default_deleteIS2_EEEC1ILb1ELb1EEEv
FNDA:0,_ZSt3getILy1EJPN7testing8internal11ThreadLocalIPNS0_31TestPartResultReporterInterfaceEE18ValueHolderFactoryESt14default_deleteIS6_EEERNSt13tuple_elementIXT_ESt5tupleIJDpT0_EEE4typeERSE_
FNDA:0,_ZNSt10_Head_baseILy0EPN7testing8internal19ThreadWithParamBase8RunnableELb0EE7_M_headERS5_
FNDA:109,_ZNSt11_Tuple_implILy1EJSt14default_deleteIN7testing8internal11ThreadLocalIPNS1_31TestPartResultReporterInterfaceEE18ValueHolderFactoryEEEEC2Ev
FNDA:4905,_ZNSt10_Head_baseILy0EPKNSt7__cxx1112basic_stringIcSt11char_traitsIcESaIcEEELb0EEC2Ev
FNDA:40,_ZNSt4pairIKNSt7__cxx1112basic_stringIcSt11char_traitsIcESaIcEEEiEC1IJRS6_EJEEESt21piecewise_construct_tSt5tupleIJDpT_EESB_IJDpT0_EE
FNDA:0,_ZNSt10_Head_baseILy1ESt14default_deleteIN7testing8internal12_GLOBAL__N_122ThreadWithParamSupport15ThreadMainParamEELb1EE7_M_headERS7_
FNDA:109,_ZNSt5tupleIJPN7testing8internal11ThreadLocalISt6vectorINS1_9TraceInfoESaIS4_EEE18ValueHolderFactoryESt14default_deleteIS8_EEEC1ILb1ELb1EEEv
FNDA:109,_ZNSt10_Head_baseILy0EPN7testing8internal11ThreadLocalIPNS0_31TestPartResultReporterInterfaceEE18ValueHolderFactoryELb0EEC2Ev
FNDA:4905,_ZNSt11_Tuple_implILy0EJPKNSt7__cxx1112basic_stringIcSt11char_traitsIcESaIcEEESt14default_deleteIS6_EEE7_M_headERSA_
FNDA:0,_ZNSt5tupleIJPKN7testing8internal11MatcherBaseIRKNSt7__cxx1112basic_stringIcSt11char_traitsIcESaIcEEEEEPKNS1_9EqMatcherIS8_EEEEC1ISD_SH_Lb1EEEOT_OT0_
FNDA:6,_ZNSt10_Head_baseILy0EPN7testing8internal11ThreadLocalIPNS0_31TestPartResultReporterInterfaceEE18ValueHolderFactoryELb0EE7_M_headERKS8_
FNDA:1209,_ZNSt5tupleIJONSt7__cxx1112basic_stringIcSt11char_traitsIcESaIcEEEEEC1IJS5_ELb1ELb1EEEDpOT_
FNDA:0,_ZNSt10_Head_baseILy0EPKN7testing8internal11MatcherBaseISt17basic_string_viewIcSt11char_traitsIcEEEELb0EEC2IS9_EEOT_
FNDA:0,_ZNSt11_Tuple_implILy0EJPN7testing8internal19ThreadWithParamBase8RunnableESt14default_deleteIS3_EEEC2Ev
FNDA:130,_ZNSt11_Tuple_implILy0EJPNSt7__cxx1112basic_stringIcSt11char_traitsIcESaIcEEESt14default_deleteIS5_EEE7_M_headERS9_
FNDA:1209,_ZSt3getILy0EJONSt7__cxx1112basic_stringIcSt11char_traitsIcESaIcEEEEERNSt13tuple_elementIXT_ESt5tupleIJDpT0_EEE4typeERSB_
FNDA:0,_ZNSt10_Head_baseILy0EPKN7testing8internal11MatcherBaseISt17basic_string_viewIcSt11char_traitsIcEEEELb0EE7_M_headERSA_
FNDA:218,_ZSt12__get_helperILy0EPN7testing8internal24InternalRunDeathTestFlagEJSt14default_deleteIS2_EEERKT0_RKSt11_Tuple_implIXT_EJS6_DpT1_EE
FNDA:0,_ZSt3getILy0EJPNSt7__cxx1112basic_stringIcSt11char_traitsIcESaIcEEESt14default_deleteIS5_EEERKNSt13tuple_elementIXT_ESt5tupleIJDpT0_EEE4typeERKSD_
FNDA:109,_ZNSt11_Tuple_implILy0EJPN7testing8internal11ThreadLocalISt6vectorINS1_9TraceInfoESaIS4_EEE18ValueHolderFactoryESt14default_deleteIS8_EEEC2Ev
FNDA:130,_ZSt12__get_helperILy0EPNSt7__cxx1112basic_stringIcSt11char_traitsIcESaIcEEEJSt14default_deleteIS5_EEERT0_RSt11_Tuple_implIXT_EJS9_DpT1_EE
FNDA:130,_ZNSt10_Head_baseILy0EPNSt7__cxx1112basic_stringIcSt11char_traitsIcESaIcEEELb0EEC2Ev
FNDA:130,_ZNSt5tupleIJPNSt7__cxx1112basic_stringIcSt11char_traitsIcESaIcEEESt14default_deleteIS5_EEEC1ILb1ELb1EEEv
FNDA:0,_ZSt12__get_helperILy1ESt14default_deleteIN7testing8internal16DeathTestFactoryEEJEERT0_RSt11_Tuple_implIXT_EJS5_DpT1_EE
FNDA:0,_ZNSt10_Head_baseILy0EPKN7testing8internal11MatcherBaseIRKNSt7__cxx1112basic_stringIcSt11char_traitsIcESaIcEEEEELb0EE7_M_headERSE_
FNDA:0,_ZNSt11_Tuple_implILy1EJSt14default_deleteIN7testing8internal12_GLOBAL__N_122ThreadWithParamSupport15ThreadMainParamEEEEC2Ev
FNDA:0,_ZSt3getILy1EJPN7testing8internal12_GLOBAL__N_122ThreadWithParamSupport15ThreadMainParamESt14default_deleteIS4_EEERNSt13tuple_elementIXT_ESt5tupleIJDpT0_EEE4typeERSC_
FNDA:0,_ZSt10make_tupleIJPKN7testing8internal11MatcherBaseINSt7__cxx1112basic_stringIcSt11char_traitsIcESaIcEEEEEPKNS1_9EqMatcherIS8_EEEESt5tupleIJDpNSt25__strip_reference_wrapperINSt5decayIT_E4typeEE6__typeEEEDpOSJ_
FNDA:0,_ZSt12__get_helperILy0EPN7testing8internal19ThreadWithParamBase8RunnableEJSt14default_deleteIS3_EEERT0_RSt11_Tuple_implIXT_EJS7_DpT1_EE
FNDA:0,_ZSt3getILy0EJPKN7testing8internal11MatcherBaseINSt7__cxx1112basic_stringIcSt11char_traitsIcESaIcEEEEEPKNS1_9EqMatcherIS8_EEEEONSt13tuple_elementIXT_ESt5tupleIJDpT0_EEE4typeEOSK_
FNDA:124,_ZNSt10_Head_baseILy0EPN7testing8internal14GTestFlagSaverELb0EEC2Ev
FNDA:0,_ZSt12__get_helperILy1ESt14default_deleteINSt7__cxx1112basic_stringIcSt11char_traitsIcESaIcEEEEJEERT0_RSt11_Tuple_implIXT_EJS8_DpT1_EE
FNDA:0,_ZNSt11_Tuple_implILy1EJSt14default_deleteIN7testing8internal11ThreadLocalIPNS1_31TestPartResultReporterInterfaceEE18ValueHolderFactoryEEEE7_M_headERS9_
FNDA:124,_ZNSt11_Tuple_implILy1EJSt14default_deleteIN7testing8internal14GTestFlagSaverEEEE7_M_headERS5_
FNDA:0,_ZNSt11_Tuple_implILy0EJPKN7testing8internal11MatcherBaseIRKNSt7__cxx1112basic_stringIcSt11char_traitsIcESaIcEEEEEPKNS1_9EqMatcherIS8_EEEE7_M_headERSI_
FNDA:248,_ZNSt10_Head_baseILy0EPN7testing8internal14GTestFlagSaverELb0EE7_M_headERS4_
FNF:229
FNH:127
DA:93,12033
DA:94,12033
DA:137,2884
DA:202,12033
DA:203,12033
DA:205,40
DA:206,40
DA:212,1209
DA:213,1209
DA:246,12597
DA:249,59711
DA:291,11348
DA:294,59711
DA:302,12033
DA:303,12033
DA:313,0
DA:315,0
DA:316,0
DA:554,4133
DA:560,12033
DA:561,12033
DA:564,40
DA:565,40
DA:566,40
DA:570,1209
DA:571,2418
DA:572,1209
DA:584,1249
DA:586,1249
DA:587,1249
DA:1473,40
DA:1475,40
DA:1488,1209
DA:1490,2418
DA:1491,1209
DA:1504,1249
DA:2090,12033
DA:2092,12033
DA:2118,0
DA:2120,0
DA:2121,0
DA:2428,15481
DA:2429,15481
DA:2433,59711
DA:2434,59711
DA:2444,15481
DA:2445,15481
DA:2450,59711
DA:2451,59711
DA:2456,0
DA:2459,0
DA:2668,0
DA:2672,0
DA:2680,1209
DA:2681,1209
DA:2871,1504
DA:2876,1504
DA:2877,1504
DA:2883,1504
DA:2886,3008
DA:2887,1504
DA:2888,1504
LF:62
LH:52
end_of_record
TN:
SF:C:\mingw64\include\c++\15.2.0\x86_64-w64-mingw32\bits\c++config.h
FNF:0
FNH:0
DA:589,35609
LF:1
LH:1
end_of_record
TN:
SF:C:\mingw64\include\c++\15.2.0\x86_64-w64-mingw32\bits\gthr-default.h
FNF:0
FNH:0
DA:348,0
DA:794,0
DA:795,0
DA:797,0
DA:824,0
DA:825,0
DA:827,0
LF:7
LH:0
end_of_record
TN:
SF:C:\mingw64\x86_64-w64-mingw32\include\psdk_inc\intrin-impl.h
FNF:0
FNH:0
DA:1683,42
LF:1
LH:1
end_of_record
