TN:
SF:C:\DEV\FeedbackAnalyzer_12\src\cpp\Constants.cpp
FN:8,_ZN9Constants4initEv
FNDA:17,_ZN9Constants4initEv
FNF:1
FNH:1
DA:8,17
DA:9,17
DA:10,17
DA:11,17
DA:13,34
DA:17,731
DA:19,34
DA:23,833
DA:26,17
DA:27,357
DA:28,187
DA:29,187
DA:30,153
DA:33,17
DA:34,357
DA:35,187
DA:36,187
DA:37,119
DA:40,17
DA:41,391
DA:42,221
DA:43,187
DA:44,153
DA:47,17
DA:48,357
DA:49,221
DA:50,153
DA:51,153
DA:54,17
DA:55,357
DA:56,221
DA:57,187
DA:58,119
DA:59,17
LF:34
LH:34
end_of_record
TN:
SF:C:\DEV\FeedbackAnalyzer_12\src\cpp\CsvParser.cpp
FN:7,_ZN12_GLOBAL__N_1L15splitCsvRecordsERKNSt7__cxx1112basic_stringIcSt11char_traitsIcESaIcEEE
FN:41,_ZN12_GLOBAL__N_1L12unquoteFieldENSt7__cxx1112basic_stringIcSt11char_traitsIcESaIcEEE
FN:61,_ZN9CsvParser9parseLineERKNSt7__cxx1112basic_stringIcSt11char_traitsIcESaIcEEE
FN:87,_ZN9CsvParser19findTextColumnIndexERKSt6vectorINSt7__cxx1112basic_stringIcSt11char_traitsIcESaIcEEESaIS6_EE
FN:96,_ZN9CsvParser5parseERKNSt7__cxx1112basic_stringIcSt11char_traitsIcESaIcEEE
FNDA:5,_ZN9CsvParser5parseERKNSt7__cxx1112basic_stringIcSt11char_traitsIcESaIcEEE
FNDA:4,_ZN12_GLOBAL__N_1L12unquoteFieldENSt7__cxx1112basic_stringIcSt11char_traitsIcESaIcEEE
FNDA:9,_ZN9CsvParser9parseLineERKNSt7__cxx1112basic_stringIcSt11char_traitsIcESaIcEEE
FNDA:5,_ZN9CsvParser19findTextColumnIndexERKSt6vectorINSt7__cxx1112basic_stringIcSt11char_traitsIcESaIcEEESaIS6_EE
FNDA:5,_ZN12_GLOBAL__N_1L15splitCsvRecordsERKNSt7__cxx1112basic_stringIcSt11char_traitsIcESaIcEEE
FNF:5
FNH:5
DA:7,5
DA:8,5
DA:9,5
DA:10,5
DA:12,106
DA:13,101
DA:14,101
DA:15,0
DA:16,0
DA:17,0
DA:19,0
DA:20,0
DA:22,101
DA:23,8
DA:24,0
DA:26,16
DA:27,8
DA:28,8
DA:31,93
DA:35,5
DA:36,2
DA:38,5
DA:39,5
DA:41,4
DA:42,4
DA:43,0
DA:44,0
DA:45,0
DA:46,0
DA:47,0
DA:48,0
DA:49,0
DA:51,0
DA:54,0
DA:55,0
DA:56,4
DA:61,9
DA:62,9
DA:63,9
DA:64,9
DA:66,95
DA:67,86
DA:68,86
DA:69,0
DA:70,0
DA:71,0
DA:73,0
DA:74,0
DA:76,86
DA:77,1
DA:78,1
DA:80,85
DA:83,9
DA:84,9
DA:85,9
DA:87,5
DA:88,7
DA:89,6
DA:90,4
DA:93,1
DA:96,5
DA:97,5
DA:98,5
DA:99,5
DA:100,0
DA:103,5
DA:104,5
DA:105,5
DA:106,5
DA:107,1
DA:110,8
DA:111,4
DA:112,4
DA:113,0
DA:115,4
DA:116,4
DA:117,4
DA:119,4
DA:121,4
DA:122,5
LF:80
LH:57
end_of_record
TN:
SF:C:\DEV\FeedbackAnalyzer_12\src\cpp\Feedback.h
FN:10,_ZN8FeedbackC1ENSt7__cxx1112basic_stringIcSt11char_traitsIcESaIcEEE
FN:12,_ZNK8Feedback7getTextB5cxx11Ev
FNDA:25,_ZN8FeedbackC1ENSt7__cxx1112basic_stringIcSt11char_traitsIcESaIcEEE
FNDA:48,_ZNK8Feedback7getTextB5cxx11Ev
FNF:2
FNH:2
DA:10,50
DA:12,48
LF:2
LH:2
end_of_record
TN:
SF:C:\DEV\FeedbackAnalyzer_12\src\cpp\FeedbackClassifier.h
FN:11,_ZN18FeedbackClassifier17classifySentimentERKNSt7__cxx1112basic_stringIcSt11char_traitsIcESaIcEEE
FN:15,_ZN18FeedbackClassifier13matchCategoryERKNSt7__cxx1112basic_stringIcSt11char_traitsIcESaIcEEES7_
FNDA:17,_ZN18FeedbackClassifier13matchCategoryERKNSt7__cxx1112basic_stringIcSt11char_traitsIcESaIcEEES7_
FNDA:11,_ZN18FeedbackClassifier17classifySentimentERKNSt7__cxx1112basic_stringIcSt11char_traitsIcESaIcEEE
FNF:2
FNH:2
DA:11,11
DA:12,11
DA:15,17
DA:16,17
DA:17,0
DA:19,17
DA:20,34
DA:21,0
DA:23,34
LF:9
LH:7
end_of_record
TN:
SF:C:\DEV\FeedbackAnalyzer_12\src\cpp\Filters.h
FN:10,_ZN7Filters3filERKSt6vectorI8FeedbackSaIS1_EERKNSt7__cxx1112basic_stringIcSt11char_traitsIcESaIcEEESD_
FNDA:8,_ZN7Filters3filERKSt6vectorI8FeedbackSaIS1_EERKNSt7__cxx1112basic_stringIcSt11char_traitsIcESaIcEEESD_
FNF:1
FNH:1
DA:10,8
DA:13,8
DA:15,8
DA:16,12
DA:17,4
DA:18,4
DA:22,4
DA:25,8
DA:26,8
DA:27,6
DA:28,2
DA:29,2
DA:33,6
DA:36,30
DA:37,14
DA:40,8
DA:41,8
LF:17
LH:17
end_of_record
TN:
SF:C:\DEV\FeedbackAnalyzer_12\src\cpp\KeywordRegistry.cpp
FN:5,_ZN15KeywordRegistry18resetCategoryNamesEv
FN:9,_ZN15KeywordRegistry20registerCategoryNameERKNSt7__cxx1112basic_stringIcSt11char_traitsIcESaIcEEE
FN:13,_ZN15KeywordRegistry13categoryNamesB5cxx11Ev
FNDA:6,_ZN15KeywordRegistry13categoryNamesB5cxx11Ev
FNDA:85,_ZN15KeywordRegistry20registerCategoryNameERKNSt7__cxx1112basic_stringIcSt11char_traitsIcESaIcEEE
FNDA:17,_ZN15KeywordRegistry18resetCategoryNamesEv
FNF:3
FNH:3
DA:5,17
DA:6,17
DA:7,17
DA:9,85
DA:10,85
DA:11,85
DA:13,6
DA:14,6
LF:8
LH:8
end_of_record
TN:
SF:C:\DEV\FeedbackAnalyzer_12\src\cpp\KeywordUtils.h
FN:8,_ZN12KeywordUtils11containsAnyERKNSt7__cxx1112basic_stringIcSt11char_traitsIcESaIcEEERKSt6vectorIS5_SaIS5_EE
FNDA:39,_ZN12KeywordUtils11containsAnyERKNSt7__cxx1112basic_stringIcSt11char_traitsIcESaIcEEERKSt6vectorIS5_SaIS5_EE
FNF:1
FNH:1
DA:8,39
DA:9,580
DA:10,513
DA:11,11
DA:14,28
LF:5
LH:5
end_of_record
TN:
SF:C:\DEV\FeedbackAnalyzer_12\src\cpp\SentimentClassifier.h
FN:10,_ZN19SentimentClassifier8classifyERKNSt7__cxx1112basic_stringIcSt11char_traitsIcESaIcEEE
FNDA:11,_ZN19SentimentClassifier8classifyERKNSt7__cxx1112basic_stringIcSt11char_traitsIcESaIcEEE
FNF:1
FNH:1
DA:10,11
DA:11,22
DA:12,2
DA:14,20
DA:15,8
DA:17,12
LF:6
LH:6
end_of_record
TN:
SF:C:\DEV\FeedbackAnalyzer_12\src\cpp\TextAnalyzer.h
FN:16,_ZN12TextAnalyzer4sentB5cxx11ERKSt6vectorI8FeedbackSaIS1_EE
FN:30,_ZN12TextAnalyzer2kwB5cxx11ERKSt6vectorI8FeedbackSaIS1_EE
FNDA:3,_ZN12TextAnalyzer2kwB5cxx11ERKSt6vectorI8FeedbackSaIS1_EE
FNDA:7,_ZN12TextAnalyzer4sentB5cxx11ERKSt6vectorI8FeedbackSaIS1_EE
FNF:2
FNH:2
DA:16,7
DA:17,7
DA:18,14
DA:19,14
DA:20,7
DA:22,20
DA:23,6
DA:26,7
DA:27,7
DA:28,0
DA:30,3
DA:31,3
DA:32,21
DA:33,15
DA:36,9
DA:37,3
DA:38,21
DA:39,15
DA:40,3
DA:45,3
DA:46,3
DA:47,0
LF:22
LH:20
end_of_record
TN:
SF:C:\mingw64\include\c++\15.2.0\atomic
FN:843,_ZNSt6atomicIiEC1Ei
FNDA:0,_ZNSt6atomicIiEC1Ei
FNF:1
FNH:0
DA:843,0
LF:1
LH:0
end_of_record
TN:
SF:C:\mingw64\include\c++\15.2.0\bits\alloc_traits.h
FNF:0
FNH:0
DA:614,9165
DA:649,7560
DA:674,3887
DA:680,2897
DA:700,471
DA:712,151820
DA:726,5422
DA:850,0
DA:871,43
DA:885,210
DA:1045,1291
DA:1046,1291
LF:12
LH:11
end_of_record
TN:
SF:C:\mingw64\include\c++\15.2.0\bits\allocated_ptr.h
FN:53,_ZNSt15__allocated_ptrISaISt10_List_nodeISt4pairIcPKcEEEEC1ERS6_PS5_
FN:66,_ZNSt15__allocated_ptrISaISt10_List_nodeISt4pairIcPKcEEEEC2EOS7_
FN:71,_ZNSt15__allocated_ptrISaISt10_List_nodeISt4pairIcPKcEEEED1Ev
FN:71,_ZNSt15__allocated_ptrISaISt10_List_nodeISt4pairIcPKcEEEED2Ev
FN:85,_ZNKSt15__allocated_ptrISaISt10_List_nodeISt4pairIcPKcEEEEcvbEv
FN:88,_ZNKSt15__allocated_ptrISaISt10_List_nodeISt4pairIcPKcEEEE3getEv
FN:90,_ZNSt15__allocated_ptrISaISt10_List_nodeISt4pairIcPKcEEEE7releaseEv
FN:100,_ZSt18__allocate_guardedISaISt10_List_nodeISt4pairIcPKcEEEESt15__allocated_ptrIT_ERS8_
FN:114,_ZNSt15__allocated_objISaISt10_List_nodeISt4pairIcPKcEEEEC1EOSt15__allocated_ptrIS6_E
FN:119,_ZNSt15__allocated_objISaISt10_List_nodeISt4pairIcPKcEEEED1Ev
FN:128,_ZNKSt15__allocated_objISaISt10_List_nodeISt4pairIcPKcEEEEptEv
FN:134,_ZSt22__allocate_guarded_objISaISt10_List_nodeISt4pairIcPKcEEEESt15__allocated_objIT_ERS8_
FNDA:0,_ZNKSt15__allocated_objISaISt10_List_nodeISt4pairIcPKcEEEEptEv
FNDA:0,_ZNSt15__allocated_ptrISaISt10_List_nodeISt4pairIcPKcEEEEC2EOS7_
FNDA:0,_ZNSt15__allocated_ptrISaISt10_List_nodeISt4pairIcPKcEEEE7releaseEv
FNDA:0,_ZNKSt15__allocated_ptrISaISt10_List_nodeISt4pairIcPKcEEEE3getEv
FNDA:0,_ZNSt15__allocated_ptrISaISt10_List_nodeISt4pairIcPKcEEEED2Ev
FNDA:0,_ZNSt15__allocated_objISaISt10_List_nodeISt4pairIcPKcEEEEC1EOSt15__allocated_ptrIS6_E
FNDA:0,_ZNKSt15__allocated_ptrISaISt10_List_nodeISt4pairIcPKcEEEEcvbEv
FNDA:0,_ZSt18__allocate_guardedISaISt10_List_nodeISt4pairIcPKcEEEESt15__allocated_ptrIT_ERS8_
FNDA:0,_ZSt22__allocate_guarded_objISaISt10_List_nodeISt4pairIcPKcEEEESt15__allocated_objIT_ERS8_
FNDA:0,_ZNSt15__allocated_ptrISaISt10_List_nodeISt4pairIcPKcEEEEC1ERS6_PS5_
FNDA:0,_ZNSt15__allocated_ptrISaISt10_List_nodeISt4pairIcPKcEEEED1Ev
FNDA:0,_ZNSt15__allocated_objISaISt10_List_nodeISt4pairIcPKcEEEED1Ev
FNF:12
FNH:0
DA:53,0
DA:54,0
DA:55,0
DA:66,0
DA:67,0
DA:68,0
DA:71,0
DA:73,0
DA:74,0
DA:75,0
DA:85,0
DA:88,0
DA:90,0
DA:100,0
DA:102,0
DA:114,0
DA:115,0
DA:116,0
DA:119,0
DA:121,0
DA:122,0
DA:123,0
DA:128,0
DA:134,0
DA:136,0
LF:25
LH:0
end_of_record
TN:
SF:C:\mingw64\include\c++\15.2.0\bits\allocator.h
FNF:0
FNH:0
DA:168,12000
DA:173,24781
DA:183,38
DA:189,15258
DA:222,210
DA:228,0
LF:6
LH:5
end_of_record
TN:
SF:C:\mingw64\include\c++\15.2.0\bits\atomic_base.h
FN:358,_ZNSt13__atomic_baseIiEC2Ei
FNDA:0,_ZNSt13__atomic_baseIiEC2Ei
FNF:1
FNH:0
DA:358,0
DA:641,0
LF:2
LH:0
end_of_record
TN:
SF:C:\mingw64\include\c++\15.2.0\bits\basic_string.h
FN:140,_ZNSt7__cxx1112basic_stringIwSt11char_traitsIwESaIwEE11_S_allocateERS3_y
FN:140,_ZNSt7__cxx1112basic_stringIcSt11char_traitsIcESaIcEE11_S_allocateERS3_y
FN:169,_ZNSt7__cxx1112basic_stringIcSt11char_traitsIcESaIcEE17_S_to_string_viewESt17basic_string_viewIcS2_E
FN:179,_ZNSt7__cxx1112basic_stringIcSt11char_traitsIcESaIcEE12__sv_wrapperC1ESt17basic_string_viewIcS2_E
FN:192,_ZNSt7__cxx1112basic_stringIcSt11char_traitsIcESaIcEEC1ENS4_12__sv_wrapperERKS3_
FN:204,_ZNSt7__cxx1112basic_stringIwSt11char_traitsIwESaIwEE12_Alloc_hiderC1EPwRKS3_
FN:204,_ZNSt7__cxx1112basic_stringIcSt11char_traitsIcESaIcEE12_Alloc_hiderC1EPcRKS3_
FN:208,_ZNSt7__cxx1112basic_stringIcSt11char_traitsIcESaIcEE12_Alloc_hiderC1EPcOS3_
FN:228,_ZNSt7__cxx1112basic_stringIcSt11char_traitsIcESaIcEE7_M_dataEPc
FN:228,_ZNSt7__cxx1112basic_stringIwSt11char_traitsIwESaIwEE7_M_dataEPw
FN:233,_ZNSt7__cxx1112basic_stringIwSt11char_traitsIwESaIwEE9_M_lengthEy
FN:233,_ZNSt7__cxx1112basic_stringIcSt11char_traitsIcESaIcEE9_M_lengthEy
FN:238,_ZNKSt7__cxx1112basic_stringIcSt11char_traitsIcESaIcEE7_M_dataEv
FN:238,_ZNKSt7__cxx1112basic_stringIDiSt11char_traitsIDiESaIDiEE7_M_dataEv
FN:238,_ZNKSt7__cxx1112basic_stringIwSt11char_traitsIwESaIwEE7_M_dataEv
FN:238,_ZNKSt7__cxx1112basic_stringIDsSt11char_traitsIDsESaIDsEE7_M_dataEv
FN:243,_ZNSt7__cxx1112basic_stringIcSt11char_traitsIcESaIcEE13_M_local_dataEv
FN:243,_ZNSt7__cxx1112basic_stringIwSt11char_traitsIwESaIwEE13_M_local_dataEv
FN:254,_ZNKSt7__cxx1112basic_stringIcSt11char_traitsIcESaIcEE13_M_local_dataEv
FN:254,_ZNKSt7__cxx1112basic_stringIwSt11char_traitsIwESaIwEE13_M_local_dataEv
FN:265,_ZNSt7__cxx1112basic_stringIcSt11char_traitsIcESaIcEE11_M_capacityEy
FN:265,_ZNSt7__cxx1112basic_stringIwSt11char_traitsIwESaIwEE11_M_capacityEy
FN:270,_ZNSt7__cxx1112basic_stringIcSt11char_traitsIcESaIcEE13_M_set_lengthEy
FN:270,_ZNSt7__cxx1112basic_stringIwSt11char_traitsIwESaIwEE13_M_set_lengthEy
FN:278,_ZNKSt7__cxx1112basic_stringIcSt11char_traitsIcESaIcEE11_M_is_localEv
FN:278,_ZNKSt7__cxx1112basic_stringIwSt11char_traitsIwESaIwEE11_M_is_localEv
FN:296,_ZNSt7__cxx1112basic_stringIcSt11char_traitsIcESaIcEE10_M_disposeEv
FN:296,_ZNSt7__cxx1112basic_stringIwSt11char_traitsIwESaIwEE10_M_disposeEv
FN:304,_ZNSt7__cxx1112basic_stringIcSt11char_traitsIcESaIcEE10_M_destroyEy
FN:304,_ZNSt7__cxx1112basic_stringIwSt11char_traitsIwESaIwEE10_M_destroyEy
FN:359,_ZNSt7__cxx1112basic_stringIcSt11char_traitsIcESaIcEE16_M_get_allocatorEv
FN:359,_ZNSt7__cxx1112basic_stringIwSt11char_traitsIwESaIwEE16_M_get_allocatorEv
FN:364,_ZNKSt7__cxx1112basic_stringIcSt11char_traitsIcESaIcEE16_M_get_allocatorEv
FN:364,_ZNKSt7__cxx1112basic_stringIDsSt11char_traitsIDsESaIDsEE16_M_get_allocatorEv
FN:364,_ZNKSt7__cxx1112basic_stringIDiSt11char_traitsIDiESaIDiEE16_M_get_allocatorEv
FN:364,_ZNKSt7__cxx1112basic_stringIwSt11char_traitsIwESaIwEE16_M_get_allocatorEv
FN:409,_ZNKSt7__cxx1112basic_stringIcSt11char_traitsIcESaIcEE8_M_checkEyPKc
FN:420,_ZNKSt7__cxx1112basic_stringIcSt11char_traitsIcESaIcEE15_M_check_lengthEyyPKc
FN:430,_ZNKSt7__cxx1112basic_stringIcSt11char_traitsIcESaIcEE8_M_limitEyy
FN:438,_ZNKSt7__cxx1112basic_stringIcSt11char_traitsIcESaIcEE11_M_disjunctEPKc
FN:448,_ZNSt7__cxx1112basic_stringIcSt11char_traitsIcESaIcEE7_S_copyEPcPKcy
FN:448,_ZNSt7__cxx1112basic_stringIwSt11char_traitsIwESaIwEE7_S_copyEPwPKwy
FN:458,_ZNSt7__cxx1112basic_stringIcSt11char_traitsIcESaIcEE7_S_moveEPcPKcy
FN:468,_ZNSt7__cxx1112basic_stringIcSt11char_traitsIcESaIcEE9_S_assignEPcyc
FN:483,_ZNSt7__cxx1112basic_stringIwSt11char_traitsIwESaIwEE13_S_copy_charsIPKwEEvPwT_S9_
FN:483,_ZNSt7__cxx1112basic_stringIcSt11char_traitsIcESaIcEE13_S_copy_charsIN9__gnu_cxx17__normal_iteratorIPKcS4_EEEEvPcT_SC_
FN:483,_ZNSt7__cxx1112basic_stringIcSt11char_traitsIcESaIcEE13_S_copy_charsIPKcEEvPcT_S9_
FN:551,_ZNSt7__cxx1112basic_stringIcSt11char_traitsIcESaIcEE10_S_compareEyy
FN:585,_ZNSt7__cxx1112basic_stringIcSt11char_traitsIcESaIcEEC1Ev
FN:601,_ZNSt7__cxx1112basic_stringIcSt11char_traitsIcESaIcEEC1ERKS3_
FN:613,_ZNSt7__cxx1112basic_stringIcSt11char_traitsIcESaIcEEC1ERKS4_
FN:646,_ZNSt7__cxx1112basic_stringIcSt11char_traitsIcESaIcEEC1ERKS4_yy
FN:684,_ZNSt7__cxx1112basic_stringIcSt11char_traitsIcESaIcEEC1EPKcyRKS3_
FN:706,_ZNSt7__cxx1112basic_stringIcSt11char_traitsIcESaIcEEC1IS3_EEPKcRKS3_
FN:706,_ZNSt7__cxx1112basic_stringIwSt11char_traitsIwESaIwEEC1IS3_EEPKwRKS3_
FN:729,_ZNSt7__cxx1112basic_stringIcSt11char_traitsIcESaIcEEC1IS3_EEycRKS3_
FN:742,_ZNSt7__cxx1112basic_stringIcSt11char_traitsIcESaIcEEC1EOS4_
FN:852,_ZNSt7__cxx1112basic_stringIcSt11char_traitsIcESaIcEEC1IN9__gnu_cxx17__normal_iteratorIPKcS4_EEvEET_SB_RKS3_
FN:852,_ZNSt7__cxx1112basic_stringIcSt11char_traitsIcESaIcEEC1IPKcvEET_S8_RKS3_
FN:887,_ZNSt7__cxx1112basic_stringIcSt11char_traitsIcESaIcEEC1ISt17basic_string_viewIcS2_EvEERKT_RKS3_
FN:895,_ZNSt7__cxx1112basic_stringIwSt11char_traitsIwESaIwEED1Ev
FN:895,_ZNSt7__cxx1112basic_stringIcSt11char_traitsIcESaIcEED1Ev
FN:904,_ZNSt7__cxx1112basic_stringIcSt11char_traitsIcESaIcEEaSERKS4_
FN:915,_ZNSt7__cxx1112basic_stringIcSt11char_traitsIcESaIcEEaSEPKc
FN:945,_ZNSt7__cxx1112basic_stringIcSt11char_traitsIcESaIcEEaSEOS4_
FN:1036,_ZNKSt7__cxx1112basic_stringIcSt11char_traitsIcESaIcEEcvSt17basic_string_viewIcS2_EEv
FN:1047,_ZNSt7__cxx1112basic_stringIcSt11char_traitsIcESaIcEE5beginEv
FN:1056,_ZNKSt7__cxx1112basic_stringIcSt11char_traitsIcESaIcEE5beginEv
FN:1065,_ZNSt7__cxx1112basic_stringIcSt11char_traitsIcESaIcEE3endEv
FN:1074,_ZNKSt7__cxx1112basic_stringIcSt11char_traitsIcESaIcEE3endEv
FN:1124,_ZNKSt7__cxx1112basic_stringIcSt11char_traitsIcESaIcEE6cbeginEv
FN:1163,_ZNKSt7__cxx1112basic_stringIDiSt11char_traitsIDiESaIDiEE4sizeEv
FN:1163,_ZNKSt7__cxx1112basic_stringIwSt11char_traitsIwESaIwEE4sizeEv
FN:1163,_ZNKSt7__cxx1112basic_stringIDsSt11char_traitsIDsESaIDsEE4sizeEv
FN:1163,_ZNKSt7__cxx1112basic_stringIcSt11char_traitsIcESaIcEE4sizeEv
FN:1175,_ZNKSt7__cxx1112basic_stringIcSt11char_traitsIcESaIcEE6lengthEv
FN:1175,_ZNKSt7__cxx1112basic_stringIwSt11char_traitsIwESaIwEE6lengthEv
FN:1181,_ZNKSt7__cxx1112basic_stringIDiSt11char_traitsIDiESaIDiEE8max_sizeEv
FN:1181,_ZNKSt7__cxx1112basic_stringIDsSt11char_traitsIDsESaIDsEE8max_sizeEv
FN:1181,_ZNKSt7__cxx1112basic_stringIcSt11char_traitsIcESaIcEE8max_sizeEv
FN:1181,_ZNKSt7__cxx1112basic_stringIwSt11char_traitsIwESaIwEE8max_sizeEv
FN:1277,_ZNKSt7__cxx1112basic_stringIcSt11char_traitsIcESaIcEE8capacityEv
FN:1322,_ZNSt7__cxx1112basic_stringIcSt11char_traitsIcESaIcEE5clearEv
FN:1331,_ZNKSt7__cxx1112basic_stringIcSt11char_traitsIcESaIcEE5emptyEv
FN:1347,_ZNKSt7__cxx1112basic_stringIcSt11char_traitsIcESaIcEEixEy
FN:1365,_ZNSt7__cxx1112basic_stringIcSt11char_traitsIcESaIcEEixEy
FN:1426,_ZNSt7__cxx1112basic_stringIcSt11char_traitsIcESaIcEE5frontEv
FN:1450,_ZNSt7__cxx1112basic_stringIcSt11char_traitsIcESaIcEE4backEv
FN:1477,_ZNSt7__cxx1112basic_stringIcSt11char_traitsIcESaIcEEpLERKS4_
FN:1487,_ZNSt7__cxx1112basic_stringIcSt11char_traitsIcESaIcEEpLEPKc
FN:1497,_ZNSt7__cxx1112basic_stringIcSt11char_traitsIcESaIcEEpLEc
FN:1535,_ZNSt7__cxx1112basic_stringIcSt11char_traitsIcESaIcEE6appendERKS4_
FN:1566,_ZNSt7__cxx1112basic_stringIcSt11char_traitsIcESaIcEE6appendEPKcy
FN:1580,_ZNSt7__cxx1112basic_stringIcSt11char_traitsIcESaIcEE6appendEPKc
FN:1598,_ZNSt7__cxx1112basic_stringIcSt11char_traitsIcESaIcEE6appendEyc
FN:1724,_ZNSt7__cxx1112basic_stringIcSt11char_traitsIcESaIcEE9push_backEc
FN:1740,_ZNSt7__cxx1112basic_stringIcSt11char_traitsIcESaIcEE6assignERKS4_
FN:1844,_ZNSt7__cxx1112basic_stringIcSt11char_traitsIcESaIcEE6assignEPKc
FN:2148,_ZNSt7__cxx1112basic_stringIcSt11char_traitsIcESaIcEE6insertEyRKS4_
FN:2216,_ZNSt7__cxx1112basic_stringIcSt11char_traitsIcESaIcEE6insertEyPKc
FN:2343,_ZNSt7__cxx1112basic_stringIcSt11char_traitsIcESaIcEE5eraseEN9__gnu_cxx17__normal_iteratorIPKcS4_EE
FN:2363,_ZNSt7__cxx1112basic_stringIcSt11char_traitsIcESaIcEE5eraseEN9__gnu_cxx17__normal_iteratorIPKcS4_EES9_
FN:2383,_ZNSt7__cxx1112basic_stringIcSt11char_traitsIcESaIcEE8pop_backEv
FN:2458,_ZNSt7__cxx1112basic_stringIcSt11char_traitsIcESaIcEE7replaceEyyPKcy
FN:2873,_ZNKSt7__cxx1112basic_stringIwSt11char_traitsIwESaIwEE5c_strEv
FN:2873,_ZNKSt7__cxx1112basic_stringIcSt11char_traitsIcESaIcEE5c_strEv
FN:2886,_ZNKSt7__cxx1112basic_stringIwSt11char_traitsIwESaIwEE4dataEv
FN:2886,_ZNKSt7__cxx1112basic_stringIDiSt11char_traitsIDiESaIDiEE4dataEv
FN:2886,_ZNKSt7__cxx1112basic_stringIcSt11char_traitsIcESaIcEE4dataEv
FN:2886,_ZNKSt7__cxx1112basic_stringIDsSt11char_traitsIDsESaIDsEE4dataEv
FN:2907,_ZNKSt7__cxx1112basic_stringIcSt11char_traitsIcESaIcEE13get_allocatorEv
FN:2939,_ZNKSt7__cxx1112basic_stringIcSt11char_traitsIcESaIcEE4findERKS4_y
FN:2939,_ZNKSt7__cxx1112basic_stringIwSt11char_traitsIwESaIwEE4findERKS4_y
FN:2973,_ZNKSt7__cxx1112basic_stringIcSt11char_traitsIcESaIcEE4findEPKcy
FN:3441,_ZNKSt7__cxx1112basic_stringIcSt11char_traitsIcESaIcEE6substrEyy
FN:3461,_ZNKSt7__cxx1112basic_stringIcSt11char_traitsIcESaIcEE7compareERKS4_
FN:3815,_ZSt12__str_concatINSt7__cxx1112basic_stringIcSt11char_traitsIcESaIcEEEET_PKNS6_10value_typeENS6_9size_typeES9_SA_RKNS6_14allocator_typeE
FN:3858,_ZStplIcSt11char_traitsIcESaIcEENSt7__cxx1112basic_stringIT_T0_T1_EEPKS5_RKS8_
FN:3894,_ZStplIcSt11char_traitsIcESaIcEENSt7__cxx1112basic_stringIT_T0_T1_EERKS8_PKS5_
FN:3912,_ZStplIcSt11char_traitsIcESaIcEENSt7__cxx1112basic_stringIT_T0_T1_EERKS8_S5_
FN:3924,_ZStplIcSt11char_traitsIcESaIcEENSt7__cxx1112basic_stringIT_T0_T1_EEOS8_RKS8_
FN:3938,_ZStplIcSt11char_traitsIcESaIcEENSt7__cxx1112basic_stringIT_T0_T1_EEOS8_S9_
FN:3961,_ZStplIcSt11char_traitsIcESaIcEENSt7__cxx1112basic_stringIT_T0_T1_EEPKS5_OS8_
FN:3975,_ZStplIcSt11char_traitsIcESaIcEENSt7__cxx1112basic_stringIT_T0_T1_EEOS8_PKS5_
FN:4045,_ZSteqIcSt11char_traitsIcESaIcEEbRKNSt7__cxx1112basic_stringIT_T0_T1_EESA_
FN:4062,_ZSteqIcSt11char_traitsIcESaIcEEbRKNSt7__cxx1112basic_stringIT_T0_T1_EEPKS5_
FN:4109,_ZSteqIcSt11char_traitsIcESaIcEEbPKT_RKNSt7__cxx1112basic_stringIS3_T0_T1_EE
FN:4123,_ZStneIcSt11char_traitsIcESaIcEEbRKNSt7__cxx1112basic_stringIT_T0_T1_EESA_
FN:4150,_ZStneIcSt11char_traitsIcESaIcEEbRKNSt7__cxx1112basic_stringIT_T0_T1_EEPKS5_
FN:4164,_ZStltIcSt11char_traitsIcESaIcEEbRKNSt7__cxx1112basic_stringIT_T0_T1_EESA_
FN:4329,_ZSt4swapIcSt11char_traitsIcESaIcEEvRNSt7__cxx1112basic_stringIT_T0_T1_EES9_
FN:4911,_ZNKSt15__str_hash_baseIcSaIcENSt7__cxx1112basic_stringIcSt11char_traitsIcES0_EEEclERKS5_
FNDA:50432,_ZNSt7__cxx1112basic_stringIcSt11char_traitsIcESaIcEE13_M_set_lengthEy
FNDA:17700,_ZNSt7__cxx1112basic_stringIcSt11char_traitsIcESaIcEE10_M_disposeEv
FNDA:0,_ZNKSt7__cxx1112basic_stringIwSt11char_traitsIwESaIwEE5c_strEv
FNDA:0,_ZNSt7__cxx1112basic_stringIwSt11char_traitsIwESaIwEE13_M_set_lengthEy
FNDA:3564,_ZNSt7__cxx1112basic_stringIcSt11char_traitsIcESaIcEEC1EOS4_
FNDA:1229,_ZNSt7__cxx1112basic_stringIcSt11char_traitsIcESaIcEE3endEv
FNDA:0,_ZNSt7__cxx1112basic_stringIwSt11char_traitsIwESaIwEEC1IS3_EEPKwRKS3_
FNDA:79,_ZNSt7__cxx1112basic_stringIcSt11char_traitsIcESaIcEE9_S_assignEPcyc
FNDA:1,_ZNSt7__cxx1112basic_stringIcSt11char_traitsIcESaIcEEaSEOS4_
FNDA:0,_ZNSt7__cxx1112basic_stringIcSt11char_traitsIcESaIcEE12__sv_wrapperC1ESt17basic_string_viewIcS2_E
FNDA:0,_ZNSt7__cxx1112basic_stringIwSt11char_traitsIwESaIwEE7_M_dataEPw
FNDA:0,_ZNSt7__cxx1112basic_stringIwSt11char_traitsIwESaIwEE7_S_copyEPwPKwy
FNDA:0,_ZNSt7__cxx1112basic_stringIwSt11char_traitsIwESaIwEE12_Alloc_hiderC1EPwRKS3_
FNDA:0,_ZNKSt7__cxx1112basic_stringIwSt11char_traitsIwESaIwEE8max_sizeEv
FNDA:699,_ZStplIcSt11char_traitsIcESaIcEENSt7__cxx1112basic_stringIT_T0_T1_EEOS8_PKS5_
FNDA:0,_ZNKSt7__cxx1112basic_stringIwSt11char_traitsIwESaIwEE6lengthEv
FNDA:399,_ZNSt7__cxx1112basic_stringIcSt11char_traitsIcESaIcEE13_S_copy_charsIN9__gnu_cxx17__normal_iteratorIPKcS4_EEEEvPcT_SC_
FNDA:1386,_ZNKSt15__str_hash_baseIcSaIcENSt7__cxx1112basic_stringIcSt11char_traitsIcES0_EEEclERKS5_
FNDA:7911,_ZNSt7__cxx1112basic_stringIcSt11char_traitsIcESaIcEE12_Alloc_hiderC1EPcRKS3_
FNDA:27,_ZNKSt7__cxx1112basic_stringIcSt11char_traitsIcESaIcEE6cbeginEv
FNDA:16161,_ZNSt7__cxx1112basic_stringIcSt11char_traitsIcESaIcEE16_M_get_allocatorEv
FNDA:0,_ZNSt7__cxx1112basic_stringIwSt11char_traitsIwESaIwEE16_M_get_allocatorEv
FNDA:88,_ZNSt7__cxx1112basic_stringIcSt11char_traitsIcESaIcEE4backEv
FNDA:774,_ZNKSt7__cxx1112basic_stringIcSt11char_traitsIcESaIcEE8_M_checkEyPKc
FNDA:318,_ZNSt7__cxx1112basic_stringIcSt11char_traitsIcESaIcEE6assignERKS4_
FNDA:0,_ZNKSt7__cxx1112basic_stringIDiSt11char_traitsIDiESaIDiEE4dataEv
FNDA:16732,_ZNSt7__cxx1112basic_stringIcSt11char_traitsIcESaIcEE7_S_copyEPcPKcy
FNDA:8,_ZStplIcSt11char_traitsIcESaIcEENSt7__cxx1112basic_stringIT_T0_T1_EEPKS5_RKS8_
FNDA:10,_ZNSt7__cxx1112basic_stringIcSt11char_traitsIcESaIcEE5clearEv
FNDA:6541,_ZNSt7__cxx1112basic_stringIcSt11char_traitsIcESaIcEE11_S_allocateERS3_y
FNDA:0,_ZNKSt7__cxx1112basic_stringIDsSt11char_traitsIDsESaIDsEE4sizeEv
FNDA:0,_ZNSt7__cxx1112basic_stringIcSt11char_traitsIcESaIcEE7replaceEyyPKcy
FNDA:0,_ZNKSt7__cxx1112basic_stringIwSt11char_traitsIwESaIwEE11_M_is_localEv
FNDA:0,_ZNSt7__cxx1112basic_stringIcSt11char_traitsIcESaIcEE6insertEyPKc
FNDA:1,_ZStneIcSt11char_traitsIcESaIcEEbRKNSt7__cxx1112basic_stringIT_T0_T1_EESA_
FNDA:21,_ZNSt7__cxx1112basic_stringIcSt11char_traitsIcESaIcEE6assignEPKc
FNDA:27,_ZNSt7__cxx1112basic_stringIcSt11char_traitsIcESaIcEE5eraseEN9__gnu_cxx17__normal_iteratorIPKcS4_EES9_
FNDA:0,_ZNSt7__cxx1112basic_stringIwSt11char_traitsIwESaIwEE11_M_capacityEy
FNDA:5602,_ZNKSt7__cxx1112basic_stringIcSt11char_traitsIcESaIcEE4dataEv
FNDA:140,_ZNSt7__cxx1112basic_stringIcSt11char_traitsIcESaIcEE5beginEv
FNDA:2655,_ZStltIcSt11char_traitsIcESaIcEEbRKNSt7__cxx1112basic_stringIT_T0_T1_EESA_
FNDA:7868,_ZNSt7__cxx1112basic_stringIcSt11char_traitsIcESaIcEEixEy
FNDA:99859,_ZNKSt7__cxx1112basic_stringIcSt11char_traitsIcESaIcEE4sizeEv
FNDA:0,_ZNKSt7__cxx1112basic_stringIDsSt11char_traitsIDsESaIDsEE4dataEv
FNDA:387,_ZNKSt7__cxx1112basic_stringIcSt11char_traitsIcESaIcEE8_M_limitEyy
FNDA:1483,_ZNSt7__cxx1112basic_stringIcSt11char_traitsIcESaIcEEC1Ev
FNDA:7412,_ZNSt7__cxx1112basic_stringIcSt11char_traitsIcESaIcEE13_S_copy_charsIPKcEEvPcT_S9_
FNDA:4972,_ZNSt7__cxx1112basic_stringIcSt11char_traitsIcESaIcEEC1ERKS4_
FNDA:0,_ZNSt7__cxx1112basic_stringIwSt11char_traitsIwESaIwEE13_M_local_dataEv
FNDA:0,_ZNSt7__cxx1112basic_stringIcSt11char_traitsIcESaIcEE17_S_to_string_viewESt17basic_string_viewIcS2_E
FNDA:0,_ZNKSt7__cxx1112basic_stringIwSt11char_traitsIwESaIwEE4findERKS4_y
FNDA:699,_ZNSt7__cxx1112basic_stringIcSt11char_traitsIcESaIcEE6appendEPKc
FNDA:0,_ZNKSt7__cxx1112basic_stringIwSt11char_traitsIwESaIwEE7_M_dataEv
FNDA:0,_ZNSt7__cxx1112basic_stringIcSt11char_traitsIcESaIcEEpLERKS4_
FNDA:387,_ZNKSt7__cxx1112basic_stringIcSt11char_traitsIcESaIcEE6substrEyy
FNDA:15783,_ZNSt7__cxx1112basic_stringIcSt11char_traitsIcESaIcEED1Ev
FNDA:0,_ZNSt7__cxx1112basic_stringIwSt11char_traitsIwESaIwEE10_M_disposeEv
FNDA:39321,_ZNKSt7__cxx1112basic_stringIcSt11char_traitsIcESaIcEE8capacityEv
FNDA:30688,_ZNSt7__cxx1112basic_stringIcSt11char_traitsIcESaIcEEpLEc
FNDA:7759,_ZNSt7__cxx1112basic_stringIcSt11char_traitsIcESaIcEE11_M_capacityEy
FNDA:10406,_ZNSt7__cxx1112basic_stringIcSt11char_traitsIcESaIcEE12_Alloc_hiderC1EPcOS3_
FNDA:19928,_ZNKSt7__cxx1112basic_stringIcSt11char_traitsIcESaIcEE5c_strEv
FNDA:0,_ZNKSt7__cxx1112basic_stringIDsSt11char_traitsIDsESaIDsEE7_M_dataEv
FNDA:318,_ZNSt7__cxx1112basic_stringIcSt11char_traitsIcESaIcEEaSERKS4_
FNDA:274,_ZSteqIcSt11char_traitsIcESaIcEEbRKNSt7__cxx1112basic_stringIT_T0_T1_EEPKS5_
FNDA:0,_ZStplIcSt11char_traitsIcESaIcEENSt7__cxx1112basic_stringIT_T0_T1_EEPKS5_OS8_
FNDA:0,_ZNSt7__cxx1112basic_stringIcSt11char_traitsIcESaIcEE5eraseEN9__gnu_cxx17__normal_iteratorIPKcS4_EE
FNDA:0,_ZNSt7__cxx1112basic_stringIcSt11char_traitsIcESaIcEE7_S_moveEPcPKcy
FNDA:6,_ZNSt7__cxx1112basic_stringIcSt11char_traitsIcESaIcEEC1EPKcyRKS3_
FNDA:21,_ZNSt7__cxx1112basic_stringIcSt11char_traitsIcESaIcEEaSEPKc
FNDA:153770,_ZNKSt7__cxx1112basic_stringIcSt11char_traitsIcESaIcEE16_M_get_allocatorEv
FNDA:408,_ZSt12__str_concatINSt7__cxx1112basic_stringIcSt11char_traitsIcESaIcEEEET_PKNS6_10value_typeENS6_9size_typeES9_SA_RKNS6_14allocator_typeE
FNDA:79,_ZNSt7__cxx1112basic_stringIcSt11char_traitsIcESaIcEEC1IS3_EEycRKS3_
FNDA:0,_ZNSt7__cxx1112basic_stringIcSt11char_traitsIcESaIcEE6appendEyc
FNDA:399,_ZStplIcSt11char_traitsIcESaIcEENSt7__cxx1112basic_stringIT_T0_T1_EEOS8_RKS8_
FNDA:0,_ZNKSt7__cxx1112basic_stringIDsSt11char_traitsIDsESaIDsEE16_M_get_allocatorEv
FNDA:0,_ZNKSt7__cxx1112basic_stringIwSt11char_traitsIwESaIwEE4dataEv
FNDA:0,_ZStplIcSt11char_traitsIcESaIcEENSt7__cxx1112basic_stringIT_T0_T1_EERKS8_S5_
FNDA:0,_ZNSt7__cxx1112basic_stringIwSt11char_traitsIwESaIwEE10_M_destroyEy
FNDA:0,_ZNSt7__cxx1112basic_stringIwSt11char_traitsIwESaIwEE13_S_copy_charsIPKwEEvPwT_S9_
FNDA:1938,_ZNKSt7__cxx1112basic_stringIcSt11char_traitsIcESaIcEE15_M_check_lengthEyyPKc
FNDA:0,_ZNKSt7__cxx1112basic_stringIDiSt11char_traitsIDiESaIDiEE8max_sizeEv
FNDA:2655,_ZNKSt7__cxx1112basic_stringIcSt11char_traitsIcESaIcEE7compareERKS4_
FNDA:760,_ZNKSt7__cxx1112basic_stringIcSt11char_traitsIcESaIcEE3endEv
FNDA:0,_ZNKSt7__cxx1112basic_stringIcSt11char_traitsIcESaIcEE11_M_disjunctEPKc
FNDA:0,_ZNSt7__cxx1112basic_stringIwSt11char_traitsIwESaIwEE11_S_allocateERS3_y
FNDA:11324,_ZNSt7__cxx1112basic_stringIcSt11char_traitsIcESaIcEE7_M_dataEPc
FNDA:0,_ZSt4swapIcSt11char_traitsIcESaIcEEvRNSt7__cxx1112basic_stringIT_T0_T1_EES9_
FNDA:723,_ZNKSt7__cxx1112basic_stringIcSt11char_traitsIcESaIcEE5emptyEv
FNDA:0,_ZNSt7__cxx1112basic_stringIwSt11char_traitsIwESaIwEE9_M_lengthEy
FNDA:0,_ZNKSt7__cxx1112basic_stringIDiSt11char_traitsIDiESaIDiEE4sizeEv
FNDA:16,_ZStneIcSt11char_traitsIcESaIcEEbRKNSt7__cxx1112basic_stringIT_T0_T1_EEPKS5_
FNDA:7019,_ZNSt7__cxx1112basic_stringIcSt11char_traitsIcESaIcEEC1IS3_EEPKcRKS3_
FNDA:34778,_ZNSt7__cxx1112basic_stringIcSt11char_traitsIcESaIcEE9push_backEc
FNDA:521,_ZNKSt7__cxx1112basic_stringIcSt11char_traitsIcESaIcEE4findERKS4_y
FNDA:8,_ZNKSt7__cxx1112basic_stringIcSt11char_traitsIcESaIcEE4findEPKcy
FNDA:60588,_ZNKSt7__cxx1112basic_stringIcSt11char_traitsIcESaIcEE13_M_local_dataEv
FNDA:3,_ZStplIcSt11char_traitsIcESaIcEENSt7__cxx1112basic_stringIT_T0_T1_EEOS8_S9_
FNDA:771,_ZSteqIcSt11char_traitsIcESaIcEEbRKNSt7__cxx1112basic_stringIT_T0_T1_EESA_
FNDA:0,_ZNSt7__cxx1112basic_stringIcSt11char_traitsIcESaIcEEC1ENS4_12__sv_wrapperERKS3_
FNDA:402,_ZNSt7__cxx1112basic_stringIcSt11char_traitsIcESaIcEE6appendERKS4_
FNDA:216965,_ZNKSt7__cxx1112basic_stringIcSt11char_traitsIcESaIcEE7_M_dataEv
FNDA:0,_ZNSt7__cxx1112basic_stringIcSt11char_traitsIcESaIcEEpLEPKc
FNDA:6054,_ZNSt7__cxx1112basic_stringIcSt11char_traitsIcESaIcEE10_M_destroyEy
FNDA:1218,_ZNSt7__cxx1112basic_stringIcSt11char_traitsIcESaIcEE6appendEPKcy
FNDA:4,_ZNSt7__cxx1112basic_stringIcSt11char_traitsIcESaIcEE5frontEv
FNDA:0,_ZNKSt7__cxx1112basic_stringIwSt11char_traitsIwESaIwEE13_M_local_dataEv
FNDA:400,_ZStplIcSt11char_traitsIcESaIcEENSt7__cxx1112basic_stringIT_T0_T1_EERKS8_PKS5_
FNDA:25740,_ZNKSt7__cxx1112basic_stringIcSt11char_traitsIcESaIcEE6lengthEv
FNDA:58969,_ZNSt7__cxx1112basic_stringIcSt11char_traitsIcESaIcEE9_M_lengthEy
FNDA:764,_ZNKSt7__cxx1112basic_stringIcSt11char_traitsIcESaIcEE5beginEv
FNDA:2343,_ZNKSt7__cxx1112basic_stringIcSt11char_traitsIcESaIcEEixEy
FNDA:148390,_ZNKSt7__cxx1112basic_stringIcSt11char_traitsIcESaIcEE8max_sizeEv
FNDA:408,_ZNKSt7__cxx1112basic_stringIcSt11char_traitsIcESaIcEE13get_allocatorEv
FNDA:60588,_ZNKSt7__cxx1112basic_stringIcSt11char_traitsIcESaIcEE11_M_is_localEv
FNDA:0,_ZNKSt7__cxx1112basic_stringIDiSt11char_traitsIDiESaIDiEE7_M_dataEv
FNDA:408,_ZNSt7__cxx1112basic_stringIcSt11char_traitsIcESaIcEEC1ERKS3_
FNDA:387,_ZNSt7__cxx1112basic_stringIcSt11char_traitsIcESaIcEEC1ERKS4_yy
FNDA:0,_ZSteqIcSt11char_traitsIcESaIcEEbPKT_RKNSt7__cxx1112basic_stringIS3_T0_T1_EE
FNDA:0,_ZNSt7__cxx1112basic_stringIcSt11char_traitsIcESaIcEEC1ISt17basic_string_viewIcS2_EvEERKT_RKS3_
FNDA:0,_ZNKSt7__cxx1112basic_stringIcSt11char_traitsIcESaIcEEcvSt17basic_string_viewIcS2_EEv
FNDA:21882,_ZNSt7__cxx1112basic_stringIcSt11char_traitsIcESaIcEE13_M_local_dataEv
FNDA:0,_ZNKSt7__cxx1112basic_stringIDsSt11char_traitsIDsESaIDsEE8max_sizeEv
FNDA:16,_ZNSt7__cxx1112basic_stringIcSt11char_traitsIcESaIcEE8pop_backEv
FNDA:0,_ZNKSt7__cxx1112basic_stringIDiSt11char_traitsIDiESaIDiEE16_M_get_allocatorEv
FNDA:0,_ZNKSt7__cxx1112basic_stringIwSt11char_traitsIwESaIwEE4sizeEv
FNDA:734,_ZNSt7__cxx1112basic_stringIcSt11char_traitsIcESaIcEE10_S_compareEyy
FNDA:0,_ZNSt7__cxx1112basic_stringIcSt11char_traitsIcESaIcEE6insertEyRKS4_
FNDA:0,_ZNSt7__cxx1112basic_stringIwSt11char_traitsIwESaIwEED1Ev
FNDA:0,_ZNSt7__cxx1112basic_stringIcSt11char_traitsIcESaIcEEC1IPKcvEET_S8_RKS3_
FNDA:0,_ZNKSt7__cxx1112basic_stringIwSt11char_traitsIwESaIwEE16_M_get_allocatorEv
FNDA:399,_ZNSt7__cxx1112basic_stringIcSt11char_traitsIcESaIcEEC1IN9__gnu_cxx17__normal_iteratorIPKcS4_EEvEET_SB_RKS3_
FNF:132
FNH:79
DA:140,6541
DA:142,6541
DA:152,6541
DA:169,0
DA:170,0
DA:179,0
DA:192,0
DA:193,0
DA:204,7911
DA:205,7911
DA:208,10406
DA:209,10406
DA:228,11324
DA:229,11324
DA:233,58969
DA:234,58969
DA:238,216965
DA:239,216965
DA:243,21882
DA:246,21882
DA:254,60588
DA:257,60588
DA:265,7759
DA:266,7759
DA:270,50432
DA:272,50432
DA:273,50432
DA:274,50432
DA:278,60588
DA:280,60588
DA:282,18052
DA:283,0
DA:284,18052
DA:286,42536
DA:296,17700
DA:298,17700
DA:299,6054
DA:300,17700
DA:304,6054
DA:305,6054
DA:359,16161
DA:360,16161
DA:364,153770
DA:365,153770
DA:378,10993
DA:388,3565
DA:409,774
DA:411,774
DA:412,0
DA:415,774
DA:420,1938
DA:422,1938
DA:423,0
DA:424,1938
DA:430,387
DA:432,387
DA:433,387
DA:438,0
DA:440,0
DA:441,0
DA:448,16732
DA:450,16732
DA:451,1858
DA:453,14874
DA:454,16732
DA:458,0
DA:460,0
DA:461,0
DA:463,0
DA:464,0
DA:468,79
DA:470,79
DA:471,0
DA:473,79
DA:474,79
DA:483,7811
DA:489,15622
DA:506,7811
DA:551,734
DA:553,734
DA:555,734
DA:556,0
DA:557,734
DA:558,0
DA:560,734
DA:585,1483
DA:590,4449
DA:593,1483
DA:594,1483
DA:601,408
DA:602,408
DA:605,408
DA:606,408
DA:613,4972
DA:614,4972
DA:615,4972
DA:617,4972
DA:618,4972
DA:646,387
DA:648,774
DA:650,387
DA:651,387
DA:652,387
DA:654,387
DA:684,6
DA:686,6
DA:689,6
DA:690,0
DA:692,6
DA:693,6
DA:706,7019
DA:707,7019
DA:710,7019
DA:711,0
DA:713,7019
DA:714,7019
DA:715,7019
DA:729,79
DA:730,79
DA:731,79
DA:742,3564
DA:743,7128
DA:745,3564
DA:748,2347
DA:749,2347
DA:753,1217
DA:754,1217
DA:760,3564
DA:761,3564
DA:762,3564
DA:763,3564
DA:852,399
DA:854,399
DA:857,399
DA:862,399
DA:887,0
DA:888,0
DA:895,15783
DA:896,15783
DA:904,318
DA:906,318
DA:915,21
DA:916,21
DA:945,1
DA:948,1
DA:950,1
DA:951,1
DA:954,0
DA:955,0
DA:956,0
DA:959,1
DA:961,1
DA:966,0
DA:968,0
DA:969,0
DA:970,0
DA:973,1
DA:976,1
DA:978,1
DA:983,0
DA:984,0
DA:990,1
DA:991,1
DA:992,1
DA:993,1
DA:995,0
DA:996,0
DA:999,1
DA:1002,0
DA:1003,1
DA:1004,1
DA:1036,0
DA:1037,0
DA:1047,140
DA:1048,140
DA:1056,764
DA:1057,764
DA:1065,1229
DA:1066,1229
DA:1074,760
DA:1075,760
DA:1124,27
DA:1125,27
DA:1163,99859
DA:1165,99859
DA:1166,99859
DA:1167,0
DA:1168,99859
DA:1175,25740
DA:1176,25740
DA:1181,148390
DA:1183,148390
DA:1185,148390
DA:1186,148390
DA:1277,39321
DA:1279,39321
DA:1281,39321
DA:1282,0
DA:1283,39321
DA:1322,10
DA:1323,10
DA:1331,723
DA:1332,723
DA:1347,2343
DA:1349,2343
DA:1350,2343
DA:1365,7868
DA:1369,7868
DA:1372,7868
DA:1426,4
DA:1428,4
DA:1429,4
DA:1450,88
DA:1452,88
DA:1453,88
DA:1477,0
DA:1478,0
DA:1487,0
DA:1488,0
DA:1497,30688
DA:1499,30688
DA:1500,30688
DA:1535,402
DA:1536,402
DA:1566,1218
DA:1569,1218
DA:1570,1218
DA:1580,699
DA:1583,699
DA:1584,699
DA:1585,699
DA:1598,0
DA:1599,0
DA:1724,34778
DA:1726,34778
DA:1727,34778
DA:1728,12
DA:1729,34778
DA:1730,34778
DA:1731,34778
DA:1740,318
DA:1743,318
DA:1745,0
DA:1746,0
DA:1750,0
DA:1752,0
DA:1753,0
DA:1754,0
DA:1758,0
DA:1759,0
DA:1761,0
DA:1762,0
DA:1763,0
DA:1764,0
DA:1765,0
DA:1768,0
DA:1771,318
DA:1772,318
DA:1844,21
DA:1847,21
DA:1848,21
DA:2148,0
DA:2149,0
DA:2150,0
DA:2216,0
DA:2219,0
DA:2220,0
DA:2343,0
DA:2347,0
DA:2348,0
DA:2349,0
DA:2363,27
DA:2367,27
DA:2368,54
DA:2369,27
DA:2371,0
DA:2372,27
DA:2383,16
DA:2385,16
DA:2386,16
DA:2387,16
DA:2458,0
DA:2462,0
DA:2463,0
DA:2873,19928
DA:2874,19928
DA:2886,5602
DA:2887,5602
DA:2907,408
DA:2908,816
DA:2939,521
DA:2941,521
DA:2973,8
DA:2976,8
DA:3441,387
DA:3443,387
DA:3461,2655
DA:3463,2655
DA:3464,2655
DA:3465,2655
DA:3467,2655
DA:3468,2655
DA:3469,734
DA:3470,2655
DA:3815,408
DA:3823,408
DA:3824,408
DA:3825,408
DA:3826,408
DA:3827,408
DA:3828,0
DA:3858,8
DA:3865,16
DA:3894,400
DA:3901,800
DA:3912,0
DA:3917,0
DA:3924,399
DA:3926,798
DA:3938,3
DA:3943,3
DA:3945,3
DA:3948,3
DA:3951,3
DA:3952,3
DA:3953,0
DA:3955,6
DA:3961,0
DA:3963,0
DA:3975,699
DA:3977,1398
DA:4045,771
DA:4049,771
DA:4050,771
DA:4062,274
DA:4065,274
DA:4066,274
DA:4109,0
DA:4111,0
DA:4123,1
DA:4126,1
DA:4150,16
DA:4152,16
DA:4164,2655
DA:4167,2655
DA:4329,0
DA:4332,0
DA:4911,1386
DA:4912,1386
LF:349
LH:266
end_of_record
TN:
SF:C:\mingw64\include\c++\15.2.0\bits\basic_string.tcc
FN:64,_ZNSt7__cxx1112basic_stringIcSt11char_traitsIcESaIcEE4swapERS4_
FN:143,_ZNSt7__cxx1112basic_stringIwSt11char_traitsIwESaIwEE9_M_createERyy
FN:143,_ZNSt7__cxx1112basic_stringIcSt11char_traitsIcESaIcEE9_M_createERyy
FN:227,_ZNSt7__cxx1112basic_stringIcSt11char_traitsIcESaIcEE12_M_constructIPKcEEvT_S8_St20forward_iterator_tag
FN:227,_ZNSt7__cxx1112basic_stringIwSt11char_traitsIwESaIwEE12_M_constructIPKwEEvT_S8_St20forward_iterator_tag
FN:227,_ZNSt7__cxx1112basic_stringIcSt11char_traitsIcESaIcEE12_M_constructIN9__gnu_cxx17__normal_iteratorIPKcS4_EEEEvT_SB_St20forward_iterator_tag
FN:245,_ZZNSt7__cxx1112basic_stringIwSt11char_traitsIwESaIwEE12_M_constructIPKwEEvT_S8_St20forward_iterator_tagEN6_GuardC1EPS4_
FN:245,_ZZNSt7__cxx1112basic_stringIcSt11char_traitsIcESaIcEE12_M_constructIN9__gnu_cxx17__normal_iteratorIPKcS4_EEEEvT_SB_St20forward_iterator_tagEN6_GuardC1EPS4_
FN:245,_ZZNSt7__cxx1112basic_stringIcSt11char_traitsIcESaIcEE12_M_constructIPKcEEvT_S8_St20forward_iterator_tagEN6_GuardC1EPS4_
FN:248,_ZZNSt7__cxx1112basic_stringIcSt11char_traitsIcESaIcEE12_M_constructIN9__gnu_cxx17__normal_iteratorIPKcS4_EEEEvT_SB_St20forward_iterator_tagEN6_GuardD1Ev
FN:248,_ZZNSt7__cxx1112basic_stringIcSt11char_traitsIcESaIcEE12_M_constructIPKcEEvT_S8_St20forward_iterator_tagEN6_GuardD1Ev
FN:248,_ZZNSt7__cxx1112basic_stringIwSt11char_traitsIwESaIwEE12_M_constructIPKwEEvT_S8_St20forward_iterator_tagEN6_GuardD1Ev
FN:263,_ZNSt7__cxx1112basic_stringIcSt11char_traitsIcESaIcEE12_M_constructEyc
FN:286,_ZNSt7__cxx1112basic_stringIcSt11char_traitsIcESaIcEE12_M_constructILb1EEEvPKcy
FN:308,_ZNSt7__cxx1112basic_stringIcSt11char_traitsIcESaIcEE9_M_assignERKS4_
FN:335,_ZNSt7__cxx1112basic_stringIcSt11char_traitsIcESaIcEE7reserveEy
FN:356,_ZNSt7__cxx1112basic_stringIcSt11char_traitsIcESaIcEE9_M_mutateEyyPKcy
FN:381,_ZNSt7__cxx1112basic_stringIcSt11char_traitsIcESaIcEE8_M_eraseEyy
FN:444,_ZNSt7__cxx1112basic_stringIcSt11char_traitsIcESaIcEE9_M_appendEPKcy
FN:481,_ZNSt7__cxx1112basic_stringIcSt11char_traitsIcESaIcEE14_M_replace_auxEyyyc
FN:510,_ZNSt7__cxx1112basic_stringIcSt11char_traitsIcESaIcEE15_M_replace_coldEPcyPKcyy
FN:542,_ZNSt7__cxx1112basic_stringIcSt11char_traitsIcESaIcEE10_M_replaceEyyPKcy
FN:657,_ZNKSt7__cxx1112basic_stringIwSt11char_traitsIwESaIwEE4findEPKwyy
FN:657,_ZNKSt7__cxx1112basic_stringIcSt11char_traitsIcESaIcEE4findEPKcyy
FN:694,_ZNKSt7__cxx1112basic_stringIcSt11char_traitsIcESaIcEE4findEcy
FNDA:1917,_ZNSt7__cxx1112basic_stringIcSt11char_traitsIcESaIcEE9_M_appendEPKcy
FNDA:21,_ZNSt7__cxx1112basic_stringIcSt11char_traitsIcESaIcEE10_M_replaceEyyPKcy
FNDA:399,_ZZNSt7__cxx1112basic_stringIcSt11char_traitsIcESaIcEE12_M_constructIN9__gnu_cxx17__normal_iteratorIPKcS4_EEEEvT_SB_St20forward_iterator_tagEN6_GuardD1Ev
FNDA:0,_ZZNSt7__cxx1112basic_stringIwSt11char_traitsIwESaIwEE12_M_constructIPKwEEvT_S8_St20forward_iterator_tagEN6_GuardC1EPS4_
FNDA:4972,_ZNSt7__cxx1112basic_stringIcSt11char_traitsIcESaIcEE12_M_constructILb1EEEvPKcy
FNDA:0,_ZNSt7__cxx1112basic_stringIwSt11char_traitsIwESaIwEE9_M_createERyy
FNDA:6541,_ZNSt7__cxx1112basic_stringIcSt11char_traitsIcESaIcEE9_M_createERyy
FNDA:0,_ZNSt7__cxx1112basic_stringIcSt11char_traitsIcESaIcEE15_M_replace_coldEPcyPKcyy
FNDA:0,_ZNKSt7__cxx1112basic_stringIwSt11char_traitsIwESaIwEE4findEPKwyy
FNDA:399,_ZZNSt7__cxx1112basic_stringIcSt11char_traitsIcESaIcEE12_M_constructIN9__gnu_cxx17__normal_iteratorIPKcS4_EEEEvT_SB_St20forward_iterator_tagEN6_GuardC1EPS4_
FNDA:598,_ZNSt7__cxx1112basic_stringIcSt11char_traitsIcESaIcEE9_M_mutateEyyPKcy
FNDA:0,_ZNSt7__cxx1112basic_stringIwSt11char_traitsIwESaIwEE12_M_constructIPKwEEvT_S8_St20forward_iterator_tag
FNDA:79,_ZNSt7__cxx1112basic_stringIcSt11char_traitsIcESaIcEE12_M_constructEyc
FNDA:7412,_ZZNSt7__cxx1112basic_stringIcSt11char_traitsIcESaIcEE12_M_constructIPKcEEvT_S8_St20forward_iterator_tagEN6_GuardD1Ev
FNDA:0,_ZNSt7__cxx1112basic_stringIcSt11char_traitsIcESaIcEE14_M_replace_auxEyyyc
FNDA:1683,_ZNSt7__cxx1112basic_stringIcSt11char_traitsIcESaIcEE7reserveEy
FNDA:386,_ZNKSt7__cxx1112basic_stringIcSt11char_traitsIcESaIcEE4findEcy
FNDA:7412,_ZNSt7__cxx1112basic_stringIcSt11char_traitsIcESaIcEE12_M_constructIPKcEEvT_S8_St20forward_iterator_tag
FNDA:16,_ZNSt7__cxx1112basic_stringIcSt11char_traitsIcESaIcEE8_M_eraseEyy
FNDA:7412,_ZZNSt7__cxx1112basic_stringIcSt11char_traitsIcESaIcEE12_M_constructIPKcEEvT_S8_St20forward_iterator_tagEN6_GuardC1EPS4_
FNDA:399,_ZNSt7__cxx1112basic_stringIcSt11char_traitsIcESaIcEE12_M_constructIN9__gnu_cxx17__normal_iteratorIPKcS4_EEEEvT_SB_St20forward_iterator_tag
FNDA:0,_ZZNSt7__cxx1112basic_stringIwSt11char_traitsIwESaIwEE12_M_constructIPKwEEvT_S8_St20forward_iterator_tagEN6_GuardD1Ev
FNDA:318,_ZNSt7__cxx1112basic_stringIcSt11char_traitsIcESaIcEE9_M_assignERKS4_
FNDA:0,_ZNSt7__cxx1112basic_stringIcSt11char_traitsIcESaIcEE4swapERS4_
FNDA:529,_ZNKSt7__cxx1112basic_stringIcSt11char_traitsIcESaIcEE4findEPKcyy
FNF:25
FNH:17
DA:64,0
DA:67,0
DA:68,0
DA:70,0
DA:72,0
DA:73,0
DA:75,0
DA:78,0
DA:79,0
DA:80,0
DA:81,0
DA:82,0
DA:83,0
DA:85,0
DA:88,0
DA:89,0
DA:90,0
DA:91,0
DA:92,0
DA:94,0
DA:97,0
DA:98,0
DA:99,0
DA:100,0
DA:101,0
DA:106,0
DA:108,0
DA:109,0
DA:110,0
DA:111,0
DA:112,0
DA:116,0
DA:117,0
DA:120,0
DA:121,0
DA:122,0
DA:123,0
DA:127,0
DA:128,0
DA:129,0
DA:130,0
DA:132,0
DA:135,0
DA:136,0
DA:137,0
DA:143,6541
DA:148,6541
DA:149,0
DA:154,6541
DA:156,731
DA:158,731
DA:159,0
DA:164,6541
DA:227,7811
DA:231,7811
DA:233,7811
DA:235,2592
DA:236,2592
DA:245,7811
DA:248,7811
DA:251,7811
DA:253,7811
DA:255,7811
DA:257,7811
DA:258,7811
DA:263,79
DA:266,79
DA:268,0
DA:269,0
DA:274,79
DA:275,79
DA:277,79
DA:278,79
DA:286,4972
DA:289,4972
DA:291,2032
DA:292,2032
DA:298,4972
DA:300,4972
DA:303,4972
DA:308,318
DA:311,318
DA:313,318
DA:314,318
DA:316,318
DA:318,65
DA:319,65
DA:320,65
DA:321,65
DA:322,65
DA:325,318
DA:326,180
DA:328,318
DA:330,318
DA:335,1683
DA:338,1683
DA:343,1683
DA:344,429
DA:346,1254
DA:347,1254
DA:348,1254
DA:349,1254
DA:350,1254
DA:356,598
DA:360,598
DA:362,598
DA:363,598
DA:365,598
DA:366,577
DA:367,598
DA:368,586
DA:369,598
DA:370,0
DA:371,0
DA:373,598
DA:374,598
DA:375,598
DA:376,598
DA:381,16
DA:384,16
DA:386,16
DA:387,0
DA:389,16
DA:390,16
DA:444,1917
DA:447,1917
DA:449,1917
DA:451,1352
DA:452,1352
DA:455,565
DA:457,1917
DA:458,1917
DA:481,0
DA:485,0
DA:487,0
DA:488,0
DA:490,0
DA:492,0
DA:494,0
DA:495,0
DA:496,0
DA:499,0
DA:501,0
DA:502,0
DA:504,0
DA:505,0
DA:510,0
DA:515,0
DA:516,0
DA:517,0
DA:518,0
DA:519,0
DA:521,0
DA:522,0
DA:523,0
DA:527,0
DA:528,0
DA:532,0
DA:533,0
DA:534,0
DA:537,0
DA:542,21
DA:546,21
DA:548,21
DA:549,21
DA:551,21
DA:553,0
DA:555,0
DA:568,0
DA:570,0
DA:571,0
DA:572,0
DA:573,0
DA:576,0
DA:579,21
DA:581,21
DA:582,21
DA:657,529
DA:662,529
DA:664,529
DA:665,0
DA:666,529
DA:667,0
DA:669,529
DA:670,529
DA:671,529
DA:672,529
DA:673,529
DA:675,2077
DA:678,2076
DA:679,2076
DA:680,501
DA:684,1575
DA:685,27
DA:686,1548
DA:688,1
DA:694,386
DA:697,386
DA:698,386
DA:699,386
DA:701,386
DA:702,386
DA:703,386
DA:704,386
DA:705,176
DA:707,386
LF:206
LH:115
end_of_record
TN:
SF:C:\mingw64\include\c++\15.2.0\bits\char_traits.h
FN:138,_ZN9__gnu_cxx11char_traitsIcE2eqERKcS3_
FN:138,_ZN9__gnu_cxx11char_traitsIwE2eqERKwS3_
FN:142,_ZN9__gnu_cxx11char_traitsIwE2ltERKwS3_
FN:188,_ZN9__gnu_cxx11char_traitsIwE7compareEPKwS3_y
FN:201,_ZN9__gnu_cxx11char_traitsIwE6lengthEPKw
FN:201,_ZN9__gnu_cxx11char_traitsIcE6lengthEPKc
FN:212,_ZN9__gnu_cxx11char_traitsIcE4findEPKcyRS2_
FN:212,_ZN9__gnu_cxx11char_traitsIwE4findEPKwyRS2_
FN:345,_ZNSt11char_traitsIcE6assignERcRKc
FN:360,_ZNSt11char_traitsIcE2ltERKcS2_
FN:368,_ZNSt11char_traitsIcE7compareEPKcS2_y
FN:387,_ZNSt11char_traitsIcE6lengthEPKc
FN:397,_ZNSt11char_traitsIcE4findEPKcyRS1_
FN:409,_ZNSt11char_traitsIcE4moveEPcPKcy
FN:421,_ZNSt11char_traitsIcE4copyEPcPKcy
FN:433,_ZNSt11char_traitsIcE6assignEPcyc
FN:487,_ZNSt11char_traitsIwE6assignERwRKw
FN:506,_ZNSt11char_traitsIwE7compareEPKwS2_y
FN:518,_ZNSt11char_traitsIwE6lengthEPKw
FN:528,_ZNSt11char_traitsIwE4findEPKwyRS1_
FN:552,_ZNSt11char_traitsIwE4copyEPwPKwy
FN:770,_ZNSt11char_traitsIDsE2eqERKDsS2_
FN:789,_ZNSt11char_traitsIDsE6lengthEPKDs
FN:897,_ZNSt11char_traitsIDiE2eqERKDiS2_
FN:916,_ZNSt11char_traitsIDiE6lengthEPKDi
FNDA:0,_ZN9__gnu_cxx11char_traitsIcE6lengthEPKc
FNDA:8429,_ZNSt11char_traitsIcE6lengthEPKc
FNDA:0,_ZN9__gnu_cxx11char_traitsIwE2eqERKwS3_
FNDA:0,_ZNSt11char_traitsIDsE2eqERKDsS2_
FNDA:0,_ZNSt11char_traitsIDiE6lengthEPKDi
FNDA:0,_ZNSt11char_traitsIwE4copyEPwPKwy
FNDA:0,_ZNSt11char_traitsIwE6assignERwRKw
FNDA:0,_ZN9__gnu_cxx11char_traitsIcE2eqERKcS3_
FNDA:0,_ZNSt11char_traitsIwE7compareEPKwS2_y
FNDA:0,_ZNSt11char_traitsIDsE6lengthEPKDs
FNDA:0,_ZN9__gnu_cxx11char_traitsIcE4findEPKcyRS2_
FNDA:17221,_ZNSt11char_traitsIcE4copyEPcPKcy
FNDA:0,_ZN9__gnu_cxx11char_traitsIwE6lengthEPKw
FNDA:0,_ZNSt11char_traitsIwE4findEPKwyRS1_
FNDA:0,_ZNSt11char_traitsIcE2ltERKcS2_
FNDA:4536,_ZNSt11char_traitsIcE7compareEPKcS2_y
FNDA:0,_ZNSt11char_traitsIDiE2eqERKDiS2_
FNDA:0,_ZN9__gnu_cxx11char_traitsIwE2ltERKwS3_
FNDA:0,_ZN9__gnu_cxx11char_traitsIwE7compareEPKwS3_y
FNDA:87068,_ZNSt11char_traitsIcE6assignERcRKc
FNDA:0,_ZN9__gnu_cxx11char_traitsIwE4findEPKwyRS2_
FNDA:79,_ZNSt11char_traitsIcE6assignEPcyc
FNDA:2462,_ZNSt11char_traitsIcE4findEPKcyRS1_
FNDA:0,_ZNSt11char_traitsIcE4moveEPcPKcy
FNDA:0,_ZNSt11char_traitsIwE6lengthEPKw
FNF:25
FNH:6
DA:138,0
DA:139,0
DA:142,0
DA:143,0
DA:188,0
DA:191,0
DA:192,0
DA:193,0
DA:194,0
DA:195,0
DA:196,0
DA:201,0
DA:204,0
DA:205,0
DA:206,0
DA:207,0
DA:212,0
DA:215,0
DA:216,0
DA:217,0
DA:218,0
DA:345,87068
DA:352,87068
DA:353,87068
DA:360,0
DA:363,0
DA:364,0
DA:368,4536
DA:370,4536
DA:371,0
DA:373,4536
DA:375,0
DA:376,0
DA:377,0
DA:378,0
DA:379,0
DA:380,0
DA:383,4536
DA:387,8429
DA:390,8429
DA:391,0
DA:393,8429
DA:397,2462
DA:399,2462
DA:400,0
DA:402,2462
DA:403,0
DA:405,2462
DA:409,0
DA:411,0
DA:412,0
DA:417,0
DA:421,17221
DA:423,17221
DA:424,170
DA:429,17051
DA:433,79
DA:435,79
DA:436,0
DA:441,79
DA:487,0
DA:494,0
DA:495,0
DA:506,0
DA:508,0
DA:509,0
DA:511,0
DA:512,0
DA:514,0
DA:518,0
DA:521,0
DA:522,0
DA:524,0
DA:528,0
DA:530,0
DA:531,0
DA:533,0
DA:534,0
DA:536,0
DA:552,0
DA:554,0
DA:555,0
DA:560,0
DA:770,0
DA:771,0
DA:789,0
DA:791,0
DA:792,0
DA:793,0
DA:794,0
DA:897,0
DA:898,0
DA:916,0
DA:918,0
DA:919,0
DA:920,0
DA:921,0
LF:97
LH:21
end_of_record
TN:
SF:C:\mingw64\include\c++\15.2.0\bits\chrono.h
FN:214,_ZNSt6chrono20__duration_cast_implINS_8durationIxSt5ratioILx1ELx1000EEEES2_ILx1ELx1000000EExLb1ELb0EE6__castIxS2_ILx1ELx1000000000EEEES4_RKNS1_IT_T0_EE
FN:227,_ZNSt6chrono20__duration_cast_implINS_8durationIxSt5ratioILx1ELx1000000000EEEES2_ILx1000000000ELx1EExLb0ELb1EE6__castIxS2_ILx1ELx1EEEES4_RKNS1_IT_T0_EE
FN:279,_ZNSt6chrono13duration_castINS_8durationIxSt5ratioILx1ELx1000000000EEEExS2_ILx1ELx1EEEENSt9enable_ifIXsrNS_13__is_durationIT_EE5valueES8_E4typeERKNS1_IT0_T1_EE
FN:279,_ZNSt6chrono13duration_castINS_8durationIxSt5ratioILx1ELx1000EEEExS2_ILx1ELx1000000000EEEENSt9enable_ifIXsrNS_13__is_durationIT_EE5valueES8_E4typeERKNS1_IT0_T1_EE
FN:577,_ZNSt6chrono8durationIxSt5ratioILx1ELx1000000000EEEC1IxvEERKT_
FN:577,_ZNSt6chrono8durationIxSt5ratioILx1ELx1EEEC1IxvEERKT_
FN:577,_ZNSt6chrono8durationIxSt5ratioILx1ELx1000EEEC1IxvEERKT_
FN:593,_ZNKSt6chrono8durationIxSt5ratioILx1ELx1000EEE5countEv
FN:593,_ZNKSt6chrono8durationIxSt5ratioILx1ELx1EEE5countEv
FN:593,_ZNKSt6chrono8durationIxSt5ratioILx1ELx1000000000EEE5countEv
FN:714,_ZNSt6chronomiIxSt5ratioILx1ELx1000000000EExS2_EENSt11common_typeIJNS_8durationIT_T0_EENS4_IT1_T2_EEEE4typeERKS7_RKSA_
FN:940,_ZNSt6chrono10time_pointINS_3_V212system_clockENS_8durationIxSt5ratioILx1ELx1EEEEEC1ERKS6_
FN:940,_ZNSt6chrono10time_pointINS_3_V212system_clockENS_8durationIxSt5ratioILx1ELx1000000000EEEEEC1ERKS6_
FN:953,_ZNKSt6chrono10time_pointINS_3_V212steady_clockENS_8durationIxSt5ratioILx1ELx1000000000EEEEE16time_since_epochEv
FN:953,_ZNKSt6chrono10time_pointINS_3_V212system_clockENS_8durationIxSt5ratioILx1ELx1EEEEE16time_since_epochEv
FN:953,_ZNKSt6chrono10time_pointINS_3_V212system_clockENS_8durationIxSt5ratioILx1ELx1000000000EEEEE16time_since_epochEv
FN:1023,_ZNSt6chrono15time_point_castINS_8durationIxSt5ratioILx1ELx1000000000EEEENS_3_V212system_clockENS1_IxS2_ILx1ELx1EEEEEENSt9enable_ifIXsrNS_13__is_durationIT_EE5valueENS_10time_pointIT0_SB_EEE4typeERKNSD_ISE_T1_EE
FN:1145,_ZNSt6chronomiINS_3_V212system_clockENS_8durationIxSt5ratioILx1ELx1000000000EEEES6_EENSt11common_typeIJT0_T1_EE4typeERKNS_10time_pointIT_S8_EERKNSC_ISD_S9_EE
FN:1145,_ZNSt6chronomiINS_3_V212steady_clockENS_8durationIxSt5ratioILx1ELx1000000000EEEES6_EENSt11common_typeIJT0_T1_EE4typeERKNS_10time_pointIT_S8_EERKNSC_ISD_S9_EE
FNDA:146,_ZNSt6chrono13duration_castINS_8durationIxSt5ratioILx1ELx1000EEEExS2_ILx1ELx1000000000EEEENSt9enable_ifIXsrNS_13__is_durationIT_EE5valueES8_E4typeERKNS1_IT0_T1_EE
FNDA:83,_ZNSt6chrono20__duration_cast_implINS_8durationIxSt5ratioILx1ELx1000000000EEEES2_ILx1000000000ELx1EExLb0ELb1EE6__castIxS2_ILx1ELx1EEEES4_RKNS1_IT_T0_EE
FNDA:83,_ZNSt6chrono8durationIxSt5ratioILx1ELx1EEEC1IxvEERKT_
FNDA:83,_ZNKSt6chrono8durationIxSt5ratioILx1ELx1EEE5countEv
FNDA:83,_ZNSt6chrono10time_pointINS_3_V212system_clockENS_8durationIxSt5ratioILx1ELx1EEEEEC1ERKS6_
FNDA:63,_ZNSt6chronomiINS_3_V212steady_clockENS_8durationIxSt5ratioILx1ELx1000000000EEEES6_EENSt11common_typeIJT0_T1_EE4typeERKNS_10time_pointIT_S8_EERKNSC_ISD_S9_EE
FNDA:83,_ZNSt6chrono10time_pointINS_3_V212system_clockENS_8durationIxSt5ratioILx1ELx1000000000EEEEEC1ERKS6_
FNDA:146,_ZNSt6chrono8durationIxSt5ratioILx1ELx1000EEEC1IxvEERKT_
FNDA:438,_ZNKSt6chrono8durationIxSt5ratioILx1ELx1000000000EEE5countEv
FNDA:83,_ZNSt6chronomiINS_3_V212system_clockENS_8durationIxSt5ratioILx1ELx1000000000EEEES6_EENSt11common_typeIJT0_T1_EE4typeERKNS_10time_pointIT_S8_EERKNSC_ISD_S9_EE
FNDA:229,_ZNSt6chrono8durationIxSt5ratioILx1ELx1000000000EEEC1IxvEERKT_
FNDA:126,_ZNKSt6chrono10time_pointINS_3_V212steady_clockENS_8durationIxSt5ratioILx1ELx1000000000EEEEE16time_since_epochEv
FNDA:83,_ZNSt6chrono13duration_castINS_8durationIxSt5ratioILx1ELx1000000000EEEExS2_ILx1ELx1EEEENSt9enable_ifIXsrNS_13__is_durationIT_EE5valueES8_E4typeERKNS1_IT0_T1_EE
FNDA:146,_ZNSt6chrono20__duration_cast_implINS_8durationIxSt5ratioILx1ELx1000EEEES2_ILx1ELx1000000EExLb1ELb0EE6__castIxS2_ILx1ELx1000000000EEEES4_RKNS1_IT_T0_EE
FNDA:146,_ZNSt6chronomiIxSt5ratioILx1ELx1000000000EExS2_EENSt11common_typeIJNS_8durationIT_T0_EENS4_IT1_T2_EEEE4typeERKS7_RKSA_
FNDA:83,_ZNKSt6chrono10time_pointINS_3_V212system_clockENS_8durationIxSt5ratioILx1ELx1EEEEE16time_since_epochEv
FNDA:83,_ZNSt6chrono15time_point_castINS_8durationIxSt5ratioILx1ELx1000000000EEEENS_3_V212system_clockENS1_IxS2_ILx1ELx1EEEEEENSt9enable_ifIXsrNS_13__is_durationIT_EE5valueENS_10time_pointIT0_SB_EEE4typeERKNSD_ISE_T1_EE
FNDA:146,_ZNKSt6chrono8durationIxSt5ratioILx1ELx1000EEE5countEv
FNDA:166,_ZNKSt6chrono10time_pointINS_3_V212system_clockENS_8durationIxSt5ratioILx1ELx1000000000EEEEE16time_since_epochEv
FNF:19
FNH:19
DA:214,146
DA:217,292
DA:218,146
DA:227,83
DA:230,166
DA:231,83
DA:279,229
DA:293,229
DA:577,458
DA:578,458
DA:593,667
DA:594,667
DA:714,146
DA:720,146
DA:940,166
DA:941,166
DA:942,166
DA:953,375
DA:954,375
DA:1023,83
DA:1026,83
DA:1145,146
DA:1147,146
DA:1261,83
LF:24
LH:24
end_of_record
TN:
SF:C:\mingw64\include\c++\15.2.0\bits\cpp_type_traits.h
FN:698,_ZSt12__miter_baseIN9__gnu_cxx17__normal_iteratorIPPN7testing8TestInfoESt6vectorIS4_SaIS4_EEEEET_SA_
FN:698,_ZSt12__miter_baseIP8FeedbackET_S2_
FN:698,_ZSt12__miter_baseIN9__gnu_cxx17__normal_iteratorIPPN7testing17TestEventListenerESt6vectorIS4_SaIS4_EEEEET_SA_
FN:698,_ZSt12__miter_baseIPPN7testing9TestSuiteEET_S4_
FN:698,_ZSt12__miter_baseIN9__gnu_cxx17__normal_iteratorIPK8FeedbackSt6vectorIS2_SaIS2_EEEEET_S9_
FN:698,_ZSt12__miter_baseIPPN7testing8TestInfoEET_S4_
FN:698,_ZSt12__miter_baseIPNSt7__cxx1112basic_stringIcSt11char_traitsIcESaIcEEEET_S7_
FN:698,_ZSt12__miter_baseIN9__gnu_cxx17__normal_iteratorIPNSt7__cxx1112basic_stringIcSt11char_traitsIcESaIcEEESt6vectorIS7_SaIS7_EEEEET_SD_
FN:698,_ZSt12__miter_baseIPKNSt7__cxx1112basic_stringIcSt11char_traitsIcESaIcEEEET_S8_
FNDA:0,_ZSt12__miter_baseIP8FeedbackET_S2_
FNDA:40,_ZSt12__miter_baseIN9__gnu_cxx17__normal_iteratorIPPN7testing8TestInfoESt6vectorIS4_SaIS4_EEEEET_SA_
FNDA:0,_ZSt12__miter_baseIN9__gnu_cxx17__normal_iteratorIPK8FeedbackSt6vectorIS2_SaIS2_EEEEET_S9_
FNDA:0,_ZSt12__miter_baseIPPN7testing9TestSuiteEET_S4_
FNDA:0,_ZSt12__miter_baseIN9__gnu_cxx17__normal_iteratorIPPN7testing17TestEventListenerESt6vectorIS4_SaIS4_EEEEET_SA_
FNDA:0,_ZSt12__miter_baseIPNSt7__cxx1112basic_stringIcSt11char_traitsIcESaIcEEEET_S7_
FNDA:0,_ZSt12__miter_baseIPPN7testing8TestInfoEET_S4_
FNDA:756,_ZSt12__miter_baseIN9__gnu_cxx17__normal_iteratorIPNSt7__cxx1112basic_stringIcSt11char_traitsIcESaIcEEESt6vectorIS7_SaIS7_EEEEET_SD_
FNDA:0,_ZSt12__miter_baseIPKNSt7__cxx1112basic_stringIcSt11char_traitsIcESaIcEEEET_S8_
FNF:9
FNH:2
DA:698,796
DA:699,796
LF:2
LH:2
end_of_record
TN:
SF:C:\mingw64\include\c++\15.2.0\bits\functional_hash.h
FN:207,_ZNSt10_Hash_impl4hashEPKvyy
FNDA:1386,_ZNSt10_Hash_impl4hashEPKvyy
FNF:1
FNH:1
DA:207,1386
DA:209,1386
LF:2
LH:2
end_of_record
TN:
SF:C:\mingw64\include\c++\15.2.0\bits\hashtable.h
FN:298,_ZNSt10_HashtableINSt7__cxx1112basic_stringIcSt11char_traitsIcESaIcEEES5_SaIS5_ENSt8__detail9_IdentityESt8equal_toIS5_ESt4hashIS5_ENS7_18_Mod_range_hashingENS7_20_Default_ranged_hashENS7_20_Prime_rehash_policyENS7_17_Hashtable_traitsILb1ELb1ELb1EEEE12_Scoped_nodeC1EPNS7_10_Hash_nodeIS5_Lb1EEEPNS7_16_Hashtable_allocISaISL_EEE
FN:309,_ZNSt10_HashtableINSt7__cxx1112basic_stringIcSt11char_traitsIcESaIcEEES5_SaIS5_ENSt8__detail9_IdentityESt8equal_toIS5_ESt4hashIS5_ENS7_18_Mod_range_hashingENS7_20_Default_ranged_hashENS7_20_Prime_rehash_policyENS7_17_Hashtable_traitsILb1ELb1ELb1EEEE12_Scoped_nodeD1Ev
FN:373,_ZNSt10_HashtableINSt7__cxx1112basic_stringIcSt11char_traitsIcESaIcEEES5_SaIS5_ENSt8__detail9_IdentityESt8equal_toIS5_ESt4hashIS5_ENS7_18_Mod_range_hashingENS7_20_Default_ranged_hashENS7_20_Prime_rehash_policyENS7_17_Hashtable_traitsILb1ELb1ELb1EEEE16_M_update_bbeginEv
FN:387,_ZNKSt10_HashtableINSt7__cxx1112basic_stringIcSt11char_traitsIcESaIcEEES5_SaIS5_ENSt8__detail9_IdentityESt8equal_toIS5_ESt4hashIS5_ENS7_18_Mod_range_hashingENS7_20_Default_ranged_hashENS7_20_Prime_rehash_policyENS7_17_Hashtable_traitsILb1ELb1ELb1EEEE21_M_uses_single_bucketEPPNS7_15_Hash_node_baseE
FN:391,_ZNKSt10_HashtableINSt7__cxx1112basic_stringIcSt11char_traitsIcESaIcEEES5_SaIS5_ENSt8__detail9_IdentityESt8equal_toIS5_ESt4hashIS5_ENS7_18_Mod_range_hashingENS7_20_Default_ranged_hashENS7_20_Prime_rehash_policyENS7_17_Hashtable_traitsILb1ELb1ELb1EEEE21_M_uses_single_bucketEv
FN:395,_ZNSt10_HashtableINSt7__cxx1112basic_stringIcSt11char_traitsIcESaIcEEES5_SaIS5_ENSt8__detail9_IdentityESt8equal_toIS5_ESt4hashIS5_ENS7_18_Mod_range_hashingENS7_20_Default_ranged_hashENS7_20_Prime_rehash_policyENS7_17_Hashtable_traitsILb1ELb1ELb1EEEE22__small_size_thresholdEv
FN:405,_ZNSt10_HashtableINSt7__cxx1112basic_stringIcSt11char_traitsIcESaIcEEES5_SaIS5_ENSt8__detail9_IdentityESt8equal_toIS5_ESt4hashIS5_ENS7_18_Mod_range_hashingENS7_20_Default_ranged_hashENS7_20_Prime_rehash_policyENS7_17_Hashtable_traitsILb1ELb1ELb1EEEE19_M_allocate_bucketsEy
FN:417,_ZNSt10_HashtableINSt7__cxx1112basic_stringIcSt11char_traitsIcESaIcEEES5_SaIS5_ENSt8__detail9_IdentityESt8equal_toIS5_ESt4hashIS5_ENS7_18_Mod_range_hashingENS7_20_Default_ranged_hashENS7_20_Prime_rehash_policyENS7_17_Hashtable_traitsILb1ELb1ELb1EEEE21_M_deallocate_bucketsEPPNS7_15_Hash_node_baseEy
FN:426,_ZNSt10_HashtableINSt7__cxx1112basic_stringIcSt11char_traitsIcESaIcEEES5_SaIS5_ENSt8__detail9_IdentityESt8equal_toIS5_ESt4hashIS5_ENS7_18_Mod_range_hashingENS7_20_Default_ranged_hashENS7_20_Prime_rehash_policyENS7_17_Hashtable_traitsILb1ELb1ELb1EEEE21_M_deallocate_bucketsEv
FN:439,_ZNKSt10_HashtableINSt7__cxx1112basic_stringIcSt11char_traitsIcESaIcEEES5_SaIS5_ENSt8__detail9_IdentityESt8equal_toIS5_ESt4hashIS5_ENS7_18_Mod_range_hashingENS7_20_Default_ranged_hashENS7_20_Prime_rehash_policyENS7_17_Hashtable_traitsILb1ELb1ELb1EEEE8_M_beginEv
FN:513,_ZNSt10_HashtableINSt7__cxx1112basic_stringIcSt11char_traitsIcESaIcEEES5_SaIS5_ENSt8__detail9_IdentityESt8equal_toIS5_ESt4hashIS5_ENS7_18_Mod_range_hashingENS7_20_Default_ranged_hashENS7_20_Prime_rehash_policyENS7_17_Hashtable_traitsILb1ELb1ELb1EEEEC1Ev
FN:567,_ZNSt10_HashtableINSt7__cxx1112basic_stringIcSt11char_traitsIcESaIcEEES5_SaIS5_ENSt8__detail9_IdentityESt8equal_toIS5_ESt4hashIS5_ENS7_18_Mod_range_hashingENS7_20_Default_ranged_hashENS7_20_Prime_rehash_policyENS7_17_Hashtable_traitsILb1ELb1ELb1EEEEaSEOSI_
FN:637,_ZNSt10_HashtableINSt7__cxx1112basic_stringIcSt11char_traitsIcESaIcEEES5_SaIS5_ENSt8__detail9_IdentityESt8equal_toIS5_ESt4hashIS5_ENS7_18_Mod_range_hashingENS7_20_Default_ranged_hashENS7_20_Prime_rehash_policyENS7_17_Hashtable_traitsILb1ELb1ELb1EEEE5beginEv
FN:661,_ZNKSt10_HashtableINSt7__cxx1112basic_stringIcSt11char_traitsIcESaIcEEES5_SaIS5_ENSt8__detail9_IdentityESt8equal_toIS5_ESt4hashIS5_ENS7_18_Mod_range_hashingENS7_20_Default_ranged_hashENS7_20_Prime_rehash_policyENS7_17_Hashtable_traitsILb1ELb1ELb1EEEE4sizeEv
FN:806,_ZNKSt10_HashtableINSt7__cxx1112basic_stringIcSt11char_traitsIcESaIcEEES5_SaIS5_ENSt8__detail9_IdentityESt8equal_toIS5_ESt4hashIS5_ENS7_18_Mod_range_hashingENS7_20_Default_ranged_hashENS7_20_Prime_rehash_policyENS7_17_Hashtable_traitsILb1ELb1ELb1EEEE15_M_bucket_indexERKNS7_16_Hash_node_valueIS5_Lb1EEE
FN:810,_ZNKSt10_HashtableINSt7__cxx1112basic_stringIcSt11char_traitsIcESaIcEEES5_SaIS5_ENSt8__detail9_IdentityESt8equal_toIS5_ESt4hashIS5_ENS7_18_Mod_range_hashingENS7_20_Default_ranged_hashENS7_20_Prime_rehash_policyENS7_17_Hashtable_traitsILb1ELb1ELb1EEEE15_M_bucket_indexEy
FN:842,_ZNKSt10_HashtableINSt7__cxx1112basic_stringIcSt11char_traitsIcESaIcEEES5_SaIS5_ENSt8__detail9_IdentityESt8equal_toIS5_ESt4hashIS5_ENS7_18_Mod_range_hashingENS7_20_Default_ranged_hashENS7_20_Prime_rehash_policyENS7_17_Hashtable_traitsILb1ELb1ELb1EEEE13_M_store_codeERNS7_16_Hash_node_valueIS5_Lb1EEEy
FN:864,_ZNKSt10_HashtableINSt7__cxx1112basic_stringIcSt11char_traitsIcESaIcEEES5_SaIS5_ENSt8__detail9_IdentityESt8equal_toIS5_ESt4hashIS5_ENS7_18_Mod_range_hashingENS7_20_Default_ranged_hashENS7_20_Prime_rehash_policyENS7_17_Hashtable_traitsILb1ELb1ELb1EEEE15__location_typecvbEv
FN:868,_ZNKSt10_HashtableINSt7__cxx1112basic_stringIcSt11char_traitsIcESaIcEEES5_SaIS5_ENSt8__detail9_IdentityESt8equal_toIS5_ESt4hashIS5_ENS7_18_Mod_range_hashingENS7_20_Default_ranged_hashENS7_20_Prime_rehash_policyENS7_17_Hashtable_traitsILb1ELb1ELb1EEEE15__location_typecvNS7_14_Node_iteratorIS5_Lb1ELb1EEEEv
FN:872,_ZNKSt10_HashtableINSt7__cxx1112basic_stringIcSt11char_traitsIcESaIcEEES5_SaIS5_ENSt8__detail9_IdentityESt8equal_toIS5_ESt4hashIS5_ENS7_18_Mod_range_hashingENS7_20_Default_ranged_hashENS7_20_Prime_rehash_policyENS7_17_Hashtable_traitsILb1ELb1ELb1EEEE15__location_typecvNS7_20_Node_const_iteratorIS5_Lb1ELb1EEEEv
FN:876,_ZNKSt10_HashtableINSt7__cxx1112basic_stringIcSt11char_traitsIcESaIcEEES5_SaIS5_ENSt8__detail9_IdentityESt8equal_toIS5_ESt4hashIS5_ENS7_18_Mod_range_hashingENS7_20_Default_ranged_hashENS7_20_Prime_rehash_policyENS7_17_Hashtable_traitsILb1ELb1ELb1EEEE15__location_type7_M_nodeEv
FN:926,_ZNSt10_HashtableINSt7__cxx1112basic_stringIcSt11char_traitsIcESaIcEEES5_SaIS5_ENSt8__detail9_IdentityESt8equal_toIS5_ESt4hashIS5_ENS7_18_Mod_range_hashingENS7_20_Default_ranged_hashENS7_20_Prime_rehash_policyENS7_17_Hashtable_traitsILb1ELb1ELb1EEEE22_M_insert_bucket_beginEyPNS7_10_Hash_nodeIS5_Lb1EEE
FN:1073,_ZNSt10_HashtableINSt7__cxx1112basic_stringIcSt11char_traitsIcESaIcEEES5_SaIS5_ENSt8__detail9_IdentityESt8equal_toIS5_ESt4hashIS5_ENS7_18_Mod_range_hashingENS7_20_Default_ranged_hashENS7_20_Prime_rehash_policyENS7_17_Hashtable_traitsILb1ELb1ELb1EEEE6insertENS7_20_Node_const_iteratorIS5_Lb1ELb1EEEOS5_
FN:1648,_ZNSt10_HashtableINSt7__cxx1112basic_stringIcSt11char_traitsIcESaIcEEES5_SaIS5_ENSt8__detail9_IdentityESt8equal_toIS5_ESt4hashIS5_ENS7_18_Mod_range_hashingENS7_20_Default_ranged_hashENS7_20_Prime_rehash_policyENS7_17_Hashtable_traitsILb1ELb1ELb1EEEE8_M_resetEv
FN:1665,_ZNSt10_HashtableINSt7__cxx1112basic_stringIcSt11char_traitsIcESaIcEEES5_SaIS5_ENSt8__detail9_IdentityESt8equal_toIS5_ESt4hashIS5_ENS7_18_Mod_range_hashingENS7_20_Default_ranged_hashENS7_20_Prime_rehash_policyENS7_17_Hashtable_traitsILb1ELb1ELb1EEEE14_M_move_assignEOSI_St17integral_constantIbLb1EE
FN:1837,_ZNSt10_HashtableINSt7__cxx1112basic_stringIcSt11char_traitsIcESaIcEEES5_SaIS5_ENSt8__detail9_IdentityESt8equal_toIS5_ESt4hashIS5_ENS7_18_Mod_range_hashingENS7_20_Default_ranged_hashENS7_20_Prime_rehash_policyENS7_17_Hashtable_traitsILb1ELb1ELb1EEEED1Ev
FN:1925,_ZNKSt10_HashtableINSt7__cxx1112basic_stringIcSt11char_traitsIcESaIcEEES5_SaIS5_ENSt8__detail9_IdentityESt8equal_toIS5_ESt4hashIS5_ENS7_18_Mod_range_hashingENS7_20_Default_ranged_hashENS7_20_Prime_rehash_policyENS7_17_Hashtable_traitsILb1ELb1ELb1EEEE4findERKS5_
FN:1986,_ZNKSt10_HashtableINSt7__cxx1112basic_stringIcSt11char_traitsIcESaIcEEES5_SaIS5_ENSt8__detail9_IdentityESt8equal_toIS5_ESt4hashIS5_ENS7_18_Mod_range_hashingENS7_20_Default_ranged_hashENS7_20_Prime_rehash_policyENS7_17_Hashtable_traitsILb1ELb1ELb1EEEE5countERKS5_
FN:2199,_ZNKSt10_HashtableINSt7__cxx1112basic_stringIcSt11char_traitsIcESaIcEEES5_SaIS5_ENSt8__detail9_IdentityESt8equal_toIS5_ESt4hashIS5_ENS7_18_Mod_range_hashingENS7_20_Default_ranged_hashENS7_20_Prime_rehash_policyENS7_17_Hashtable_traitsILb1ELb1ELb1EEEE19_M_find_before_nodeEyRKS5_y
FN:2258,_ZNKSt10_HashtableINSt7__cxx1112basic_stringIcSt11char_traitsIcESaIcEEES5_SaIS5_ENSt8__detail9_IdentityESt8equal_toIS5_ESt4hashIS5_ENS7_18_Mod_range_hashingENS7_20_Default_ranged_hashENS7_20_Prime_rehash_policyENS7_17_Hashtable_traitsILb1ELb1ELb1EEEE9_M_locateERKS5_
FN:2313,_ZNSt10_HashtableINSt7__cxx1112basic_stringIcSt11char_traitsIcESaIcEEES5_SaIS5_ENSt8__detail9_IdentityESt8equal_toIS5_ESt4hashIS5_ENS7_18_Mod_range_hashingENS7_20_Default_ranged_hashENS7_20_Prime_rehash_policyENS7_17_Hashtable_traitsILb1ELb1ELb1EEEE15_M_emplace_uniqIJS5_EEESt4pairINS7_14_Node_iteratorIS5_Lb1ELb1EEEbEDpOT_
FN:2466,_ZNSt10_HashtableINSt7__cxx1112basic_stringIcSt11char_traitsIcESaIcEEES5_SaIS5_ENSt8__detail9_IdentityESt8equal_toIS5_ESt4hashIS5_ENS7_18_Mod_range_hashingENS7_20_Default_ranged_hashENS7_20_Prime_rehash_policyENS7_17_Hashtable_traitsILb1ELb1ELb1EEEE21_M_insert_unique_nodeEyyPNS7_10_Hash_nodeIS5_Lb1EEEy
FN:2750,_ZNSt10_HashtableINSt7__cxx1112basic_stringIcSt11char_traitsIcESaIcEEES5_SaIS5_ENSt8__detail9_IdentityESt8equal_toIS5_ESt4hashIS5_ENS7_18_Mod_range_hashingENS7_20_Default_ranged_hashENS7_20_Prime_rehash_policyENS7_17_Hashtable_traitsILb1ELb1ELb1EEEE9_M_rehashEySt17integral_constantIbLb1EE
FNDA:19,_ZNKSt10_HashtableINSt7__cxx1112basic_stringIcSt11char_traitsIcESaIcEEES5_SaIS5_ENSt8__detail9_IdentityESt8equal_toIS5_ESt4hashIS5_ENS7_18_Mod_range_hashingENS7_20_Default_ranged_hashENS7_20_Prime_rehash_policyENS7_17_Hashtable_traitsILb1ELb1ELb1EEEE15_M_bucket_indexERKNS7_16_Hash_node_valueIS5_Lb1EEE
FNDA:19,_ZNSt10_HashtableINSt7__cxx1112basic_stringIcSt11char_traitsIcESaIcEEES5_SaIS5_ENSt8__detail9_IdentityESt8equal_toIS5_ESt4hashIS5_ENS7_18_Mod_range_hashingENS7_20_Default_ranged_hashENS7_20_Prime_rehash_policyENS7_17_Hashtable_traitsILb1ELb1ELb1EEEE6insertENS7_20_Node_const_iteratorIS5_Lb1ELb1EEEOS5_
FNDA:19,_ZNSt10_HashtableINSt7__cxx1112basic_stringIcSt11char_traitsIcESaIcEEES5_SaIS5_ENSt8__detail9_IdentityESt8equal_toIS5_ESt4hashIS5_ENS7_18_Mod_range_hashingENS7_20_Default_ranged_hashENS7_20_Prime_rehash_policyENS7_17_Hashtable_traitsILb1ELb1ELb1EEEE22_M_insert_bucket_beginEyPNS7_10_Hash_nodeIS5_Lb1EEE
FNDA:271,_ZNSt10_HashtableINSt7__cxx1112basic_stringIcSt11char_traitsIcESaIcEEES5_SaIS5_ENSt8__detail9_IdentityESt8equal_toIS5_ESt4hashIS5_ENS7_18_Mod_range_hashingENS7_20_Default_ranged_hashENS7_20_Prime_rehash_policyENS7_17_Hashtable_traitsILb1ELb1ELb1EEEE21_M_deallocate_bucketsEPPNS7_15_Hash_node_baseEy
FNDA:21,_ZNSt10_HashtableINSt7__cxx1112basic_stringIcSt11char_traitsIcESaIcEEES5_SaIS5_ENSt8__detail9_IdentityESt8equal_toIS5_ESt4hashIS5_ENS7_18_Mod_range_hashingENS7_20_Default_ranged_hashENS7_20_Prime_rehash_policyENS7_17_Hashtable_traitsILb1ELb1ELb1EEEE14_M_move_assignEOSI_St17integral_constantIbLb1EE
FNDA:1386,_ZNKSt10_HashtableINSt7__cxx1112basic_stringIcSt11char_traitsIcESaIcEEES5_SaIS5_ENSt8__detail9_IdentityESt8equal_toIS5_ESt4hashIS5_ENS7_18_Mod_range_hashingENS7_20_Default_ranged_hashENS7_20_Prime_rehash_policyENS7_17_Hashtable_traitsILb1ELb1ELb1EEEE4findERKS5_
FNDA:231,_ZNSt10_HashtableINSt7__cxx1112basic_stringIcSt11char_traitsIcESaIcEEES5_SaIS5_ENSt8__detail9_IdentityESt8equal_toIS5_ESt4hashIS5_ENS7_18_Mod_range_hashingENS7_20_Default_ranged_hashENS7_20_Prime_rehash_policyENS7_17_Hashtable_traitsILb1ELb1ELb1EEEEC1Ev
FNDA:19,_ZNSt10_HashtableINSt7__cxx1112basic_stringIcSt11char_traitsIcESaIcEEES5_SaIS5_ENSt8__detail9_IdentityESt8equal_toIS5_ESt4hashIS5_ENS7_18_Mod_range_hashingENS7_20_Default_ranged_hashENS7_20_Prime_rehash_policyENS7_17_Hashtable_traitsILb1ELb1ELb1EEEE15_M_emplace_uniqIJS5_EEESt4pairINS7_14_Node_iteratorIS5_Lb1ELb1EEEbEDpOT_
FNDA:19,_ZNKSt10_HashtableINSt7__cxx1112basic_stringIcSt11char_traitsIcESaIcEEES5_SaIS5_ENSt8__detail9_IdentityESt8equal_toIS5_ESt4hashIS5_ENS7_18_Mod_range_hashingENS7_20_Default_ranged_hashENS7_20_Prime_rehash_policyENS7_17_Hashtable_traitsILb1ELb1ELb1EEEE13_M_store_codeERNS7_16_Hash_node_valueIS5_Lb1EEEy
FNDA:19,_ZNSt10_HashtableINSt7__cxx1112basic_stringIcSt11char_traitsIcESaIcEEES5_SaIS5_ENSt8__detail9_IdentityESt8equal_toIS5_ESt4hashIS5_ENS7_18_Mod_range_hashingENS7_20_Default_ranged_hashENS7_20_Prime_rehash_policyENS7_17_Hashtable_traitsILb1ELb1ELb1EEEE19_M_allocate_bucketsEy
FNDA:231,_ZNSt10_HashtableINSt7__cxx1112basic_stringIcSt11char_traitsIcESaIcEEES5_SaIS5_ENSt8__detail9_IdentityESt8equal_toIS5_ESt4hashIS5_ENS7_18_Mod_range_hashingENS7_20_Default_ranged_hashENS7_20_Prime_rehash_policyENS7_17_Hashtable_traitsILb1ELb1ELb1EEEED1Ev
FNDA:21,_ZNSt10_HashtableINSt7__cxx1112basic_stringIcSt11char_traitsIcESaIcEEES5_SaIS5_ENSt8__detail9_IdentityESt8equal_toIS5_ESt4hashIS5_ENS7_18_Mod_range_hashingENS7_20_Default_ranged_hashENS7_20_Prime_rehash_policyENS7_17_Hashtable_traitsILb1ELb1ELb1EEEE8_M_resetEv
FNDA:481,_ZNKSt10_HashtableINSt7__cxx1112basic_stringIcSt11char_traitsIcESaIcEEES5_SaIS5_ENSt8__detail9_IdentityESt8equal_toIS5_ESt4hashIS5_ENS7_18_Mod_range_hashingENS7_20_Default_ranged_hashENS7_20_Prime_rehash_policyENS7_17_Hashtable_traitsILb1ELb1ELb1EEEE8_M_beginEv
FNDA:19,_ZNSt10_HashtableINSt7__cxx1112basic_stringIcSt11char_traitsIcESaIcEEES5_SaIS5_ENSt8__detail9_IdentityESt8equal_toIS5_ESt4hashIS5_ENS7_18_Mod_range_hashingENS7_20_Default_ranged_hashENS7_20_Prime_rehash_policyENS7_17_Hashtable_traitsILb1ELb1ELb1EEEE21_M_insert_unique_nodeEyyPNS7_10_Hash_nodeIS5_Lb1EEEy
FNDA:19,_ZNSt10_HashtableINSt7__cxx1112basic_stringIcSt11char_traitsIcESaIcEEES5_SaIS5_ENSt8__detail9_IdentityESt8equal_toIS5_ESt4hashIS5_ENS7_18_Mod_range_hashingENS7_20_Default_ranged_hashENS7_20_Prime_rehash_policyENS7_17_Hashtable_traitsILb1ELb1ELb1EEEE12_Scoped_nodeD1Ev
FNDA:1405,_ZNKSt10_HashtableINSt7__cxx1112basic_stringIcSt11char_traitsIcESaIcEEES5_SaIS5_ENSt8__detail9_IdentityESt8equal_toIS5_ESt4hashIS5_ENS7_18_Mod_range_hashingENS7_20_Default_ranged_hashENS7_20_Prime_rehash_policyENS7_17_Hashtable_traitsILb1ELb1ELb1EEEE9_M_locateERKS5_
FNDA:1747,_ZNKSt10_HashtableINSt7__cxx1112basic_stringIcSt11char_traitsIcESaIcEEES5_SaIS5_ENSt8__detail9_IdentityESt8equal_toIS5_ESt4hashIS5_ENS7_18_Mod_range_hashingENS7_20_Default_ranged_hashENS7_20_Prime_rehash_policyENS7_17_Hashtable_traitsILb1ELb1ELb1EEEE15__location_type7_M_nodeEv
FNDA:0,_ZNKSt10_HashtableINSt7__cxx1112basic_stringIcSt11char_traitsIcESaIcEEES5_SaIS5_ENSt8__detail9_IdentityESt8equal_toIS5_ESt4hashIS5_ENS7_18_Mod_range_hashingENS7_20_Default_ranged_hashENS7_20_Prime_rehash_policyENS7_17_Hashtable_traitsILb1ELb1ELb1EEEE15__location_typecvNS7_14_Node_iteratorIS5_Lb1ELb1EEEEv
FNDA:1405,_ZNKSt10_HashtableINSt7__cxx1112basic_stringIcSt11char_traitsIcESaIcEEES5_SaIS5_ENSt8__detail9_IdentityESt8equal_toIS5_ESt4hashIS5_ENS7_18_Mod_range_hashingENS7_20_Default_ranged_hashENS7_20_Prime_rehash_policyENS7_17_Hashtable_traitsILb1ELb1ELb1EEEE15_M_bucket_indexEy
FNDA:189,_ZNSt10_HashtableINSt7__cxx1112basic_stringIcSt11char_traitsIcESaIcEEES5_SaIS5_ENSt8__detail9_IdentityESt8equal_toIS5_ESt4hashIS5_ENS7_18_Mod_range_hashingENS7_20_Default_ranged_hashENS7_20_Prime_rehash_policyENS7_17_Hashtable_traitsILb1ELb1ELb1EEEE5beginEv
FNDA:19,_ZNKSt10_HashtableINSt7__cxx1112basic_stringIcSt11char_traitsIcESaIcEEES5_SaIS5_ENSt8__detail9_IdentityESt8equal_toIS5_ESt4hashIS5_ENS7_18_Mod_range_hashingENS7_20_Default_ranged_hashENS7_20_Prime_rehash_policyENS7_17_Hashtable_traitsILb1ELb1ELb1EEEE15__location_typecvbEv
FNDA:2791,_ZNSt10_HashtableINSt7__cxx1112basic_stringIcSt11char_traitsIcESaIcEEES5_SaIS5_ENSt8__detail9_IdentityESt8equal_toIS5_ESt4hashIS5_ENS7_18_Mod_range_hashingENS7_20_Default_ranged_hashENS7_20_Prime_rehash_policyENS7_17_Hashtable_traitsILb1ELb1ELb1EEEE22__small_size_thresholdEv
FNDA:21,_ZNSt10_HashtableINSt7__cxx1112basic_stringIcSt11char_traitsIcESaIcEEES5_SaIS5_ENSt8__detail9_IdentityESt8equal_toIS5_ESt4hashIS5_ENS7_18_Mod_range_hashingENS7_20_Default_ranged_hashENS7_20_Prime_rehash_policyENS7_17_Hashtable_traitsILb1ELb1ELb1EEEEaSEOSI_
FNDA:21,_ZNSt10_HashtableINSt7__cxx1112basic_stringIcSt11char_traitsIcESaIcEEES5_SaIS5_ENSt8__detail9_IdentityESt8equal_toIS5_ESt4hashIS5_ENS7_18_Mod_range_hashingENS7_20_Default_ranged_hashENS7_20_Prime_rehash_policyENS7_17_Hashtable_traitsILb1ELb1ELb1EEEE16_M_update_bbeginEv
FNDA:271,_ZNSt10_HashtableINSt7__cxx1112basic_stringIcSt11char_traitsIcESaIcEEES5_SaIS5_ENSt8__detail9_IdentityESt8equal_toIS5_ESt4hashIS5_ENS7_18_Mod_range_hashingENS7_20_Default_ranged_hashENS7_20_Prime_rehash_policyENS7_17_Hashtable_traitsILb1ELb1ELb1EEEE21_M_deallocate_bucketsEv
FNDA:1386,_ZNKSt10_HashtableINSt7__cxx1112basic_stringIcSt11char_traitsIcESaIcEEES5_SaIS5_ENSt8__detail9_IdentityESt8equal_toIS5_ESt4hashIS5_ENS7_18_Mod_range_hashingENS7_20_Default_ranged_hashENS7_20_Prime_rehash_policyENS7_17_Hashtable_traitsILb1ELb1ELb1EEEE5countERKS5_
FNDA:19,_ZNSt10_HashtableINSt7__cxx1112basic_stringIcSt11char_traitsIcESaIcEEES5_SaIS5_ENSt8__detail9_IdentityESt8equal_toIS5_ESt4hashIS5_ENS7_18_Mod_range_hashingENS7_20_Default_ranged_hashENS7_20_Prime_rehash_policyENS7_17_Hashtable_traitsILb1ELb1ELb1EEEE12_Scoped_nodeC1EPNS7_10_Hash_nodeIS5_Lb1EEEPNS7_16_Hashtable_allocISaISL_EEE
FNDA:0,_ZNKSt10_HashtableINSt7__cxx1112basic_stringIcSt11char_traitsIcESaIcEEES5_SaIS5_ENSt8__detail9_IdentityESt8equal_toIS5_ESt4hashIS5_ENS7_18_Mod_range_hashingENS7_20_Default_ranged_hashENS7_20_Prime_rehash_policyENS7_17_Hashtable_traitsILb1ELb1ELb1EEEE19_M_find_before_nodeEyRKS5_y
FNDA:1405,_ZNKSt10_HashtableINSt7__cxx1112basic_stringIcSt11char_traitsIcESaIcEEES5_SaIS5_ENSt8__detail9_IdentityESt8equal_toIS5_ESt4hashIS5_ENS7_18_Mod_range_hashingENS7_20_Default_ranged_hashENS7_20_Prime_rehash_policyENS7_17_Hashtable_traitsILb1ELb1ELb1EEEE4sizeEv
FNDA:1386,_ZNKSt10_HashtableINSt7__cxx1112basic_stringIcSt11char_traitsIcESaIcEEES5_SaIS5_ENSt8__detail9_IdentityESt8equal_toIS5_ESt4hashIS5_ENS7_18_Mod_range_hashingENS7_20_Default_ranged_hashENS7_20_Prime_rehash_policyENS7_17_Hashtable_traitsILb1ELb1ELb1EEEE15__location_typecvNS7_20_Node_const_iteratorIS5_Lb1ELb1EEEEv
FNDA:292,_ZNKSt10_HashtableINSt7__cxx1112basic_stringIcSt11char_traitsIcESaIcEEES5_SaIS5_ENSt8__detail9_IdentityESt8equal_toIS5_ESt4hashIS5_ENS7_18_Mod_range_hashingENS7_20_Default_ranged_hashENS7_20_Prime_rehash_policyENS7_17_Hashtable_traitsILb1ELb1ELb1EEEE21_M_uses_single_bucketEPPNS7_15_Hash_node_baseE
FNDA:19,_ZNSt10_HashtableINSt7__cxx1112basic_stringIcSt11char_traitsIcESaIcEEES5_SaIS5_ENSt8__detail9_IdentityESt8equal_toIS5_ESt4hashIS5_ENS7_18_Mod_range_hashingENS7_20_Default_ranged_hashENS7_20_Prime_rehash_policyENS7_17_Hashtable_traitsILb1ELb1ELb1EEEE9_M_rehashEySt17integral_constantIbLb1EE
FNDA:21,_ZNKSt10_HashtableINSt7__cxx1112basic_stringIcSt11char_traitsIcESaIcEEES5_SaIS5_ENSt8__detail9_IdentityESt8equal_toIS5_ESt4hashIS5_ENS7_18_Mod_range_hashingENS7_20_Default_ranged_hashENS7_20_Prime_rehash_policyENS7_17_Hashtable_traitsILb1ELb1ELb1EEEE21_M_uses_single_bucketEv
FNF:33
FNH:31
DA:298,19
DA:299,19
DA:309,19
DA:373,21
DA:375,21
DA:376,19
DA:377,21
DA:387,292
DA:388,292
DA:391,21
DA:392,21
DA:395,2791
DA:398,2791
DA:405,19
DA:407,19
DA:409,0
DA:410,0
DA:413,19
DA:417,271
DA:419,271
DA:420,252
DA:422,19
DA:426,271
DA:427,271
DA:439,481
DA:440,481
DA:513,231
DA:567,21
DA:572,21
DA:575,21
DA:576,21
DA:637,189
DA:638,189
DA:661,1405
DA:662,1405
DA:806,19
DA:807,19
DA:810,1405
DA:811,1405
DA:842,19
DA:845,19
DA:846,19
DA:864,19
DA:865,19
DA:868,0
DA:869,0
DA:872,1386
DA:873,1386
DA:876,1747
DA:878,1747
DA:879,380
DA:880,1367
DA:926,19
DA:928,19
DA:932,0
DA:933,0
DA:940,19
DA:941,19
DA:943,19
DA:946,0
DA:948,19
DA:950,19
DA:1073,19
DA:1076,19
DA:1648,21
DA:1652,21
DA:1653,21
DA:1654,21
DA:1655,21
DA:1656,21
DA:1657,21
DA:1658,21
DA:1665,21
DA:1669,21
DA:1670,0
DA:1672,21
DA:1673,21
DA:1675,21
DA:1676,21
DA:1677,19
DA:1680,2
DA:1681,2
DA:1684,21
DA:1685,21
DA:1686,21
DA:1687,21
DA:1690,21
DA:1691,21
DA:1837,231
DA:1852,231
DA:1853,231
DA:1854,231
DA:1925,1386
DA:1929,1386
DA:1986,1386
DA:1991,1386
DA:1992,1386
DA:1993,1367
DA:1996,19
DA:2199,0
DA:2205,0
DA:2206,0
DA:2207,0
DA:2209,0
DA:2210,0
DA:2212,0
DA:2213,0
DA:2215,0
DA:2216,0
DA:2217,0
DA:2220,0
DA:2258,1405
DA:2263,1405
DA:2264,1405
DA:2266,1405
DA:2268,1405
DA:2269,1405
DA:2270,1747
DA:2272,361
DA:2273,19
DA:2274,342
DA:2276,1386
DA:2279,1386
DA:2280,1386
DA:2282,1386
DA:2283,0
DA:2286,1386
DA:2313,19
DA:2318,19
DA:2324,19
DA:2325,19
DA:2338,19
DA:2339,19
DA:2340,19
DA:2342,19
DA:2346,0
DA:2347,0
DA:2348,0
DA:2351,19
DA:2353,0
DA:2356,19
DA:2357,19
DA:2360,19
DA:2362,19
DA:2365,19
DA:2366,19
DA:2367,19
DA:2368,19
DA:2466,19
DA:2472,19
DA:2474,19
DA:2477,19
DA:2479,19
DA:2480,19
DA:2483,19
DA:2484,19
DA:2487,19
DA:2488,19
DA:2489,38
DA:2490,19
DA:2750,19
DA:2754,19
DA:2755,19
DA:2756,19
DA:2757,19
DA:2758,19
DA:2760,0
DA:2762,0
DA:2763,0
DA:2765,0
DA:2766,0
DA:2767,0
DA:2768,0
DA:2769,0
DA:2770,0
DA:2774,0
DA:2775,0
DA:2778,0
DA:2781,19
DA:2782,19
DA:2783,19
DA:2784,19
LF:182
LH:145
end_of_record
TN:
SF:C:\mingw64\include\c++\15.2.0\bits\hashtable_policy.h
FN:85,_ZNKSt8__detail9_IdentityclIRNSt7__cxx1112basic_stringIcSt11char_traitsIcESaIcEEEEEOT_SA_
FN:85,_ZNKSt8__detail9_IdentityclIRKNSt7__cxx1112basic_stringIcSt11char_traitsIcESaIcEEEEEOT_SB_
FN:280,_ZNSt8__detail22_Hashtable_hash_traitsISt4hashINSt7__cxx1112basic_stringIcSt11char_traitsIcESaIcEEEEE22__small_size_thresholdEv
FN:296,_ZNSt8__detail15_Hash_node_baseC1Ev
FN:296,_ZNSt8__detail15_Hash_node_baseC2Ev
FN:365,_ZNKSt8__detail10_Hash_nodeINSt7__cxx1112basic_stringIcSt11char_traitsIcESaIcEEELb1EE7_M_nextEv
FN:378,_ZNSt8__detail19_Node_iterator_baseINSt7__cxx1112basic_stringIcSt11char_traitsIcESaIcEEELb1EEC2EPNS_10_Hash_nodeIS6_Lb1EEE
FN:382,_ZNSt8__detail19_Node_iterator_baseINSt7__cxx1112basic_stringIcSt11char_traitsIcESaIcEEELb1EE7_M_incrEv
FN:421,_ZNSt8__detail14_Node_iteratorINSt7__cxx1112basic_stringIcSt11char_traitsIcESaIcEEELb1ELb1EEC1EPNS_10_Hash_nodeIS6_Lb1EEE
FN:433,_ZNSt8__detail14_Node_iteratorINSt7__cxx1112basic_stringIcSt11char_traitsIcESaIcEEELb1ELb1EEppEv
FN:489,_ZNSt8__detail20_Node_const_iteratorINSt7__cxx1112basic_stringIcSt11char_traitsIcESaIcEEELb1ELb1EEC1EPNS_10_Hash_nodeIS6_Lb1EEE
FN:492,_ZNSt8__detail20_Node_const_iteratorINSt7__cxx1112basic_stringIcSt11char_traitsIcESaIcEEELb1ELb1EEC1ERKNS_14_Node_iteratorIS6_Lb1ELb1EEE
FN:583,_ZNKSt8__detail18_Mod_range_hashingclEyy
FN:600,_ZNSt8__detail20_Prime_rehash_policyC1Ef
FN:629,_ZNKSt8__detail20_Prime_rehash_policy8_M_stateEv
FN:633,_ZNSt8__detail20_Prime_rehash_policy8_M_resetEv
FN:637,_ZNSt8__detail20_Prime_rehash_policy8_M_resetEy
FN:778,_ZNSt8__detail17_RehashStateGuardINS_20_Prime_rehash_policyEEC1ERS1_
FN:784,_ZNSt8__detail17_RehashStateGuardINS_20_Prime_rehash_policyEED1Ev
FN:1062,_ZNSt8__detail15_Hash_code_baseINSt7__cxx1112basic_stringIcSt11char_traitsIcESaIcEEES6_NS_9_IdentityESt4hashIS6_ENS_18_Mod_range_hashingENS_20_Default_ranged_hashELb1EEC2Ev
FN:1067,_ZNKSt8__detail15_Hash_code_baseINSt7__cxx1112basic_stringIcSt11char_traitsIcESaIcEEES6_NS_9_IdentityESt4hashIS6_ENS_18_Mod_range_hashingENS_20_Default_ranged_hashELb1EE12_M_hash_codeERKS6_
FN:1092,_ZNKSt8__detail15_Hash_code_baseINSt7__cxx1112basic_stringIcSt11char_traitsIcESaIcEEES6_NS_9_IdentityESt4hashIS6_ENS_18_Mod_range_hashingENS_20_Default_ranged_hashELb1EE15_M_bucket_indexEyy
FN:1105,_ZNKSt8__detail15_Hash_code_baseINSt7__cxx1112basic_stringIcSt11char_traitsIcESaIcEEES6_NS_9_IdentityESt4hashIS6_ENS_18_Mod_range_hashingENS_20_Default_ranged_hashELb1EE15_M_bucket_indexERKNS_16_Hash_node_valueIS6_Lb1EEEy
FN:1395,_ZNSt8__detail15_Hashtable_baseINSt7__cxx1112basic_stringIcSt11char_traitsIcESaIcEEES6_NS_9_IdentityESt8equal_toIS6_ESt4hashIS6_ENS_18_Mod_range_hashingENS_20_Default_ranged_hashENS_17_Hashtable_traitsILb1ELb1ELb1EEEEC2Ev
FN:1402,_ZNKSt8__detail15_Hashtable_baseINSt7__cxx1112basic_stringIcSt11char_traitsIcESaIcEEES6_NS_9_IdentityESt8equal_toIS6_ESt4hashIS6_ENS_18_Mod_range_hashingENS_20_Default_ranged_hashENS_17_Hashtable_traitsILb1ELb1ELb1EEEE13_M_key_equalsERKS6_RKNS_16_Hash_node_valueIS6_Lb1EEE
FN:1428,_ZNKSt8__detail15_Hashtable_baseINSt7__cxx1112basic_stringIcSt11char_traitsIcESaIcEEES6_NS_9_IdentityESt8equal_toIS6_ESt4hashIS6_ENS_18_Mod_range_hashingENS_20_Default_ranged_hashENS_17_Hashtable_traitsILb1ELb1ELb1EEEE9_M_equalsERKS6_yRKNS_16_Hash_node_valueIS6_Lb1EEE
FN:1465,_ZNKSt8__detail15_Hashtable_baseINSt7__cxx1112basic_stringIcSt11char_traitsIcESaIcEEES6_NS_9_IdentityESt8equal_toIS6_ESt4hashIS6_ENS_18_Mod_range_hashingENS_20_Default_ranged_hashENS_17_Hashtable_traitsILb1ELb1ELb1EEEE5_M_eqEv
FN:1500,_ZNSt8__detail16_Hashtable_allocISaINS_10_Hash_nodeINSt7__cxx1112basic_stringIcSt11char_traitsIcESaIcEEELb1EEEEEC2Ev
FN:1510,_ZNSt8__detail16_Hashtable_allocISaINS_10_Hash_nodeINSt7__cxx1112basic_stringIcSt11char_traitsIcESaIcEEELb1EEEEE17_M_node_allocatorEv
FN:1547,_ZNSt8__detail16_Hashtable_allocISaINS_10_Hash_nodeINSt7__cxx1112basic_stringIcSt11char_traitsIcESaIcEEELb1EEEEE16_M_allocate_nodeIJS7_EEEPS8_DpOT_
FN:1570,_ZNSt8__detail16_Hashtable_allocISaINS_10_Hash_nodeINSt7__cxx1112basic_stringIcSt11char_traitsIcESaIcEEELb1EEEEE18_M_deallocate_nodeEPS8_
FN:1578,_ZNSt8__detail16_Hashtable_allocISaINS_10_Hash_nodeINSt7__cxx1112basic_stringIcSt11char_traitsIcESaIcEEELb1EEEEE22_M_deallocate_node_ptrEPS8_
FN:1588,_ZNSt8__detail16_Hashtable_allocISaINS_10_Hash_nodeINSt7__cxx1112basic_stringIcSt11char_traitsIcESaIcEEELb1EEEEE19_M_deallocate_nodesEPS8_
FN:1600,_ZNSt8__detail16_Hashtable_allocISaINS_10_Hash_nodeINSt7__cxx1112basic_stringIcSt11char_traitsIcESaIcEEELb1EEEEE19_M_allocate_bucketsEy
FN:1613,_ZNSt8__detail16_Hashtable_allocISaINS_10_Hash_nodeINSt7__cxx1112basic_stringIcSt11char_traitsIcESaIcEEELb1EEEEE21_M_deallocate_bucketsEPPNS_15_Hash_node_baseEy
FNDA:137,_ZNSt8__detail16_Hashtable_allocISaINS_10_Hash_nodeINSt7__cxx1112basic_stringIcSt11char_traitsIcESaIcEEELb1EEEEE17_M_node_allocatorEv
FNDA:252,_ZNSt8__detail16_Hashtable_allocISaINS_10_Hash_nodeINSt7__cxx1112basic_stringIcSt11char_traitsIcESaIcEEELb1EEEEE19_M_deallocate_nodesEPS8_
FNDA:19,_ZNSt8__detail14_Node_iteratorINSt7__cxx1112basic_stringIcSt11char_traitsIcESaIcEEELb1ELb1EEppEv
FNDA:19,_ZNSt8__detail16_Hashtable_allocISaINS_10_Hash_nodeINSt7__cxx1112basic_stringIcSt11char_traitsIcESaIcEEELb1EEEEE19_M_allocate_bucketsEy
FNDA:231,_ZNSt8__detail15_Hashtable_baseINSt7__cxx1112basic_stringIcSt11char_traitsIcESaIcEEES6_NS_9_IdentityESt8equal_toIS6_ESt4hashIS6_ENS_18_Mod_range_hashingENS_20_Default_ranged_hashENS_17_Hashtable_traitsILb1ELb1ELb1EEEEC2Ev
FNDA:19,_ZNSt8__detail16_Hashtable_allocISaINS_10_Hash_nodeINSt7__cxx1112basic_stringIcSt11char_traitsIcESaIcEEELb1EEEEE21_M_deallocate_bucketsEPPNS_15_Hash_node_baseEy
FNDA:19,_ZNKSt8__detail20_Prime_rehash_policy8_M_stateEv
FNDA:19,_ZNSt8__detail16_Hashtable_allocISaINS_10_Hash_nodeINSt7__cxx1112basic_stringIcSt11char_traitsIcESaIcEEELb1EEEEE16_M_allocate_nodeIJS7_EEEPS8_DpOT_
FNDA:19,_ZNKSt8__detail9_IdentityclIRNSt7__cxx1112basic_stringIcSt11char_traitsIcESaIcEEEEEOT_SA_
FNDA:361,_ZNKSt8__detail15_Hashtable_baseINSt7__cxx1112basic_stringIcSt11char_traitsIcESaIcEEES6_NS_9_IdentityESt8equal_toIS6_ESt4hashIS6_ENS_18_Mod_range_hashingENS_20_Default_ranged_hashENS_17_Hashtable_traitsILb1ELb1ELb1EEEE13_M_key_equalsERKS6_RKNS_16_Hash_node_valueIS6_Lb1EEE
FNDA:19,_ZNKSt8__detail15_Hash_code_baseINSt7__cxx1112basic_stringIcSt11char_traitsIcESaIcEEES6_NS_9_IdentityESt4hashIS6_ENS_18_Mod_range_hashingENS_20_Default_ranged_hashELb1EE15_M_bucket_indexERKNS_16_Hash_node_valueIS6_Lb1EEEy
FNDA:361,_ZNKSt8__detail9_IdentityclIRKNSt7__cxx1112basic_stringIcSt11char_traitsIcESaIcEEEEEOT_SB_
FNDA:1613,_ZNSt8__detail19_Node_iterator_baseINSt7__cxx1112basic_stringIcSt11char_traitsIcESaIcEEELb1EEC2EPNS_10_Hash_nodeIS6_Lb1EEE
FNDA:19,_ZNSt8__detail19_Node_iterator_baseINSt7__cxx1112basic_stringIcSt11char_traitsIcESaIcEEELb1EE7_M_incrEv
FNDA:19,_ZNSt8__detail17_RehashStateGuardINS_20_Prime_rehash_policyEEC1ERS1_
FNDA:1386,_ZNSt8__detail20_Node_const_iteratorINSt7__cxx1112basic_stringIcSt11char_traitsIcESaIcEEELb1ELb1EEC1EPNS_10_Hash_nodeIS6_Lb1EEE
FNDA:231,_ZNSt8__detail15_Hash_node_baseC1Ev
FNDA:19,_ZNSt8__detail16_Hashtable_allocISaINS_10_Hash_nodeINSt7__cxx1112basic_stringIcSt11char_traitsIcESaIcEEELb1EEEEE22_M_deallocate_node_ptrEPS8_
FNDA:19,_ZNSt8__detail20_Node_const_iteratorINSt7__cxx1112basic_stringIcSt11char_traitsIcESaIcEEELb1ELb1EEC1ERKNS_14_Node_iteratorIS6_Lb1ELb1EEE
FNDA:1405,_ZNKSt8__detail15_Hash_code_baseINSt7__cxx1112basic_stringIcSt11char_traitsIcESaIcEEES6_NS_9_IdentityESt4hashIS6_ENS_18_Mod_range_hashingENS_20_Default_ranged_hashELb1EE15_M_bucket_indexEyy
FNDA:231,_ZNSt8__detail20_Prime_rehash_policyC1Ef
FNDA:208,_ZNSt8__detail14_Node_iteratorINSt7__cxx1112basic_stringIcSt11char_traitsIcESaIcEEELb1ELb1EEC1EPNS_10_Hash_nodeIS6_Lb1EEE
FNDA:361,_ZNKSt8__detail15_Hashtable_baseINSt7__cxx1112basic_stringIcSt11char_traitsIcESaIcEEES6_NS_9_IdentityESt8equal_toIS6_ESt4hashIS6_ENS_18_Mod_range_hashingENS_20_Default_ranged_hashENS_17_Hashtable_traitsILb1ELb1ELb1EEEE5_M_eqEv
FNDA:19,_ZNSt8__detail17_RehashStateGuardINS_20_Prime_rehash_policyEED1Ev
FNDA:231,_ZNSt8__detail15_Hash_code_baseINSt7__cxx1112basic_stringIcSt11char_traitsIcESaIcEEES6_NS_9_IdentityESt4hashIS6_ENS_18_Mod_range_hashingENS_20_Default_ranged_hashELb1EEC2Ev
FNDA:21,_ZNSt8__detail20_Prime_rehash_policy8_M_resetEv
FNDA:38,_ZNKSt8__detail10_Hash_nodeINSt7__cxx1112basic_stringIcSt11char_traitsIcESaIcEEELb1EE7_M_nextEv
[...]
FNDA:46,_ZNSt11_Tuple_implILy0EJPN7testing8internal14GTestFlagSaverESt14default_deleteIS2_EEE7_M_headERS6_
FNDA:21,_ZNSt10_Head_baseILy0EPN7testing8internal16DeathTestFactoryELb0EE7_M_headERS4_
FNDA:0,_ZNSt11_Tuple_implILy1EJSt14default_deleteIN7testing8internal12_GLOBAL__N_122ThreadWithParamSupport15ThreadMainParamEEEE7_M_headERS7_
FNDA:23,_ZNSt11_Tuple_implILy0EJPN7testing8internal14GTestFlagSaverESt14default_deleteIS2_EEEC2Ev
FNDA:480,_ZSt12__get_helperILy0EONSt7__cxx1112basic_stringIcSt11char_traitsIcESaIcEEEJEERT0_RSt11_Tuple_implIXT_EJS7_DpT1_EE
FNDA:15,_ZSt3getILy0EJRKNSt7__cxx1112basic_stringIcSt11char_traitsIcESaIcEEEEERNSt13tuple_elementIXT_ESt5tupleIJDpT0_EEE4typeERSC_
FNDA:21,_ZNSt4pairIKNSt7__cxx1112basic_stringIcSt11char_traitsIcESaIcEEEiEC1IJOS5_EJEEESt21piecewise_construct_tSt5tupleIJDpT_EESB_IJDpT0_EE
FNDA:42,_ZNSt10_Head_baseILy0EPN7testing8internal24InternalRunDeathTestFlagELb0EE7_M_headERS4_
FNDA:1266,_ZNSt10_Head_baseILy1ESt14default_deleteINSt7__cxx1118basic_stringstreamIcSt11char_traitsIcESaIcEEEELb1EE7_M_headERS8_
FNDA:21,_ZNSt10_Head_baseILy1ESt14default_deleteIN7testing8internal11ThreadLocalISt6vectorINS2_9TraceInfoESaIS5_EEE18ValueHolderFactoryEELb1EEC2Ev
FNDA:0,_ZNSt10_Head_baseILy0EPN7testing8internal12_GLOBAL__N_122ThreadWithParamSupport15ThreadMainParamELb0EEC2Ev
FNDA:0,_ZNSt10_Head_baseILy0EPKN7testing8internal11MatcherBaseISt17basic_string_viewIcSt11char_traitsIcEEEELb0EEC2IS9_EEOT_
FNDA:0,_ZNSt10_Head_baseILy1ESt14default_deleteIN7testing8internal12_GLOBAL__N_122ThreadWithParamSupport15ThreadMainParamEELb1EEC2Ev
FNDA:483,_ZNSt11_Tuple_implILy0EJPKNSt7__cxx1112basic_stringIcSt11char_traitsIcESaIcEEESt14default_deleteIS6_EEE7_M_headERKSA_
FNDA:28098,_ZNSt10_Head_baseILy0EPNSt7__cxx1118basic_stringstreamIcSt11char_traitsIcESaIcEEELb0EE7_M_headERKS7_
FNDA:23,_ZSt12__get_helperILy1ESt14default_deleteIN7testing8internal14GTestFlagSaverEEJEERT0_RSt11_Tuple_implIXT_EJS5_DpT1_EE
FNDA:0,_ZSt12__get_helperILy1ESt14default_deleteIN7testing8internal24InternalRunDeathTestFlagEEJEERT0_RSt11_Tuple_implIXT_EJS5_DpT1_EE
FNDA:15,_ZNSt4pairIKNSt7__cxx1112basic_stringIcSt11char_traitsIcESaIcEEEiEC1IJRS6_EJEEESt21piecewise_construct_tSt5tupleIJDpT_EESB_IJDpT0_EE
FNDA:0,_ZSt12__get_helperILy1ESt14default_deleteIN7testing8internal16DeathTestFactoryEEJEERT0_RSt11_Tuple_implIXT_EJS5_DpT1_EE
FNDA:42,_ZSt12__get_helperILy0EPN7testing8internal24InternalRunDeathTestFlagEJSt14default_deleteIS2_EEERT0_RSt11_Tuple_implIXT_EJS6_DpT1_EE
FNDA:85,_ZNSt4pairIKNSt7__cxx1112basic_stringIcSt11char_traitsIcESaIcEEESt3mapIS5_St6vectorIS5_SaIS5_EESt4lessIS5_ESaIS_IS6_SA_EEEEC1IJOS5_EJLy0EEJEJEEERSt5tupleIJDpT_EERSJ_IJDpT1_EESt12_Index_tupleIJXspT0_EEESS_IJXspT2_EEE
FNDA:0,_ZNSt11_Tuple_implILy1EJSt14default_deleteIN7testing8internal24InternalRunDeathTestFlagEEEE7_M_headERS5_
FNDA:21,_ZSt3getILy0EJPN7testing8internal16DeathTestFactoryESt14default_deleteIS2_EEERNSt13tuple_elementIXT_ESt5tupleIJDpT0_EEE4typeERSA_
FNDA:0,_ZNSt11_Tuple_implILy0EJPKN7testing8internal11MatcherBaseISt17basic_string_viewIcSt11char_traitsIcEEEEPKNS1_9EqMatcherINSt7__cxx1112basic_stringIcS5_SaIcEEEEEEEC2IS9_JSH_EvEEOT_DpOT0_
FNDA:53,_ZSt12__get_helperILy0EPNSt7__cxx1112basic_stringIcSt11char_traitsIcESaIcEEEJSt14default_deleteIS5_EEERT0_RSt11_Tuple_implIXT_EJS9_DpT1_EE
FNDA:23,_ZNSt11_Tuple_implILy1EJSt14default_deleteIN7testing8internal14GTestFlagSaverEEEE7_M_headERS5_
FNDA:42,_ZSt3getILy0EJPN7testing8internal24InternalRunDeathTestFlagESt14default_deleteIS2_EEERKNSt13tuple_elementIXT_ESt5tupleIJDpT0_EEE4typeERKSA_
FNDA:0,_ZNSt11_Tuple_implILy1EJSt14default_deleteIN7testing8internal11ThreadLocalISt6vectorINS2_9TraceInfoESaIS5_EEE18ValueHolderFactoryEEEE7_M_headERSB_
FNDA:0,_ZNSt5tupleIJPKN7testing8internal11MatcherBaseISt17basic_string_viewIcSt11char_traitsIcEEEEPKNS1_9EqMatcherINSt7__cxx1112basic_stringIcS5_SaIcEEEEEEEC1IS9_SH_Lb1EEEOT_OT0_
FNDA:0,_ZSt3getILy0EJPN7testing8internal12_GLOBAL__N_122ThreadWithParamSupport15ThreadMainParamESt14default_deleteIS4_EEERKNSt13tuple_elementIXT_ESt5tupleIJDpT0_EEE4typeERKSC_
FNDA:1266,_ZNSt10_Head_baseILy0EPNSt7__cxx1118basic_stringstreamIcSt11char_traitsIcESaIcEEELb0EEC2Ev
FNDA:21,_ZSt12__get_helperILy0EPN7testing8internal16DeathTestFactoryEJSt14default_deleteIS2_EEERT0_RSt11_Tuple_implIXT_EJS6_DpT1_EE
FNDA:1,_ZSt12__get_helperILy0EPN7testing8internal11ThreadLocalISt6vectorINS1_9TraceInfoESaIS4_EEE18ValueHolderFactoryEJSt14default_deleteIS8_EEERKT0_RKSt11_Tuple_implIXT_EJSC_DpT1_EE
FNDA:21,_ZSt12__get_helperILy0EPN7testing8internal11ThreadLocalIPNS0_31TestPartResultReporterInterfaceEE18ValueHolderFactoryEJSt14default_deleteIS6_EEERT0_RSt11_Tuple_implIXT_EJSA_DpT1_EE
FNDA:483,_ZSt12__get_helperILy0EPKNSt7__cxx1112basic_stringIcSt11char_traitsIcESaIcEEEJSt14default_deleteIS6_EEERKT0_RKSt11_Tuple_implIXT_EJSA_DpT1_EE
FNDA:0,_ZSt3getILy1EJPN7testing8internal11ThreadLocalISt6vectorINS1_9TraceInfoESaIS4_EEE18ValueHolderFactoryESt14default_deleteIS8_EEERNSt13tuple_elementIXT_ESt5tupleIJDpT0_EEE4typeERSG_
FNDA:480,_ZNSt11_Tuple_implILy0EJONSt7__cxx1112basic_stringIcSt11char_traitsIcESaIcEEEEEC2EOS7_
FNDA:0,_ZNSt10_Head_baseILy0EPKN7testing8internal11MatcherBaseISt17basic_string_viewIcSt11char_traitsIcEEEELb0EE7_M_headERSA_
FNDA:945,_ZNSt11_Tuple_implILy0EJPKNSt7__cxx1112basic_stringIcSt11char_traitsIcESaIcEEESt14default_deleteIS6_EEEC2Ev
FNDA:0,_ZNSt10_Head_baseILy1ESt14default_deleteIN7testing8internal24InternalRunDeathTestFlagEELb1EE7_M_headERS5_
FNDA:0,_ZNSt5tupleIJPKN7testing8internal11MatcherBaseIRKNSt7__cxx1112basic_stringIcSt11char_traitsIcESaIcEEEEEPKNS1_9EqMatcherIS8_EEEEC1ISD_SH_Lb1EEEOT_OT0_
FNDA:480,_ZNSt10_Head_baseILy0EONSt7__cxx1112basic_stringIcSt11char_traitsIcESaIcEEELb0EEC2IS5_EEOT_
FNDA:21,_ZNSt5tupleIJPN7testing8internal11ThreadLocalIPNS0_31TestPartResultReporterInterfaceEE18ValueHolderFactoryESt14default_deleteIS6_EEEC1ILb1ELb1EEEv
FNDA:0,_ZNSt11_Tuple_implILy0EJPKN7testing8internal11MatcherBaseISt17basic_string_viewIcSt11char_traitsIcEEEEPKNS1_9EqMatcherINSt7__cxx1112basic_stringIcS5_SaIcEEEEEEE7_M_headERSI_
FNDA:0,_ZNSt11_Tuple_implILy1EJSt14default_deleteIN7testing8internal11ThreadLocalIPNS1_31TestPartResultReporterInterfaceEE18ValueHolderFactoryEEEE7_M_headERS9_
FNDA:0,_ZNSt10_Head_baseILy1EPKN7testing8internal9EqMatcherINSt7__cxx1112basic_stringIcSt11char_traitsIcESaIcEEEEELb0EEC2ISB_EEOT_
FNDA:1,_ZSt12__get_helperILy0EPN7testing8internal11ThreadLocalIPNS0_31TestPartResultReporterInterfaceEE18ValueHolderFactoryEJSt14default_deleteIS6_EEERKT0_RKSt11_Tuple_implIXT_EJSA_DpT1_EE
FNDA:0,_ZSt12__get_helperILy0EPNSt7__cxx1112basic_stringIcSt11char_traitsIcESaIcEEEJSt14default_deleteIS5_EEERKT0_RKSt11_Tuple_implIXT_EJS9_DpT1_EE
FNDA:21,_ZNSt5tupleIJPN7testing8internal11ThreadLocalISt6vectorINS1_9TraceInfoESaIS4_EEE18ValueHolderFactoryESt14default_deleteIS8_EEEC1ILb1ELb1EEEv
FNDA:1,_ZSt3getILy0EJPN7testing8internal11ThreadLocalIPNS0_31TestPartResultReporterInterfaceEE18ValueHolderFactoryESt14default_deleteIS6_EEERKNSt13tuple_elementIXT_ESt5tupleIJDpT0_EEE4typeERKSE_
FNDA:21,_ZNSt11_Tuple_implILy0EJPN7testing8internal16DeathTestFactoryESt14default_deleteIS2_EEEC2Ev
FNDA:0,_ZNSt11_Tuple_implILy0EJPKN7testing8internal11MatcherBaseIRKSt17basic_string_viewIcSt11char_traitsIcEEEEPKNS1_9EqMatcherINSt7__cxx1112basic_stringIcS5_SaIcEEEEEEE7_M_headERSK_
FNDA:480,_ZSt16forward_as_tupleIJNSt7__cxx1112basic_stringIcSt11char_traitsIcESaIcEEEEESt5tupleIJDpOT_EES9_
FNDA:42,_ZNSt11_Tuple_implILy0EJPN7testing8internal24InternalRunDeathTestFlagESt14default_deleteIS2_EEE7_M_headERKS6_
FNDA:0,_ZNSt11_Tuple_implILy0EJPKN7testing8internal11MatcherBaseIRKNSt7__cxx1112basic_stringIcSt11char_traitsIcESaIcEEEEEPKNS1_9EqMatcherIS8_EEEEC2ISD_JSH_EvEEOT_DpOT0_
FNDA:21,_ZNSt11_Tuple_implILy0EJPN7testing8internal11ThreadLocalISt6vectorINS1_9TraceInfoESaIS4_EEE18ValueHolderFactoryESt14default_deleteIS8_EEE7_M_headERSC_
FNDA:0,_ZNSt11_Tuple_implILy0EJPKN7testing8internal11MatcherBaseINSt7__cxx1112basic_stringIcSt11char_traitsIcESaIcEEEEEPKNS1_9EqMatcherIS8_EEEE7_M_headERSG_
FNDA:53,_ZNSt10_Head_baseILy0EPNSt7__cxx1112basic_stringIcSt11char_traitsIcESaIcEEELb0EEC2Ev
FNDA:0,_ZSt12__get_helperILy0EPKN7testing8internal11MatcherBaseIRKNSt7__cxx1112basic_stringIcSt11char_traitsIcESaIcEEEEEJPKNS1_9EqMatcherIS8_EEEERT0_RSt11_Tuple_implIXT_EJSI_DpT1_EE
FNDA:0,_ZSt12__get_helperILy1ESt14default_deleteIN7testing8internal11ThreadLocalISt6vectorINS2_9TraceInfoESaIS5_EEE18ValueHolderFactoryEEJEERT0_RSt11_Tuple_implIXT_EJSB_DpT1_EE
FNDA:0,_ZSt12__get_helperILy1ESt14default_deleteIKNSt7__cxx1112basic_stringIcSt11char_traitsIcESaIcEEEEJEERT0_RSt11_Tuple_implIXT_EJS9_DpT1_EE
FNDA:42,_ZSt3getILy0EJPN7testing8internal24InternalRunDeathTestFlagESt14default_deleteIS2_EEERNSt13tuple_elementIXT_ESt5tupleIJDpT0_EEE4typeERSA_
FNDA:0,_ZSt12__get_helperILy0EPKN7testing8internal11MatcherBaseISt17basic_string_viewIcSt11char_traitsIcEEEEJPKNS1_9EqMatcherINSt7__cxx1112basic_stringIcS5_SaIcEEEEEEERT0_RSt11_Tuple_implIXT_EJSI_DpT1_EE
FNDA:0,_ZNSt11_Tuple_implILy1EJPKN7testing8internal9EqMatcherINSt7__cxx1112basic_stringIcSt11char_traitsIcESaIcEEEEEEEC2ISB_EEOT_
FNDA:21,_ZSt3getILy0EJPN7testing8internal11ThreadLocalIPNS0_31TestPartResultReporterInterfaceEE18ValueHolderFactoryESt14default_deleteIS6_EEERNSt13tuple_elementIXT_ESt5tupleIJDpT0_EEE4typeERSE_
FNDA:0,_ZNSt11_Tuple_implILy0EJPKN7testing8internal11MatcherBaseINSt7__cxx1112basic_stringIcSt11char_traitsIcESaIcEEEEEPKNS1_9EqMatcherIS8_EEEEC2ISB_JSF_EvEEOT_DpOT0_
FNDA:0,_ZNSt10_Head_baseILy0EPKN7testing8internal11MatcherBaseINSt7__cxx1112basic_stringIcSt11char_traitsIcESaIcEEEEELb0EE7_M_headERSC_
FNDA:2532,_ZSt12__get_helperILy0EPNSt7__cxx1118basic_stringstreamIcSt11char_traitsIcESaIcEEEJSt14default_deleteIS5_EEERT0_RSt11_Tuple_implIXT_EJS9_DpT1_EE
FNDA:46,_ZNSt10_Head_baseILy0EPN7testing8internal14GTestFlagSaverELb0EE7_M_headERS4_
FNDA:21,_ZNSt10_Head_baseILy1ESt14default_deleteIN7testing8internal11ThreadLocalIPNS1_31TestPartResultReporterInterfaceEE18ValueHolderFactoryEELb1EEC2Ev
FNDA:15,_ZNSt10_Head_baseILy0ERKNSt7__cxx1112basic_stringIcSt11char_traitsIcESaIcEEELb0EEC2ES7_
FNDA:23,_ZSt3getILy1EJPN7testing8internal14GTestFlagSaverESt14default_deleteIS2_EEERNSt13tuple_elementIXT_ESt5tupleIJDpT0_EEE4typeERSA_
FNDA:0,_ZNSt11_Tuple_implILy0EJPNSt7__cxx1112basic_stringIcSt11char_traitsIcESaIcEEESt14default_deleteIS5_EEE7_M_headERKS9_
FNDA:21,_ZNSt11_Tuple_implILy1EJSt14default_deleteIN7testing8internal11ThreadLocalISt6vectorINS2_9TraceInfoESaIS5_EEE18ValueHolderFactoryEEEEC2Ev
FNDA:42,_ZNSt11_Tuple_implILy0EJPN7testing8internal24InternalRunDeathTestFlagESt14default_deleteIS2_EEE7_M_headERS6_
FNDA:1266,_ZNSt11_Tuple_implILy1EJSt14default_deleteINSt7__cxx1118basic_stringstreamIcSt11char_traitsIcESaIcEEEEEEC2Ev
FNDA:0,_ZSt3getILy0EJPN7testing8internal12_GLOBAL__N_122ThreadWithParamSupport15ThreadMainParamESt14default_deleteIS4_EEERNSt13tuple_elementIXT_ESt5tupleIJDpT0_EEE4typeERSC_
FNDA:0,_ZSt3getILy1EJPN7testing8internal16DeathTestFactoryESt14default_deleteIS2_EEERNSt13tuple_elementIXT_ESt5tupleIJDpT0_EEE4typeERSA_
FNDA:1266,_ZSt3getILy1EJPNSt7__cxx1118basic_stringstreamIcSt11char_traitsIcESaIcEEESt14default_deleteIS5_EEERNSt13tuple_elementIXT_ESt5tupleIJDpT0_EEE4typeERSD_
FNDA:53,_ZNSt5tupleIJPNSt7__cxx1112basic_stringIcSt11char_traitsIcESaIcEEESt14default_deleteIS5_EEEC1ILb1ELb1EEEv
FNDA:15,_ZNSt11_Tuple_implILy0EJRKNSt7__cxx1112basic_stringIcSt11char_traitsIcESaIcEEEEEC2EOS8_
FNDA:1,_ZNSt10_Head_baseILy0EPN7testing8internal11ThreadLocalISt6vectorINS1_9TraceInfoESaIS4_EEE18ValueHolderFactoryELb0EE7_M_headERKSA_
FNDA:21,_ZNSt11_Tuple_implILy1EJSt14default_deleteIN7testing8internal24InternalRunDeathTestFlagEEEEC2Ev
FNDA:28098,_ZSt12__get_helperILy0EPNSt7__cxx1118basic_stringstreamIcSt11char_traitsIcESaIcEEEJSt14default_deleteIS5_EEERKT0_RKSt11_Tuple_implIXT_EJS9_DpT1_EE
FNDA:0,_ZSt3getILy0EJPN7testing8internal19ThreadWithParamBase8RunnableESt14default_deleteIS3_EEERKNSt13tuple_elementIXT_ESt5tupleIJDpT0_EEE4typeERKSB_
FNDA:21,_ZNSt11_Tuple_implILy0EJPN7testing8internal16DeathTestFactoryESt14default_deleteIS2_EEE7_M_headERS6_
FNDA:1266,_ZNSt11_Tuple_implILy1EJSt14default_deleteINSt7__cxx1118basic_stringstreamIcSt11char_traitsIcESaIcEEEEEE7_M_headERS8_
FNDA:480,_ZSt3getILy0EJONSt7__cxx1112basic_stringIcSt11char_traitsIcESaIcEEEEERNSt13tuple_elementIXT_ESt5tupleIJDpT0_EEE4typeERSB_
FNDA:480,_ZNSt5tupleIJONSt7__cxx1112basic_stringIcSt11char_traitsIcESaIcEEEEEC1IJS5_ELb1ELb1EEEDpOT_
FNDA:480,_ZNSt11_Tuple_implILy0EJONSt7__cxx1112basic_stringIcSt11char_traitsIcESaIcEEEEE7_M_headERS7_
FNDA:21,_ZNSt10_Head_baseILy0EPN7testing8internal16DeathTestFactoryELb0EEC2Ev
FNDA:21,_ZNSt5tupleIJPN7testing8internal16DeathTestFactoryESt14default_deleteIS2_EEEC1ILb1ELb1EEEv
FNDA:15,_ZNSt11_Tuple_implILy0EJRKNSt7__cxx1112basic_stringIcSt11char_traitsIcESaIcEEEEE7_M_headERS8_
FNDA:945,_ZNSt10_Head_baseILy0EPKNSt7__cxx1112basic_stringIcSt11char_traitsIcESaIcEEELb0EEC2Ev
FNDA:0,_ZNSt10_Head_baseILy1ESt14default_deleteIN7testing8internal19ThreadWithParamBase8RunnableEELb1EEC2Ev
FNDA:0,_ZNSt11_Tuple_implILy0EJPN7testing8internal12_GLOBAL__N_122ThreadWithParamSupport15ThreadMainParamESt14default_deleteIS4_EEEC2Ev
FNDA:21,_ZNSt11_Tuple_implILy0EJPN7testing8internal11ThreadLocalISt6vectorINS1_9TraceInfoESaIS4_EEE18ValueHolderFactoryESt14default_deleteIS8_EEEC2Ev
FNDA:1266,_ZNSt5tupleIJPNSt7__cxx1118basic_stringstreamIcSt11char_traitsIcESaIcEEESt14default_deleteIS5_EEEC1ILb1ELb1EEEv
FNDA:945,_ZNSt10_Head_baseILy0EPKNSt7__cxx1112basic_stringIcSt11char_traitsIcESaIcEEELb0EE7_M_headERS8_
FNDA:1,_ZNSt11_Tuple_implILy0EJPN7testing8internal11ThreadLocalISt6vectorINS1_9TraceInfoESaIS4_EEE18ValueHolderFactoryESt14default_deleteIS8_EEE7_M_headERKSC_
FNDA:0,_ZNSt11_Tuple_implILy1EJSt14default_deleteIN7testing8internal16DeathTestFactoryEEEE7_M_headERS5_
FNDA:0,_ZNSt5tupleIJPN7testing8internal12_GLOBAL__N_122ThreadWithParamSupport15ThreadMainParamESt14default_deleteIS4_EEEC2ILb1ELb1EEEv
FNDA:0,_ZNSt11_Tuple_implILy0EJPKN7testing8internal11MatcherBaseIRKNSt7__cxx1112basic_stringIcSt11char_traitsIcESaIcEEEEEPKNS1_9EqMatcherIS8_EEEE7_M_headERSI_
FNDA:21,_ZSt3getILy0EJPN7testing8internal11ThreadLocalISt6vectorINS1_9TraceInfoESaIS4_EEE18ValueHolderFactoryESt14default_deleteIS8_EEERNSt13tuple_elementIXT_ESt5tupleIJDpT0_EEE4typeERSG_
FNDA:0,_ZNSt10_Head_baseILy0EPKN7testing8internal11MatcherBaseIRKSt17basic_string_viewIcSt11char_traitsIcEEEELb0EE7_M_headERSC_
FNDA:0,_ZNSt10_Head_baseILy0EPKN7testing8internal11MatcherBaseINSt7__cxx1112basic_stringIcSt11char_traitsIcESaIcEEEEELb0EEC2ISB_EEOT_
FNDA:2532,_ZSt3getILy0EJPNSt7__cxx1118basic_stringstreamIcSt11char_traitsIcESaIcEEESt14default_deleteIS5_EEERNSt13tuple_elementIXT_ESt5tupleIJDpT0_EEE4typeERSD_
FNDA:21,_ZNSt10_Head_baseILy0EPN7testing8internal24InternalRunDeathTestFlagELb0EEC2Ev
FNDA:15,_ZNSt5tupleIJRKNSt7__cxx1112basic_stringIcSt11char_traitsIcESaIcEEEEEC1EOS8_
FNDA:15,_ZNSt10_Head_baseILy0ERKNSt7__cxx1112basic_stringIcSt11char_traitsIcESaIcEEELb0EE7_M_headERS8_
FNDA:945,_ZSt12__get_helperILy0EPKNSt7__cxx1112basic_stringIcSt11char_traitsIcESaIcEEEJSt14default_deleteIS6_EEERT0_RSt11_Tuple_implIXT_EJSA_DpT1_EE
FNDA:0,_ZSt12__get_helperILy1ESt14default_deleteIN7testing8internal12_GLOBAL__N_122ThreadWithParamSupport15ThreadMainParamEEJEERT0_RSt11_Tuple_implIXT_EJS7_DpT1_EE
FNDA:0,_ZSt3getILy0EJPKN7testing8internal11MatcherBaseIRKSt17basic_string_viewIcSt11char_traitsIcEEEEPKNS1_9EqMatcherINSt7__cxx1112basic_stringIcS5_SaIcEEEEEEEONSt13tuple_elementIXT_ESt5tupleIJDpT0_EEE4typeEOSO_
FNDA:0,_ZSt12__get_helperILy0EPKN7testing8internal11MatcherBaseINSt7__cxx1112basic_stringIcSt11char_traitsIcESaIcEEEEEJPKNS1_9EqMatcherIS8_EEEERT0_RSt11_Tuple_implIXT_EJSG_DpT1_EE
FNDA:0,_ZSt12__get_helperILy1ESt14default_deleteINSt7__cxx1112basic_stringIcSt11char_traitsIcESaIcEEEEJEERT0_RSt11_Tuple_implIXT_EJS8_DpT1_EE
FNDA:0,_ZSt10make_tupleIJPKN7testing8internal11MatcherBaseINSt7__cxx1112basic_stringIcSt11char_traitsIcESaIcEEEEEPKNS1_9EqMatcherIS8_EEEESt5tupleIJDpNSt25__strip_reference_wrapperINSt5decayIT_E4typeEE6__typeEEEDpOSJ_
FNDA:0,_ZNSt11_Tuple_implILy0EJPN7testing8internal12_GLOBAL__N_122ThreadWithParamSupport15ThreadMainParamESt14default_deleteIS4_EEE7_M_headERS8_
FNDA:0,_ZNSt10_Head_baseILy0EPN7testing8internal12_GLOBAL__N_122ThreadWithParamSupport15ThreadMainParamELb0EE7_M_headERS6_
FNDA:42,_ZSt12__get_helperILy0EPN7testing8internal24InternalRunDeathTestFlagEJSt14default_deleteIS2_EEERKT0_RKSt11_Tuple_implIXT_EJS6_DpT1_EE
FNDA:0,_ZNSt11_Tuple_implILy0EJPN7testing8internal19ThreadWithParamBase8RunnableESt14default_deleteIS3_EEEC2Ev
FNDA:0,_ZNSt5tupleIJPKN7testing8internal11MatcherBaseIRKSt17basic_string_viewIcSt11char_traitsIcEEEEPKNS1_9EqMatcherINSt7__cxx1112basic_stringIcS5_SaIcEEEEEEEC1ISB_SJ_Lb1EEEOT_OT0_
FNDA:85,_ZNSt4pairIKNSt7__cxx1112basic_stringIcSt11char_traitsIcESaIcEEESt3mapIS5_St6vectorIS5_SaIS5_EESt4lessIS5_ESaIS_IS6_SA_EEEEC1IJOS5_EJEEESt21piecewise_construct_tSt5tupleIJDpT_EESK_IJDpT0_EE
FNDA:0,_ZSt12__get_helperILy0EPKN7testing8internal11MatcherBaseIRKSt17basic_string_viewIcSt11char_traitsIcEEEEJPKNS1_9EqMatcherINSt7__cxx1112basic_stringIcS5_SaIcEEEEEEERT0_RSt11_Tuple_implIXT_EJSK_DpT1_EE
FNDA:21,_ZNSt11_Tuple_implILy1EJSt14default_deleteIN7testing8internal16DeathTestFactoryEEEEC2Ev
FNDA:374,_ZNSt4pairIKNSt7__cxx1112basic_stringIcSt11char_traitsIcESaIcEEESt6vectorIS5_SaIS5_EEEC1IJOS5_EJLy0EEJEJEEERSt5tupleIJDpT_EERSD_IJDpT1_EESt12_Index_tupleIJXspT0_EEESM_IJXspT2_EEE
FNDA:46,_ZSt3getILy0EJPN7testing8internal14GTestFlagSaverESt14default_deleteIS2_EEERNSt13tuple_elementIXT_ESt5tupleIJDpT0_EEE4typeERSA_
FNDA:0,_ZNSt11_Tuple_implILy0EJPN7testing8internal19ThreadWithParamBase8RunnableESt14default_deleteIS3_EEE7_M_headERKS7_
FNDA:0,_ZNSt11_Tuple_implILy1EJSt14default_deleteIKNSt7__cxx1112basic_stringIcSt11char_traitsIcESaIcEEEEEE7_M_headERS9_
FNDA:21,_ZNSt10_Head_baseILy0EPN7testing8internal11ThreadLocalIPNS0_31TestPartResultReporterInterfaceEE18ValueHolderFactoryELb0EEC2Ev
FNDA:0,_ZSt3getILy1EJPKNSt7__cxx1112basic_stringIcSt11char_traitsIcESaIcEEESt14default_deleteIS6_EEERNSt13tuple_elementIXT_ESt5tupleIJDpT0_EEE4typeERSE_
FNDA:0,_ZNSt11_Tuple_implILy1EJSt14default_deleteIN7testing8internal19ThreadWithParamBase8RunnableEEEEC2Ev
FNDA:0,_ZSt10make_tupleIJPKN7testing8internal11MatcherBaseIRKSt17basic_string_viewIcSt11char_traitsIcEEEEPKNS1_9EqMatcherINSt7__cxx1112basic_stringIcS5_SaIcEEEEEEESt5tupleIJDpNSt25__strip_reference_wrapperINSt5decayIT_E4typeEE6__typeEEEDpOSN_
FNDA:21,_ZNSt11_Tuple_implILy0EJPN7testing8internal24InternalRunDeathTestFlagESt14default_deleteIS2_EEEC2Ev
FNDA:0,_ZSt3getILy0EJPN7testing8internal19ThreadWithParamBase8RunnableESt14default_deleteIS3_EEERNSt13tuple_elementIXT_ESt5tupleIJDpT0_EEE4typeERSB_
FNDA:0,_ZNSt11_Tuple_implILy0EJPN7testing8internal19ThreadWithParamBase8RunnableESt14default_deleteIS3_EEE7_M_headERS7_
FNF:229
FNH:127
DA:93,2371
DA:94,2371
DA:137,1289
DA:202,2371
DA:203,2371
DA:205,15
DA:206,15
DA:212,480
DA:213,480
DA:246,4176
DA:249,28625
DA:291,3681
DA:294,28625
DA:302,2371
DA:303,2371
DA:313,0
DA:315,0
DA:316,0
DA:554,1784
DA:560,2371
DA:561,2371
DA:564,15
DA:565,15
DA:566,15
DA:570,480
DA:571,960
DA:572,480
DA:584,495
DA:586,495
DA:587,495
DA:1473,15
DA:1475,15
DA:1488,480
DA:1490,960
DA:1491,480
DA:1504,495
DA:2090,2371
DA:2092,2371
DA:2118,0
DA:2120,0
DA:2121,0
DA:2428,5465
DA:2429,5465
DA:2433,28625
DA:2434,28625
DA:2444,5465
DA:2445,5465
DA:2450,28625
DA:2451,28625
DA:2456,0
DA:2459,0
DA:2668,0
DA:2672,0
DA:2680,480
DA:2681,480
DA:2871,495
DA:2876,495
DA:2877,495
DA:2883,495
DA:2886,990
DA:2887,495
DA:2888,495
LF:62
LH:52
end_of_record
TN:
SF:C:\mingw64\include\c++\15.2.0\x86_64-w64-mingw32\bits\c++config.h
FNF:0
FNH:0
DA:589,15452
LF:1
LH:1
end_of_record
TN:
SF:C:\mingw64\include\c++\15.2.0\x86_64-w64-mingw32\bits\gthr-default.h
FNF:0
FNH:0
DA:348,0
DA:794,0
DA:795,0
DA:797,0
DA:824,0
DA:825,0
DA:827,0
LF:7
LH:0
end_of_record
TN:
SF:C:\mingw64\x86_64-w64-mingw32\include\psdk_inc\intrin-impl.h
FNF:0
FNH:0
DA:1683,7
LF:1
LH:1
end_of_record
